RuleName: 
UtcTime: 2021-02-04 22:30:20.080
ProcessGuid: {19FC45AC-757C-601C-0000-00108A6C0300}
ProcessId: 2844
Image: C:\Program Files\Mozilla Firefox\firefox.exe
FileVersion: 38.0.5
Description: Firefox
Product: Firefox
Company: Mozilla Corporation
OriginalFileName: firefox.exe
CommandLine: ""C:\Program Files\Mozilla Firefox\firefox.exe"" -foreground
CurrentDirectory: C:\BREACH\
User: BREACH\client2
LogonGuid: {19FC45AC-7540-601C-0000-00208F5B0200}
LogonId: 0x25b8f
TerminalSessionId: 1
IntegrityLevel: Medium
Hashes: MD5=923FE895B22B22A9CA03C72F3D15CE20,SHA256=98B7F5B40C557775CD645CA69B788FE4A3DEAE25CDB6E5DD4FB94DB1BDC10969
ParentProcessGuid: {19FC45AC-7542-601C-0000-00100CD80200}
ParentProcessId: 2432
ParentImage: C:\Program Files\Python35-32\python.exe
ParentCommandLine: python C:\BREACH\userbehavior.pex --use-breach-setup","Process Create:
RuleName: 
UtcTime: 2021-02-04 23:00:55.760
ProcessGuid: {19FC45AC-7CA7-601C-0000-00109C190C00}
ProcessId: 3288
Image: C:\Windows\Microsoft.NET\Framework\v2.0.50727\csc.exe
FileVersion: 8.0.50727.4927 (NetFXspW7.050727-4900)
Description: Visual C# Command Line Compiler
Product: Microsoft® Visual Studio® 2005
Company: Microsoft Corporation
OriginalFileName: csc.exe
CommandLine: ""C:\Windows\Microsoft.NET\Framework\v2.0.50727\csc.exe"" /noconfig /fullpaths @""C:\Users\client3\AppData\Local\Temp\ewvde7zb.cmdline""
CurrentDirectory: C:\Users\client3\AppData\Local\Temp\SDIAG_55439aa3-828b-41d8-8c86-b730d9419487\
User: BREACH\client3
LogonGuid: {19FC45AC-76E9-601C-0000-00202BF80000}
LogonId: 0xf82b
TerminalSessionId: 1
IntegrityLevel: Medium
Hashes: MD5=3D7D2E825C63FF501E896CF008C70D75,SHA256=037FC52B8FC6089338EB456F2B45638ED36C42A4DCA7ACE391D166B2329838A1
ParentProcessGuid: {19FC45AC-7CA6-601C-0000-001026050C00}
ParentProcessId: 4052
ParentImage: C:\Windows\System32\sdiagnhost.exe
ParentCommandLine: C:\Windows\System32\sdiagnhost.exe -Embedding",False
Microsoft-Windows-Sysmon_1_Match_02.json,Microsoft-Windows-Sysmon_1_Evasion_Cmdline_01.json,message,"Process Create:
RuleName: 
UtcTime: 2021-02-04 22:30:20.080
ProcessGuid: {19FC45AC-757C-601C-0000-00108A6C0300}
ProcessId: 2844
Image: C:\Program Files\Mozilla Firefox\firefox.exe
FileVersion: 38.0.5
Description: Firefox
Product: Firefox
Company: Mozilla Corporation
OriginalFileName: firefox.exe
CommandLine: ""C:\Program Files\Mozilla Firefox\firefox.exe"" -foreground
CurrentDirectory: C:\BREACH\
User: BREACH\client2
LogonGuid: {19FC45AC-7540-601C-0000-00208F5B0200}
LogonId: 0x25b8f
TerminalSessionId: 1
IntegrityLevel: Medium
Hashes: MD5=923FE895B22B22A9CA03C72F3D15CE20,SHA256=98B7F5B40C557775CD645CA69B788FE4A3DEAE25CDB6E5DD4FB94DB1BDC10969
ParentProcessGuid: {19FC45AC-7542-601C-0000-00100CD80200}
ParentProcessId: 2432
ParentImage: C:\Program Files\Python35-32\python.exe
ParentCommandLine: python C:\BREACH\userbehavior.pex --use-breach-setup","Process Create:
RuleName: 
UtcTime: 2021-02-04 23:00:37.488
ProcessGuid: {19FC45AC-7C95-601C-0000-001036270C00}
ProcessId: 3988
Image: C:\Windows\Microsoft.NET\Framework\v2.0.50727\csc.exe
FileVersion: 8.0.50727.4927 (NetFXspW7.050727-4900)
Description: Visual C# Command Line Compiler
Product: Microsoft® Visual Studio® 2005
Company: Microsoft Corporation
OriginalFileName: csc.exe
CommandLine: ""C:\Windows\Microsoft.NET\Framework\v2.0.50727\csc.exe"" /noconfig /fullpaths @""C:\Users\client2\AppData\Local\Temp\zyhczvr_.cmdline""
CurrentDirectory: C:\Users\client2\AppData\Local\Temp\SDIAG_48f926c1-3306-4e3d-8c87-5812d0551052\
User: BREACH\client2
LogonGuid: {19FC45AC-76D9-601C-0000-002027FB0000}
LogonId: 0xfb27
TerminalSessionId: 1
IntegrityLevel: Medium
Hashes: MD5=3D7D2E825C63FF501E896CF008C70D75,SHA256=037FC52B8FC6089338EB456F2B45638ED36C42A4DCA7ACE391D166B2329838A1
ParentProcessGuid: {19FC45AC-7C94-601C-0000-0010BA1B0C00}
ParentProcessId: 4028
ParentImage: C:\Windows\System32\sdiagnhost.exe
ParentCommandLine: C:\Windows\System32\sdiagnhost.exe -Embedding",False
Microsoft-Windows-Sysmon_1_Match_01.json,Microsoft-Windows-Sysmon_1_Evasion_Cmdline_02.json,message,"Process Create:
RuleName: 
UtcTime: 2021-02-04 20:53:10.040
ProcessGuid: {19FC45AC-5EB6-601C-0000-0010E1C81200}
ProcessId: 1708
Image: C:\Windows\System32\slui.exe
FileVersion: 6.1.7601.17514 (win7sp1_rtm.101119-1850)
Description: Windows Activation Client
Product: Microsoft® Windows® Operating System
Company: Microsoft Corporation
OriginalFileName: slui.exe
CommandLine: C:\Windows\System32\slui.exe -Embedding
CurrentDirectory: C:\Windows\system32\
User: client\breach
LogonGuid: {19FC45AC-53AD-601C-0000-002012560200}
LogonId: 0x25612
TerminalSessionId: 1
IntegrityLevel: High
Hashes: MD5=D861EB4D6719D6738270E6A376B87F18,SHA256=CB6FAAF9FFBC91A4F306A95D4472EE23715C91B06CE59394D6A5C23A4F4B9476
ParentProcessGuid: {19FC45AC-4599-601C-0000-001067790000}
ParentProcessId: 568
ParentImage: C:\Windows\System32\svchost.exe
ParentCommandLine: C:\Windows\system32\svchost.exe -k DcomLaunch","Process Create:
RuleName: 
UtcTime: 2021-02-04 22:28:14.578
ProcessGuid: {19FC45AC-74FE-601C-0000-00106B4B0200}
ProcessId: 1128
Image: C:\Windows\System32\userinit.exe
FileVersion: 6.1.7601.17514 (win7sp1_rtm.101119-1850)
Description: Userinit Logon Application
Product: Microsoft® Windows® Operating System
Company: Microsoft Corporation
OriginalFileName: USERINIT.EXE
CommandLine: C:\Windows\system32\userinit.exe
CurrentDirectory: C:\Windows\system32\
User: CLIENT3\setup
LogonGuid: {19FC45AC-74FE-601C-0000-0020FD380200}
LogonId: 0x238fd
TerminalSessionId: 1
IntegrityLevel: High
Hashes: MD5=61AC3EFDFACFDD3F0F11DD4FD4044223,SHA256=538FE1012FEDC72727A8DE0C2C01944B3D35C29812ECEF88E95AAC07235E0B0B
ParentProcessGuid: {19FC45AC-74F6-601C-0000-0010945C0000}
ParentProcessId: 384
ParentImage: C:\Windows\System32\winlogon.exe
ParentCommandLine: winlogon.exe",False
Microsoft-Windows-Sysmon_1_Match_01.json,Microsoft-Windows-Sysmon_1_Evasion_Cmdline_03.json,message,"Process Create:
RuleName: 
UtcTime: 2021-02-04 20:53:10.040
ProcessGuid: {19FC45AC-5EB6-601C-0000-0010E1C81200}
ProcessId: 1708
Image: C:\Windows\System32\slui.exe
FileVersion: 6.1.7601.17514 (win7sp1_rtm.101119-1850)
Description: Windows Activation Client
Product: Microsoft® Windows® Operating System
Company: Microsoft Corporation
OriginalFileName: slui.exe
CommandLine: C:\Windows\System32\slui.exe -Embedding
CurrentDirectory: C:\Windows\system32\
User: client\breach
LogonGuid: {19FC45AC-53AD-601C-0000-002012560200}
LogonId: 0x25612
TerminalSessionId: 1
IntegrityLevel: High
Hashes: MD5=D861EB4D6719D6738270E6A376B87F18,SHA256=CB6FAAF9FFBC91A4F306A95D4472EE23715C91B06CE59394D6A5C23A4F4B9476
ParentProcessGuid: {19FC45AC-4599-601C-0000-001067790000}
ParentProcessId: 568
ParentImage: C:\Windows\System32\svchost.exe
ParentCommandLine: C:\Windows\system32\svchost.exe -k DcomLaunch","Process Create:
RuleName: 
UtcTime: 2021-02-04 22:27:21.437
ProcessGuid: {19FC45AC-74C9-601C-0000-0010ACBC0100}
ProcessId: 1896
Image: C:\Windows\Sysmon.exe
FileVersion: 10.41
Description: System activity monitor
Product: Sysinternals Sysmon
Company: Sysinternals - www.sysinternals.com
OriginalFileName: ?
CommandLine: C:\Windows\Sysmon.exe
CurrentDirectory: C:\Windows\system32\
User: NT AUTHORITY\SYSTEM
LogonGuid: {19FC45AC-74C3-601C-0000-0020E7030000}
LogonId: 0x3e7
TerminalSessionId: 0
IntegrityLevel: System
Hashes: MD5=C2F59C783A26DD480BAFCC9955A99F42,SHA256=8C50CE44732912726E5AB0958E4199DEEE77F904CD746369F37B91E67A9826C6
ParentProcessGuid: {19FC45AC-74C2-601C-0000-001050630000}
ParentProcessId: 440
ParentImage: C:\Windows\System32\services.exe
ParentCommandLine: C:\Windows\system32\services.exe",False
Microsoft-Windows-Sysmon_1_Match_01.json,Microsoft-Windows-Sysmon_1_Evasion_Cmdline_01.json,message,"Process Create:
RuleName: 
UtcTime: 2021-02-04 20:53:10.040
ProcessGuid: {19FC45AC-5EB6-601C-0000-0010E1C81200}
ProcessId: 1708
Image: C:\Windows\System32\slui.exe
FileVersion: 6.1.7601.17514 (win7sp1_rtm.101119-1850)
Description: Windows Activation Client
Product: Microsoft® Windows® Operating System
Company: Microsoft Corporation
OriginalFileName: slui.exe
CommandLine: C:\Windows\System32\slui.exe -Embedding
CurrentDirectory: C:\Windows\system32\
User: client\breach
LogonGuid: {19FC45AC-53AD-601C-0000-002012560200}
LogonId: 0x25612
TerminalSessionId: 1
IntegrityLevel: High
Hashes: MD5=D861EB4D6719D6738270E6A376B87F18,SHA256=CB6FAAF9FFBC91A4F306A95D4472EE23715C91B06CE59394D6A5C23A4F4B9476
ParentProcessGuid: {19FC45AC-4599-601C-0000-001067790000}
ParentProcessId: 568
ParentImage: C:\Windows\System32\svchost.exe
ParentCommandLine: C:\Windows\system32\svchost.exe -k DcomLaunch","Process Create:
RuleName: 
UtcTime: 2021-02-04 22:27:21.109
ProcessGuid: {19FC45AC-74C9-601C-0000-00106A8A0100}
ProcessId: 1792
Image: C:\Program Files\Adobe\Reader 9.0\Reader\reader_sl.exe
FileVersion: 9.1.0.2009022700
Description: Adobe Acrobat SpeedLauncher
Product: Adobe Acrobat
Company: Adobe Systems Incorporated
OriginalFileName: AcroSpeedLaunch.exe
CommandLine: ""C:\Program Files\Adobe\Reader 9.0\Reader\reader_sl.exe"" 
CurrentDirectory: C:\Windows\system32\
User: client\setup
LogonGuid: {19FC45AC-74C5-601C-0000-002089FB0000}
LogonId: 0xfb89
TerminalSessionId: 1
IntegrityLevel: High
Hashes: MD5=452FA961163EF4AEE4815796A13AB2CF,SHA256=14DC422082F96F5C21C41A5E5F6E8445547CC4B02B18F0A86A34669CA2CE18A7
ParentProcessGuid: {19FC45AC-74C6-601C-0000-0010E21C0100}
ParentProcessId: 1304
ParentImage: C:\Windows\explorer.exe
ParentCommandLine: C:\Windows\Explorer.EXE",False
Microsoft-Windows-Sysmon_1_Match_02.json,Microsoft-Windows-Sysmon_1_Evasion_Cmdline_02.json,message,"Process Create:
RuleName: 
UtcTime: 2021-02-05 06:55:41.935
ProcessGuid: {19FC45AC-EBED-601C-0000-001094255200}
ProcessId: 3808
Image: C:\Program Files\Mozilla Firefox\firefox.exe
FileVersion: 38.0.5
Description: Firefox
Product: Firefox
Company: Mozilla Corporation
OriginalFileName: firefox.exe
CommandLine: ""C:\Program Files\Mozilla Firefox\firefox.exe"" -foreground
CurrentDirectory: C:\BREACH\
User: BREACH\client3
LogonGuid: {19FC45AC-76E9-601C-0000-00202BF80000}
LogonId: 0xf82b
TerminalSessionId: 1
IntegrityLevel: Medium
Hashes: MD5=923FE895B22B22A9CA03C72F3D15CE20,SHA256=98B7F5B40C557775CD645CA69B788FE4A3DEAE25CDB6E5DD4FB94DB1BDC10969
ParentProcessGuid: {19FC45AC-76ED-601C-0000-00106C960100}
ParentProcessId: 1960
ParentImage: C:\Program Files\Python35-32\python.exe
ParentCommandLine: python C:\BREACH\userbehavior.pex --use-breach-setup","Process Create:
RuleName: 
UtcTime: 2021-02-04 22:27:23.843
ProcessGuid: {19FC45AC-74CB-601C-0000-001047EE0100}
ProcessId: 928
Image: C:\Windows\System32\WindowsPowerShell\v1.0\powershell.exe
FileVersion: 10.0.14409.1005 (rs1_srvoob.161208-1155)
Description: Windows PowerShell
Product: Microsoft® Windows® Operating System
Company: Microsoft Corporation
OriginalFileName: PowerShell.EXE
CommandLine: powershell ""$admin = \""client\breach\""; $admin_pwd = \""breach\""; $cmd_man_ip = \""netsh.exe interface ip set address name='Local Area Connection 2' static 192.168.56.103\""; $admin_secpwd = ConvertTo-SecureString $admin_pwd -AsPlainText -Force; $credential = New-Object System.Management.Automation.PSCredential $admin, $admin_secpwd; Start-Process powershell.exe -Wait -Credential $credential -NoNewWindow -ArgumentList $cmd_man_ip""
CurrentDirectory: C:\BREACH\
User: client\setup
LogonGuid: {19FC45AC-74C6-601C-0000-002031010100}
LogonId: 0x10131
TerminalSessionId: 1
IntegrityLevel: High
Hashes: MD5=EB32C070E658937AA9FA9F3AE629B2B8,SHA256=70BA57FB0BF2F34B86426D21559F5F6D05C1268193904DE8E959D7B06CE964CE
ParentProcessGuid: {19FC45AC-74CA-601C-0000-001038C00100}
ParentProcessId: 1968
ParentImage: C:\Program Files\Python35-32\python.exe
ParentCommandLine: ""C:\Program Files\Python35-32\python.exe"" ""C:\BREACH\init_tbf_client.py"" ",False
Microsoft-Windows-Sysmon_1_Match_02.json,Microsoft-Windows-Sysmon_1_Evasion_Cmdline_03.json,message,"Process Create:
RuleName: 
UtcTime: 2021-02-05 06:55:41.935
ProcessGuid: {19FC45AC-EBED-601C-0000-001094255200}
ProcessId: 3808
Image: C:\Program Files\Mozilla Firefox\firefox.exe
FileVersion: 38.0.5
Description: Firefox
Product: Firefox
Company: Mozilla Corporation
OriginalFileName: firefox.exe
CommandLine: ""C:\Program Files\Mozilla Firefox\firefox.exe"" -foreground
CurrentDirectory: C:\BREACH\
User: BREACH\client3
LogonGuid: {19FC45AC-76E9-601C-0000-00202BF80000}
LogonId: 0xf82b
TerminalSessionId: 1
IntegrityLevel: Medium
Hashes: MD5=923FE895B22B22A9CA03C72F3D15CE20,SHA256=98B7F5B40C557775CD645CA69B788FE4A3DEAE25CDB6E5DD4FB94DB1BDC10969
ParentProcessGuid: {19FC45AC-76ED-601C-0000-00106C960100}
ParentProcessId: 1960
ParentImage: C:\Program Files\Python35-32\python.exe
ParentCommandLine: python C:\BREACH\userbehavior.pex --use-breach-setup","Process Create:
RuleName: 
UtcTime: 2021-02-04 22:36:25.234
ProcessGuid: {19FC45AC-76E9-601C-0000-0010E80C0100}
ProcessId: 1256
Image: C:\Windows\System32\userinit.exe
FileVersion: 6.1.7601.17514 (win7sp1_rtm.101119-1850)
Description: Userinit Logon Application
Product: Microsoft® Windows® Operating System
Company: Microsoft Corporation
OriginalFileName: USERINIT.EXE
CommandLine: C:\Windows\system32\userinit.exe
CurrentDirectory: C:\Windows\system32\
User: BREACH\client3
LogonGuid: {19FC45AC-76E9-601C-0000-00202BF80000}
LogonId: 0xf82b
TerminalSessionId: 1
IntegrityLevel: Medium
Hashes: MD5=61AC3EFDFACFDD3F0F11DD4FD4044223,SHA256=538FE1012FEDC72727A8DE0C2C01944B3D35C29812ECEF88E95AAC07235E0B0B
ParentProcessGuid: {19FC45AC-76E7-601C-0000-0010695C0000}
ParentProcessId: 384
ParentImage: C:\Windows\System32\winlogon.exe
ParentCommandLine: winlogon.exe",False
Microsoft-Windows-Sysmon_1_Match_02.json,Microsoft-Windows-Sysmon_1_Evasion_Cmdline_01.json,message,"Process Create:
RuleName: 
UtcTime: 2021-02-05 06:55:41.935
ProcessGuid: {19FC45AC-EBED-601C-0000-001094255200}
ProcessId: 3808
Image: C:\Program Files\Mozilla Firefox\firefox.exe
FileVersion: 38.0.5
Description: Firefox
Product: Firefox
Company: Mozilla Corporation
OriginalFileName: firefox.exe
CommandLine: ""C:\Program Files\Mozilla Firefox\firefox.exe"" -foreground
CurrentDirectory: C:\BREACH\
User: BREACH\client3
LogonGuid: {19FC45AC-76E9-601C-0000-00202BF80000}
LogonId: 0xf82b
TerminalSessionId: 1
IntegrityLevel: Medium
Hashes: MD5=923FE895B22B22A9CA03C72F3D15CE20,SHA256=98B7F5B40C557775CD645CA69B788FE4A3DEAE25CDB6E5DD4FB94DB1BDC10969
ParentProcessGuid: {19FC45AC-76ED-601C-0000-00106C960100}
ParentProcessId: 1960
ParentImage: C:\Program Files\Python35-32\python.exe
ParentCommandLine: python C:\BREACH\userbehavior.pex --use-breach-setup","Process Create:
RuleName: 
UtcTime: 2021-02-04 23:02:00.345
ProcessGuid: {19FC45AC-7CE8-601C-0000-00102C3C0E00}
ProcessId: 4052
Image: C:\Windows\System32\Macromed\Flash\FlashPlayerUpdateService.exe
FileVersion: 18,0,0,194
Description: Adobe® Flash® Player Update Service 18.0 r0
Product: Adobe® Flash® Player Update Service
Company: Adobe Systems Incorporated
OriginalFileName: ?
CommandLine: C:\Windows\system32\Macromed\Flash\FlashPlayerUpdateService.exe
CurrentDirectory: C:\Windows\system32\
User: NT AUTHORITY\SYSTEM
LogonGuid: {19FC45AC-76D8-601C-0000-0020E7030000}
LogonId: 0x3e7
TerminalSessionId: 0
IntegrityLevel: System
Hashes: MD5=1234A12B71DAE034E45C714AE5A54412,SHA256=079E6BC834F38322ED5ED76295EC3961ED894084EF5CB171DFFBD9B3822CC78D
ParentProcessGuid: {19FC45AC-76D8-601C-0000-0010F1630000}
ParentProcessId: 444
ParentImage: C:\Windows\System32\services.exe
ParentCommandLine: C:\Windows\system32\services.exe",False
Microsoft-Windows-Sysmon_1_Match_02.json,Microsoft-Windows-Sysmon_1_Evasion_Cmdline_02.json,message,"Process Create:
RuleName: 
UtcTime: 2021-02-04 22:28:09.812
ProcessGuid: {19FC45AC-74F9-601C-0000-0010950A0100}
ProcessId: 1188
Image: C:\Windows\System32\spoolsv.exe
FileVersion: 6.1.7601.17514 (win7sp1_rtm.101119-1850)
Description: Spooler SubSystem App
Product: Microsoft® Windows® Operating System
Company: Microsoft Corporation
OriginalFileName: spoolsv.exe
CommandLine: C:\Windows\System32\spoolsv.exe
CurrentDirectory: C:\Windows\system32\
User: NT AUTHORITY\SYSTEM
LogonGuid: {19FC45AC-74F8-601C-0000-0020E7030000}
LogonId: 0x3e7
TerminalSessionId: 0
IntegrityLevel: System
Hashes: MD5=866A43013535DC8587C258E43579C764,SHA256=B2BE846B5167A2ECD1E30C69A81385FCC6EAE6033394D08458A5583D311C4D82
ParentProcessGuid: {19FC45AC-74F8-601C-0000-0010F2600000}
ParentProcessId: 444
ParentImage: C:\Windows\System32\services.exe
ParentCommandLine: C:\Windows\system32\services.exe","Process Create:
RuleName: 
UtcTime: 2021-02-04 23:23:06.379
ProcessGuid: {19FC45AC-81DA-601C-0000-0010C2651100}
ProcessId: 3204
Image: C:\Windows\System32\slui.exe
FileVersion: 6.1.7601.17514 (win7sp1_rtm.101119-1850)
Description: Windows Activation Client
Product: Microsoft® Windows® Operating System
Company: Microsoft Corporation
OriginalFileName: slui.exe
CommandLine: C:\Windows\System32\slui.exe -Embedding
CurrentDirectory: C:\Windows\system32\
User: BREACH\client2
LogonGuid: {19FC45AC-76D9-601C-0000-002027FB0000}
LogonId: 0xfb27
TerminalSessionId: 1
IntegrityLevel: Medium
Hashes: MD5=D861EB4D6719D6738270E6A376B87F18,SHA256=CB6FAAF9FFBC91A4F306A95D4472EE23715C91B06CE59394D6A5C23A4F4B9476
ParentProcessGuid: {19FC45AC-76D8-601C-0000-0010907C0000}
ParentProcessId: 576
ParentImage: C:\Windows\System32\svchost.exe
ParentCommandLine: C:\Windows\system32\svchost.exe -k DcomLaunch",False
Microsoft-Windows-Sysmon_1_Match_02.json,Microsoft-Windows-Sysmon_1_Evasion_Cmdline_03.json,message,"Process Create:
RuleName: 
UtcTime: 2021-02-04 22:28:09.812
ProcessGuid: {19FC45AC-74F9-601C-0000-0010950A0100}
ProcessId: 1188
Image: C:\Windows\System32\spoolsv.exe
FileVersion: 6.1.7601.17514 (win7sp1_rtm.101119-1850)
Description: Spooler SubSystem App
Product: Microsoft® Windows® Operating System
Company: Microsoft Corporation
OriginalFileName: spoolsv.exe
CommandLine: C:\Windows\System32\spoolsv.exe
CurrentDirectory: C:\Windows\system32\
User: NT AUTHORITY\SYSTEM
LogonGuid: {19FC45AC-74F8-601C-0000-0020E7030000}
LogonId: 0x3e7
TerminalSessionId: 0
IntegrityLevel: System
Hashes: MD5=866A43013535DC8587C258E43579C764,SHA256=B2BE846B5167A2ECD1E30C69A81385FCC6EAE6033394D08458A5583D311C4D82
ParentProcessGuid: {19FC45AC-74F8-601C-0000-0010F2600000}
ParentProcessId: 444
ParentImage: C:\Windows\System32\services.exe
ParentCommandLine: C:\Windows\system32\services.exe","Process Create:
RuleName: 
UtcTime: 2021-02-04 22:29:21.017
ProcessGuid: {19FC45AC-7541-601C-0000-00109F6E0200}
ProcessId: 520
Image: C:\Windows\explorer.exe
FileVersion: 6.1.7601.17514 (win7sp1_rtm.101119-1850)
Description: Windows Explorer
Product: Microsoft® Windows® Operating System
Company: Microsoft Corporation
OriginalFileName: EXPLORER.EXE
CommandLine: C:\Windows\Explorer.EXE
CurrentDirectory: C:\Windows\system32\
User: BREACH\client2
LogonGuid: {19FC45AC-7540-601C-0000-00208F5B0200}
LogonId: 0x25b8f
TerminalSessionId: 1
IntegrityLevel: Medium
Hashes: MD5=40D777B7A95E00593EB1568C68514493,SHA256=0A8CE026714E03E72C619307BD598ADD5F9B639CFD91437CB8D9C847BF9F6894
ParentProcessGuid: {19FC45AC-7540-601C-0000-001076660200}
ParentProcessId: 608
ParentImage: C:\Windows\System32\userinit.exe
ParentCommandLine: C:\Windows\system32\userinit.exe",False
Microsoft-Windows-Sysmon_1_Match_02.json,Microsoft-Windows-Sysmon_1_Evasion_Cmdline_01.json,message,"Process Create:
RuleName: 
UtcTime: 2021-02-04 22:28:09.812
ProcessGuid: {19FC45AC-74F9-601C-0000-0010950A0100}
ProcessId: 1188
Image: C:\Windows\System32\spoolsv.exe
FileVersion: 6.1.7601.17514 (win7sp1_rtm.101119-1850)
Description: Spooler SubSystem App
Product: Microsoft® Windows® Operating System
Company: Microsoft Corporation
OriginalFileName: spoolsv.exe
CommandLine: C:\Windows\System32\spoolsv.exe
CurrentDirectory: C:\Windows\system32\
User: NT AUTHORITY\SYSTEM
LogonGuid: {19FC45AC-74F8-601C-0000-0020E7030000}
LogonId: 0x3e7
TerminalSessionId: 0
IntegrityLevel: System
Hashes: MD5=866A43013535DC8587C258E43579C764,SHA256=B2BE846B5167A2ECD1E30C69A81385FCC6EAE6033394D08458A5583D311C4D82
ParentProcessGuid: {19FC45AC-74F8-601C-0000-0010F2600000}
ParentProcessId: 444
ParentImage: C:\Windows\System32\services.exe
ParentCommandLine: C:\Windows\system32\services.exe","Process Create:
RuleName: 
UtcTime: 2021-02-04 22:32:05.404
ProcessGuid: {19FC45AC-75E5-601C-0000-0010D3380400}
ProcessId: 3812
Image: C:\Windows\System32\taskhost.exe
FileVersion: 6.1.7601.17514 (win7sp1_rtm.101119-1850)
Description: Host Process for Windows Tasks
Product: Microsoft® Windows® Operating System
Company: Microsoft Corporation
OriginalFileName: taskhost.exe
CommandLine: taskhost.exe $(Arg0)
CurrentDirectory: C:\Windows\system32\
User: NT AUTHORITY\LOCAL SERVICE
LogonGuid: {19FC45AC-752E-601C-0000-0020E5030000}
LogonId: 0x3e5
TerminalSessionId: 0
IntegrityLevel: System
Hashes: MD5=7FA8BA5A780E4757964AC9D4238302B9,SHA256=65E3D8CE737896647065103FBB4D58E6A34171D0A48662A832CFDAC3CF469701
ParentProcessGuid: {19FC45AC-752D-601C-0000-001032610000}
ParentProcessId: 444
ParentImage: C:\Windows\System32\services.exe
ParentCommandLine: C:\Windows\system32\services.exe",False
Microsoft-Windows-Sysmon_1_Match_02.json,Microsoft-Windows-Sysmon_1_Evasion_Cmdline_02.json,message,"Process Create:
RuleName: 
UtcTime: 2021-02-04 22:38:17.649
ProcessGuid: {19FC45AC-7759-601C-0000-00106DBB0300}
ProcessId: 3552
Image: C:\Program Files\Winlogbeat\winlogbeat.exe
FileVersion: 7.10.2
Description: Winlogbeat ships Windows event logs to Elasticsearch or Logstash.
Product: Winlogbeat
Company: Elastic
OriginalFileName: winlogbeat.exe
CommandLine: ""C:\Program Files\Winlogbeat\winlogbeat.exe"" --environment=windows_service -c ""C:\Program Files\Winlogbeat\winlogbeat.yml"" --path.home ""C:\Program Files\Winlogbeat"" --path.data ""C:\ProgramData\winlogbeat"" --path.logs ""C:\ProgramData\winlogbeat\logs"" -E logging.files.redirect_stderr=true
CurrentDirectory: C:\Windows\system32\
User: NT AUTHORITY\SYSTEM
LogonGuid: {19FC45AC-76D8-601C-0000-0020E7030000}
LogonId: 0x3e7
TerminalSessionId: 0
IntegrityLevel: System
Hashes: MD5=0D17999868F2768B1B050CB051884110,SHA256=E72F5DBA2A177397403965A3352F0CC45EC46A568A53D5EF4535FBBA18E73023
ParentProcessGuid: {19FC45AC-76D8-601C-0000-0010F1630000}
ParentProcessId: 444
ParentImage: C:\Windows\System32\services.exe
ParentCommandLine: C:\Windows\system32\services.exe","Process Create:
RuleName: 
UtcTime: 2021-02-04 22:35:47.905
ProcessGuid: {19FC45AC-76C3-601C-0000-0010700A0500}
ProcessId: 1064
Image: C:\Windows\System32\LogonUI.exe
FileVersion: 6.1.7601.17514 (win7sp1_rtm.101119-1850)
Description: Windows Logon User Interface Host
Product: Microsoft® Windows® Operating System
Company: Microsoft Corporation
OriginalFileName: logonui.exe
CommandLine: ""LogonUI.exe"" /flags:0x0
CurrentDirectory: C:\Windows\system32\
User: NT AUTHORITY\SYSTEM
LogonGuid: {19FC45AC-752E-601C-0000-0020E7030000}
LogonId: 0x3e7
TerminalSessionId: 1
IntegrityLevel: System
Hashes: MD5=3EF0D8AB08385AAB5802E773511A2E6A,SHA256=1A7EE4BC646767004372EAEA9BC0A2071790E739101F7D25ECD9C95D3F29AFD6
ParentProcessGuid: {19FC45AC-752D-601C-0000-0010D95C0000}
ParentProcessId: 384
ParentImage: C:\Windows\System32\winlogon.exe
ParentCommandLine: winlogon.exe",False
Microsoft-Windows-Sysmon_1_Match_02.json,Microsoft-Windows-Sysmon_1_Evasion_Cmdline_03.json,message,"Process Create:
RuleName: 
UtcTime: 2021-02-04 22:38:17.649
ProcessGuid: {19FC45AC-7759-601C-0000-00106DBB0300}
ProcessId: 3552
Image: C:\Program Files\Winlogbeat\winlogbeat.exe
FileVersion: 7.10.2
Description: Winlogbeat ships Windows event logs to Elasticsearch or Logstash.
Product: Winlogbeat
Company: Elastic
OriginalFileName: winlogbeat.exe
CommandLine: ""C:\Program Files\Winlogbeat\winlogbeat.exe"" --environment=windows_service -c ""C:\Program Files\Winlogbeat\winlogbeat.yml"" --path.home ""C:\Program Files\Winlogbeat"" --path.data ""C:\ProgramData\winlogbeat"" --path.logs ""C:\ProgramData\winlogbeat\logs"" -E logging.files.redirect_stderr=true
CurrentDirectory: C:\Windows\system32\
User: NT AUTHORITY\SYSTEM
LogonGuid: {19FC45AC-76D8-601C-0000-0020E7030000}
LogonId: 0x3e7
TerminalSessionId: 0
IntegrityLevel: System
Hashes: MD5=0D17999868F2768B1B050CB051884110,SHA256=E72F5DBA2A177397403965A3352F0CC45EC46A568A53D5EF4535FBBA18E73023
ParentProcessGuid: {19FC45AC-76D8-601C-0000-0010F1630000}
ParentProcessId: 444
ParentImage: C:\Windows\System32\services.exe
ParentCommandLine: C:\Windows\system32\services.exe","Process Create:
RuleName: 
UtcTime: 2021-02-05 10:10:15.385
ProcessGuid: {19FC45AC-1987-601D-0000-001015256800}
ProcessId: 2460
Image: C:\Program Files\Mozilla Maintenance Service\maintenanceservice_tmp.exe
FileVersion: 43.0.1
Description: 
Product: Firefox
Company: Mozilla Foundation
OriginalFileName: maintenanceservice.exe
CommandLine: dummyparam.exe upgrade
CurrentDirectory: C:\Program Files\Mozilla Firefox\
User: NT AUTHORITY\SYSTEM
LogonGuid: {19FC45AC-768F-601C-0000-0020E7030000}
LogonId: 0x3e7
TerminalSessionId: 0
IntegrityLevel: System
Hashes: MD5=EB4B5C8AB9DA5585CCC975CD3D072115,SHA256=BEED5B7478F92C9FB1BBB62FFCEB5321A5C12A7C1AA9B20151BF22064589CD46
ParentProcessGuid: {19FC45AC-1987-601D-0000-00103D196800}
ParentProcessId: 3524
ParentImage: C:\Program Files\Mozilla Maintenance Service\maintenanceservice.exe
ParentCommandLine: ""C:\Program Files\Mozilla Maintenance Service\maintenanceservice.exe""",False
Microsoft-Windows-Sysmon_1_Match_02.json,Microsoft-Windows-Sysmon_1_Evasion_Cmdline_01.json,message,"Process Create:
RuleName: 
UtcTime: 2021-02-04 22:38:17.649
ProcessGuid: {19FC45AC-7759-601C-0000-00106DBB0300}
ProcessId: 3552
Image: C:\Program Files\Winlogbeat\winlogbeat.exe
FileVersion: 7.10.2
Description: Winlogbeat ships Windows event logs to Elasticsearch or Logstash.
Product: Winlogbeat
Company: Elastic
OriginalFileName: winlogbeat.exe
CommandLine: ""C:\Program Files\Winlogbeat\winlogbeat.exe"" --environment=windows_service -c ""C:\Program Files\Winlogbeat\winlogbeat.yml"" --path.home ""C:\Program Files\Winlogbeat"" --path.data ""C:\ProgramData\winlogbeat"" --path.logs ""C:\ProgramData\winlogbeat\logs"" -E logging.files.redirect_stderr=true
CurrentDirectory: C:\Windows\system32\
User: NT AUTHORITY\SYSTEM
LogonGuid: {19FC45AC-76D8-601C-0000-0020E7030000}
LogonId: 0x3e7
TerminalSessionId: 0
IntegrityLevel: System
Hashes: MD5=0D17999868F2768B1B050CB051884110,SHA256=E72F5DBA2A177397403965A3352F0CC45EC46A568A53D5EF4535FBBA18E73023
ParentProcessGuid: {19FC45AC-76D8-601C-0000-0010F1630000}
ParentProcessId: 444
ParentImage: C:\Windows\System32\services.exe
ParentCommandLine: C:\Windows\system32\services.exe","Process Create:
RuleName: 
UtcTime: 2021-02-04 22:36:09.890
ProcessGuid: {19FC45AC-76D9-601C-0000-00107E160100}
ProcessId: 1336
Image: C:\Windows\System32\taskhost.exe
FileVersion: 6.1.7601.17514 (win7sp1_rtm.101119-1850)
Description: Host Process for Windows Tasks
Product: Microsoft® Windows® Operating System
Company: Microsoft Corporation
OriginalFileName: taskhost.exe
CommandLine: ""taskhost.exe""
CurrentDirectory: C:\Windows\system32\
User: BREACH\client2
LogonGuid: {19FC45AC-76D9-601C-0000-002027FB0000}
LogonId: 0xfb27
TerminalSessionId: 1
IntegrityLevel: Medium
Hashes: MD5=7FA8BA5A780E4757964AC9D4238302B9,SHA256=65E3D8CE737896647065103FBB4D58E6A34171D0A48662A832CFDAC3CF469701
ParentProcessGuid: {19FC45AC-76D8-601C-0000-0010F1630000}
ParentProcessId: 444
ParentImage: C:\Windows\System32\services.exe
ParentCommandLine: C:\Windows\system32\services.exe",False
Microsoft-Windows-Sysmon_1_Match_02.json,Microsoft-Windows-Sysmon_1_Evasion_Cmdline_02.json,message,"Process Create:
RuleName: 
UtcTime: 2021-02-04 22:28:07.750
ProcessGuid: {19FC45AC-74F7-601C-0000-001072C60000}
ProcessId: 736
Image: C:\Windows\System32\LogonUI.exe
FileVersion: 6.1.7601.17514 (win7sp1_rtm.101119-1850)
Description: Windows Logon User Interface Host
Product: Microsoft® Windows® Operating System
Company: Microsoft Corporation
OriginalFileName: logonui.exe
CommandLine: ""LogonUI.exe"" /flags:0x0
CurrentDirectory: C:\Windows\system32\
User: NT AUTHORITY\SYSTEM
LogonGuid: {19FC45AC-74F7-601C-0000-0020E7030000}
LogonId: 0x3e7
TerminalSessionId: 1
IntegrityLevel: System
Hashes: MD5=3EF0D8AB08385AAB5802E773511A2E6A,SHA256=1A7EE4BC646767004372EAEA9BC0A2071790E739101F7D25ECD9C95D3F29AFD6
ParentProcessGuid: {19FC45AC-74F6-601C-0000-0010945C0000}
ParentProcessId: 384
ParentImage: C:\Windows\System32\winlogon.exe
ParentCommandLine: winlogon.exe","Process Create:
RuleName: 
UtcTime: 2021-02-04 22:29:08.811
ProcessGuid: {19FC45AC-7534-601C-0000-001004B80200}
ProcessId: 2340
Image: C:\Program Files\Python35-32\python.exe
FileVersion: 3.5.2
Description: Python
Product: Python
Company: Python Software Foundation
OriginalFileName: python.exe
CommandLine: ""C:\Program Files\Python35-32\python.exe"" ""C:\BREACH\init_tbf_client.py"" 
CurrentDirectory: C:\BREACH\
User: BREACH\client1
LogonGuid: {19FC45AC-7533-601C-0000-0020ED4A0200}
LogonId: 0x24aed
TerminalSessionId: 1
IntegrityLevel: Medium
Hashes: MD5=EDC79826E21859E93A875DFC087606C5,SHA256=D61DDEA87B2483612CAEB0F3514AEE3E60237D5F3880F49512C834539462742E
ParentProcessGuid: {19FC45AC-7534-601C-0000-0010B6B20200}
ParentProcessId: 2272
ParentImage: C:\Windows\py.exe
ParentCommandLine: ""C:\Windows\py.exe"" ""C:\BREACH\init_tbf_client.py"" ",False
Microsoft-Windows-Sysmon_1_Match_02.json,Microsoft-Windows-Sysmon_1_Evasion_Cmdline_03.json,message,"Process Create:
RuleName: 
UtcTime: 2021-02-04 22:28:07.750
ProcessGuid: {19FC45AC-74F7-601C-0000-001072C60000}
ProcessId: 736
Image: C:\Windows\System32\LogonUI.exe
FileVersion: 6.1.7601.17514 (win7sp1_rtm.101119-1850)
Description: Windows Logon User Interface Host
Product: Microsoft® Windows® Operating System
Company: Microsoft Corporation
OriginalFileName: logonui.exe
CommandLine: ""LogonUI.exe"" /flags:0x0
CurrentDirectory: C:\Windows\system32\
User: NT AUTHORITY\SYSTEM
LogonGuid: {19FC45AC-74F7-601C-0000-0020E7030000}
LogonId: 0x3e7
TerminalSessionId: 1
IntegrityLevel: System
Hashes: MD5=3EF0D8AB08385AAB5802E773511A2E6A,SHA256=1A7EE4BC646767004372EAEA9BC0A2071790E739101F7D25ECD9C95D3F29AFD6
ParentProcessGuid: {19FC45AC-74F6-601C-0000-0010945C0000}
ParentProcessId: 384
ParentImage: C:\Windows\System32\winlogon.exe
ParentCommandLine: winlogon.exe","Process Create:
RuleName: 
UtcTime: 2021-02-04 22:28:16.546
ProcessGuid: {19FC45AC-7500-601C-0000-001062960200}
ProcessId: 2120
Image: C:\Windows\py.exe
FileVersion: 3.5.2
Description: Python
Product: Python
Company: Python Software Foundation
OriginalFileName: py.exe
CommandLine: ""C:\Windows\py.exe"" ""C:\BREACH\init_tbf_client.py"" 
CurrentDirectory: C:\BREACH\
User: CLIENT2\setup
LogonGuid: {19FC45AC-74FF-601C-0000-002049330200}
LogonId: 0x23349
TerminalSessionId: 1
IntegrityLevel: High
Hashes: MD5=CC3AC75DDBFAA6D4CCBB0AFAD7EB759D,SHA256=3D98A354F1329BFEB17216D2391D6E9C04F6873B6E491BCE9734C02C26574B3D
ParentProcessGuid: {19FC45AC-74FF-601C-0000-0010A0500200}
ParentProcessId: 1616
ParentImage: C:\Windows\explorer.exe
ParentCommandLine: C:\Windows\Explorer.EXE",False
Microsoft-Windows-Sysmon_1_Match_02.json,Microsoft-Windows-Sysmon_1_Evasion_Cmdline_01.json,message,"Process Create:
RuleName: 
UtcTime: 2021-02-04 22:28:07.750
ProcessGuid: {19FC45AC-74F7-601C-0000-001072C60000}
ProcessId: 736
Image: C:\Windows\System32\LogonUI.exe
FileVersion: 6.1.7601.17514 (win7sp1_rtm.101119-1850)
Description: Windows Logon User Interface Host
Product: Microsoft® Windows® Operating System
Company: Microsoft Corporation
OriginalFileName: logonui.exe
CommandLine: ""LogonUI.exe"" /flags:0x0
CurrentDirectory: C:\Windows\system32\
User: NT AUTHORITY\SYSTEM
LogonGuid: {19FC45AC-74F7-601C-0000-0020E7030000}
LogonId: 0x3e7
TerminalSessionId: 1
IntegrityLevel: System
Hashes: MD5=3EF0D8AB08385AAB5802E773511A2E6A,SHA256=1A7EE4BC646767004372EAEA9BC0A2071790E739101F7D25ECD9C95D3F29AFD6
ParentProcessGuid: {19FC45AC-74F6-601C-0000-0010945C0000}
ParentProcessId: 384
ParentImage: C:\Windows\System32\winlogon.exe
ParentCommandLine: winlogon.exe","Process Create:
RuleName: 
UtcTime: 2021-02-04 22:29:01.515
ProcessGuid: {19FC45AC-752D-601C-0000-001052530000}
ProcessId: 312
Image: C:\Windows\System32\csrss.exe
FileVersion: 6.1.7600.16385 (win7_rtm.090713-1255)
Description: Client Server Runtime Process
Product: Microsoft® Windows® Operating System
Company: Microsoft Corporation
OriginalFileName: CSRSS.Exe
CommandLine: %%SystemRoot%%\system32\csrss.exe ObjectDirectory=\Windows SharedSection=1024,12288,512 Windows=On SubSystemType=Windows ServerDll=basesrv,1 ServerDll=winsrv:UserServerDllInitialization,3 ServerDll=winsrv:ConServerDllInitialization,2 ServerDll=sxssrv,4 ProfileControl=Off MaxRequestThreads=16
CurrentDirectory: C:\Windows\system32
User: NT AUTHORITY\SYSTEM
LogonGuid: {19FC45AC-752E-601C-0000-0020E7030000}
LogonId: 0x3e7
TerminalSessionId: 0
IntegrityLevel: System
Hashes: MD5=342271F6142E7C70805B8A81E1BA5F5C,SHA256=F9112B88FEC5EF10A7AEDF88DCEE61956D1FCDE7CB42197216E8265578713786
ParentProcessGuid: {19FC45AC-752D-601C-0000-0010B9510000}
ParentProcessId: 304
ParentImage: C:\Windows\System32\smss.exe
ParentCommandLine: \SystemRoot\System32\smss.exe 00000000 0000003c ",False
Microsoft-Windows-Sysmon_1_Match_02.json,Microsoft-Windows-Sysmon_1_Evasion_Cmdline_02.json,message,"Process Create:
RuleName: 
UtcTime: 2021-02-05 02:12:00.625
ProcessGuid: {19FC45AC-A970-601C-0000-001008DC2200}
ProcessId: 2072
Image: C:\Windows\System32\taskhost.exe
FileVersion: 6.1.7601.17514 (win7sp1_rtm.101119-1850)
Description: Host Process for Windows Tasks
Product: Microsoft® Windows® Operating System
Company: Microsoft Corporation
OriginalFileName: taskhost.exe
CommandLine: taskhost.exe $(Arg0)
CurrentDirectory: C:\Windows\system32\
User: NT AUTHORITY\LOCAL SERVICE
LogonGuid: {19FC45AC-76E8-601C-0000-0020E5030000}
LogonId: 0x3e5
TerminalSessionId: 0
IntegrityLevel: System
Hashes: MD5=7FA8BA5A780E4757964AC9D4238302B9,SHA256=65E3D8CE737896647065103FBB4D58E6A34171D0A48662A832CFDAC3CF469701
ParentProcessGuid: {19FC45AC-76E7-601C-0000-001081630000}
ParentProcessId: 440
ParentImage: C:\Windows\System32\services.exe
ParentCommandLine: C:\Windows\system32\services.exe","Process Create:
RuleName: 
UtcTime: 2021-02-05 07:02:00.121
ProcessGuid: {19FC45AC-ED68-601C-0000-0010D1035300}
ProcessId: 3528
Image: C:\Windows\System32\Macromed\Flash\FlashPlayerUpdateService.exe
FileVersion: 18,0,0,194
Description: Adobe® Flash® Player Update Service 18.0 r0
Product: Adobe® Flash® Player Update Service
Company: Adobe Systems Incorporated
OriginalFileName: ?
CommandLine: C:\Windows\system32\Macromed\Flash\FlashPlayerUpdateService.exe 
CurrentDirectory: C:\Windows\system32\
User: NT AUTHORITY\SYSTEM
LogonGuid: {19FC45AC-76E7-601C-0000-0020E7030000}
LogonId: 0x3e7
TerminalSessionId: 0
IntegrityLevel: System
Hashes: MD5=1234A12B71DAE034E45C714AE5A54412,SHA256=079E6BC834F38322ED5ED76295EC3961ED894084EF5CB171DFFBD9B3822CC78D
ParentProcessGuid: {19FC45AC-ED67-601C-0000-001028025300}
ParentProcessId: 2620
ParentImage: C:\Windows\System32\taskeng.exe
ParentCommandLine: taskeng.exe {62E749FB-80AA-46FB-9B26-9B1D0125DC5A} S-1-5-18:NT AUTHORITY\System:Service:",False
Microsoft-Windows-Sysmon_1_Match_02.json,Microsoft-Windows-Sysmon_1_Evasion_Cmdline_03.json,message,"Process Create:
RuleName: 
UtcTime: 2021-02-05 02:12:00.625
ProcessGuid: {19FC45AC-A970-601C-0000-001008DC2200}
ProcessId: 2072
Image: C:\Windows\System32\taskhost.exe
FileVersion: 6.1.7601.17514 (win7sp1_rtm.101119-1850)
Description: Host Process for Windows Tasks
Product: Microsoft® Windows® Operating System
Company: Microsoft Corporation
OriginalFileName: taskhost.exe
CommandLine: taskhost.exe $(Arg0)
CurrentDirectory: C:\Windows\system32\
User: NT AUTHORITY\LOCAL SERVICE
LogonGuid: {19FC45AC-76E8-601C-0000-0020E5030000}
LogonId: 0x3e5
TerminalSessionId: 0
IntegrityLevel: System
Hashes: MD5=7FA8BA5A780E4757964AC9D4238302B9,SHA256=65E3D8CE737896647065103FBB4D58E6A34171D0A48662A832CFDAC3CF469701
ParentProcessGuid: {19FC45AC-76E7-601C-0000-001081630000}
ParentProcessId: 440
ParentImage: C:\Windows\System32\services.exe
ParentCommandLine: C:\Windows\system32\services.exe","Process Create:
RuleName: 
UtcTime: 2021-02-04 22:29:01.906
ProcessGuid: {19FC45AC-752D-601C-0000-001032610000}
ProcessId: 444
Image: C:\Windows\System32\services.exe
FileVersion: 6.1.7600.16385 (win7_rtm.090713-1255)
Description: Services and Controller app
Product: Microsoft® Windows® Operating System
Company: Microsoft Corporation
OriginalFileName: services.exe
CommandLine: C:\Windows\system32\services.exe
CurrentDirectory: C:\Windows\system32\
User: NT AUTHORITY\SYSTEM
LogonGuid: {19FC45AC-752E-601C-0000-0020E7030000}
LogonId: 0x3e7
TerminalSessionId: 0
IntegrityLevel: System
Hashes: MD5=5F1B6A9C35D3D5CA72D6D6FDEF9747D6,SHA256=D7BC4ED605B32274B45328FD9914FB0E7B90D869A38F0E6F94FB1BF4E9E2B407
ParentProcessGuid: {19FC45AC-752D-601C-0000-0010BB570000}
ParentProcessId: 348
ParentImage: C:\Windows\System32\wininit.exe
ParentCommandLine: wininit.exe",False
Microsoft-Windows-Sysmon_1_Match_02.json,Microsoft-Windows-Sysmon_1_Evasion_Cmdline_01.json,message,"Process Create:
RuleName: 
UtcTime: 2021-02-05 02:12:00.625
ProcessGuid: {19FC45AC-A970-601C-0000-001008DC2200}
ProcessId: 2072
Image: C:\Windows\System32\taskhost.exe
FileVersion: 6.1.7601.17514 (win7sp1_rtm.101119-1850)
Description: Host Process for Windows Tasks
Product: Microsoft® Windows® Operating System
Company: Microsoft Corporation
OriginalFileName: taskhost.exe
CommandLine: taskhost.exe $(Arg0)
CurrentDirectory: C:\Windows\system32\
User: NT AUTHORITY\LOCAL SERVICE
LogonGuid: {19FC45AC-76E8-601C-0000-0020E5030000}
LogonId: 0x3e5
TerminalSessionId: 0
IntegrityLevel: System
Hashes: MD5=7FA8BA5A780E4757964AC9D4238302B9,SHA256=65E3D8CE737896647065103FBB4D58E6A34171D0A48662A832CFDAC3CF469701
ParentProcessGuid: {19FC45AC-76E7-601C-0000-001081630000}
ParentProcessId: 440
ParentImage: C:\Windows\System32\services.exe
ParentCommandLine: C:\Windows\system32\services.exe","Process Create:
RuleName: 
UtcTime: 2021-02-04 22:28:21.578
ProcessGuid: {19FC45AC-7505-601C-0000-0010610A0300}
ProcessId: 2616
Image: C:\Windows\System32\LogonUI.exe
FileVersion: 6.1.7601.17514 (win7sp1_rtm.101119-1850)
Description: Windows Logon User Interface Host
Product: Microsoft® Windows® Operating System
Company: Microsoft Corporation
OriginalFileName: logonui.exe
CommandLine: ""LogonUI.exe"" /flags:0x0
CurrentDirectory: C:\Windows\system32\
User: NT AUTHORITY\SYSTEM
LogonGuid: {19FC45AC-74F9-601C-0000-0020E7030000}
LogonId: 0x3e7
TerminalSessionId: 1
IntegrityLevel: System
Hashes: MD5=3EF0D8AB08385AAB5802E773511A2E6A,SHA256=1A7EE4BC646767004372EAEA9BC0A2071790E739101F7D25ECD9C95D3F29AFD6
ParentProcessGuid: {19FC45AC-74F8-601C-0000-0010595A0000}
ParentProcessId: 396
ParentImage: C:\Windows\System32\winlogon.exe
ParentCommandLine: winlogon.exe",False
Microsoft-Windows-Sysmon_1_Match_02.json,Microsoft-Windows-Sysmon_1_Evasion_Cmdline_02.json,message,"Process Create:
RuleName: 
UtcTime: 2021-02-05 01:30:00.225
ProcessGuid: {19FC45AC-9F98-601C-0000-00107C6A1E00}
ProcessId: 3908
Image: C:\Windows\System32\aitagent.exe
FileVersion: 6.1.7601.17514 (win7sp1_rtm.101119-1850)
Description: Application Impact Telemetry Agent
Product: Microsoft® Windows® Operating System
Company: Microsoft Corporation
OriginalFileName: 
CommandLine: C:\Windows\system32\aitagent.EXE 
CurrentDirectory: C:\Windows\system32\
User: NT AUTHORITY\SYSTEM
LogonGuid: {19FC45AC-76D8-601C-0000-0020E7030000}
LogonId: 0x3e7
TerminalSessionId: 0
IntegrityLevel: System
Hashes: MD5=2A3557DD3913F8D7CC5A5703083424D8,SHA256=E0731448A15FFAC9F20A82EAE95D97733FBCD227D1EAB7264F8FDE14503F3494
ParentProcessGuid: {19FC45AC-76D8-601C-0000-0010F1630000}
ParentProcessId: 444
ParentImage: C:\Windows\System32\services.exe
ParentCommandLine: C:\Windows\system32\services.exe","Process Create:
RuleName: 
UtcTime: 2021-02-04 22:29:15.949
ProcessGuid: {19FC45AC-753B-601C-0000-0010E5BE0200}
ProcessId: 2480
Image: C:\Program Files\Python35-32\python.exe
FileVersion: 3.5.2
Description: Python
Product: Python
Company: Python Software Foundation
OriginalFileName: python.exe
CommandLine: ""C:\Program Files\Python35-32\python.exe"" ""C:\BREACH\init_tbf_client.py"" 
CurrentDirectory: C:\BREACH\
User: BREACH\client3
LogonGuid: {19FC45AC-753A-601C-0000-0020AE510200}
LogonId: 0x251ae
TerminalSessionId: 1
IntegrityLevel: Medium
Hashes: MD5=EDC79826E21859E93A875DFC087606C5,SHA256=D61DDEA87B2483612CAEB0F3514AEE3E60237D5F3880F49512C834539462742E
ParentProcessGuid: {19FC45AC-753B-601C-0000-00106BAB0200}
ParentProcessId: 2388
ParentImage: C:\Windows\py.exe
ParentCommandLine: ""C:\Windows\py.exe"" ""C:\BREACH\init_tbf_client.py"" ",False
Microsoft-Windows-Sysmon_1_Match_02.json,Microsoft-Windows-Sysmon_1_Evasion_Cmdline_03.json,message,"Process Create:
RuleName: 
UtcTime: 2021-02-05 01:30:00.225
ProcessGuid: {19FC45AC-9F98-601C-0000-00107C6A1E00}
ProcessId: 3908
Image: C:\Windows\System32\aitagent.exe
FileVersion: 6.1.7601.17514 (win7sp1_rtm.101119-1850)
Description: Application Impact Telemetry Agent
Product: Microsoft® Windows® Operating System
Company: Microsoft Corporation
OriginalFileName: 
CommandLine: C:\Windows\system32\aitagent.EXE 
CurrentDirectory: C:\Windows\system32\
User: NT AUTHORITY\SYSTEM
LogonGuid: {19FC45AC-76D8-601C-0000-0020E7030000}
LogonId: 0x3e7
TerminalSessionId: 0
IntegrityLevel: System
Hashes: MD5=2A3557DD3913F8D7CC5A5703083424D8,SHA256=E0731448A15FFAC9F20A82EAE95D97733FBCD227D1EAB7264F8FDE14503F3494
ParentProcessGuid: {19FC45AC-76D8-601C-0000-0010F1630000}
ParentProcessId: 444
ParentImage: C:\Windows\System32\services.exe
ParentCommandLine: C:\Windows\system32\services.exe","Process Create:
RuleName: 
UtcTime: 2021-02-05 07:02:00.116
ProcessGuid: {19FC45AC-ED68-601C-0000-0010A4C35300}
ProcessId: 1948
Image: C:\Windows\System32\Macromed\Flash\FlashPlayerUpdateService.exe
FileVersion: 18,0,0,194
Description: Adobe® Flash® Player Update Service 18.0 r0
Product: Adobe® Flash® Player Update Service
Company: Adobe Systems Incorporated
OriginalFileName: ?
CommandLine: C:\Windows\system32\Macromed\Flash\FlashPlayerUpdateService.exe
CurrentDirectory: C:\Windows\system32\
User: NT AUTHORITY\SYSTEM
LogonGuid: {19FC45AC-768F-601C-0000-0020E7030000}
LogonId: 0x3e7
TerminalSessionId: 0
IntegrityLevel: System
Hashes: MD5=1234A12B71DAE034E45C714AE5A54412,SHA256=079E6BC834F38322ED5ED76295EC3961ED894084EF5CB171DFFBD9B3822CC78D
ParentProcessGuid: {19FC45AC-768F-601C-0000-0010EE630000}
ParentProcessId: 440
ParentImage: C:\Windows\System32\services.exe
ParentCommandLine: C:\Windows\system32\services.exe",False
Microsoft-Windows-Sysmon_1_Match_02.json,Microsoft-Windows-Sysmon_1_Evasion_Cmdline_04.json,message,"Process Create:
RuleName: 
UtcTime: 2021-02-05 01:30:00.225
ProcessGuid: {19FC45AC-9F98-601C-0000-00107C6A1E00}
ProcessId: 3908
Image: C:\Windows\System32\aitagent.exe
FileVersion: 6.1.7601.17514 (win7sp1_rtm.101119-1850)
Description: Application Impact Telemetry Agent
Product: Microsoft® Windows® Operating System
Company: Microsoft Corporation
OriginalFileName: 
CommandLine: C:\Windows\system32\aitagent.EXE 
CurrentDirectory: C:\Windows\system32\
User: NT AUTHORITY\SYSTEM
LogonGuid: {19FC45AC-76D8-601C-0000-0020E7030000}
LogonId: 0x3e7
TerminalSessionId: 0
IntegrityLevel: System
Hashes: MD5=2A3557DD3913F8D7CC5A5703083424D8,SHA256=E0731448A15FFAC9F20A82EAE95D97733FBCD227D1EAB7264F8FDE14503F3494
ParentProcessGuid: {19FC45AC-76D8-601C-0000-0010F1630000}
ParentProcessId: 444
ParentImage: C:\Windows\System32\services.exe
ParentCommandLine: C:\Windows\system32\services.exe","Process Create:
RuleName: 
UtcTime: 2021-02-04 22:34:55.468
ProcessGuid: {19FC45AC-768F-601C-0000-001049590000}
ProcessId: 348
Image: C:\Windows\System32\wininit.exe
FileVersion: 6.1.7600.16385 (win7_rtm.090713-1255)
Description: Windows Start-Up Application
Product: Microsoft® Windows® Operating System
Company: Microsoft Corporation
OriginalFileName: WinInit.exe
CommandLine: wininit.exe
CurrentDirectory: C:\Windows\system32
User: NT AUTHORITY\SYSTEM
LogonGuid: {19FC45AC-768F-601C-0000-0020E7030000}
LogonId: 0x3e7
TerminalSessionId: 0
IntegrityLevel: System
Hashes: MD5=B5C5DCAD3899512020D135600129D665,SHA256=F6B4D18FA0D3C4958711AC0D476C21A6FDF2897F989A0AD290B43F463DD8B5B0
ParentProcessGuid: {19FC45AC-768E-601C-0000-001088440000}
ParentProcessId: 296
ParentImage: C:\Windows\System32\smss.exe
ParentCommandLine: \SystemRoot\System32\smss.exe 00000000 0000003c ",False
Microsoft-Windows-Sysmon_1_Match_02.json,Microsoft-Windows-Sysmon_1_Evasion_Cmdline_01.json,message,"Process Create:
RuleName: 
UtcTime: 2021-02-05 01:30:00.225
ProcessGuid: {19FC45AC-9F98-601C-0000-00107C6A1E00}
ProcessId: 3908
Image: C:\Windows\System32\aitagent.exe
FileVersion: 6.1.7601.17514 (win7sp1_rtm.101119-1850)
Description: Application Impact Telemetry Agent
Product: Microsoft® Windows® Operating System
Company: Microsoft Corporation
OriginalFileName: 
CommandLine: C:\Windows\system32\aitagent.EXE 
CurrentDirectory: C:\Windows\system32\
User: NT AUTHORITY\SYSTEM
LogonGuid: {19FC45AC-76D8-601C-0000-0020E7030000}
LogonId: 0x3e7
TerminalSessionId: 0
IntegrityLevel: System
Hashes: MD5=2A3557DD3913F8D7CC5A5703083424D8,SHA256=E0731448A15FFAC9F20A82EAE95D97733FBCD227D1EAB7264F8FDE14503F3494
ParentProcessGuid: {19FC45AC-76D8-601C-0000-0010F1630000}
ParentProcessId: 444
ParentImage: C:\Windows\System32\services.exe
ParentCommandLine: C:\Windows\system32\services.exe","Process Create:
RuleName: 
UtcTime: 2021-02-04 22:35:01.817
ProcessGuid: {19FC45AC-7695-601C-0000-0010FF940100}
ProcessId: 1940
Image: C:\Program Files\Python35-32\python.exe
FileVersion: 3.5.2
Description: Python
Product: Python
Company: Python Software Foundation
OriginalFileName: python.exe
CommandLine: python C:\BREACH\userbehavior.pex --use-breach-setup
CurrentDirectory: C:\BREACH\
User: BREACH\client1
LogonGuid: {19FC45AC-7690-601C-0000-002053FB0000}
LogonId: 0xfb53
TerminalSessionId: 1
IntegrityLevel: Medium
Hashes: MD5=EDC79826E21859E93A875DFC087606C5,SHA256=D61DDEA87B2483612CAEB0F3514AEE3E60237D5F3880F49512C834539462742E
ParentProcessGuid: {19FC45AC-7692-601C-0000-0010D87A0100}
ParentProcessId: 1724
ParentImage: C:\Program Files\Python35-32\python.exe
ParentCommandLine: ""C:\Program Files\Python35-32\python.exe"" ""C:\BREACH\init_tbf_client.py"" ",False
Microsoft-Windows-Sysmon_1_Match_02.json,Microsoft-Windows-Sysmon_1_Evasion_Cmdline_02.json,message,"Process Create:
RuleName: 
UtcTime: 2021-02-04 22:36:26.609
ProcessGuid: {19FC45AC-76EA-601C-0000-001015870100}
ProcessId: 1800
Image: C:\Windows\System32\imdsksvc.exe
FileVersion: 2.0.9.24
Description: ImDisk Virtual Disk Driver helper service
Product: imdisk
Company: Olof Lagerkvist
OriginalFileName: imdsksvc.exe
CommandLine: C:\Windows\system32\imdsksvc.exe
CurrentDirectory: C:\Windows\system32\
User: NT AUTHORITY\SYSTEM
LogonGuid: {19FC45AC-76E7-601C-0000-0020E7030000}
LogonId: 0x3e7
TerminalSessionId: 0
IntegrityLevel: System
Hashes: MD5=73DCB33604AB86BCD4CAA90346D73B49,SHA256=DB47A54AC39C5831F4FA8B678B5738B6BD304F6002D9FC0256F055ABE7A9D969
ParentProcessGuid: {19FC45AC-76E7-601C-0000-001081630000}
ParentProcessId: 440
ParentImage: C:\Windows\System32\services.exe
ParentCommandLine: C:\Windows\system32\services.exe","Process Create:
RuleName: 
UtcTime: 2021-02-04 22:28:08.781
ProcessGuid: {19FC45AC-74F8-601C-0000-0010BD570000}
ProcessId: 340
Image: C:\Windows\System32\smss.exe
FileVersion: 6.1.7601.18741 (win7sp1_gdr.150202-1526)
Description: Windows Session Manager
Product: Microsoft® Windows® Operating System
Company: Microsoft Corporation
OriginalFileName: smss.exe
CommandLine: \SystemRoot\System32\smss.exe 00000001 0000003c 
CurrentDirectory: C:\Windows\
User: NT AUTHORITY\SYSTEM
LogonGuid: {19FC45AC-74F9-601C-0000-0020E7030000}
LogonId: 0x3e7
TerminalSessionId: 1
IntegrityLevel: System
Hashes: MD5=01C6C743FE49D0FB3F0A1391FEF1DEB3,SHA256=36155638E650576A8BCAFC23C50483AB4B831D9A34C781DDF7CC89554D0546B7
ParentProcessGuid: {19FC45AC-74F7-601C-0000-00104E2F0000}
ParentProcessId: 236
ParentImage: C:\Windows\System32\smss.exe
ParentCommandLine: \SystemRoot\System32\smss.exe",False
Microsoft-Windows-Sysmon_1_Match_02.json,Microsoft-Windows-Sysmon_1_Evasion_Cmdline_03.json,message,"Process Create:
RuleName: 
UtcTime: 2021-02-04 22:36:26.609
ProcessGuid: {19FC45AC-76EA-601C-0000-001015870100}
ProcessId: 1800
Image: C:\Windows\System32\imdsksvc.exe
FileVersion: 2.0.9.24
Description: ImDisk Virtual Disk Driver helper service
Product: imdisk
Company: Olof Lagerkvist
OriginalFileName: imdsksvc.exe
CommandLine: C:\Windows\system32\imdsksvc.exe
CurrentDirectory: C:\Windows\system32\
User: NT AUTHORITY\SYSTEM
LogonGuid: {19FC45AC-76E7-601C-0000-0020E7030000}
LogonId: 0x3e7
TerminalSessionId: 0
IntegrityLevel: System
Hashes: MD5=73DCB33604AB86BCD4CAA90346D73B49,SHA256=DB47A54AC39C5831F4FA8B678B5738B6BD304F6002D9FC0256F055ABE7A9D969
ParentProcessGuid: {19FC45AC-76E7-601C-0000-001081630000}
ParentProcessId: 440
ParentImage: C:\Windows\System32\services.exe
ParentCommandLine: C:\Windows\system32\services.exe","Process Create:
