RuleName: 
UtcTime: 2021-02-04 22:28:57.093
ProcessGuid: {19FC45AC-7529-601C-0000-0010A9ED0000}
ProcessId: 1000
Image: C:\Windows\System32\svchost.exe
FileVersion: 6.1.7600.16385 (win7_rtm.090713-1255)
Description: Host Process for Windows Services
Product: Microsoft® Windows® Operating System
Company: Microsoft Corporation
OriginalFileName: svchost.exe
CommandLine: C:\Windows\system32\svchost.exe -k LocalService
CurrentDirectory: C:\Windows\system32\
User: NT AUTHORITY\LOCAL SERVICE
LogonGuid: {19FC45AC-7528-601C-0000-0020E5030000}
LogonId: 0x3e5
TerminalSessionId: 0
IntegrityLevel: System
Hashes: MD5=54A47F6B5E09A77E61649109C6A08866,SHA256=121118A0F5E0E8C933EFD28C9901E54E42792619A8A3A6D11E1F0025A7324BC2
ParentProcessGuid: {19FC45AC-7527-601C-0000-00104B610000}
ParentProcessId: 444
ParentImage: C:\Windows\System32\services.exe
ParentCommandLine: C:\Windows\system32\services.exe","Process Create:
RuleName: 
UtcTime: 2021-02-04 22:29:03.453
ProcessGuid: {19FC45AC-752F-601C-0000-0010F60E0100}
ProcessId: 1204
Image: C:\Windows\System32\spoolsv.exe
FileVersion: 6.1.7601.17514 (win7sp1_rtm.101119-1850)
Description: Spooler SubSystem App
Product: Microsoft® Windows® Operating System
Company: Microsoft Corporation
OriginalFileName: spoolsv.exe
CommandLine: C:\Windows\System32\spoolsv.exe
CurrentDirectory: C:\Windows\system32\
User: NT AUTHORITY\SYSTEM
LogonGuid: {19FC45AC-752E-601C-0000-0020E7030000}
LogonId: 0x3e7
TerminalSessionId: 0
IntegrityLevel: System
Hashes: MD5=866A43013535DC8587C258E43579C764,SHA256=B2BE846B5167A2ECD1E30C69A81385FCC6EAE6033394D08458A5583D311C4D82
ParentProcessGuid: {19FC45AC-752D-601C-0000-0010F4630000}
ParentProcessId: 440
ParentImage: C:\Windows\System32\services.exe
ParentCommandLine: C:\Windows\system32\services.exe",False
Microsoft-Windows-Sysmon_1_Match_02.json,Microsoft-Windows-Sysmon_1_Evasion_Cmdline_07.json,message,"Process Create:
RuleName: 
UtcTime: 2021-02-04 22:28:57.093
ProcessGuid: {19FC45AC-7529-601C-0000-0010A9ED0000}
ProcessId: 1000
Image: C:\Windows\System32\svchost.exe
FileVersion: 6.1.7600.16385 (win7_rtm.090713-1255)
Description: Host Process for Windows Services
Product: Microsoft® Windows® Operating System
Company: Microsoft Corporation
OriginalFileName: svchost.exe
CommandLine: C:\Windows\system32\svchost.exe -k LocalService
CurrentDirectory: C:\Windows\system32\
User: NT AUTHORITY\LOCAL SERVICE
LogonGuid: {19FC45AC-7528-601C-0000-0020E5030000}
LogonId: 0x3e5
TerminalSessionId: 0
IntegrityLevel: System
Hashes: MD5=54A47F6B5E09A77E61649109C6A08866,SHA256=121118A0F5E0E8C933EFD28C9901E54E42792619A8A3A6D11E1F0025A7324BC2
ParentProcessGuid: {19FC45AC-7527-601C-0000-00104B610000}
ParentProcessId: 444
ParentImage: C:\Windows\System32\services.exe
ParentCommandLine: C:\Windows\system32\services.exe","Process Create:
RuleName: 
UtcTime: 2021-02-04 22:29:01.703
ProcessGuid: {19FC45AC-752D-601C-0000-0010F9570000}
ProcessId: 356
Image: C:\Windows\System32\csrss.exe
FileVersion: 6.1.7600.16385 (win7_rtm.090713-1255)
Description: Client Server Runtime Process
Product: Microsoft® Windows® Operating System
Company: Microsoft Corporation
OriginalFileName: CSRSS.Exe
CommandLine: %%SystemRoot%%\system32\csrss.exe ObjectDirectory=\Windows SharedSection=1024,12288,512 Windows=On SubSystemType=Windows ServerDll=basesrv,1 ServerDll=winsrv:UserServerDllInitialization,3 ServerDll=winsrv:ConServerDllInitialization,2 ServerDll=sxssrv,4 ProfileControl=Off MaxRequestThreads=16
CurrentDirectory: C:\Windows\system32
User: NT AUTHORITY\SYSTEM
LogonGuid: {19FC45AC-752E-601C-0000-0020E7030000}
LogonId: 0x3e7
TerminalSessionId: 1
IntegrityLevel: System
Hashes: MD5=342271F6142E7C70805B8A81E1BA5F5C,SHA256=F9112B88FEC5EF10A7AEDF88DCEE61956D1FCDE7CB42197216E8265578713786
ParentProcessGuid: {19FC45AC-752D-601C-0000-0010A4570000}
ParentProcessId: 340
ParentImage: C:\Windows\System32\smss.exe
ParentCommandLine: \SystemRoot\System32\smss.exe 00000001 0000003c ",False
Microsoft-Windows-Sysmon_1_Match_02.json,Microsoft-Windows-Sysmon_1_Evasion_Cmdline_08.json,message,"Process Create:
RuleName: 
UtcTime: 2021-02-04 22:28:57.093
ProcessGuid: {19FC45AC-7529-601C-0000-0010A9ED0000}
ProcessId: 1000
Image: C:\Windows\System32\svchost.exe
FileVersion: 6.1.7600.16385 (win7_rtm.090713-1255)
Description: Host Process for Windows Services
Product: Microsoft® Windows® Operating System
Company: Microsoft Corporation
OriginalFileName: svchost.exe
CommandLine: C:\Windows\system32\svchost.exe -k LocalService
CurrentDirectory: C:\Windows\system32\
User: NT AUTHORITY\LOCAL SERVICE
LogonGuid: {19FC45AC-7528-601C-0000-0020E5030000}
LogonId: 0x3e5
TerminalSessionId: 0
IntegrityLevel: System
Hashes: MD5=54A47F6B5E09A77E61649109C6A08866,SHA256=121118A0F5E0E8C933EFD28C9901E54E42792619A8A3A6D11E1F0025A7324BC2
ParentProcessGuid: {19FC45AC-7527-601C-0000-00104B610000}
ParentProcessId: 444
ParentImage: C:\Windows\System32\services.exe
ParentCommandLine: C:\Windows\system32\services.exe","Process Create:
RuleName: 
UtcTime: 2021-02-04 22:28:09.718
ProcessGuid: {19FC45AC-74F9-601C-0000-0010EAC20000}
ProcessId: 724
Image: C:\Windows\System32\LogonUI.exe
FileVersion: 6.1.7601.17514 (win7sp1_rtm.101119-1850)
Description: Windows Logon User Interface Host
Product: Microsoft® Windows® Operating System
Company: Microsoft Corporation
OriginalFileName: logonui.exe
CommandLine: ""LogonUI.exe"" /flags:0x0
CurrentDirectory: C:\Windows\system32\
User: NT AUTHORITY\SYSTEM
LogonGuid: {19FC45AC-74F9-601C-0000-0020E7030000}
LogonId: 0x3e7
TerminalSessionId: 1
IntegrityLevel: System
Hashes: MD5=3EF0D8AB08385AAB5802E773511A2E6A,SHA256=1A7EE4BC646767004372EAEA9BC0A2071790E739101F7D25ECD9C95D3F29AFD6
ParentProcessGuid: {19FC45AC-74F8-601C-0000-0010595A0000}
ParentProcessId: 396
ParentImage: C:\Windows\System32\winlogon.exe
ParentCommandLine: winlogon.exe",False
Microsoft-Windows-Sysmon_1_Match_02.json,Microsoft-Windows-Sysmon_1_Evasion_Cmdline_05.json,message,"Process Create:
RuleName: 
UtcTime: 2021-02-04 22:28:57.093
ProcessGuid: {19FC45AC-7529-601C-0000-0010A9ED0000}
ProcessId: 1000
Image: C:\Windows\System32\svchost.exe
FileVersion: 6.1.7600.16385 (win7_rtm.090713-1255)
Description: Host Process for Windows Services
Product: Microsoft® Windows® Operating System
Company: Microsoft Corporation
OriginalFileName: svchost.exe
CommandLine: C:\Windows\system32\svchost.exe -k LocalService
CurrentDirectory: C:\Windows\system32\
User: NT AUTHORITY\LOCAL SERVICE
LogonGuid: {19FC45AC-7528-601C-0000-0020E5030000}
LogonId: 0x3e5
TerminalSessionId: 0
IntegrityLevel: System
Hashes: MD5=54A47F6B5E09A77E61649109C6A08866,SHA256=121118A0F5E0E8C933EFD28C9901E54E42792619A8A3A6D11E1F0025A7324BC2
ParentProcessGuid: {19FC45AC-7527-601C-0000-00104B610000}
ParentProcessId: 444
ParentImage: C:\Windows\System32\services.exe
ParentCommandLine: C:\Windows\system32\services.exe","Process Create:
RuleName: 
UtcTime: 2021-02-04 22:27:14.250
ProcessGuid: {19FC45AC-74C2-601C-0000-001019530000}
ProcessId: 312
Image: C:\Windows\System32\csrss.exe
FileVersion: 6.1.7600.16385 (win7_rtm.090713-1255)
Description: Client Server Runtime Process
Product: Microsoft® Windows® Operating System
Company: Microsoft Corporation
OriginalFileName: CSRSS.Exe
CommandLine: %%SystemRoot%%\system32\csrss.exe ObjectDirectory=\Windows SharedSection=1024,12288,512 Windows=On SubSystemType=Windows ServerDll=basesrv,1 ServerDll=winsrv:UserServerDllInitialization,3 ServerDll=winsrv:ConServerDllInitialization,2 ServerDll=sxssrv,4 ProfileControl=Off MaxRequestThreads=16
CurrentDirectory: C:\Windows\system32
User: NT AUTHORITY\SYSTEM
LogonGuid: {19FC45AC-74C3-601C-0000-0020E7030000}
LogonId: 0x3e7
TerminalSessionId: 0
IntegrityLevel: System
Hashes: MD5=342271F6142E7C70805B8A81E1BA5F5C,SHA256=F9112B88FEC5EF10A7AEDF88DCEE61956D1FCDE7CB42197216E8265578713786
ParentProcessGuid: {19FC45AC-74C2-601C-0000-001088510000}
ParentProcessId: 304
ParentImage: C:\Windows\System32\smss.exe
ParentCommandLine: \SystemRoot\System32\smss.exe 00000000 0000003c ",False
Microsoft-Windows-Sysmon_1_Match_02.json,Microsoft-Windows-Sysmon_1_Evasion_Cmdline_09.json,message,"Process Create:
RuleName: 
UtcTime: 2021-02-04 22:28:57.093
ProcessGuid: {19FC45AC-7529-601C-0000-0010A9ED0000}
ProcessId: 1000
Image: C:\Windows\System32\svchost.exe
FileVersion: 6.1.7600.16385 (win7_rtm.090713-1255)
Description: Host Process for Windows Services
Product: Microsoft® Windows® Operating System
Company: Microsoft Corporation
OriginalFileName: svchost.exe
CommandLine: C:\Windows\system32\svchost.exe -k LocalService
CurrentDirectory: C:\Windows\system32\
User: NT AUTHORITY\LOCAL SERVICE
LogonGuid: {19FC45AC-7528-601C-0000-0020E5030000}
LogonId: 0x3e5
TerminalSessionId: 0
IntegrityLevel: System
Hashes: MD5=54A47F6B5E09A77E61649109C6A08866,SHA256=121118A0F5E0E8C933EFD28C9901E54E42792619A8A3A6D11E1F0025A7324BC2
ParentProcessGuid: {19FC45AC-7527-601C-0000-00104B610000}
ParentProcessId: 444
ParentImage: C:\Windows\System32\services.exe
ParentCommandLine: C:\Windows\system32\services.exe","Process Create:
RuleName: 
UtcTime: 2021-02-04 22:28:16.390
ProcessGuid: {19FC45AC-7500-601C-0000-0010E4830200}
ProcessId: 2092
Image: C:\Program Files\Adobe\Reader 9.0\Reader\reader_sl.exe
FileVersion: 9.1.0.2009022700
Description: Adobe Acrobat SpeedLauncher
Product: Adobe Acrobat
Company: Adobe Systems Incorporated
OriginalFileName: AcroSpeedLaunch.exe
CommandLine: ""C:\Program Files\Adobe\Reader 9.0\Reader\reader_sl.exe"" 
CurrentDirectory: C:\Windows\system32\
User: CLIENT2\setup
LogonGuid: {19FC45AC-74FF-601C-0000-002049330200}
LogonId: 0x23349
TerminalSessionId: 1
IntegrityLevel: High
Hashes: MD5=452FA961163EF4AEE4815796A13AB2CF,SHA256=14DC422082F96F5C21C41A5E5F6E8445547CC4B02B18F0A86A34669CA2CE18A7
ParentProcessGuid: {19FC45AC-74FF-601C-0000-0010A0500200}
ParentProcessId: 1616
ParentImage: C:\Windows\explorer.exe
ParentCommandLine: C:\Windows\Explorer.EXE",False
Microsoft-Windows-Sysmon_1_Match_02.json,Microsoft-Windows-Sysmon_1_Evasion_Cmdline_02.json,message,"Process Create:
RuleName: 
UtcTime: 2021-02-04 22:29:02.609
ProcessGuid: {19FC45AC-752E-601C-0000-00100DC30000}
ProcessId: 740
Image: C:\Windows\System32\LogonUI.exe
FileVersion: 6.1.7601.17514 (win7sp1_rtm.101119-1850)
Description: Windows Logon User Interface Host
Product: Microsoft® Windows® Operating System
Company: Microsoft Corporation
OriginalFileName: logonui.exe
CommandLine: ""LogonUI.exe"" /flags:0x0
CurrentDirectory: C:\Windows\system32\
User: NT AUTHORITY\SYSTEM
LogonGuid: {19FC45AC-752E-601C-0000-0020E7030000}
LogonId: 0x3e7
TerminalSessionId: 1
IntegrityLevel: System
Hashes: MD5=3EF0D8AB08385AAB5802E773511A2E6A,SHA256=1A7EE4BC646767004372EAEA9BC0A2071790E739101F7D25ECD9C95D3F29AFD6
ParentProcessGuid: {19FC45AC-752D-601C-0000-0010155A0000}
ParentProcessId: 384
ParentImage: C:\Windows\System32\winlogon.exe
ParentCommandLine: winlogon.exe","Process Create:
RuleName: 
UtcTime: 2021-02-04 22:28:57.468
ProcessGuid: {19FC45AC-7529-601C-0000-0010B60C0100}
ProcessId: 1192
Image: C:\Windows\System32\spoolsv.exe
FileVersion: 6.1.7601.17514 (win7sp1_rtm.101119-1850)
Description: Spooler SubSystem App
Product: Microsoft® Windows® Operating System
Company: Microsoft Corporation
OriginalFileName: spoolsv.exe
CommandLine: C:\Windows\System32\spoolsv.exe
CurrentDirectory: C:\Windows\system32\
User: NT AUTHORITY\SYSTEM
LogonGuid: {19FC45AC-7528-601C-0000-0020E7030000}
LogonId: 0x3e7
TerminalSessionId: 0
IntegrityLevel: System
Hashes: MD5=866A43013535DC8587C258E43579C764,SHA256=B2BE846B5167A2ECD1E30C69A81385FCC6EAE6033394D08458A5583D311C4D82
ParentProcessGuid: {19FC45AC-7527-601C-0000-00104B610000}
ParentProcessId: 444
ParentImage: C:\Windows\System32\services.exe
ParentCommandLine: C:\Windows\system32\services.exe",False
Microsoft-Windows-Sysmon_1_Match_02.json,Microsoft-Windows-Sysmon_1_Evasion_Cmdline_03.json,message,"Process Create:
RuleName: 
UtcTime: 2021-02-04 22:29:02.609
ProcessGuid: {19FC45AC-752E-601C-0000-00100DC30000}
ProcessId: 740
Image: C:\Windows\System32\LogonUI.exe
FileVersion: 6.1.7601.17514 (win7sp1_rtm.101119-1850)
Description: Windows Logon User Interface Host
Product: Microsoft® Windows® Operating System
Company: Microsoft Corporation
OriginalFileName: logonui.exe
CommandLine: ""LogonUI.exe"" /flags:0x0
CurrentDirectory: C:\Windows\system32\
User: NT AUTHORITY\SYSTEM
LogonGuid: {19FC45AC-752E-601C-0000-0020E7030000}
LogonId: 0x3e7
TerminalSessionId: 1
IntegrityLevel: System
Hashes: MD5=3EF0D8AB08385AAB5802E773511A2E6A,SHA256=1A7EE4BC646767004372EAEA9BC0A2071790E739101F7D25ECD9C95D3F29AFD6
ParentProcessGuid: {19FC45AC-752D-601C-0000-0010155A0000}
ParentProcessId: 384
ParentImage: C:\Windows\System32\winlogon.exe
ParentCommandLine: winlogon.exe","Process Create:
RuleName: 
UtcTime: 2021-02-04 22:28:08.015
ProcessGuid: {19FC45AC-74F8-601C-0000-0010F2600000}
ProcessId: 444
Image: C:\Windows\System32\services.exe
FileVersion: 6.1.7600.16385 (win7_rtm.090713-1255)
Description: Services and Controller app
Product: Microsoft® Windows® Operating System
Company: Microsoft Corporation
OriginalFileName: services.exe
CommandLine: C:\Windows\system32\services.exe
CurrentDirectory: C:\Windows\system32\
User: NT AUTHORITY\SYSTEM
LogonGuid: {19FC45AC-74F8-601C-0000-0020E7030000}
LogonId: 0x3e7
TerminalSessionId: 0
IntegrityLevel: System
Hashes: MD5=5F1B6A9C35D3D5CA72D6D6FDEF9747D6,SHA256=D7BC4ED605B32274B45328FD9914FB0E7B90D869A38F0E6F94FB1BF4E9E2B407
ParentProcessGuid: {19FC45AC-74F7-601C-0000-00107B570000}
ParentProcessId: 348
ParentImage: C:\Windows\System32\wininit.exe
ParentCommandLine: wininit.exe",False
Microsoft-Windows-Sysmon_1_Match_02.json,Microsoft-Windows-Sysmon_1_Evasion_Cmdline_06.json,message,"Process Create:
RuleName: 
UtcTime: 2021-02-04 22:29:02.609
ProcessGuid: {19FC45AC-752E-601C-0000-00100DC30000}
ProcessId: 740
Image: C:\Windows\System32\LogonUI.exe
FileVersion: 6.1.7601.17514 (win7sp1_rtm.101119-1850)
Description: Windows Logon User Interface Host
Product: Microsoft® Windows® Operating System
Company: Microsoft Corporation
OriginalFileName: logonui.exe
CommandLine: ""LogonUI.exe"" /flags:0x0
CurrentDirectory: C:\Windows\system32\
User: NT AUTHORITY\SYSTEM
LogonGuid: {19FC45AC-752E-601C-0000-0020E7030000}
LogonId: 0x3e7
TerminalSessionId: 1
IntegrityLevel: System
Hashes: MD5=3EF0D8AB08385AAB5802E773511A2E6A,SHA256=1A7EE4BC646767004372EAEA9BC0A2071790E739101F7D25ECD9C95D3F29AFD6
ParentProcessGuid: {19FC45AC-752D-601C-0000-0010155A0000}
ParentProcessId: 384
ParentImage: C:\Windows\System32\winlogon.exe
ParentCommandLine: winlogon.exe","Process Create:
RuleName: 
UtcTime: 2021-02-05 00:02:00.145
ProcessGuid: {19FC45AC-8AF8-601C-0000-001084A21400}
ProcessId: 944
Image: C:\Windows\System32\Macromed\Flash\FlashPlayerUpdateService.exe
FileVersion: 18,0,0,194
Description: Adobe® Flash® Player Update Service 18.0 r0
Product: Adobe® Flash® Player Update Service
Company: Adobe Systems Incorporated
OriginalFileName: ?
CommandLine: C:\Windows\system32\Macromed\Flash\FlashPlayerUpdateService.exe
CurrentDirectory: C:\Windows\system32\
User: NT AUTHORITY\SYSTEM
LogonGuid: {19FC45AC-76E7-601C-0000-0020E7030000}
LogonId: 0x3e7
TerminalSessionId: 0
IntegrityLevel: System
Hashes: MD5=1234A12B71DAE034E45C714AE5A54412,SHA256=079E6BC834F38322ED5ED76295EC3961ED894084EF5CB171DFFBD9B3822CC78D
ParentProcessGuid: {19FC45AC-76E7-601C-0000-001081630000}
ParentProcessId: 440
ParentImage: C:\Windows\System32\services.exe
ParentCommandLine: C:\Windows\system32\services.exe",False
Microsoft-Windows-Sysmon_1_Match_02.json,Microsoft-Windows-Sysmon_1_Evasion_Cmdline_04.json,message,"Process Create:
RuleName: 
UtcTime: 2021-02-04 22:29:02.609
ProcessGuid: {19FC45AC-752E-601C-0000-00100DC30000}
ProcessId: 740
Image: C:\Windows\System32\LogonUI.exe
FileVersion: 6.1.7601.17514 (win7sp1_rtm.101119-1850)
Description: Windows Logon User Interface Host
Product: Microsoft® Windows® Operating System
Company: Microsoft Corporation
OriginalFileName: logonui.exe
CommandLine: ""LogonUI.exe"" /flags:0x0
CurrentDirectory: C:\Windows\system32\
User: NT AUTHORITY\SYSTEM
LogonGuid: {19FC45AC-752E-601C-0000-0020E7030000}
LogonId: 0x3e7
TerminalSessionId: 1
IntegrityLevel: System
Hashes: MD5=3EF0D8AB08385AAB5802E773511A2E6A,SHA256=1A7EE4BC646767004372EAEA9BC0A2071790E739101F7D25ECD9C95D3F29AFD6
ParentProcessGuid: {19FC45AC-752D-601C-0000-0010155A0000}
ParentProcessId: 384
ParentImage: C:\Windows\System32\winlogon.exe
ParentCommandLine: winlogon.exe","Process Create:
RuleName: 
UtcTime: 2021-02-04 22:28:15.390
ProcessGuid: {19FC45AC-74FF-601C-0000-00108E920200}
ProcessId: 2092
Image: C:\Windows\py.exe
FileVersion: 3.5.2
Description: Python
Product: Python
Company: Python Software Foundation
OriginalFileName: py.exe
CommandLine: ""C:\Windows\py.exe"" ""C:\BREACH\create_filing_dir.py"" 
CurrentDirectory: C:\BREACH\
User: CLIENT3\setup
LogonGuid: {19FC45AC-74FE-601C-0000-0020FD380200}
LogonId: 0x238fd
TerminalSessionId: 1
IntegrityLevel: High
Hashes: MD5=CC3AC75DDBFAA6D4CCBB0AFAD7EB759D,SHA256=3D98A354F1329BFEB17216D2391D6E9C04F6873B6E491BCE9734C02C26574B3D
ParentProcessGuid: {19FC45AC-74FE-601C-0000-0010D8530200}
ParentProcessId: 1572
ParentImage: C:\Windows\explorer.exe
ParentCommandLine: C:\Windows\Explorer.EXE",False
Microsoft-Windows-Sysmon_1_Match_02.json,Microsoft-Windows-Sysmon_1_Evasion_Cmdline_01.json,message,"Process Create:
RuleName: 
UtcTime: 2021-02-04 22:29:02.609
ProcessGuid: {19FC45AC-752E-601C-0000-00100DC30000}
ProcessId: 740
Image: C:\Windows\System32\LogonUI.exe
FileVersion: 6.1.7601.17514 (win7sp1_rtm.101119-1850)
Description: Windows Logon User Interface Host
Product: Microsoft® Windows® Operating System
Company: Microsoft Corporation
OriginalFileName: logonui.exe
CommandLine: ""LogonUI.exe"" /flags:0x0
CurrentDirectory: C:\Windows\system32\
User: NT AUTHORITY\SYSTEM
LogonGuid: {19FC45AC-752E-601C-0000-0020E7030000}
LogonId: 0x3e7
TerminalSessionId: 1
IntegrityLevel: System
Hashes: MD5=3EF0D8AB08385AAB5802E773511A2E6A,SHA256=1A7EE4BC646767004372EAEA9BC0A2071790E739101F7D25ECD9C95D3F29AFD6
ParentProcessGuid: {19FC45AC-752D-601C-0000-0010155A0000}
ParentProcessId: 384
ParentImage: C:\Windows\System32\winlogon.exe
ParentCommandLine: winlogon.exe","Process Create:
RuleName: 
UtcTime: 2021-02-04 22:35:08.302
ProcessGuid: {19FC45AC-769C-601C-0000-0010DEEF0200}
ProcessId: 2536
Image: C:\Windows\System32\taskhost.exe
FileVersion: 6.1.7601.17514 (win7sp1_rtm.101119-1850)
Description: Host Process for Windows Tasks
Product: Microsoft® Windows® Operating System
Company: Microsoft Corporation
OriginalFileName: taskhost.exe
CommandLine: taskhost.exe SYSTEM
CurrentDirectory: C:\Windows\system32\
User: NT AUTHORITY\SYSTEM
LogonGuid: {19FC45AC-768F-601C-0000-0020E7030000}
LogonId: 0x3e7
TerminalSessionId: 0
IntegrityLevel: System
Hashes: MD5=7FA8BA5A780E4757964AC9D4238302B9,SHA256=65E3D8CE737896647065103FBB4D58E6A34171D0A48662A832CFDAC3CF469701
ParentProcessGuid: {19FC45AC-768F-601C-0000-0010EE630000}
ParentProcessId: 440
ParentImage: C:\Windows\System32\services.exe
ParentCommandLine: C:\Windows\system32\services.exe",False
Microsoft-Windows-Sysmon_1_Match_02.json,Microsoft-Windows-Sysmon_1_Evasion_Cmdline_07.json,message,"Process Create:
RuleName: 
UtcTime: 2021-02-04 22:29:02.609
ProcessGuid: {19FC45AC-752E-601C-0000-00100DC30000}
ProcessId: 740
Image: C:\Windows\System32\LogonUI.exe
FileVersion: 6.1.7601.17514 (win7sp1_rtm.101119-1850)
Description: Windows Logon User Interface Host
Product: Microsoft® Windows® Operating System
Company: Microsoft Corporation
OriginalFileName: logonui.exe
CommandLine: ""LogonUI.exe"" /flags:0x0
CurrentDirectory: C:\Windows\system32\
User: NT AUTHORITY\SYSTEM
LogonGuid: {19FC45AC-752E-601C-0000-0020E7030000}
LogonId: 0x3e7
TerminalSessionId: 1
IntegrityLevel: System
Hashes: MD5=3EF0D8AB08385AAB5802E773511A2E6A,SHA256=1A7EE4BC646767004372EAEA9BC0A2071790E739101F7D25ECD9C95D3F29AFD6
ParentProcessGuid: {19FC45AC-752D-601C-0000-0010155A0000}
ParentProcessId: 384
ParentImage: C:\Windows\System32\winlogon.exe
ParentCommandLine: winlogon.exe","Process Create:
RuleName: 
UtcTime: 2021-02-04 22:29:08.811
ProcessGuid: {19FC45AC-7534-601C-0000-001004B80200}
ProcessId: 2340
Image: C:\Program Files\Python35-32\python.exe
FileVersion: 3.5.2
Description: Python
Product: Python
Company: Python Software Foundation
OriginalFileName: python.exe
CommandLine: ""C:\Program Files\Python35-32\python.exe"" ""C:\BREACH\init_tbf_client.py"" 
CurrentDirectory: C:\BREACH\
User: BREACH\client1
LogonGuid: {19FC45AC-7533-601C-0000-0020ED4A0200}
LogonId: 0x24aed
TerminalSessionId: 1
IntegrityLevel: Medium
Hashes: MD5=EDC79826E21859E93A875DFC087606C5,SHA256=D61DDEA87B2483612CAEB0F3514AEE3E60237D5F3880F49512C834539462742E
ParentProcessGuid: {19FC45AC-7534-601C-0000-0010B6B20200}
ParentProcessId: 2272
ParentImage: C:\Windows\py.exe
ParentCommandLine: ""C:\Windows\py.exe"" ""C:\BREACH\init_tbf_client.py"" ",False
Microsoft-Windows-Sysmon_1_Match_02.json,Microsoft-Windows-Sysmon_1_Evasion_Cmdline_05.json,message,"Process Create:
RuleName: 
UtcTime: 2021-02-04 22:29:02.609
ProcessGuid: {19FC45AC-752E-601C-0000-00100DC30000}
ProcessId: 740
Image: C:\Windows\System32\LogonUI.exe
FileVersion: 6.1.7601.17514 (win7sp1_rtm.101119-1850)
Description: Windows Logon User Interface Host
Product: Microsoft® Windows® Operating System
Company: Microsoft Corporation
OriginalFileName: logonui.exe
CommandLine: ""LogonUI.exe"" /flags:0x0
CurrentDirectory: C:\Windows\system32\
User: NT AUTHORITY\SYSTEM
LogonGuid: {19FC45AC-752E-601C-0000-0020E7030000}
LogonId: 0x3e7
TerminalSessionId: 1
IntegrityLevel: System
Hashes: MD5=3EF0D8AB08385AAB5802E773511A2E6A,SHA256=1A7EE4BC646767004372EAEA9BC0A2071790E739101F7D25ECD9C95D3F29AFD6
ParentProcessGuid: {19FC45AC-752D-601C-0000-0010155A0000}
ParentProcessId: 384
ParentImage: C:\Windows\System32\winlogon.exe
ParentCommandLine: winlogon.exe","Process Create:
RuleName: 
UtcTime: 2021-02-05 10:08:02.665
ProcessGuid: {19FC45AC-1902-601D-0000-0010B4CE6700}
ProcessId: 2512
Image: C:\Windows\System32\taskhost.exe
FileVersion: 6.1.7601.17514 (win7sp1_rtm.101119-1850)
Description: Host Process for Windows Tasks
Product: Microsoft® Windows® Operating System
Company: Microsoft Corporation
OriginalFileName: taskhost.exe
CommandLine: taskhost.exe $(Arg0)
CurrentDirectory: C:\Windows\system32\
User: NT AUTHORITY\LOCAL SERVICE
LogonGuid: {19FC45AC-7690-601C-0000-0020E5030000}
LogonId: 0x3e5
TerminalSessionId: 0
IntegrityLevel: System
Hashes: MD5=7FA8BA5A780E4757964AC9D4238302B9,SHA256=65E3D8CE737896647065103FBB4D58E6A34171D0A48662A832CFDAC3CF469701
ParentProcessGuid: {19FC45AC-768F-601C-0000-0010EE630000}
ParentProcessId: 440
ParentImage: C:\Windows\System32\services.exe
ParentCommandLine: C:\Windows\system32\services.exe",False
Microsoft-Windows-Sysmon_1_Match_02.json,Microsoft-Windows-Sysmon_1_Evasion_Cmdline_02.json,message,"Process Create:
RuleName: 
UtcTime: 2021-02-05 08:02:00.163
ProcessGuid: {19FC45AC-FB78-601C-0000-0010118A5900}
ProcessId: 608
Image: C:\Windows\System32\Macromed\Flash\FlashPlayerUpdateService.exe
FileVersion: 18,0,0,194
Description: Adobe® Flash® Player Update Service 18.0 r0
Product: Adobe® Flash® Player Update Service
Company: Adobe Systems Incorporated
OriginalFileName: ?
CommandLine: C:\Windows\system32\Macromed\Flash\FlashPlayerUpdateService.exe
CurrentDirectory: C:\Windows\system32\
User: NT AUTHORITY\SYSTEM
LogonGuid: {19FC45AC-76E7-601C-0000-0020E7030000}
LogonId: 0x3e7
TerminalSessionId: 0
IntegrityLevel: System
Hashes: MD5=1234A12B71DAE034E45C714AE5A54412,SHA256=079E6BC834F38322ED5ED76295EC3961ED894084EF5CB171DFFBD9B3822CC78D
ParentProcessGuid: {19FC45AC-76E7-601C-0000-001081630000}
ParentProcessId: 440
ParentImage: C:\Windows\System32\services.exe
ParentCommandLine: C:\Windows\system32\services.exe","Process Create:
RuleName: 
UtcTime: 2021-02-04 22:29:20.877
ProcessGuid: {19FC45AC-7540-601C-0000-00101D600200}
ProcessId: 908
Image: C:\Windows\System32\taskhost.exe
FileVersion: 6.1.7601.17514 (win7sp1_rtm.101119-1850)
Description: Host Process for Windows Tasks
Product: Microsoft® Windows® Operating System
Company: Microsoft Corporation
OriginalFileName: taskhost.exe
CommandLine: ""taskhost.exe""
CurrentDirectory: C:\Windows\system32\
User: BREACH\client2
LogonGuid: {19FC45AC-7540-601C-0000-00208F5B0200}
LogonId: 0x25b8f
TerminalSessionId: 1
IntegrityLevel: Medium
Hashes: MD5=7FA8BA5A780E4757964AC9D4238302B9,SHA256=65E3D8CE737896647065103FBB4D58E6A34171D0A48662A832CFDAC3CF469701
ParentProcessGuid: {19FC45AC-752D-601C-0000-001032610000}
ParentProcessId: 444
ParentImage: C:\Windows\System32\services.exe
ParentCommandLine: C:\Windows\system32\services.exe",False
Microsoft-Windows-Sysmon_1_Match_02.json,Microsoft-Windows-Sysmon_1_Evasion_Cmdline_03.json,message,"Process Create:
RuleName: 
UtcTime: 2021-02-05 08:02:00.163
ProcessGuid: {19FC45AC-FB78-601C-0000-0010118A5900}
ProcessId: 608
Image: C:\Windows\System32\Macromed\Flash\FlashPlayerUpdateService.exe
FileVersion: 18,0,0,194
Description: Adobe® Flash® Player Update Service 18.0 r0
Product: Adobe® Flash® Player Update Service
Company: Adobe Systems Incorporated
OriginalFileName: ?
CommandLine: C:\Windows\system32\Macromed\Flash\FlashPlayerUpdateService.exe
CurrentDirectory: C:\Windows\system32\
User: NT AUTHORITY\SYSTEM
LogonGuid: {19FC45AC-76E7-601C-0000-0020E7030000}
LogonId: 0x3e7
TerminalSessionId: 0
IntegrityLevel: System
Hashes: MD5=1234A12B71DAE034E45C714AE5A54412,SHA256=079E6BC834F38322ED5ED76295EC3961ED894084EF5CB171DFFBD9B3822CC78D
ParentProcessGuid: {19FC45AC-76E7-601C-0000-001081630000}
ParentProcessId: 440
ParentImage: C:\Windows\System32\services.exe
ParentCommandLine: C:\Windows\system32\services.exe","Process Create:
RuleName: 
UtcTime: 2021-02-04 22:28:07.531
ProcessGuid: {19FC45AC-74F7-601C-0000-0010137C0000}
ProcessId: 572
Image: C:\Windows\System32\svchost.exe
FileVersion: 6.1.7600.16385 (win7_rtm.090713-1255)
Description: Host Process for Windows Services
Product: Microsoft® Windows® Operating System
Company: Microsoft Corporation
OriginalFileName: svchost.exe
CommandLine: C:\Windows\system32\svchost.exe -k DcomLaunch
CurrentDirectory: C:\Windows\system32\
User: NT AUTHORITY\SYSTEM
LogonGuid: {19FC45AC-74F7-601C-0000-0020E7030000}
LogonId: 0x3e7
TerminalSessionId: 0
IntegrityLevel: System
Hashes: MD5=54A47F6B5E09A77E61649109C6A08866,SHA256=121118A0F5E0E8C933EFD28C9901E54E42792619A8A3A6D11E1F0025A7324BC2
ParentProcessGuid: {19FC45AC-74F7-601C-0000-0010FE630000}
ParentProcessId: 444
ParentImage: C:\Windows\System32\services.exe
ParentCommandLine: C:\Windows\system32\services.exe",False
Microsoft-Windows-Sysmon_1_Match_02.json,Microsoft-Windows-Sysmon_1_Evasion_Cmdline_04.json,message,"Process Create:
RuleName: 
UtcTime: 2021-02-05 08:02:00.163
ProcessGuid: {19FC45AC-FB78-601C-0000-0010118A5900}
ProcessId: 608
Image: C:\Windows\System32\Macromed\Flash\FlashPlayerUpdateService.exe
FileVersion: 18,0,0,194
Description: Adobe® Flash® Player Update Service 18.0 r0
Product: Adobe® Flash® Player Update Service
Company: Adobe Systems Incorporated
OriginalFileName: ?
CommandLine: C:\Windows\system32\Macromed\Flash\FlashPlayerUpdateService.exe
CurrentDirectory: C:\Windows\system32\
User: NT AUTHORITY\SYSTEM
LogonGuid: {19FC45AC-76E7-601C-0000-0020E7030000}
LogonId: 0x3e7
TerminalSessionId: 0
IntegrityLevel: System
Hashes: MD5=1234A12B71DAE034E45C714AE5A54412,SHA256=079E6BC834F38322ED5ED76295EC3961ED894084EF5CB171DFFBD9B3822CC78D
ParentProcessGuid: {19FC45AC-76E7-601C-0000-001081630000}
ParentProcessId: 440
ParentImage: C:\Windows\System32\services.exe
ParentCommandLine: C:\Windows\system32\services.exe","Process Create:
RuleName: 
UtcTime: 2021-02-04 22:28:11.046
ProcessGuid: {19FC45AC-74FB-601C-0000-0010E4540100}
ProcessId: 1688
Image: C:\Windows\System32\wbem\unsecapp.exe
FileVersion: 10.0.14409.1005 (rs1_srvoob.161208-1155)
Description: Sink to receive asynchronous callbacks for WMI client application
Product: Microsoft® Windows® Operating System
Company: Microsoft Corporation
OriginalFileName: unsecapp.dll
CommandLine: C:\Windows\system32\wbem\unsecapp.exe -Embedding
CurrentDirectory: C:\Windows\system32\
User: NT AUTHORITY\SYSTEM
LogonGuid: {19FC45AC-74F8-601C-0000-0020E7030000}
LogonId: 0x3e7
TerminalSessionId: 0
IntegrityLevel: System
Hashes: MD5=91FED64CC1898029441C31A98B1B8FE4,SHA256=608D4EBBA90FD2ED66BBDF392898DF10A302F884E8ECB8D6F5BC8FAB99ACCB4E
ParentProcessGuid: {19FC45AC-74F8-601C-0000-001061790000}
ParentProcessId: 552
ParentImage: C:\Windows\System32\svchost.exe
ParentCommandLine: C:\Windows\system32\svchost.exe -k DcomLaunch",False
Microsoft-Windows-Sysmon_1_Match_02.json,Microsoft-Windows-Sysmon_1_Evasion_Cmdline_01.json,message,"Process Create:
RuleName: 
UtcTime: 2021-02-05 08:02:00.163
ProcessGuid: {19FC45AC-FB78-601C-0000-0010118A5900}
ProcessId: 608
Image: C:\Windows\System32\Macromed\Flash\FlashPlayerUpdateService.exe
FileVersion: 18,0,0,194
Description: Adobe® Flash® Player Update Service 18.0 r0
Product: Adobe® Flash® Player Update Service
Company: Adobe Systems Incorporated
OriginalFileName: ?
CommandLine: C:\Windows\system32\Macromed\Flash\FlashPlayerUpdateService.exe
CurrentDirectory: C:\Windows\system32\
User: NT AUTHORITY\SYSTEM
LogonGuid: {19FC45AC-76E7-601C-0000-0020E7030000}
LogonId: 0x3e7
TerminalSessionId: 0
IntegrityLevel: System
Hashes: MD5=1234A12B71DAE034E45C714AE5A54412,SHA256=079E6BC834F38322ED5ED76295EC3961ED894084EF5CB171DFFBD9B3822CC78D
ParentProcessGuid: {19FC45AC-76E7-601C-0000-001081630000}
ParentProcessId: 440
ParentImage: C:\Windows\System32\services.exe
ParentCommandLine: C:\Windows\system32\services.exe","Process Create:
RuleName: 
UtcTime: 2021-02-04 22:30:20.080
ProcessGuid: {19FC45AC-757C-601C-0000-00108A6C0300}
ProcessId: 2844
Image: C:\Program Files\Mozilla Firefox\firefox.exe
FileVersion: 38.0.5
Description: Firefox
Product: Firefox
Company: Mozilla Corporation
OriginalFileName: firefox.exe
CommandLine: ""C:\Program Files\Mozilla Firefox\firefox.exe"" -foreground
CurrentDirectory: C:\BREACH\
User: BREACH\client2
LogonGuid: {19FC45AC-7540-601C-0000-00208F5B0200}
LogonId: 0x25b8f
TerminalSessionId: 1
IntegrityLevel: Medium
Hashes: MD5=923FE895B22B22A9CA03C72F3D15CE20,SHA256=98B7F5B40C557775CD645CA69B788FE4A3DEAE25CDB6E5DD4FB94DB1BDC10969
ParentProcessGuid: {19FC45AC-7542-601C-0000-00100CD80200}
ParentProcessId: 2432
ParentImage: C:\Program Files\Python35-32\python.exe
ParentCommandLine: python C:\BREACH\userbehavior.pex --use-breach-setup",False
Microsoft-Windows-Sysmon_1_Match_02.json,Microsoft-Windows-Sysmon_1_Evasion_Cmdline_02.json,message,"Process Create:
RuleName: 
UtcTime: 2021-02-04 22:35:50.793
ProcessGuid: {19FC45AC-76C6-601C-0000-0010A01E0500}
ProcessId: 1864
Image: C:\Windows\System32\LogonUI.exe
FileVersion: 6.1.7601.17514 (win7sp1_rtm.101119-1850)
Description: Windows Logon User Interface Host
Product: Microsoft® Windows® Operating System
Company: Microsoft Corporation
OriginalFileName: logonui.exe
CommandLine: ""LogonUI.exe"" /flags:0x1
CurrentDirectory: C:\Windows\system32\
User: NT AUTHORITY\SYSTEM
LogonGuid: {19FC45AC-752E-601C-0000-0020E7030000}
LogonId: 0x3e7
TerminalSessionId: 0
IntegrityLevel: System
Hashes: MD5=3EF0D8AB08385AAB5802E773511A2E6A,SHA256=1A7EE4BC646767004372EAEA9BC0A2071790E739101F7D25ECD9C95D3F29AFD6
ParentProcessGuid: {19FC45AC-752D-601C-0000-001008590000}
ParentProcessId: 348
ParentImage: C:\Windows\System32\wininit.exe
ParentCommandLine: wininit.exe","Process Create:
RuleName: 
UtcTime: 2021-02-05 04:10:04.247
ProcessGuid: {19FC45AC-C51C-601C-0000-0010EA7B4100}
ProcessId: 4056
Image: C:\Windows\System32\taskhost.exe
FileVersion: 6.1.7601.17514 (win7sp1_rtm.101119-1850)
Description: Host Process for Windows Tasks
Product: Microsoft® Windows® Operating System
Company: Microsoft Corporation
OriginalFileName: taskhost.exe
CommandLine: taskhost.exe $(Arg0)
CurrentDirectory: C:\Windows\system32\
User: NT AUTHORITY\LOCAL SERVICE
LogonGuid: {19FC45AC-76D8-601C-0000-0020E5030000}
LogonId: 0x3e5
TerminalSessionId: 0
IntegrityLevel: System
Hashes: MD5=7FA8BA5A780E4757964AC9D4238302B9,SHA256=65E3D8CE737896647065103FBB4D58E6A34171D0A48662A832CFDAC3CF469701
ParentProcessGuid: {19FC45AC-76D8-601C-0000-0010F1630000}
ParentProcessId: 444
ParentImage: C:\Windows\System32\services.exe
ParentCommandLine: C:\Windows\system32\services.exe",False
Microsoft-Windows-Sysmon_1_Match_02.json,Microsoft-Windows-Sysmon_1_Evasion_Cmdline_03.json,message,"Process Create:
RuleName: 
UtcTime: 2021-02-04 22:35:50.793
ProcessGuid: {19FC45AC-76C6-601C-0000-0010A01E0500}
ProcessId: 1864
Image: C:\Windows\System32\LogonUI.exe
FileVersion: 6.1.7601.17514 (win7sp1_rtm.101119-1850)
Description: Windows Logon User Interface Host
Product: Microsoft® Windows® Operating System
Company: Microsoft Corporation
OriginalFileName: logonui.exe
CommandLine: ""LogonUI.exe"" /flags:0x1
CurrentDirectory: C:\Windows\system32\
User: NT AUTHORITY\SYSTEM
LogonGuid: {19FC45AC-752E-601C-0000-0020E7030000}
LogonId: 0x3e7
TerminalSessionId: 0
IntegrityLevel: System
Hashes: MD5=3EF0D8AB08385AAB5802E773511A2E6A,SHA256=1A7EE4BC646767004372EAEA9BC0A2071790E739101F7D25ECD9C95D3F29AFD6
ParentProcessGuid: {19FC45AC-752D-601C-0000-001008590000}
ParentProcessId: 348
ParentImage: C:\Windows\System32\wininit.exe
ParentCommandLine: wininit.exe","Process Create:
RuleName: 
UtcTime: 2021-02-04 20:16:09.073
ProcessGuid: {19FC45AC-5609-601C-0000-0010A74F0D00}
ProcessId: 3688
Image: C:\Program Files\Windows NT\Accessories\wordpad.exe
FileVersion: 6.1.7601.17514 (win7sp1_rtm.101119-1850)
Description: Windows Wordpad Application
Product: Microsoft® Windows® Operating System
Company: Microsoft Corporation
OriginalFileName: WORDPAD.EXE
CommandLine: ""C:\Program Files\Windows NT\Accessories\WORDPAD.EXE"" ""C:\Program Files\Winlogbeat\winlogbeat.yml""
CurrentDirectory: C:\Windows\system32\
User: client\breach
LogonGuid: {19FC45AC-53AD-601C-0000-002012560200}
LogonId: 0x25612
TerminalSessionId: 1
IntegrityLevel: High
Hashes: MD5=B3DD214F23037E3D3C27D6C9447B40B5,SHA256=86374883CD75B4C29C3FBA50C8580843D06753D09F3A959F26EC8E13E69835A1
ParentProcessGuid: {19FC45AC-53AF-601C-0000-0010E7660300}
ParentProcessId: 1876
ParentImage: C:\Windows\explorer.exe
ParentCommandLine: C:\Windows\Explorer.EXE",False
Microsoft-Windows-Sysmon_1_Match_02.json,Microsoft-Windows-Sysmon_1_Evasion_Cmdline_01.json,message,"Process Create:
RuleName: 
UtcTime: 2021-02-04 22:35:50.793
ProcessGuid: {19FC45AC-76C6-601C-0000-0010A01E0500}
ProcessId: 1864
Image: C:\Windows\System32\LogonUI.exe
FileVersion: 6.1.7601.17514 (win7sp1_rtm.101119-1850)
Description: Windows Logon User Interface Host
Product: Microsoft® Windows® Operating System
Company: Microsoft Corporation
OriginalFileName: logonui.exe
CommandLine: ""LogonUI.exe"" /flags:0x1
CurrentDirectory: C:\Windows\system32\
User: NT AUTHORITY\SYSTEM
LogonGuid: {19FC45AC-752E-601C-0000-0020E7030000}
LogonId: 0x3e7
TerminalSessionId: 0
IntegrityLevel: System
Hashes: MD5=3EF0D8AB08385AAB5802E773511A2E6A,SHA256=1A7EE4BC646767004372EAEA9BC0A2071790E739101F7D25ECD9C95D3F29AFD6
ParentProcessGuid: {19FC45AC-752D-601C-0000-001008590000}
ParentProcessId: 348
ParentImage: C:\Windows\System32\wininit.exe
ParentCommandLine: wininit.exe","Process Create:
RuleName: 
UtcTime: 2021-02-04 22:28:08.828
ProcessGuid: {19FC45AC-74F8-601C-0000-00100C0D0100}
ProcessId: 1208
Image: C:\Windows\System32\spoolsv.exe
FileVersion: 6.1.7601.17514 (win7sp1_rtm.101119-1850)
Description: Spooler SubSystem App
Product: Microsoft® Windows® Operating System
Company: Microsoft Corporation
OriginalFileName: spoolsv.exe
CommandLine: C:\Windows\System32\spoolsv.exe
CurrentDirectory: C:\Windows\system32\
User: NT AUTHORITY\SYSTEM
LogonGuid: {19FC45AC-74F7-601C-0000-0020E7030000}
LogonId: 0x3e7
TerminalSessionId: 0
IntegrityLevel: System
Hashes: MD5=866A43013535DC8587C258E43579C764,SHA256=B2BE846B5167A2ECD1E30C69A81385FCC6EAE6033394D08458A5583D311C4D82
ParentProcessGuid: {19FC45AC-74F7-601C-0000-0010FE630000}
ParentProcessId: 444
ParentImage: C:\Windows\System32\services.exe
ParentCommandLine: C:\Windows\system32\services.exe",False
Microsoft-Windows-Sysmon_1_Match_02.json,Microsoft-Windows-Sysmon_1_Evasion_Cmdline_02.json,message,"Process Create:
RuleName: 
UtcTime: 2021-02-04 22:28:08.796
ProcessGuid: {19FC45AC-74F8-601C-0000-001012580000}
ProcessId: 356
Image: C:\Windows\System32\csrss.exe
FileVersion: 6.1.7600.16385 (win7_rtm.090713-1255)
Description: Client Server Runtime Process
Product: Microsoft® Windows® Operating System
Company: Microsoft Corporation
OriginalFileName: CSRSS.Exe
CommandLine: %%SystemRoot%%\system32\csrss.exe ObjectDirectory=\Windows SharedSection=1024,12288,512 Windows=On SubSystemType=Windows ServerDll=basesrv,1 ServerDll=winsrv:UserServerDllInitialization,3 ServerDll=winsrv:ConServerDllInitialization,2 ServerDll=sxssrv,4 ProfileControl=Off MaxRequestThreads=16
CurrentDirectory: C:\Windows\system32
User: NT AUTHORITY\SYSTEM
LogonGuid: {19FC45AC-74F9-601C-0000-0020E7030000}
LogonId: 0x3e7
TerminalSessionId: 1
IntegrityLevel: System
Hashes: MD5=342271F6142E7C70805B8A81E1BA5F5C,SHA256=F9112B88FEC5EF10A7AEDF88DCEE61956D1FCDE7CB42197216E8265578713786
ParentProcessGuid: {19FC45AC-74F8-601C-0000-0010BD570000}
ParentProcessId: 340
ParentImage: C:\Windows\System32\smss.exe
ParentCommandLine: \SystemRoot\System32\smss.exe 00000001 0000003c ","Process Create:
RuleName: 
UtcTime: 2021-02-05 04:10:04.247
ProcessGuid: {19FC45AC-C51C-601C-0000-0010EA7B4100}
ProcessId: 4056
Image: C:\Windows\System32\taskhost.exe
FileVersion: 6.1.7601.17514 (win7sp1_rtm.101119-1850)
Description: Host Process for Windows Tasks
Product: Microsoft® Windows® Operating System
Company: Microsoft Corporation
OriginalFileName: taskhost.exe
CommandLine: taskhost.exe $(Arg0)
CurrentDirectory: C:\Windows\system32\
User: NT AUTHORITY\LOCAL SERVICE
LogonGuid: {19FC45AC-76D8-601C-0000-0020E5030000}
LogonId: 0x3e5
TerminalSessionId: 0
IntegrityLevel: System
Hashes: MD5=7FA8BA5A780E4757964AC9D4238302B9,SHA256=65E3D8CE737896647065103FBB4D58E6A34171D0A48662A832CFDAC3CF469701
ParentProcessGuid: {19FC45AC-76D8-601C-0000-0010F1630000}
ParentProcessId: 444
ParentImage: C:\Windows\System32\services.exe
ParentCommandLine: C:\Windows\system32\services.exe",False
Microsoft-Windows-Sysmon_1_Match_02.json,Microsoft-Windows-Sysmon_1_Evasion_Cmdline_03.json,message,"Process Create:
RuleName: 
UtcTime: 2021-02-04 22:28:08.796
ProcessGuid: {19FC45AC-74F8-601C-0000-001012580000}
ProcessId: 356
Image: C:\Windows\System32\csrss.exe
FileVersion: 6.1.7600.16385 (win7_rtm.090713-1255)
Description: Client Server Runtime Process
Product: Microsoft® Windows® Operating System
Company: Microsoft Corporation
OriginalFileName: CSRSS.Exe
CommandLine: %%SystemRoot%%\system32\csrss.exe ObjectDirectory=\Windows SharedSection=1024,12288,512 Windows=On SubSystemType=Windows ServerDll=basesrv,1 ServerDll=winsrv:UserServerDllInitialization,3 ServerDll=winsrv:ConServerDllInitialization,2 ServerDll=sxssrv,4 ProfileControl=Off MaxRequestThreads=16
CurrentDirectory: C:\Windows\system32
User: NT AUTHORITY\SYSTEM
LogonGuid: {19FC45AC-74F9-601C-0000-0020E7030000}
LogonId: 0x3e7
TerminalSessionId: 1
IntegrityLevel: System
Hashes: MD5=342271F6142E7C70805B8A81E1BA5F5C,SHA256=F9112B88FEC5EF10A7AEDF88DCEE61956D1FCDE7CB42197216E8265578713786
ParentProcessGuid: {19FC45AC-74F8-601C-0000-0010BD570000}
ParentProcessId: 340
ParentImage: C:\Windows\System32\smss.exe
ParentCommandLine: \SystemRoot\System32\smss.exe 00000001 0000003c ","Process Create:
RuleName: 
UtcTime: 2021-02-04 22:28:14.687
ProcessGuid: {19FC45AC-74FE-601C-0000-0010D8530200}
ProcessId: 1572
Image: C:\Windows\explorer.exe
FileVersion: 6.1.7601.17514 (win7sp1_rtm.101119-1850)
Description: Windows Explorer
Product: Microsoft® Windows® Operating System
Company: Microsoft Corporation
OriginalFileName: EXPLORER.EXE
CommandLine: C:\Windows\Explorer.EXE
CurrentDirectory: C:\Windows\system32\
User: CLIENT3\setup
LogonGuid: {19FC45AC-74FE-601C-0000-0020FD380200}
LogonId: 0x238fd
TerminalSessionId: 1
IntegrityLevel: High
Hashes: MD5=40D777B7A95E00593EB1568C68514493,SHA256=0A8CE026714E03E72C619307BD598ADD5F9B639CFD91437CB8D9C847BF9F6894
ParentProcessGuid: {19FC45AC-74FE-601C-0000-00106B4B0200}
ParentProcessId: 1128
ParentImage: C:\Windows\System32\userinit.exe
ParentCommandLine: C:\Windows\system32\userinit.exe",False
Microsoft-Windows-Sysmon_1_Match_02.json,Microsoft-Windows-Sysmon_1_Evasion_Cmdline_01.json,message,"Process Create:
RuleName: 
UtcTime: 2021-02-04 22:28:08.796
ProcessGuid: {19FC45AC-74F8-601C-0000-001012580000}
ProcessId: 356
Image: C:\Windows\System32\csrss.exe
FileVersion: 6.1.7600.16385 (win7_rtm.090713-1255)
Description: Client Server Runtime Process
Product: Microsoft® Windows® Operating System
Company: Microsoft Corporation
OriginalFileName: CSRSS.Exe
CommandLine: %%SystemRoot%%\system32\csrss.exe ObjectDirectory=\Windows SharedSection=1024,12288,512 Windows=On SubSystemType=Windows ServerDll=basesrv,1 ServerDll=winsrv:UserServerDllInitialization,3 ServerDll=winsrv:ConServerDllInitialization,2 ServerDll=sxssrv,4 ProfileControl=Off MaxRequestThreads=16
CurrentDirectory: C:\Windows\system32
User: NT AUTHORITY\SYSTEM
LogonGuid: {19FC45AC-74F9-601C-0000-0020E7030000}
LogonId: 0x3e7
TerminalSessionId: 1
IntegrityLevel: System
Hashes: MD5=342271F6142E7C70805B8A81E1BA5F5C,SHA256=F9112B88FEC5EF10A7AEDF88DCEE61956D1FCDE7CB42197216E8265578713786
ParentProcessGuid: {19FC45AC-74F8-601C-0000-0010BD570000}
ParentProcessId: 340
ParentImage: C:\Windows\System32\smss.exe
ParentCommandLine: \SystemRoot\System32\smss.exe 00000001 0000003c ","Process Create:
RuleName: 
UtcTime: 2021-02-04 22:36:08.296
ProcessGuid: {19FC45AC-76D8-601C-0000-00105A650000}
ProcessId: 460
Image: C:\Windows\System32\lsm.exe
FileVersion: 6.1.7601.17514 (win7sp1_rtm.101119-1850)
Description: Local Session Manager Service
Product: Microsoft® Windows® Operating System
Company: Microsoft Corporation
OriginalFileName: lsm.exe
CommandLine: C:\Windows\system32\lsm.exe
CurrentDirectory: C:\Windows\system32\
User: NT AUTHORITY\SYSTEM
LogonGuid: {19FC45AC-76D8-601C-0000-0020E7030000}
LogonId: 0x3e7
TerminalSessionId: 0
IntegrityLevel: System
Hashes: MD5=8AEA9A37C1A3565A204D37C5E72AB791,SHA256=939903F93FF37525A6C4B5CBA29CDEEE6D6055C42D605E80AE787F2A76F9870E
ParentProcessGuid: {19FC45AC-76D8-601C-0000-001034590000}
ParentProcessId: 348
ParentImage: C:\Windows\System32\wininit.exe
ParentCommandLine: wininit.exe",False
Microsoft-Windows-Sysmon_1_Match_02.json,Microsoft-Windows-Sysmon_1_Evasion_Cmdline_02.json,message,"Process Create:
RuleName: 
UtcTime: 2021-02-04 22:28:09.078
ProcessGuid: {19FC45AC-74F9-601C-0000-001030640000}
ProcessId: 460
Image: C:\Windows\System32\lsm.exe
FileVersion: 6.1.7601.17514 (win7sp1_rtm.101119-1850)
Description: Local Session Manager Service
Product: Microsoft® Windows® Operating System
Company: Microsoft Corporation
OriginalFileName: lsm.exe
CommandLine: C:\Windows\system32\lsm.exe
CurrentDirectory: C:\Windows\system32\
User: NT AUTHORITY\SYSTEM
LogonGuid: {19FC45AC-74F9-601C-0000-0020E7030000}
LogonId: 0x3e7
TerminalSessionId: 0
IntegrityLevel: System
Hashes: MD5=8AEA9A37C1A3565A204D37C5E72AB791,SHA256=939903F93FF37525A6C4B5CBA29CDEEE6D6055C42D605E80AE787F2A76F9870E
ParentProcessGuid: {19FC45AC-74F8-601C-0000-0010D4570000}
ParentProcessId: 348
ParentImage: C:\Windows\System32\wininit.exe
ParentCommandLine: wininit.exe","Process Create:
RuleName: 
UtcTime: 2021-02-04 22:36:31.293
ProcessGuid: {19FC45AC-76EF-601C-0000-001062DD0100}
ProcessId: 1504
Image: C:\Program Files\Mozilla Firefox\firefox.exe
FileVersion: 38.0.5
Description: Firefox
Product: Firefox
Company: Mozilla Corporation
OriginalFileName: firefox.exe
CommandLine: ""C:\Program Files\Mozilla Firefox\firefox.exe"" -foreground
CurrentDirectory: C:\BREACH\
User: BREACH\client3
LogonGuid: {19FC45AC-76E9-601C-0000-00202BF80000}
LogonId: 0xf82b
TerminalSessionId: 1
IntegrityLevel: Medium
Hashes: MD5=923FE895B22B22A9CA03C72F3D15CE20,SHA256=98B7F5B40C557775CD645CA69B788FE4A3DEAE25CDB6E5DD4FB94DB1BDC10969
ParentProcessGuid: {19FC45AC-76ED-601C-0000-00106C960100}
ParentProcessId: 1960
ParentImage: C:\Program Files\Python35-32\python.exe
ParentCommandLine: python C:\BREACH\userbehavior.pex --use-breach-setup",False
Microsoft-Windows-Sysmon_1_Match_02.json,Microsoft-Windows-Sysmon_1_Evasion_Cmdline_03.json,message,"Process Create:
RuleName: 
UtcTime: 2021-02-04 22:28:09.078
ProcessGuid: {19FC45AC-74F9-601C-0000-001030640000}
ProcessId: 460
Image: C:\Windows\System32\lsm.exe
FileVersion: 6.1.7601.17514 (win7sp1_rtm.101119-1850)
Description: Local Session Manager Service
Product: Microsoft® Windows® Operating System
Company: Microsoft Corporation
OriginalFileName: lsm.exe
CommandLine: C:\Windows\system32\lsm.exe
CurrentDirectory: C:\Windows\system32\
User: NT AUTHORITY\SYSTEM
LogonGuid: {19FC45AC-74F9-601C-0000-0020E7030000}
LogonId: 0x3e7
TerminalSessionId: 0
IntegrityLevel: System
Hashes: MD5=8AEA9A37C1A3565A204D37C5E72AB791,SHA256=939903F93FF37525A6C4B5CBA29CDEEE6D6055C42D605E80AE787F2A76F9870E
ParentProcessGuid: {19FC45AC-74F8-601C-0000-0010D4570000}
ParentProcessId: 348
ParentImage: C:\Windows\System32\wininit.exe
ParentCommandLine: wininit.exe","Process Create:
RuleName: 
UtcTime: 2021-02-04 22:27:21.109
ProcessGuid: {19FC45AC-74C9-601C-0000-00106A8A0100}
ProcessId: 1792
Image: C:\Program Files\Adobe\Reader 9.0\Reader\reader_sl.exe
FileVersion: 9.1.0.2009022700
Description: Adobe Acrobat SpeedLauncher
Product: Adobe Acrobat
Company: Adobe Systems Incorporated
OriginalFileName: AcroSpeedLaunch.exe
CommandLine: ""C:\Program Files\Adobe\Reader 9.0\Reader\reader_sl.exe"" 
CurrentDirectory: C:\Windows\system32\
User: client\setup
LogonGuid: {19FC45AC-74C5-601C-0000-002089FB0000}
LogonId: 0xfb89
TerminalSessionId: 1
IntegrityLevel: High
Hashes: MD5=452FA961163EF4AEE4815796A13AB2CF,SHA256=14DC422082F96F5C21C41A5E5F6E8445547CC4B02B18F0A86A34669CA2CE18A7
ParentProcessGuid: {19FC45AC-74C6-601C-0000-0010E21C0100}
ParentProcessId: 1304
ParentImage: C:\Windows\explorer.exe
ParentCommandLine: C:\Windows\Explorer.EXE",False
Microsoft-Windows-Sysmon_1_Match_02.json,Microsoft-Windows-Sysmon_1_Evasion_Cmdline_01.json,message,"Process Create:
RuleName: 
UtcTime: 2021-02-04 22:28:09.078
ProcessGuid: {19FC45AC-74F9-601C-0000-001030640000}
ProcessId: 460
Image: C:\Windows\System32\lsm.exe
FileVersion: 6.1.7601.17514 (win7sp1_rtm.101119-1850)
Description: Local Session Manager Service
Product: Microsoft® Windows® Operating System
Company: Microsoft Corporation
OriginalFileName: lsm.exe
CommandLine: C:\Windows\system32\lsm.exe
CurrentDirectory: C:\Windows\system32\
User: NT AUTHORITY\SYSTEM
LogonGuid: {19FC45AC-74F9-601C-0000-0020E7030000}
LogonId: 0x3e7
TerminalSessionId: 0
IntegrityLevel: System
Hashes: MD5=8AEA9A37C1A3565A204D37C5E72AB791,SHA256=939903F93FF37525A6C4B5CBA29CDEEE6D6055C42D605E80AE787F2A76F9870E
ParentProcessGuid: {19FC45AC-74F8-601C-0000-0010D4570000}
ParentProcessId: 348
ParentImage: C:\Windows\System32\wininit.exe
ParentCommandLine: wininit.exe","Process Create:
RuleName: 
UtcTime: 2021-02-04 22:27:16.265
ProcessGuid: {19FC45AC-74C4-601C-0000-0010D7640000}
ProcessId: 460
Image: C:\Windows\System32\lsm.exe
FileVersion: 6.1.7601.17514 (win7sp1_rtm.101119-1850)
Description: Local Session Manager Service
Product: Microsoft® Windows® Operating System
Company: Microsoft Corporation
OriginalFileName: lsm.exe
CommandLine: C:\Windows\system32\lsm.exe
CurrentDirectory: C:\Windows\system32\
User: NT AUTHORITY\SYSTEM
LogonGuid: {19FC45AC-74C4-601C-0000-0020E7030000}
LogonId: 0x3e7
TerminalSessionId: 0
IntegrityLevel: System
Hashes: MD5=8AEA9A37C1A3565A204D37C5E72AB791,SHA256=939903F93FF37525A6C4B5CBA29CDEEE6D6055C42D605E80AE787F2A76F9870E
ParentProcessGuid: {19FC45AC-74C3-601C-0000-0010D1590000}
ParentProcessId: 348
ParentImage: C:\Windows\System32\wininit.exe
ParentCommandLine: wininit.exe",False
Microsoft-Windows-Sysmon_1_Match_02.json,Microsoft-Windows-Sysmon_1_Evasion_Cmdline_02.json,message,"Process Create:
RuleName: 
UtcTime: 2021-02-04 22:29:14.964
ProcessGuid: {19FC45AC-753A-601C-0000-0010F35E0200}
ProcessId: 2056
Image: C:\Windows\System32\userinit.exe
FileVersion: 6.1.7601.17514 (win7sp1_rtm.101119-1850)
Description: Userinit Logon Application
Product: Microsoft® Windows® Operating System
Company: Microsoft Corporation
OriginalFileName: USERINIT.EXE
CommandLine: C:\Windows\system32\userinit.exe
CurrentDirectory: C:\Windows\system32\
User: BREACH\client3
LogonGuid: {19FC45AC-753A-601C-0000-0020AE510200}
LogonId: 0x251ae
TerminalSessionId: 1
IntegrityLevel: Medium
Hashes: MD5=61AC3EFDFACFDD3F0F11DD4FD4044223,SHA256=538FE1012FEDC72727A8DE0C2C01944B3D35C29812ECEF88E95AAC07235E0B0B
ParentProcessGuid: {19FC45AC-752D-601C-0000-0010D95C0000}
ParentProcessId: 384
ParentImage: C:\Windows\System32\winlogon.exe
ParentCommandLine: winlogon.exe","Process Create:
RuleName: 
UtcTime: 2021-02-04 22:27:18.593
ProcessGuid: {19FC45AC-74C6-601C-0000-0010F5150100}
ProcessId: 1248
Image: C:\Windows\System32\userinit.exe
FileVersion: 6.1.7601.17514 (win7sp1_rtm.101119-1850)
Description: Userinit Logon Application
Product: Microsoft® Windows® Operating System
Company: Microsoft Corporation
OriginalFileName: USERINIT.EXE
CommandLine: C:\Windows\system32\userinit.exe
CurrentDirectory: C:\Windows\system32\
User: client\setup
LogonGuid: {19FC45AC-74C5-601C-0000-002089FB0000}
LogonId: 0xfb89
TerminalSessionId: 1
IntegrityLevel: High
Hashes: MD5=61AC3EFDFACFDD3F0F11DD4FD4044223,SHA256=538FE1012FEDC72727A8DE0C2C01944B3D35C29812ECEF88E95AAC07235E0B0B
ParentProcessGuid: {19FC45AC-74C2-601C-0000-00105F5B0000}
ParentProcessId: 384
ParentImage: C:\Windows\System32\winlogon.exe
ParentCommandLine: winlogon.exe",False
Microsoft-Windows-Sysmon_1_Match_02.json,Microsoft-Windows-Sysmon_1_Evasion_Cmdline_03.json,message,"Process Create:
