RuleName: 
UtcTime: 2021-02-05 05:03:50.583
ProcessGuid: {19FC45AC-D1B6-601C-0000-001060074800}
ProcessId: 4084
Image: C:\Windows\System32\taskhost.exe
FileVersion: 6.1.7601.17514 (win7sp1_rtm.101119-1850)
Description: Host Process for Windows Tasks
Product: Microsoft® Windows® Operating System
Company: Microsoft Corporation
OriginalFileName: taskhost.exe
CommandLine: taskhost.exe $(Arg0)
CurrentDirectory: C:\Windows\system32\
User: NT AUTHORITY\LOCAL SERVICE
LogonGuid: {19FC45AC-7690-601C-0000-0020E5030000}
LogonId: 0x3e5
TerminalSessionId: 0
IntegrityLevel: System
Hashes: MD5=7FA8BA5A780E4757964AC9D4238302B9,SHA256=65E3D8CE737896647065103FBB4D58E6A34171D0A48662A832CFDAC3CF469701
ParentProcessGuid: {19FC45AC-768F-601C-0000-0010EE630000}
ParentProcessId: 440
ParentImage: C:\Windows\System32\services.exe
ParentCommandLine: C:\Windows\system32\services.exe",False
Microsoft-Windows-Sysmon_1_Match_02.json,Microsoft-Windows-Sysmon_1_Evasion_Cmdline_02.json,message,"Process Create:
RuleName: 
UtcTime: 2021-02-04 22:28:22.765
ProcessGuid: {19FC45AC-7506-601C-0000-00104A3F0300}
ProcessId: 2712
Image: C:\Program Files\Windows Media Player\wmpnetwk.exe
FileVersion: 12.0.7601.17514 (win7sp1_rtm.101119-1850)
Description: Windows Media Player Network Sharing Service
Product: Microsoft® Windows® Operating System
Company: Microsoft Corporation
OriginalFileName: WMPNetwk.exe
CommandLine: ""C:\Program Files\Windows Media Player\wmpnetwk.exe""
CurrentDirectory: C:\Windows\system32\
User: NT AUTHORITY\NETWORK SERVICE
LogonGuid: {19FC45AC-74F8-601C-0000-0020E4030000}
LogonId: 0x3e4
TerminalSessionId: 0
IntegrityLevel: System
Hashes: MD5=3B40D3A61AA8C21B88AE57C58AB3122E,SHA256=6C67DCB007C3CDF2EB0BBF5FD89C32CD7800C20F7166872F8C387BE262C5CD21
ParentProcessGuid: {19FC45AC-74F8-601C-0000-0010F2600000}
ParentProcessId: 444
ParentImage: C:\Windows\System32\services.exe
ParentCommandLine: C:\Windows\system32\services.exe","Process Create:
RuleName: 
UtcTime: 2021-02-04 22:34:57.250
ProcessGuid: {19FC45AC-7691-601C-0000-00107B140100}
ProcessId: 1316
Image: C:\Windows\System32\spoolsv.exe
FileVersion: 6.1.7601.17514 (win7sp1_rtm.101119-1850)
Description: Spooler SubSystem App
Product: Microsoft® Windows® Operating System
Company: Microsoft Corporation
OriginalFileName: spoolsv.exe
CommandLine: C:\Windows\System32\spoolsv.exe
CurrentDirectory: C:\Windows\system32\
User: NT AUTHORITY\SYSTEM
LogonGuid: {19FC45AC-768F-601C-0000-0020E7030000}
LogonId: 0x3e7
TerminalSessionId: 0
IntegrityLevel: System
Hashes: MD5=866A43013535DC8587C258E43579C764,SHA256=B2BE846B5167A2ECD1E30C69A81385FCC6EAE6033394D08458A5583D311C4D82
ParentProcessGuid: {19FC45AC-768F-601C-0000-0010EE630000}
ParentProcessId: 440
ParentImage: C:\Windows\System32\services.exe
ParentCommandLine: C:\Windows\system32\services.exe",False
Microsoft-Windows-Sysmon_1_Match_02.json,Microsoft-Windows-Sysmon_1_Evasion_Cmdline_03.json,message,"Process Create:
RuleName: 
UtcTime: 2021-02-04 22:28:22.765
ProcessGuid: {19FC45AC-7506-601C-0000-00104A3F0300}
ProcessId: 2712
Image: C:\Program Files\Windows Media Player\wmpnetwk.exe
FileVersion: 12.0.7601.17514 (win7sp1_rtm.101119-1850)
Description: Windows Media Player Network Sharing Service
Product: Microsoft® Windows® Operating System
Company: Microsoft Corporation
OriginalFileName: WMPNetwk.exe
CommandLine: ""C:\Program Files\Windows Media Player\wmpnetwk.exe""
CurrentDirectory: C:\Windows\system32\
User: NT AUTHORITY\NETWORK SERVICE
LogonGuid: {19FC45AC-74F8-601C-0000-0020E4030000}
LogonId: 0x3e4
TerminalSessionId: 0
IntegrityLevel: System
Hashes: MD5=3B40D3A61AA8C21B88AE57C58AB3122E,SHA256=6C67DCB007C3CDF2EB0BBF5FD89C32CD7800C20F7166872F8C387BE262C5CD21
ParentProcessGuid: {19FC45AC-74F8-601C-0000-0010F2600000}
ParentProcessId: 444
ParentImage: C:\Windows\System32\services.exe
ParentCommandLine: C:\Windows\system32\services.exe","Process Create:
RuleName: 
UtcTime: 2021-02-04 22:27:21.312
ProcessGuid: {19FC45AC-74C9-601C-0000-0010E99D0100}
ProcessId: 1824
Image: C:\Windows\py.exe
FileVersion: 3.5.2
Description: Python
Product: Python
Company: Python Software Foundation
OriginalFileName: py.exe
CommandLine: ""C:\Windows\py.exe"" ""C:\BREACH\init_tbf_client.py"" 
CurrentDirectory: C:\BREACH\
User: client\setup
LogonGuid: {19FC45AC-74C5-601C-0000-002089FB0000}
LogonId: 0xfb89
TerminalSessionId: 1
IntegrityLevel: High
Hashes: MD5=CC3AC75DDBFAA6D4CCBB0AFAD7EB759D,SHA256=3D98A354F1329BFEB17216D2391D6E9C04F6873B6E491BCE9734C02C26574B3D
ParentProcessGuid: {19FC45AC-74C6-601C-0000-0010E21C0100}
ParentProcessId: 1304
ParentImage: C:\Windows\explorer.exe
ParentCommandLine: C:\Windows\Explorer.EXE",False
Microsoft-Windows-Sysmon_1_Match_02.json,Microsoft-Windows-Sysmon_1_Evasion_Cmdline_01.json,message,"Process Create:
RuleName: 
UtcTime: 2021-02-04 22:28:22.765
ProcessGuid: {19FC45AC-7506-601C-0000-00104A3F0300}
ProcessId: 2712
Image: C:\Program Files\Windows Media Player\wmpnetwk.exe
FileVersion: 12.0.7601.17514 (win7sp1_rtm.101119-1850)
Description: Windows Media Player Network Sharing Service
Product: Microsoft® Windows® Operating System
Company: Microsoft Corporation
OriginalFileName: WMPNetwk.exe
CommandLine: ""C:\Program Files\Windows Media Player\wmpnetwk.exe""
CurrentDirectory: C:\Windows\system32\
User: NT AUTHORITY\NETWORK SERVICE
LogonGuid: {19FC45AC-74F8-601C-0000-0020E4030000}
LogonId: 0x3e4
TerminalSessionId: 0
IntegrityLevel: System
Hashes: MD5=3B40D3A61AA8C21B88AE57C58AB3122E,SHA256=6C67DCB007C3CDF2EB0BBF5FD89C32CD7800C20F7166872F8C387BE262C5CD21
ParentProcessGuid: {19FC45AC-74F8-601C-0000-0010F2600000}
ParentProcessId: 444
ParentImage: C:\Windows\System32\services.exe
ParentCommandLine: C:\Windows\system32\services.exe","Process Create:
RuleName: 
UtcTime: 2021-02-04 22:59:28.557
ProcessGuid: {19FC45AC-7C50-601C-0000-00106D370C00}
ProcessId: 3804
Image: C:\Windows\System32\sdiagnhost.exe
FileVersion: 6.1.7600.16385 (win7_rtm.090713-1255)
Description: Scripted Diagnostics Native Host
Product: Microsoft® Windows® Operating System
Company: Microsoft Corporation
OriginalFileName: sdiagnhost.exe
CommandLine: C:\Windows\System32\sdiagnhost.exe -Embedding
CurrentDirectory: C:\Windows\system32\
User: BREACH\client1
LogonGuid: {19FC45AC-7690-601C-0000-002053FB0000}
LogonId: 0xfb53
TerminalSessionId: 1
IntegrityLevel: Medium
Hashes: MD5=15F07E50407139AA93D3FB6E612D2F74,SHA256=AEE5AF2E994B008A7A2BF47283B8FC9197CA67296CDD18F3BA37EF3631FCCE8F
ParentProcessGuid: {19FC45AC-7690-601C-0000-0010907C0000}
ParentProcessId: 580
ParentImage: C:\Windows\System32\svchost.exe
ParentCommandLine: C:\Windows\system32\svchost.exe -k DcomLaunch",False
Microsoft-Windows-Sysmon_1_Match_02.json,Microsoft-Windows-Sysmon_1_Evasion_Cmdline_02.json,message,"Process Create:
RuleName: 
UtcTime: 2021-02-05 01:30:00.568
ProcessGuid: {19FC45AC-9F98-601C-0000-001018D01E00}
ProcessId: 1888
Image: C:\Windows\System32\aitagent.exe
FileVersion: 6.1.7601.17514 (win7sp1_rtm.101119-1850)
Description: Application Impact Telemetry Agent
Product: Microsoft® Windows® Operating System
Company: Microsoft Corporation
OriginalFileName: 
CommandLine: C:\Windows\system32\aitagent.EXE 
CurrentDirectory: C:\Windows\system32\
User: NT AUTHORITY\SYSTEM
LogonGuid: {19FC45AC-768F-601C-0000-0020E7030000}
LogonId: 0x3e7
TerminalSessionId: 0
IntegrityLevel: System
Hashes: MD5=2A3557DD3913F8D7CC5A5703083424D8,SHA256=E0731448A15FFAC9F20A82EAE95D97733FBCD227D1EAB7264F8FDE14503F3494
ParentProcessGuid: {19FC45AC-768F-601C-0000-0010EE630000}
ParentProcessId: 440
ParentImage: C:\Windows\System32\services.exe
ParentCommandLine: C:\Windows\system32\services.exe","Process Create:
RuleName: 
UtcTime: 2021-02-04 22:27:33.437
ProcessGuid: {19FC45AC-74D5-601C-0000-0010BD530300}
ProcessId: 2580
Image: C:\Windows\System32\WindowsPowerShell\v1.0\powershell.exe
FileVersion: 10.0.14409.1005 (rs1_srvoob.161208-1155)
Description: Windows PowerShell
Product: Microsoft® Windows® Operating System
Company: Microsoft Corporation
OriginalFileName: PowerShell.EXE
CommandLine: powershell ""$new_name = 'CLIENT3'; Rename-Computer -NewName $new_name -Restart -Force""
CurrentDirectory: C:\BREACH\
User: client\setup
LogonGuid: {19FC45AC-74C6-601C-0000-002031010100}
LogonId: 0x10131
TerminalSessionId: 1
IntegrityLevel: High
Hashes: MD5=EB32C070E658937AA9FA9F3AE629B2B8,SHA256=70BA57FB0BF2F34B86426D21559F5F6D05C1268193904DE8E959D7B06CE964CE
ParentProcessGuid: {19FC45AC-74CA-601C-0000-001038C00100}
ParentProcessId: 1968
ParentImage: C:\Program Files\Python35-32\python.exe
ParentCommandLine: ""C:\Program Files\Python35-32\python.exe"" ""C:\BREACH\init_tbf_client.py"" ",False
Microsoft-Windows-Sysmon_1_Match_02.json,Microsoft-Windows-Sysmon_1_Evasion_Cmdline_03.json,message,"Process Create:
RuleName: 
UtcTime: 2021-02-05 01:30:00.568
ProcessGuid: {19FC45AC-9F98-601C-0000-001018D01E00}
ProcessId: 1888
Image: C:\Windows\System32\aitagent.exe
FileVersion: 6.1.7601.17514 (win7sp1_rtm.101119-1850)
Description: Application Impact Telemetry Agent
Product: Microsoft® Windows® Operating System
Company: Microsoft Corporation
OriginalFileName: 
CommandLine: C:\Windows\system32\aitagent.EXE 
CurrentDirectory: C:\Windows\system32\
User: NT AUTHORITY\SYSTEM
LogonGuid: {19FC45AC-768F-601C-0000-0020E7030000}
LogonId: 0x3e7
TerminalSessionId: 0
IntegrityLevel: System
Hashes: MD5=2A3557DD3913F8D7CC5A5703083424D8,SHA256=E0731448A15FFAC9F20A82EAE95D97733FBCD227D1EAB7264F8FDE14503F3494
ParentProcessGuid: {19FC45AC-768F-601C-0000-0010EE630000}
ParentProcessId: 440
ParentImage: C:\Windows\System32\services.exe
ParentCommandLine: C:\Windows\system32\services.exe","Process Create:
RuleName: 
UtcTime: 2021-02-04 22:36:25.234
ProcessGuid: {19FC45AC-76E9-601C-0000-0010E80C0100}
ProcessId: 1256
Image: C:\Windows\System32\userinit.exe
FileVersion: 6.1.7601.17514 (win7sp1_rtm.101119-1850)
Description: Userinit Logon Application
Product: Microsoft® Windows® Operating System
Company: Microsoft Corporation
OriginalFileName: USERINIT.EXE
CommandLine: C:\Windows\system32\userinit.exe
CurrentDirectory: C:\Windows\system32\
User: BREACH\client3
LogonGuid: {19FC45AC-76E9-601C-0000-00202BF80000}
LogonId: 0xf82b
TerminalSessionId: 1
IntegrityLevel: Medium
Hashes: MD5=61AC3EFDFACFDD3F0F11DD4FD4044223,SHA256=538FE1012FEDC72727A8DE0C2C01944B3D35C29812ECEF88E95AAC07235E0B0B
ParentProcessGuid: {19FC45AC-76E7-601C-0000-0010695C0000}
ParentProcessId: 384
ParentImage: C:\Windows\System32\winlogon.exe
ParentCommandLine: winlogon.exe",False
Microsoft-Windows-Sysmon_1_Match_02.json,Microsoft-Windows-Sysmon_1_Evasion_Cmdline_01.json,message,"Process Create:
RuleName: 
UtcTime: 2021-02-05 01:30:00.568
ProcessGuid: {19FC45AC-9F98-601C-0000-001018D01E00}
ProcessId: 1888
Image: C:\Windows\System32\aitagent.exe
FileVersion: 6.1.7601.17514 (win7sp1_rtm.101119-1850)
Description: Application Impact Telemetry Agent
Product: Microsoft® Windows® Operating System
Company: Microsoft Corporation
OriginalFileName: 
CommandLine: C:\Windows\system32\aitagent.EXE 
CurrentDirectory: C:\Windows\system32\
User: NT AUTHORITY\SYSTEM
LogonGuid: {19FC45AC-768F-601C-0000-0020E7030000}
LogonId: 0x3e7
TerminalSessionId: 0
IntegrityLevel: System
Hashes: MD5=2A3557DD3913F8D7CC5A5703083424D8,SHA256=E0731448A15FFAC9F20A82EAE95D97733FBCD227D1EAB7264F8FDE14503F3494
ParentProcessGuid: {19FC45AC-768F-601C-0000-0010EE630000}
ParentProcessId: 440
ParentImage: C:\Windows\System32\services.exe
ParentCommandLine: C:\Windows\system32\services.exe","Process Create:
RuleName: 
UtcTime: 2021-02-05 10:10:15.244
ProcessGuid: {19FC45AC-1987-601D-0000-00103D196800}
ProcessId: 3524
Image: C:\Program Files\Mozilla Maintenance Service\maintenanceservice.exe
FileVersion: 46.0.1
Description: 
Product: Firefox
Company: Mozilla Foundation
OriginalFileName: maintenanceservice.exe
CommandLine: ""C:\Program Files\Mozilla Maintenance Service\maintenanceservice.exe""
CurrentDirectory: C:\Windows\system32\
User: NT AUTHORITY\SYSTEM
LogonGuid: {19FC45AC-768F-601C-0000-0020E7030000}
LogonId: 0x3e7
TerminalSessionId: 0
IntegrityLevel: System
Hashes: MD5=FC9A9C09B35A93F76A03D5E355FA862C,SHA256=B7ED57B9D39D547BA2927FC5F02C2475BF131FDB8AD40FFDE72C966506756B56
ParentProcessGuid: {19FC45AC-768F-601C-0000-0010EE630000}
ParentProcessId: 440
ParentImage: C:\Windows\System32\services.exe
ParentCommandLine: C:\Windows\system32\services.exe",False
Microsoft-Windows-Sysmon_1_Match_02.json,Microsoft-Windows-Sysmon_1_Evasion_Cmdline_02.json,message,"Process Create:
RuleName: 
UtcTime: 2021-02-04 22:34:58.218
ProcessGuid: {19FC45AC-7692-601C-0000-0010D87A0100}
ProcessId: 1724
Image: C:\Program Files\Python35-32\python.exe
FileVersion: 3.5.2
Description: Python
Product: Python
Company: Python Software Foundation
OriginalFileName: python.exe
CommandLine: ""C:\Program Files\Python35-32\python.exe"" ""C:\BREACH\init_tbf_client.py"" 
CurrentDirectory: C:\BREACH\
User: BREACH\client1
LogonGuid: {19FC45AC-7690-601C-0000-002053FB0000}
LogonId: 0xfb53
TerminalSessionId: 1
IntegrityLevel: Medium
Hashes: MD5=EDC79826E21859E93A875DFC087606C5,SHA256=D61DDEA87B2483612CAEB0F3514AEE3E60237D5F3880F49512C834539462742E
ParentProcessGuid: {19FC45AC-7692-601C-0000-001077680100}
ParentProcessId: 1620
ParentImage: C:\Windows\py.exe
ParentCommandLine: ""C:\Windows\py.exe"" ""C:\BREACH\init_tbf_client.py"" ","Process Create:
RuleName: 
UtcTime: 2021-02-04 23:00:52.740
ProcessGuid: {19FC45AC-7CA4-601C-0000-00109FB60B00}
ProcessId: 1336
Image: C:\Windows\System32\VSSVC.exe
FileVersion: 6.1.7601.17514 (win7sp1_rtm.101119-1850)
Description: Microsoft® Volume Shadow Copy Service
Product: Microsoft® Windows® Operating System
Company: Microsoft Corporation
OriginalFileName: VSSVC.EXE
CommandLine: C:\Windows\system32\vssvc.exe
CurrentDirectory: C:\Windows\system32\
User: NT AUTHORITY\SYSTEM
LogonGuid: {19FC45AC-76E7-601C-0000-0020E7030000}
LogonId: 0x3e7
TerminalSessionId: 0
IntegrityLevel: System
Hashes: MD5=209A3B1901B83AEB8527ED211CCE9E4C,SHA256=1A431F6409F8E0531F600F8F988ECECECB902DA26BBAAF1DE74A5CAC29A7CB44
ParentProcessGuid: {19FC45AC-76E7-601C-0000-001081630000}
ParentProcessId: 440
ParentImage: C:\Windows\System32\services.exe
ParentCommandLine: C:\Windows\system32\services.exe",False
Microsoft-Windows-Sysmon_1_Match_02.json,Microsoft-Windows-Sysmon_1_Evasion_Cmdline_03.json,message,"Process Create:
RuleName: 
UtcTime: 2021-02-04 22:34:58.218
ProcessGuid: {19FC45AC-7692-601C-0000-0010D87A0100}
ProcessId: 1724
Image: C:\Program Files\Python35-32\python.exe
FileVersion: 3.5.2
Description: Python
Product: Python
Company: Python Software Foundation
OriginalFileName: python.exe
CommandLine: ""C:\Program Files\Python35-32\python.exe"" ""C:\BREACH\init_tbf_client.py"" 
CurrentDirectory: C:\BREACH\
User: BREACH\client1
LogonGuid: {19FC45AC-7690-601C-0000-002053FB0000}
LogonId: 0xfb53
TerminalSessionId: 1
IntegrityLevel: Medium
Hashes: MD5=EDC79826E21859E93A875DFC087606C5,SHA256=D61DDEA87B2483612CAEB0F3514AEE3E60237D5F3880F49512C834539462742E
ParentProcessGuid: {19FC45AC-7692-601C-0000-001077680100}
ParentProcessId: 1620
ParentImage: C:\Windows\py.exe
ParentCommandLine: ""C:\Windows\py.exe"" ""C:\BREACH\init_tbf_client.py"" ","Process Create:
RuleName: 
UtcTime: 2021-02-04 22:27:20.203
ProcessGuid: {19FC45AC-74C8-601C-0000-0010E87C0100}
ProcessId: 1596
Image: C:\Program Files\Adobe\Reader 9.0\Reader\reader_sl.exe
FileVersion: 9.1.0.2009022700
Description: Adobe Acrobat SpeedLauncher
Product: Adobe Acrobat
Company: Adobe Systems Incorporated
OriginalFileName: AcroSpeedLaunch.exe
CommandLine: ""C:\Program Files\Adobe\Reader 9.0\Reader\reader_sl.exe"" 
CurrentDirectory: C:\Windows\system32\
User: client\setup
LogonGuid: {19FC45AC-74C5-601C-0000-0020F4FF0000}
LogonId: 0xfff4
TerminalSessionId: 1
IntegrityLevel: High
Hashes: MD5=452FA961163EF4AEE4815796A13AB2CF,SHA256=14DC422082F96F5C21C41A5E5F6E8445547CC4B02B18F0A86A34669CA2CE18A7
ParentProcessGuid: {19FC45AC-74C6-601C-0000-0010E21B0100}
ParentProcessId: 1292
ParentImage: C:\Windows\explorer.exe
ParentCommandLine: C:\Windows\Explorer.EXE",False
Microsoft-Windows-Sysmon_1_Match_02.json,Microsoft-Windows-Sysmon_1_Evasion_Cmdline_01.json,message,"Process Create:
RuleName: 
UtcTime: 2021-02-04 22:34:58.218
ProcessGuid: {19FC45AC-7692-601C-0000-0010D87A0100}
ProcessId: 1724
Image: C:\Program Files\Python35-32\python.exe
FileVersion: 3.5.2
Description: Python
Product: Python
Company: Python Software Foundation
OriginalFileName: python.exe
CommandLine: ""C:\Program Files\Python35-32\python.exe"" ""C:\BREACH\init_tbf_client.py"" 
CurrentDirectory: C:\BREACH\
User: BREACH\client1
LogonGuid: {19FC45AC-7690-601C-0000-002053FB0000}
LogonId: 0xfb53
TerminalSessionId: 1
IntegrityLevel: Medium
Hashes: MD5=EDC79826E21859E93A875DFC087606C5,SHA256=D61DDEA87B2483612CAEB0F3514AEE3E60237D5F3880F49512C834539462742E
ParentProcessGuid: {19FC45AC-7692-601C-0000-001077680100}
ParentProcessId: 1620
ParentImage: C:\Windows\py.exe
ParentCommandLine: ""C:\Windows\py.exe"" ""C:\BREACH\init_tbf_client.py"" ","Process Create:
RuleName: 
UtcTime: 2021-02-05 10:10:17.414
ProcessGuid: {19FC45AC-1989-601D-0000-001030636800}
ProcessId: 1800
Image: C:\Program Files\Mozilla Firefox\uninstall\helper.exe
FileVersion: 43.0.1
Description: Firefox Helper
Product: Firefox
Company: Mozilla Corporation
OriginalFileName: helper.exe
CommandLine: ""C:\Program Files\Mozilla Firefox\uninstall\helper.exe"" /UpdateShortcutAppUserModelIds
CurrentDirectory: C:\BREACH\
User: BREACH\client1
LogonGuid: {19FC45AC-7690-601C-0000-002053FB0000}
LogonId: 0xfb53
TerminalSessionId: 1
IntegrityLevel: Medium
Hashes: MD5=34EAB3D9EEC7F639BEB243FCA6A4BD79,SHA256=1B971AE0AC544AF8D734D43EBF75A19B4D06D4839AF220084E50F89316B44E04
ParentProcessGuid: {19FC45AC-1987-601D-0000-001000276800}
ParentProcessId: 4032
ParentImage: C:\Program Files\Mozilla Firefox\firefox.exe
ParentCommandLine: ""C:\Program Files\Mozilla Firefox\firefox.exe"" -foreground",False
Microsoft-Windows-Sysmon_1_Match_02.json,Microsoft-Windows-Sysmon_1_Evasion_Cmdline_02.json,message,"Process Create:
RuleName: 
UtcTime: 2021-02-05 04:02:00.125
ProcessGuid: {19FC45AC-C338-601C-0000-00101CA44000}
ProcessId: 3652
Image: C:\Windows\System32\Macromed\Flash\FlashPlayerUpdateService.exe
FileVersion: 18,0,0,194
Description: Adobe® Flash® Player Update Service 18.0 r0
Product: Adobe® Flash® Player Update Service
Company: Adobe Systems Incorporated
OriginalFileName: ?
CommandLine: C:\Windows\system32\Macromed\Flash\FlashPlayerUpdateService.exe 
CurrentDirectory: C:\Windows\system32\
User: NT AUTHORITY\SYSTEM
LogonGuid: {19FC45AC-76D8-601C-0000-0020E7030000}
LogonId: 0x3e7
TerminalSessionId: 0
IntegrityLevel: System
Hashes: MD5=1234A12B71DAE034E45C714AE5A54412,SHA256=079E6BC834F38322ED5ED76295EC3961ED894084EF5CB171DFFBD9B3822CC78D
ParentProcessGuid: {19FC45AC-C338-601C-0000-00105EA24000}
ParentProcessId: 1248
ParentImage: C:\Windows\System32\taskeng.exe
ParentCommandLine: taskeng.exe {1A521085-E7BB-48E2-805F-B0984D13EC1C} S-1-5-18:NT AUTHORITY\System:Service:","Process Create:
RuleName: 
UtcTime: 2021-02-04 20:11:52.716
ProcessGuid: {19FC45AC-5508-601C-0000-001011C60B00}
ProcessId: 3988
Image: C:\Windows\System32\WindowsPowerShell\v1.0\powershell.exe
FileVersion: 10.0.14409.1005 (rs1_srvoob.161208-1155)
Description: Windows PowerShell
Product: Microsoft® Windows® Operating System
Company: Microsoft Corporation
OriginalFileName: PowerShell.EXE
CommandLine: ""C:\Windows\System32\WindowsPowerShell\v1.0\powershell.exe"" 
CurrentDirectory: C:\Users\breach\
User: client\breach
LogonGuid: {19FC45AC-53AD-601C-0000-002012560200}
LogonId: 0x25612
TerminalSessionId: 1
IntegrityLevel: High
Hashes: MD5=EB32C070E658937AA9FA9F3AE629B2B8,SHA256=70BA57FB0BF2F34B86426D21559F5F6D05C1268193904DE8E959D7B06CE964CE
ParentProcessGuid: {19FC45AC-53AF-601C-0000-0010E7660300}
ParentProcessId: 1876
ParentImage: C:\Windows\explorer.exe
ParentCommandLine: C:\Windows\Explorer.EXE",False
Microsoft-Windows-Sysmon_1_Match_02.json,Microsoft-Windows-Sysmon_1_Evasion_Cmdline_03.json,message,"Process Create:
RuleName: 
UtcTime: 2021-02-05 04:02:00.125
ProcessGuid: {19FC45AC-C338-601C-0000-00101CA44000}
ProcessId: 3652
Image: C:\Windows\System32\Macromed\Flash\FlashPlayerUpdateService.exe
FileVersion: 18,0,0,194
Description: Adobe® Flash® Player Update Service 18.0 r0
Product: Adobe® Flash® Player Update Service
Company: Adobe Systems Incorporated
OriginalFileName: ?
CommandLine: C:\Windows\system32\Macromed\Flash\FlashPlayerUpdateService.exe 
CurrentDirectory: C:\Windows\system32\
User: NT AUTHORITY\SYSTEM
LogonGuid: {19FC45AC-76D8-601C-0000-0020E7030000}
LogonId: 0x3e7
TerminalSessionId: 0
IntegrityLevel: System
Hashes: MD5=1234A12B71DAE034E45C714AE5A54412,SHA256=079E6BC834F38322ED5ED76295EC3961ED894084EF5CB171DFFBD9B3822CC78D
ParentProcessGuid: {19FC45AC-C338-601C-0000-00105EA24000}
ParentProcessId: 1248
ParentImage: C:\Windows\System32\taskeng.exe
ParentCommandLine: taskeng.exe {1A521085-E7BB-48E2-805F-B0984D13EC1C} S-1-5-18:NT AUTHORITY\System:Service:","Process Create:
RuleName: 
UtcTime: 2021-02-04 22:29:01.968
ProcessGuid: {19FC45AC-752D-601C-0000-001043630000}
ProcessId: 452
Image: C:\Windows\System32\lsass.exe
FileVersion: 6.1.7601.18741 (win7sp1_gdr.150202-1526)
Description: Local Security Authority Process
Product: Microsoft® Windows® Operating System
Company: Microsoft Corporation
OriginalFileName: lsass.exe
CommandLine: C:\Windows\system32\lsass.exe
CurrentDirectory: C:\Windows\system32\
User: NT AUTHORITY\SYSTEM
LogonGuid: {19FC45AC-752E-601C-0000-0020E7030000}
LogonId: 0x3e7
TerminalSessionId: 0
IntegrityLevel: System
Hashes: MD5=27945CF21E17AFBFF1E31993AAEE4551,SHA256=E24137EFC6215FCD27479E0C1C455518B1D39F75B8CF67E8A9B46DCDDCECB350
ParentProcessGuid: {19FC45AC-752D-601C-0000-0010BB570000}
ParentProcessId: 348
ParentImage: C:\Windows\System32\wininit.exe
ParentCommandLine: wininit.exe",False
Microsoft-Windows-Sysmon_1_Match_02.json,Microsoft-Windows-Sysmon_1_Evasion_Cmdline_01.json,message,"Process Create:
RuleName: 
UtcTime: 2021-02-05 04:02:00.125
ProcessGuid: {19FC45AC-C338-601C-0000-00101CA44000}
ProcessId: 3652
Image: C:\Windows\System32\Macromed\Flash\FlashPlayerUpdateService.exe
FileVersion: 18,0,0,194
Description: Adobe® Flash® Player Update Service 18.0 r0
Product: Adobe® Flash® Player Update Service
Company: Adobe Systems Incorporated
OriginalFileName: ?
CommandLine: C:\Windows\system32\Macromed\Flash\FlashPlayerUpdateService.exe 
CurrentDirectory: C:\Windows\system32\
User: NT AUTHORITY\SYSTEM
LogonGuid: {19FC45AC-76D8-601C-0000-0020E7030000}
LogonId: 0x3e7
TerminalSessionId: 0
IntegrityLevel: System
Hashes: MD5=1234A12B71DAE034E45C714AE5A54412,SHA256=079E6BC834F38322ED5ED76295EC3961ED894084EF5CB171DFFBD9B3822CC78D
ParentProcessGuid: {19FC45AC-C338-601C-0000-00105EA24000}
ParentProcessId: 1248
ParentImage: C:\Windows\System32\taskeng.exe
ParentCommandLine: taskeng.exe {1A521085-E7BB-48E2-805F-B0984D13EC1C} S-1-5-18:NT AUTHORITY\System:Service:","Process Create:
RuleName: 
UtcTime: 2021-02-04 22:27:23.062
ProcessGuid: {19FC45AC-74CB-601C-0000-0010DAF70100}
ProcessId: 888
Image: C:\Windows\System32\wbem\unsecapp.exe
FileVersion: 10.0.14409.1005 (rs1_srvoob.161208-1155)
Description: Sink to receive asynchronous callbacks for WMI client application
Product: Microsoft® Windows® Operating System
Company: Microsoft Corporation
OriginalFileName: unsecapp.dll
CommandLine: C:\Windows\system32\wbem\unsecapp.exe -Embedding
CurrentDirectory: C:\Windows\system32\
User: NT AUTHORITY\SYSTEM
LogonGuid: {19FC45AC-74C3-601C-0000-0020E7030000}
LogonId: 0x3e7
TerminalSessionId: 0
IntegrityLevel: System
Hashes: MD5=91FED64CC1898029441C31A98B1B8FE4,SHA256=608D4EBBA90FD2ED66BBDF392898DF10A302F884E8ECB8D6F5BC8FAB99ACCB4E
ParentProcessGuid: {19FC45AC-74C3-601C-0000-0010E1790000}
ParentProcessId: 552
ParentImage: C:\Windows\System32\svchost.exe
ParentCommandLine: C:\Windows\system32\svchost.exe -k DcomLaunch",False
Microsoft-Windows-Sysmon_1_Match_02.json,Microsoft-Windows-Sysmon_1_Evasion_Cmdline_02.json,message,"Process Create:
RuleName: 
UtcTime: 2021-02-04 22:36:08.234
ProcessGuid: {19FC45AC-76D8-601C-0000-0010F1630000}
ProcessId: 444
Image: C:\Windows\System32\services.exe
FileVersion: 6.1.7600.16385 (win7_rtm.090713-1255)
Description: Services and Controller app
Product: Microsoft® Windows® Operating System
Company: Microsoft Corporation
OriginalFileName: services.exe
CommandLine: C:\Windows\system32\services.exe
CurrentDirectory: C:\Windows\system32\
User: NT AUTHORITY\SYSTEM
LogonGuid: {19FC45AC-76D8-601C-0000-0020E7030000}
LogonId: 0x3e7
TerminalSessionId: 0
IntegrityLevel: System
Hashes: MD5=5F1B6A9C35D3D5CA72D6D6FDEF9747D6,SHA256=D7BC4ED605B32274B45328FD9914FB0E7B90D869A38F0E6F94FB1BF4E9E2B407
ParentProcessGuid: {19FC45AC-76D8-601C-0000-001034590000}
ParentProcessId: 348
ParentImage: C:\Windows\System32\wininit.exe
ParentCommandLine: wininit.exe","Process Create:
RuleName: 
UtcTime: 2021-02-04 22:29:01.718
ProcessGuid: {19FC45AC-752D-601C-0000-001008590000}
ProcessId: 348
Image: C:\Windows\System32\wininit.exe
FileVersion: 6.1.7600.16385 (win7_rtm.090713-1255)
Description: Windows Start-Up Application
Product: Microsoft® Windows® Operating System
Company: Microsoft Corporation
OriginalFileName: WinInit.exe
CommandLine: wininit.exe
CurrentDirectory: C:\Windows\system32
User: NT AUTHORITY\SYSTEM
LogonGuid: {19FC45AC-752E-601C-0000-0020E7030000}
LogonId: 0x3e7
TerminalSessionId: 0
IntegrityLevel: System
Hashes: MD5=B5C5DCAD3899512020D135600129D665,SHA256=F6B4D18FA0D3C4958711AC0D476C21A6FDF2897F989A0AD290B43F463DD8B5B0
ParentProcessGuid: {19FC45AC-752D-601C-0000-00109E450000}
ParentProcessId: 296
ParentImage: C:\Windows\System32\smss.exe
ParentCommandLine: \SystemRoot\System32\smss.exe 00000000 0000003c ",False
Microsoft-Windows-Sysmon_1_Match_02.json,Microsoft-Windows-Sysmon_1_Evasion_Cmdline_03.json,message,"Process Create:
RuleName: 
UtcTime: 2021-02-04 22:36:08.234
ProcessGuid: {19FC45AC-76D8-601C-0000-0010F1630000}
ProcessId: 444
Image: C:\Windows\System32\services.exe
FileVersion: 6.1.7600.16385 (win7_rtm.090713-1255)
Description: Services and Controller app
Product: Microsoft® Windows® Operating System
Company: Microsoft Corporation
OriginalFileName: services.exe
CommandLine: C:\Windows\system32\services.exe
CurrentDirectory: C:\Windows\system32\
User: NT AUTHORITY\SYSTEM
LogonGuid: {19FC45AC-76D8-601C-0000-0020E7030000}
LogonId: 0x3e7
TerminalSessionId: 0
IntegrityLevel: System
Hashes: MD5=5F1B6A9C35D3D5CA72D6D6FDEF9747D6,SHA256=D7BC4ED605B32274B45328FD9914FB0E7B90D869A38F0E6F94FB1BF4E9E2B407
ParentProcessGuid: {19FC45AC-76D8-601C-0000-001034590000}
ParentProcessId: 348
ParentImage: C:\Windows\System32\wininit.exe
ParentCommandLine: wininit.exe","Process Create:
RuleName: 
UtcTime: 2021-02-04 22:27:21.109
ProcessGuid: {19FC45AC-74C9-601C-0000-00106A8A0100}
ProcessId: 1792
Image: C:\Program Files\Adobe\Reader 9.0\Reader\reader_sl.exe
FileVersion: 9.1.0.2009022700
Description: Adobe Acrobat SpeedLauncher
Product: Adobe Acrobat
Company: Adobe Systems Incorporated
OriginalFileName: AcroSpeedLaunch.exe
CommandLine: ""C:\Program Files\Adobe\Reader 9.0\Reader\reader_sl.exe"" 
CurrentDirectory: C:\Windows\system32\
User: client\setup
LogonGuid: {19FC45AC-74C5-601C-0000-002089FB0000}
LogonId: 0xfb89
TerminalSessionId: 1
IntegrityLevel: High
Hashes: MD5=452FA961163EF4AEE4815796A13AB2CF,SHA256=14DC422082F96F5C21C41A5E5F6E8445547CC4B02B18F0A86A34669CA2CE18A7
ParentProcessGuid: {19FC45AC-74C6-601C-0000-0010E21C0100}
ParentProcessId: 1304
ParentImage: C:\Windows\explorer.exe
ParentCommandLine: C:\Windows\Explorer.EXE",False
Microsoft-Windows-Sysmon_1_Match_02.json,Microsoft-Windows-Sysmon_1_Evasion_Cmdline_01.json,message,"Process Create:
RuleName: 
UtcTime: 2021-02-04 22:36:08.234
ProcessGuid: {19FC45AC-76D8-601C-0000-0010F1630000}
ProcessId: 444
Image: C:\Windows\System32\services.exe
FileVersion: 6.1.7600.16385 (win7_rtm.090713-1255)
Description: Services and Controller app
Product: Microsoft® Windows® Operating System
Company: Microsoft Corporation
OriginalFileName: services.exe
CommandLine: C:\Windows\system32\services.exe
CurrentDirectory: C:\Windows\system32\
User: NT AUTHORITY\SYSTEM
LogonGuid: {19FC45AC-76D8-601C-0000-0020E7030000}
LogonId: 0x3e7
TerminalSessionId: 0
IntegrityLevel: System
Hashes: MD5=5F1B6A9C35D3D5CA72D6D6FDEF9747D6,SHA256=D7BC4ED605B32274B45328FD9914FB0E7B90D869A38F0E6F94FB1BF4E9E2B407
ParentProcessGuid: {19FC45AC-76D8-601C-0000-001034590000}
ParentProcessId: 348
ParentImage: C:\Windows\System32\wininit.exe
ParentCommandLine: wininit.exe","Process Create:
RuleName: 
UtcTime: 2021-02-04 22:28:19.031
ProcessGuid: {19FC45AC-7503-601C-0000-001078D80200}
ProcessId: 2372
Image: C:\Windows\System32\WindowsPowerShell\v1.0\powershell.exe
FileVersion: 10.0.14409.1005 (rs1_srvoob.161208-1155)
Description: Windows PowerShell
Product: Microsoft® Windows® Operating System
Company: Microsoft Corporation
OriginalFileName: PowerShell.EXE
CommandLine: powershell ""$admin_secpwd = ConvertTo-SecureString 'breach' -AsPlainText -Force; $credential = New-Object -TypeName System.Management.Automation.PSCredential -ArgumentList 'BREACH\Administrator', $admin_secpwd; Add-Computer -Credential $credential -DomainName 'BREACH' -Restart -Force""
CurrentDirectory: C:\BREACH\
User: CLIENT2\setup
LogonGuid: {19FC45AC-74FF-601C-0000-002049330200}
LogonId: 0x23349
TerminalSessionId: 1
IntegrityLevel: High
Hashes: MD5=EB32C070E658937AA9FA9F3AE629B2B8,SHA256=70BA57FB0BF2F34B86426D21559F5F6D05C1268193904DE8E959D7B06CE964CE
ParentProcessGuid: {19FC45AC-7500-601C-0000-001020A80200}
ParentProcessId: 2200
ParentImage: C:\Program Files\Python35-32\python.exe
ParentCommandLine: ""C:\Program Files\Python35-32\python.exe"" ""C:\BREACH\init_tbf_client.py"" ",False
Microsoft-Windows-Sysmon_1_Match_02.json,Microsoft-Windows-Sysmon_1_Evasion_Cmdline_02.json,message,"Process Create:
RuleName: 
UtcTime: 2021-02-05 08:02:00.109
ProcessGuid: {19FC45AC-FB78-601C-0000-0010F8235A00}
ProcessId: 1588
Image: C:\Windows\System32\Macromed\Flash\FlashPlayerUpdateService.exe
FileVersion: 18,0,0,194
Description: Adobe® Flash® Player Update Service 18.0 r0
Product: Adobe® Flash® Player Update Service
Company: Adobe Systems Incorporated
OriginalFileName: ?
CommandLine: C:\Windows\system32\Macromed\Flash\FlashPlayerUpdateService.exe 
CurrentDirectory: C:\Windows\system32\
User: NT AUTHORITY\SYSTEM
LogonGuid: {19FC45AC-768F-601C-0000-0020E7030000}
LogonId: 0x3e7
TerminalSessionId: 0
IntegrityLevel: System
Hashes: MD5=1234A12B71DAE034E45C714AE5A54412,SHA256=079E6BC834F38322ED5ED76295EC3961ED894084EF5CB171DFFBD9B3822CC78D
ParentProcessGuid: {19FC45AC-FB77-601C-0000-001029225A00}
ParentProcessId: 2316
ParentImage: C:\Windows\System32\taskeng.exe
ParentCommandLine: taskeng.exe {E33B1641-D1CD-4FEC-9E92-B6E7DA2A47F9} S-1-5-18:NT AUTHORITY\System:Service:","Process Create:
RuleName: 
UtcTime: 2021-02-05 00:43:34.644
ProcessGuid: {19FC45AC-94B6-601C-0000-001042D21900}
ProcessId: 2176
Image: C:\Program Files\Mozilla Firefox\uninstall\helper.exe
FileVersion: 38.0.5
Description: Firefox Helper
Product: Firefox
Company: Mozilla Corporation
OriginalFileName: helper.exe
CommandLine: ""C:\Program Files\Mozilla Firefox\uninstall\helper.exe"" /UpdateShortcutAppUserModelIds
CurrentDirectory: C:\BREACH\
User: BREACH\client2
LogonGuid: {19FC45AC-76D9-601C-0000-002027FB0000}
LogonId: 0xfb27
TerminalSessionId: 1
IntegrityLevel: Medium
Hashes: MD5=9178BD65FC4F7EC665C799DC801D4F1E,SHA256=67EC19C47423B9AFB9E84E56530AD59DB07BE36EB68C00EDFAF5CB36A0F65ED8
ParentProcessGuid: {19FC45AC-94B5-601C-0000-0010B2BA1900}
ParentProcessId: 3896
ParentImage: C:\Program Files\Mozilla Firefox\firefox.exe
ParentCommandLine: ""C:\Program Files\Mozilla Firefox\firefox.exe"" -foreground",False
Microsoft-Windows-Sysmon_1_Match_02.json,Microsoft-Windows-Sysmon_1_Evasion_Cmdline_03.json,message,"Process Create:
RuleName: 
UtcTime: 2021-02-05 08:02:00.109
ProcessGuid: {19FC45AC-FB78-601C-0000-0010F8235A00}
ProcessId: 1588
Image: C:\Windows\System32\Macromed\Flash\FlashPlayerUpdateService.exe
FileVersion: 18,0,0,194
Description: Adobe® Flash® Player Update Service 18.0 r0
Product: Adobe® Flash® Player Update Service
Company: Adobe Systems Incorporated
OriginalFileName: ?
CommandLine: C:\Windows\system32\Macromed\Flash\FlashPlayerUpdateService.exe 
CurrentDirectory: C:\Windows\system32\
User: NT AUTHORITY\SYSTEM
LogonGuid: {19FC45AC-768F-601C-0000-0020E7030000}
LogonId: 0x3e7
TerminalSessionId: 0
IntegrityLevel: System
Hashes: MD5=1234A12B71DAE034E45C714AE5A54412,SHA256=079E6BC834F38322ED5ED76295EC3961ED894084EF5CB171DFFBD9B3822CC78D
ParentProcessGuid: {19FC45AC-FB77-601C-0000-001029225A00}
ParentProcessId: 2316
ParentImage: C:\Windows\System32\taskeng.exe
ParentCommandLine: taskeng.exe {E33B1641-D1CD-4FEC-9E92-B6E7DA2A47F9} S-1-5-18:NT AUTHORITY\System:Service:","Process Create:
RuleName: 
UtcTime: 2021-02-05 10:10:17.414
ProcessGuid: {19FC45AC-1989-601D-0000-001030636800}
ProcessId: 1800
Image: C:\Program Files\Mozilla Firefox\uninstall\helper.exe
FileVersion: 43.0.1
Description: Firefox Helper
Product: Firefox
Company: Mozilla Corporation
OriginalFileName: helper.exe
CommandLine: ""C:\Program Files\Mozilla Firefox\uninstall\helper.exe"" /UpdateShortcutAppUserModelIds
CurrentDirectory: C:\BREACH\
User: BREACH\client1
LogonGuid: {19FC45AC-7690-601C-0000-002053FB0000}
LogonId: 0xfb53
TerminalSessionId: 1
IntegrityLevel: Medium
Hashes: MD5=34EAB3D9EEC7F639BEB243FCA6A4BD79,SHA256=1B971AE0AC544AF8D734D43EBF75A19B4D06D4839AF220084E50F89316B44E04
ParentProcessGuid: {19FC45AC-1987-601D-0000-001000276800}
ParentProcessId: 4032
ParentImage: C:\Program Files\Mozilla Firefox\firefox.exe
ParentCommandLine: ""C:\Program Files\Mozilla Firefox\firefox.exe"" -foreground",False
Microsoft-Windows-Sysmon_1_Match_02.json,Microsoft-Windows-Sysmon_1_Evasion_Cmdline_01.json,message,"Process Create:
RuleName: 
UtcTime: 2021-02-05 08:02:00.109
ProcessGuid: {19FC45AC-FB78-601C-0000-0010F8235A00}
ProcessId: 1588
Image: C:\Windows\System32\Macromed\Flash\FlashPlayerUpdateService.exe
FileVersion: 18,0,0,194
Description: Adobe® Flash® Player Update Service 18.0 r0
Product: Adobe® Flash® Player Update Service
Company: Adobe Systems Incorporated
OriginalFileName: ?
CommandLine: C:\Windows\system32\Macromed\Flash\FlashPlayerUpdateService.exe 
CurrentDirectory: C:\Windows\system32\
User: NT AUTHORITY\SYSTEM
LogonGuid: {19FC45AC-768F-601C-0000-0020E7030000}
LogonId: 0x3e7
TerminalSessionId: 0
IntegrityLevel: System
Hashes: MD5=1234A12B71DAE034E45C714AE5A54412,SHA256=079E6BC834F38322ED5ED76295EC3961ED894084EF5CB171DFFBD9B3822CC78D
ParentProcessGuid: {19FC45AC-FB77-601C-0000-001029225A00}
ParentProcessId: 2316
ParentImage: C:\Windows\System32\taskeng.exe
ParentCommandLine: taskeng.exe {E33B1641-D1CD-4FEC-9E92-B6E7DA2A47F9} S-1-5-18:NT AUTHORITY\System:Service:","Process Create:
RuleName: 
UtcTime: 2021-02-04 23:23:19.831
ProcessGuid: {19FC45AC-81E7-601C-0000-0010D8D71000}
ProcessId: 3792
Image: C:\Windows\System32\slui.exe
FileVersion: 6.1.7601.17514 (win7sp1_rtm.101119-1850)
Description: Windows Activation Client
Product: Microsoft® Windows® Operating System
Company: Microsoft Corporation
OriginalFileName: slui.exe
CommandLine: C:\Windows\System32\slui.exe -Embedding
CurrentDirectory: C:\Windows\system32\
User: BREACH\client3
LogonGuid: {19FC45AC-76E9-601C-0000-00202BF80000}
LogonId: 0xf82b
TerminalSessionId: 1
IntegrityLevel: Medium
Hashes: MD5=D861EB4D6719D6738270E6A376B87F18,SHA256=CB6FAAF9FFBC91A4F306A95D4472EE23715C91B06CE59394D6A5C23A4F4B9476
ParentProcessGuid: {19FC45AC-76E8-601C-0000-0010267C0000}
ParentProcessId: 580
ParentImage: C:\Windows\System32\svchost.exe
ParentCommandLine: C:\Windows\system32\svchost.exe -k DcomLaunch",False
Microsoft-Windows-Sysmon_1_Match_02.json,Microsoft-Windows-Sysmon_1_Evasion_Cmdline_02.json,message,"Process Create:
RuleName: 
UtcTime: 2021-02-04 22:31:00.343
ProcessGuid: {19FC45AC-75A4-601C-0000-0010A5B90300}
ProcessId: 3492
Image: C:\Program Files\Auditbeat\auditbeat.exe
FileVersion: ?
Description: ?
Product: ?
Company: ?
OriginalFileName: ?
CommandLine: ""C:\Program Files\Auditbeat\auditbeat.exe"" -c ""C:\Program Files\Auditbeat\auditbeat.yml"" -path.home ""C:\Program Files\Auditbeat"" -path.data ""C:\ProgramData\auditbeat"" -path.logs ""C:\ProgramData\auditbeat\logs"" -E logging.files.redirect_stderr=true
CurrentDirectory: C:\Windows\system32\
User: NT AUTHORITY\SYSTEM
LogonGuid: {19FC45AC-7528-601C-0000-0020E7030000}
LogonId: 0x3e7
TerminalSessionId: 0
IntegrityLevel: System
Hashes: MD5=71E9FB7C11FAE8552759EE46EC925C03,SHA256=1D9DCA436BFCDEC163A97F15ECC358CEB383545334E1BB3EA9B2A8675D29868D
ParentProcessGuid: {19FC45AC-7527-601C-0000-00104B610000}
ParentProcessId: 444
ParentImage: C:\Windows\System32\services.exe
ParentCommandLine: C:\Windows\system32\services.exe","Process Create:
RuleName: 
UtcTime: 2021-02-04 23:01:26.336
ProcessGuid: {19FC45AC-7CC6-601C-0000-0010AFB10D00}
ProcessId: 2316
Image: C:\Windows\System32\lpremove.exe
FileVersion: 6.1.7601.17514 (win7sp1_rtm.101119-1850)
Description: MUI Language pack cleanup
Product: Microsoft® Windows® Operating System
Company: Microsoft Corporation
OriginalFileName: lpremove.exe
CommandLine: C:\Windows\system32\lpremove.exe 
CurrentDirectory: C:\Windows\system32\
User: NT AUTHORITY\SYSTEM
LogonGuid: {19FC45AC-76E7-601C-0000-0020E7030000}
LogonId: 0x3e7
TerminalSessionId: 0
IntegrityLevel: System
Hashes: MD5=8C74DBDF501E081CC56BFE41FA8B17AE,SHA256=92755AAEEED6618850D9F396286641BDF1BBDE3CF22CCF3A0CB18EF6BDC23AE7
ParentProcessGuid: {19FC45AC-76E7-601C-0000-001081630000}
ParentProcessId: 440
ParentImage: C:\Windows\System32\services.exe
ParentCommandLine: C:\Windows\system32\services.exe",False
Microsoft-Windows-Sysmon_1_Match_02.json,Microsoft-Windows-Sysmon_1_Evasion_Cmdline_03.json,message,"Process Create:
RuleName: 
UtcTime: 2021-02-04 22:31:00.343
ProcessGuid: {19FC45AC-75A4-601C-0000-0010A5B90300}
ProcessId: 3492
Image: C:\Program Files\Auditbeat\auditbeat.exe
FileVersion: ?
Description: ?
Product: ?
Company: ?
OriginalFileName: ?
CommandLine: ""C:\Program Files\Auditbeat\auditbeat.exe"" -c ""C:\Program Files\Auditbeat\auditbeat.yml"" -path.home ""C:\Program Files\Auditbeat"" -path.data ""C:\ProgramData\auditbeat"" -path.logs ""C:\ProgramData\auditbeat\logs"" -E logging.files.redirect_stderr=true
CurrentDirectory: C:\Windows\system32\
User: NT AUTHORITY\SYSTEM
LogonGuid: {19FC45AC-7528-601C-0000-0020E7030000}
LogonId: 0x3e7
TerminalSessionId: 0
IntegrityLevel: System
Hashes: MD5=71E9FB7C11FAE8552759EE46EC925C03,SHA256=1D9DCA436BFCDEC163A97F15ECC358CEB383545334E1BB3EA9B2A8675D29868D
ParentProcessGuid: {19FC45AC-7527-601C-0000-00104B610000}
ParentProcessId: 444
ParentImage: C:\Windows\System32\services.exe
ParentCommandLine: C:\Windows\system32\services.exe","Process Create:
RuleName: 
UtcTime: 2021-02-04 22:28:07.796
ProcessGuid: {19FC45AC-74F7-601C-0000-001064570000}
ProcessId: 340
Image: C:\Windows\System32\smss.exe
FileVersion: 6.1.7601.18741 (win7sp1_gdr.150202-1526)
Description: Windows Session Manager
Product: Microsoft® Windows® Operating System
Company: Microsoft Corporation
OriginalFileName: smss.exe
CommandLine: \SystemRoot\System32\smss.exe 00000001 0000003c 
CurrentDirectory: C:\Windows\
User: NT AUTHORITY\SYSTEM
LogonGuid: {19FC45AC-74F8-601C-0000-0020E7030000}
LogonId: 0x3e7
TerminalSessionId: 1
IntegrityLevel: System
Hashes: MD5=01C6C743FE49D0FB3F0A1391FEF1DEB3,SHA256=36155638E650576A8BCAFC23C50483AB4B831D9A34C781DDF7CC89554D0546B7
ParentProcessGuid: {19FC45AC-74F6-601C-0000-00104E2F0000}
ParentProcessId: 236
ParentImage: C:\Windows\System32\smss.exe
ParentCommandLine: \SystemRoot\System32\smss.exe",False
Microsoft-Windows-Sysmon_1_Match_02.json,Microsoft-Windows-Sysmon_1_Evasion_Cmdline_01.json,message,"Process Create:
RuleName: 
UtcTime: 2021-02-04 22:31:00.343
ProcessGuid: {19FC45AC-75A4-601C-0000-0010A5B90300}
ProcessId: 3492
Image: C:\Program Files\Auditbeat\auditbeat.exe
FileVersion: ?
Description: ?
Product: ?
Company: ?
OriginalFileName: ?
CommandLine: ""C:\Program Files\Auditbeat\auditbeat.exe"" -c ""C:\Program Files\Auditbeat\auditbeat.yml"" -path.home ""C:\Program Files\Auditbeat"" -path.data ""C:\ProgramData\auditbeat"" -path.logs ""C:\ProgramData\auditbeat\logs"" -E logging.files.redirect_stderr=true
CurrentDirectory: C:\Windows\system32\
User: NT AUTHORITY\SYSTEM
LogonGuid: {19FC45AC-7528-601C-0000-0020E7030000}
LogonId: 0x3e7
TerminalSessionId: 0
IntegrityLevel: System
Hashes: MD5=71E9FB7C11FAE8552759EE46EC925C03,SHA256=1D9DCA436BFCDEC163A97F15ECC358CEB383545334E1BB3EA9B2A8675D29868D
ParentProcessGuid: {19FC45AC-7527-601C-0000-00104B610000}
ParentProcessId: 444
ParentImage: C:\Windows\System32\services.exe
ParentCommandLine: C:\Windows\system32\services.exe","Process Create:
RuleName: 
UtcTime: 2021-02-04 22:27:21.828
ProcessGuid: {19FC45AC-74C9-601C-0000-001013B40100}
ProcessId: 1900
Image: C:\Program Files\Python35-32\python.exe
FileVersion: 3.5.2
Description: Python
Product: Python
Company: Python Software Foundation
OriginalFileName: python.exe
CommandLine: ""C:\Program Files\Python35-32\python.exe"" ""C:\BREACH\create_filing_dir.py"" 
CurrentDirectory: C:\BREACH\
User: client\setup
LogonGuid: {19FC45AC-74C5-601C-0000-002089FB0000}
LogonId: 0xfb89
TerminalSessionId: 1
IntegrityLevel: High
Hashes: MD5=EDC79826E21859E93A875DFC087606C5,SHA256=D61DDEA87B2483612CAEB0F3514AEE3E60237D5F3880F49512C834539462742E
ParentProcessGuid: {19FC45AC-74C9-601C-0000-0010B6980100}
ParentProcessId: 1816
ParentImage: C:\Windows\py.exe
ParentCommandLine: ""C:\Windows\py.exe"" ""C:\BREACH\create_filing_dir.py"" ",False
Microsoft-Windows-Sysmon_1_Match_02.json,Microsoft-Windows-Sysmon_1_Evasion_Cmdline_02.json,message,"Process Create:
RuleName: 
UtcTime: 2021-02-04 20:11:01.781
ProcessGuid: {19FC45AC-54D5-601C-0000-0010BF990A00}
ProcessId: 1464
Image: C:\Windows\System32\sc.exe
FileVersion: 6.1.7600.16385 (win7_rtm.090713-1255)
Description: A tool to aid in developing services for WindowsNT
Product: Microsoft® Windows® Operating System
Company: Microsoft Corporation
OriginalFileName: sc.exe
CommandLine: C:\Windows\system32\sc.exe start w32time task_started
CurrentDirectory: C:\Windows\system32\
User: NT AUTHORITY\LOCAL SERVICE
LogonGuid: {19FC45AC-4599-601C-0000-0020E5030000}
LogonId: 0x3e5
TerminalSessionId: 0
IntegrityLevel: System
Hashes: MD5=D2F7A0ADC2EE0F65AB1F19D2E00C16B8,SHA256=1C2EC0BB83D2AD3F53B0706C46A2604F81F2FC2AFDCF43BE5914CC8F509DD48C
ParentProcessGuid: {19FC45AC-4598-601C-0000-00100D610000}
ParentProcessId: 444
ParentImage: C:\Windows\System32\services.exe
ParentCommandLine: C:\Windows\system32\services.exe","Process Create:
RuleName: 
UtcTime: 2021-02-04 22:36:23.015
ProcessGuid: {19FC45AC-76E7-601C-0000-001085440000}
ProcessId: 296
Image: C:\Windows\System32\smss.exe
FileVersion: 6.1.7601.18741 (win7sp1_gdr.150202-1526)
Description: Windows Session Manager
Product: Microsoft® Windows® Operating System
Company: Microsoft Corporation
OriginalFileName: smss.exe
CommandLine: \SystemRoot\System32\smss.exe 00000000 0000003c 
CurrentDirectory: C:\Windows\
User: NT AUTHORITY\SYSTEM
LogonGuid: {19FC45AC-76E7-601C-0000-0020E7030000}
LogonId: 0x3e7
TerminalSessionId: 0
IntegrityLevel: System
Hashes: MD5=01C6C743FE49D0FB3F0A1391FEF1DEB3,SHA256=36155638E650576A8BCAFC23C50483AB4B831D9A34C781DDF7CC89554D0546B7
ParentProcessGuid: {19FC45AC-76E6-601C-0000-0010502F0000}
ParentProcessId: 236
ParentImage: C:\Windows\System32\smss.exe
ParentCommandLine: \SystemRoot\System32\smss.exe",False
Microsoft-Windows-Sysmon_1_Match_02.json,Microsoft-Windows-Sysmon_1_Evasion_Cmdline_03.json,message,"Process Create:
RuleName: 
UtcTime: 2021-02-04 20:11:01.781
ProcessGuid: {19FC45AC-54D5-601C-0000-0010BF990A00}
ProcessId: 1464
Image: C:\Windows\System32\sc.exe
FileVersion: 6.1.7600.16385 (win7_rtm.090713-1255)
Description: A tool to aid in developing services for WindowsNT
Product: Microsoft® Windows® Operating System
Company: Microsoft Corporation
OriginalFileName: sc.exe
CommandLine: C:\Windows\system32\sc.exe start w32time task_started
CurrentDirectory: C:\Windows\system32\
User: NT AUTHORITY\LOCAL SERVICE
LogonGuid: {19FC45AC-4599-601C-0000-0020E5030000}
LogonId: 0x3e5
TerminalSessionId: 0
IntegrityLevel: System
Hashes: MD5=D2F7A0ADC2EE0F65AB1F19D2E00C16B8,SHA256=1C2EC0BB83D2AD3F53B0706C46A2604F81F2FC2AFDCF43BE5914CC8F509DD48C
ParentProcessGuid: {19FC45AC-4598-601C-0000-00100D610000}
ParentProcessId: 444
ParentImage: C:\Windows\System32\services.exe
ParentCommandLine: C:\Windows\system32\services.exe","Process Create:
RuleName: 
UtcTime: 2021-02-04 22:34:55.515
ProcessGuid: {19FC45AC-768F-601C-0000-0010E15C0000}
ProcessId: 384
Image: C:\Windows\System32\winlogon.exe
FileVersion: 6.1.7601.17514 (win7sp1_rtm.101119-1850)
Description: Windows Logon Application
Product: Microsoft® Windows® Operating System
Company: Microsoft Corporation
OriginalFileName: WINLOGON.EXE
CommandLine: winlogon.exe
CurrentDirectory: C:\Windows\system32
User: NT AUTHORITY\SYSTEM
LogonGuid: {19FC45AC-768F-601C-0000-0020E7030000}
LogonId: 0x3e7
TerminalSessionId: 1
IntegrityLevel: System
Hashes: MD5=6D13E1406F50C66E2A95D97F22C47560,SHA256=BE40E84A824CB201F9C54DB4F860F3937630FDA3423940D44FCF4AC5DFF44271
ParentProcessGuid: {19FC45AC-768F-601C-0000-001033590000}
ParentProcessId: 340
ParentImage: C:\Windows\System32\smss.exe
ParentCommandLine: \SystemRoot\System32\smss.exe 00000001 0000003c ",False
Microsoft-Windows-Sysmon_1_Match_02.json,Microsoft-Windows-Sysmon_1_Evasion_Cmdline_01.json,message,"Process Create:
RuleName: 
UtcTime: 2021-02-04 20:11:01.781
ProcessGuid: {19FC45AC-54D5-601C-0000-0010BF990A00}
ProcessId: 1464
Image: C:\Windows\System32\sc.exe
FileVersion: 6.1.7600.16385 (win7_rtm.090713-1255)
Description: A tool to aid in developing services for WindowsNT
Product: Microsoft® Windows® Operating System
Company: Microsoft Corporation
OriginalFileName: sc.exe
CommandLine: C:\Windows\system32\sc.exe start w32time task_started
CurrentDirectory: C:\Windows\system32\
User: NT AUTHORITY\LOCAL SERVICE
LogonGuid: {19FC45AC-4599-601C-0000-0020E5030000}
LogonId: 0x3e5
TerminalSessionId: 0
IntegrityLevel: System
Hashes: MD5=D2F7A0ADC2EE0F65AB1F19D2E00C16B8,SHA256=1C2EC0BB83D2AD3F53B0706C46A2604F81F2FC2AFDCF43BE5914CC8F509DD48C
ParentProcessGuid: {19FC45AC-4598-601C-0000-00100D610000}
ParentProcessId: 444
ParentImage: C:\Windows\System32\services.exe
ParentCommandLine: C:\Windows\system32\services.exe","Process Create:
RuleName: 
UtcTime: 2021-02-04 22:34:58.250
ProcessGuid: {19FC45AC-7692-601C-0000-0010027D0100}
ProcessId: 1740
Image: C:\Program Files\Python35-32\python.exe
FileVersion: 3.5.2
Description: Python
Product: Python
Company: Python Software Foundation
OriginalFileName: python.exe
CommandLine: ""C:\Program Files\Python35-32\python.exe"" ""C:\BREACH\create_filing_dir.py"" 
CurrentDirectory: C:\BREACH\
User: BREACH\client1
LogonGuid: {19FC45AC-7690-601C-0000-002053FB0000}
LogonId: 0xfb53
TerminalSessionId: 1
IntegrityLevel: Medium
Hashes: MD5=EDC79826E21859E93A875DFC087606C5,SHA256=D61DDEA87B2483612CAEB0F3514AEE3E60237D5F3880F49512C834539462742E
ParentProcessGuid: {19FC45AC-7692-601C-0000-001044630100}
ParentProcessId: 1612
ParentImage: C:\Windows\py.exe
ParentCommandLine: ""C:\Windows\py.exe"" ""C:\BREACH\create_filing_dir.py"" ",False
Microsoft-Windows-Sysmon_1_Match_02.json,Microsoft-Windows-Sysmon_1_Evasion_Cmdline_02.json,message,"Process Create:
RuleName: 
UtcTime: 2021-02-04 22:30:20.080
ProcessGuid: {19FC45AC-757C-601C-0000-00108A6C0300}
ProcessId: 2844
Image: C:\Program Files\Mozilla Firefox\firefox.exe
FileVersion: 38.0.5
Description: Firefox
Product: Firefox
Company: Mozilla Corporation
OriginalFileName: firefox.exe
CommandLine: ""C:\Program Files\Mozilla Firefox\firefox.exe"" -foreground
CurrentDirectory: C:\BREACH\
User: BREACH\client2
LogonGuid: {19FC45AC-7540-601C-0000-00208F5B0200}
LogonId: 0x25b8f
TerminalSessionId: 1
IntegrityLevel: Medium
Hashes: MD5=923FE895B22B22A9CA03C72F3D15CE20,SHA256=98B7F5B40C557775CD645CA69B788FE4A3DEAE25CDB6E5DD4FB94DB1BDC10969
ParentProcessGuid: {19FC45AC-7542-601C-0000-00100CD80200}
ParentProcessId: 2432
ParentImage: C:\Program Files\Python35-32\python.exe
ParentCommandLine: python C:\BREACH\userbehavior.pex --use-breach-setup","Process Create:
RuleName: 
UtcTime: 2021-02-04 20:34:49.227
ProcessGuid: {19FC45AC-5A69-601C-0000-001089681000}
ProcessId: 3212
Image: C:\Windows\System32\rundll32.exe
FileVersion: 6.1.7600.16385 (win7_rtm.090713-1255)
Description: Windows host process (Rundll32)
Product: Microsoft® Windows® Operating System
Company: Microsoft Corporation
OriginalFileName: RUNDLL32.EXE
CommandLine: ""C:\Windows\system32\rundll32.exe"" C:\Windows\system32\shell32.dll,OpenAs_RunDLL C:\ProgramData\winlogbeat\logs\winlogbeat
CurrentDirectory: C:\ProgramData\winlogbeat\logs\
User: client\breach
LogonGuid: {19FC45AC-53AD-601C-0000-002012560200}
LogonId: 0x25612
TerminalSessionId: 1
IntegrityLevel: High
Hashes: MD5=51138BEEA3E2C21EC44D0932C71762A8,SHA256=5AD3C37E6F2B9DB3EE8B5AEEDC474645DE90C66E3D95F8620C48102F1EBA4124
ParentProcessGuid: {19FC45AC-53AF-601C-0000-0010E7660300}
ParentProcessId: 1876
ParentImage: C:\Windows\explorer.exe
ParentCommandLine: C:\Windows\Explorer.EXE",False
Microsoft-Windows-Sysmon_1_Match_02.json,Microsoft-Windows-Sysmon_1_Evasion_Cmdline_03.json,message,"Process Create:
