RuleName: 
UtcTime: 2021-02-04 22:36:14.000
ProcessGuid: {19FC45AC-76DE-601C-0000-001011990100}
ProcessId: 1948
Image: C:\Windows\System32\ipconfig.exe
FileVersion: 6.1.7600.16385 (win7_rtm.090713-1255)
Description: IP Configuration Utility
Product: Microsoft® Windows® Operating System
Company: Microsoft Corporation
OriginalFileName: ipconfig.exe
CommandLine: ipconfig /all
CurrentDirectory: C:\BREACH\
User: BREACH\client2
LogonGuid: {19FC45AC-76D9-601C-0000-002027FB0000}
LogonId: 0xfb27
TerminalSessionId: 1
IntegrityLevel: Medium
Hashes: MD5=CABB20E171770FF64614A54C1F31C033,SHA256=C0E3087D87C84776FE7FFCA768A0793C02D28E34A821F0C9DA32339AF8E7E6A6
ParentProcessGuid: {19FC45AC-76DD-601C-0000-0010278A0100}
ParentProcessId: 1888
ParentImage: C:\Program Files\Python35-32\python.exe
ParentCommandLine: ""C:\Program Files\Python35-32\python.exe"" ""C:\BREACH\init_tbf_client.py"" ",False
Microsoft-Windows-Sysmon_1_Match_02.json,Microsoft-Windows-Sysmon_1_Evasion_Cmdline_02.json,message,"Process Create:
RuleName: 
UtcTime: 2021-02-04 22:28:06.625
ProcessGuid: {19FC45AC-74F6-601C-0000-0010C6550000}
ProcessId: 312
Image: C:\Windows\System32\csrss.exe
FileVersion: 6.1.7600.16385 (win7_rtm.090713-1255)
Description: Client Server Runtime Process
Product: Microsoft® Windows® Operating System
Company: Microsoft Corporation
OriginalFileName: CSRSS.Exe
CommandLine: %%SystemRoot%%\system32\csrss.exe ObjectDirectory=\Windows SharedSection=1024,12288,512 Windows=On SubSystemType=Windows ServerDll=basesrv,1 ServerDll=winsrv:UserServerDllInitialization,3 ServerDll=winsrv:ConServerDllInitialization,2 ServerDll=sxssrv,4 ProfileControl=Off MaxRequestThreads=16
CurrentDirectory: C:\Windows\system32
User: NT AUTHORITY\SYSTEM
LogonGuid: {19FC45AC-74F7-601C-0000-0020E7030000}
LogonId: 0x3e7
TerminalSessionId: 0
IntegrityLevel: System
Hashes: MD5=342271F6142E7C70805B8A81E1BA5F5C,SHA256=F9112B88FEC5EF10A7AEDF88DCEE61956D1FCDE7CB42197216E8265578713786
ParentProcessGuid: {19FC45AC-74F6-601C-0000-0010A1440000}
ParentProcessId: 296
ParentImage: C:\Windows\System32\smss.exe
ParentCommandLine: \SystemRoot\System32\smss.exe 00000000 0000003c ","Process Create:
RuleName: 
UtcTime: 2021-02-04 22:36:31.293
ProcessGuid: {19FC45AC-76EF-601C-0000-001062DD0100}
ProcessId: 1504
Image: C:\Program Files\Mozilla Firefox\firefox.exe
FileVersion: 38.0.5
Description: Firefox
Product: Firefox
Company: Mozilla Corporation
OriginalFileName: firefox.exe
CommandLine: ""C:\Program Files\Mozilla Firefox\firefox.exe"" -foreground
CurrentDirectory: C:\BREACH\
User: BREACH\client3
LogonGuid: {19FC45AC-76E9-601C-0000-00202BF80000}
LogonId: 0xf82b
TerminalSessionId: 1
IntegrityLevel: Medium
Hashes: MD5=923FE895B22B22A9CA03C72F3D15CE20,SHA256=98B7F5B40C557775CD645CA69B788FE4A3DEAE25CDB6E5DD4FB94DB1BDC10969
ParentProcessGuid: {19FC45AC-76ED-601C-0000-00106C960100}
ParentProcessId: 1960
ParentImage: C:\Program Files\Python35-32\python.exe
ParentCommandLine: python C:\BREACH\userbehavior.pex --use-breach-setup",False
Microsoft-Windows-Sysmon_1_Match_02.json,Microsoft-Windows-Sysmon_1_Evasion_Cmdline_03.json,message,"Process Create:
RuleName: 
UtcTime: 2021-02-04 22:28:06.625
ProcessGuid: {19FC45AC-74F6-601C-0000-0010C6550000}
ProcessId: 312
Image: C:\Windows\System32\csrss.exe
FileVersion: 6.1.7600.16385 (win7_rtm.090713-1255)
Description: Client Server Runtime Process
Product: Microsoft® Windows® Operating System
Company: Microsoft Corporation
OriginalFileName: CSRSS.Exe
CommandLine: %%SystemRoot%%\system32\csrss.exe ObjectDirectory=\Windows SharedSection=1024,12288,512 Windows=On SubSystemType=Windows ServerDll=basesrv,1 ServerDll=winsrv:UserServerDllInitialization,3 ServerDll=winsrv:ConServerDllInitialization,2 ServerDll=sxssrv,4 ProfileControl=Off MaxRequestThreads=16
CurrentDirectory: C:\Windows\system32
User: NT AUTHORITY\SYSTEM
LogonGuid: {19FC45AC-74F7-601C-0000-0020E7030000}
LogonId: 0x3e7
TerminalSessionId: 0
IntegrityLevel: System
Hashes: MD5=342271F6142E7C70805B8A81E1BA5F5C,SHA256=F9112B88FEC5EF10A7AEDF88DCEE61956D1FCDE7CB42197216E8265578713786
ParentProcessGuid: {19FC45AC-74F6-601C-0000-0010A1440000}
ParentProcessId: 296
ParentImage: C:\Windows\System32\smss.exe
ParentCommandLine: \SystemRoot\System32\smss.exe 00000000 0000003c ","Process Create:
RuleName: 
UtcTime: 2021-02-04 22:28:17.437
ProcessGuid: {19FC45AC-7501-601C-0000-0010CF860200}
ProcessId: 2092
Image: C:\Program Files\NetTime\NetTime.exe
FileVersion: 3.1.4.220
Description: Network Time Synchronizer
Product: NetTime
Company: 
OriginalFileName: NetTime.exe
CommandLine: ""C:\Program Files\NetTime\NetTime.exe"" 
CurrentDirectory: C:\Windows\system32\
User: CLIENT1\setup
LogonGuid: {19FC45AC-7500-601C-0000-0020BA3C0200}
LogonId: 0x23cba
TerminalSessionId: 1
IntegrityLevel: High
Hashes: MD5=60B65F97C12BA30CD36450D376227C02,SHA256=D06598F2F203CEC7A7A3857F727BC2BA457C1C0CEF2787B90CE553407FBF8536
ParentProcessGuid: {19FC45AC-7500-601C-0000-00100B520200}
ParentProcessId: 1564
ParentImage: C:\Windows\explorer.exe
ParentCommandLine: C:\Windows\Explorer.EXE",False
Microsoft-Windows-Sysmon_1_Match_02.json,Microsoft-Windows-Sysmon_1_Evasion_Cmdline_06.json,message,"Process Create:
RuleName: 
UtcTime: 2021-02-04 22:28:06.625
ProcessGuid: {19FC45AC-74F6-601C-0000-0010C6550000}
ProcessId: 312
Image: C:\Windows\System32\csrss.exe
FileVersion: 6.1.7600.16385 (win7_rtm.090713-1255)
Description: Client Server Runtime Process
Product: Microsoft® Windows® Operating System
Company: Microsoft Corporation
OriginalFileName: CSRSS.Exe
CommandLine: %%SystemRoot%%\system32\csrss.exe ObjectDirectory=\Windows SharedSection=1024,12288,512 Windows=On SubSystemType=Windows ServerDll=basesrv,1 ServerDll=winsrv:UserServerDllInitialization,3 ServerDll=winsrv:ConServerDllInitialization,2 ServerDll=sxssrv,4 ProfileControl=Off MaxRequestThreads=16
CurrentDirectory: C:\Windows\system32
User: NT AUTHORITY\SYSTEM
LogonGuid: {19FC45AC-74F7-601C-0000-0020E7030000}
LogonId: 0x3e7
TerminalSessionId: 0
IntegrityLevel: System
Hashes: MD5=342271F6142E7C70805B8A81E1BA5F5C,SHA256=F9112B88FEC5EF10A7AEDF88DCEE61956D1FCDE7CB42197216E8265578713786
ParentProcessGuid: {19FC45AC-74F6-601C-0000-0010A1440000}
ParentProcessId: 296
ParentImage: C:\Windows\System32\smss.exe
ParentCommandLine: \SystemRoot\System32\smss.exe 00000000 0000003c ","Process Create:
RuleName: 
UtcTime: 2021-02-04 21:06:01.422
ProcessGuid: {19FC45AC-61B9-601C-0000-0010602A1400}
ProcessId: 244
Image: C:\Windows\explorer.exe
FileVersion: 6.1.7601.17514 (win7sp1_rtm.101119-1850)
Description: Windows Explorer
Product: Microsoft® Windows® Operating System
Company: Microsoft Corporation
OriginalFileName: EXPLORER.EXE
CommandLine: ""C:\Windows\explorer.exe"" 
CurrentDirectory: C:\Windows\system32\
User: client\breach
LogonGuid: {19FC45AC-53AD-601C-0000-002012560200}
LogonId: 0x25612
TerminalSessionId: 1
IntegrityLevel: High
Hashes: MD5=40D777B7A95E00593EB1568C68514493,SHA256=0A8CE026714E03E72C619307BD598ADD5F9B639CFD91437CB8D9C847BF9F6894
ParentProcessGuid: {19FC45AC-53AF-601C-0000-0010E7660300}
ParentProcessId: 1876
ParentImage: C:\Windows\explorer.exe
ParentCommandLine: C:\Windows\Explorer.EXE",False
Microsoft-Windows-Sysmon_1_Match_02.json,Microsoft-Windows-Sysmon_1_Evasion_Cmdline_04.json,message,"Process Create:
RuleName: 
UtcTime: 2021-02-04 22:28:06.625
ProcessGuid: {19FC45AC-74F6-601C-0000-0010C6550000}
ProcessId: 312
Image: C:\Windows\System32\csrss.exe
FileVersion: 6.1.7600.16385 (win7_rtm.090713-1255)
Description: Client Server Runtime Process
Product: Microsoft® Windows® Operating System
Company: Microsoft Corporation
OriginalFileName: CSRSS.Exe
CommandLine: %%SystemRoot%%\system32\csrss.exe ObjectDirectory=\Windows SharedSection=1024,12288,512 Windows=On SubSystemType=Windows ServerDll=basesrv,1 ServerDll=winsrv:UserServerDllInitialization,3 ServerDll=winsrv:ConServerDllInitialization,2 ServerDll=sxssrv,4 ProfileControl=Off MaxRequestThreads=16
CurrentDirectory: C:\Windows\system32
User: NT AUTHORITY\SYSTEM
LogonGuid: {19FC45AC-74F7-601C-0000-0020E7030000}
LogonId: 0x3e7
TerminalSessionId: 0
IntegrityLevel: System
Hashes: MD5=342271F6142E7C70805B8A81E1BA5F5C,SHA256=F9112B88FEC5EF10A7AEDF88DCEE61956D1FCDE7CB42197216E8265578713786
ParentProcessGuid: {19FC45AC-74F6-601C-0000-0010A1440000}
ParentProcessId: 296
ParentImage: C:\Windows\System32\smss.exe
ParentCommandLine: \SystemRoot\System32\smss.exe 00000000 0000003c ","Process Create:
RuleName: 
UtcTime: 2021-02-04 22:34:57.296
ProcessGuid: {19FC45AC-7691-601C-0000-00104E160100}
ProcessId: 1324
Image: C:\Windows\System32\taskhost.exe
FileVersion: 6.1.7601.17514 (win7sp1_rtm.101119-1850)
Description: Host Process for Windows Tasks
Product: Microsoft® Windows® Operating System
Company: Microsoft Corporation
OriginalFileName: taskhost.exe
CommandLine: ""taskhost.exe""
CurrentDirectory: C:\Windows\system32\
User: BREACH\client1
LogonGuid: {19FC45AC-7690-601C-0000-002053FB0000}
LogonId: 0xfb53
TerminalSessionId: 1
IntegrityLevel: Medium
Hashes: MD5=7FA8BA5A780E4757964AC9D4238302B9,SHA256=65E3D8CE737896647065103FBB4D58E6A34171D0A48662A832CFDAC3CF469701
ParentProcessGuid: {19FC45AC-768F-601C-0000-0010EE630000}
ParentProcessId: 440
ParentImage: C:\Windows\System32\services.exe
ParentCommandLine: C:\Windows\system32\services.exe",False
Microsoft-Windows-Sysmon_1_Match_02.json,Microsoft-Windows-Sysmon_1_Evasion_Cmdline_01.json,message,"Process Create:
RuleName: 
UtcTime: 2021-02-04 22:28:06.625
ProcessGuid: {19FC45AC-74F6-601C-0000-0010C6550000}
ProcessId: 312
Image: C:\Windows\System32\csrss.exe
FileVersion: 6.1.7600.16385 (win7_rtm.090713-1255)
Description: Client Server Runtime Process
Product: Microsoft® Windows® Operating System
Company: Microsoft Corporation
OriginalFileName: CSRSS.Exe
CommandLine: %%SystemRoot%%\system32\csrss.exe ObjectDirectory=\Windows SharedSection=1024,12288,512 Windows=On SubSystemType=Windows ServerDll=basesrv,1 ServerDll=winsrv:UserServerDllInitialization,3 ServerDll=winsrv:ConServerDllInitialization,2 ServerDll=sxssrv,4 ProfileControl=Off MaxRequestThreads=16
CurrentDirectory: C:\Windows\system32
User: NT AUTHORITY\SYSTEM
LogonGuid: {19FC45AC-74F7-601C-0000-0020E7030000}
LogonId: 0x3e7
TerminalSessionId: 0
IntegrityLevel: System
Hashes: MD5=342271F6142E7C70805B8A81E1BA5F5C,SHA256=F9112B88FEC5EF10A7AEDF88DCEE61956D1FCDE7CB42197216E8265578713786
ParentProcessGuid: {19FC45AC-74F6-601C-0000-0010A1440000}
ParentProcessId: 296
ParentImage: C:\Windows\System32\smss.exe
ParentCommandLine: \SystemRoot\System32\smss.exe 00000000 0000003c ","Process Create:
RuleName: 
UtcTime: 2021-02-04 22:27:20.828
ProcessGuid: {19FC45AC-74C8-601C-0000-001039520100}
ProcessId: 1608
Image: C:\Program Files\NetTime\NetTimeService.exe
FileVersion: 3.1.4.220
Description: Network Time Synchronizer - NT Service
Product: NetTime
Company: 
OriginalFileName: NetTimeService.exe
CommandLine: ""C:\Program Files\NetTime\NetTimeService.exe""
CurrentDirectory: C:\Windows\system32\
User: NT AUTHORITY\SYSTEM
LogonGuid: {19FC45AC-74C4-601C-0000-0020E7030000}
LogonId: 0x3e7
TerminalSessionId: 0
IntegrityLevel: System
Hashes: MD5=94C08DF0F07C509D99FEA7CFC486C335,SHA256=0AAE40D7B5D57AED2A897161601A08123E64088033B03527DC1BA2B55E7A4E9A
ParentProcessGuid: {19FC45AC-74C4-601C-0000-001068630000}
ParentProcessId: 444
ParentImage: C:\Windows\System32\services.exe
ParentCommandLine: C:\Windows\system32\services.exe",False
Microsoft-Windows-Sysmon_1_Match_02.json,Microsoft-Windows-Sysmon_1_Evasion_Cmdline_05.json,message,"Process Create:
RuleName: 
UtcTime: 2021-02-04 22:28:06.625
ProcessGuid: {19FC45AC-74F6-601C-0000-0010C6550000}
ProcessId: 312
Image: C:\Windows\System32\csrss.exe
FileVersion: 6.1.7600.16385 (win7_rtm.090713-1255)
Description: Client Server Runtime Process
Product: Microsoft® Windows® Operating System
Company: Microsoft Corporation
OriginalFileName: CSRSS.Exe
CommandLine: %%SystemRoot%%\system32\csrss.exe ObjectDirectory=\Windows SharedSection=1024,12288,512 Windows=On SubSystemType=Windows ServerDll=basesrv,1 ServerDll=winsrv:UserServerDllInitialization,3 ServerDll=winsrv:ConServerDllInitialization,2 ServerDll=sxssrv,4 ProfileControl=Off MaxRequestThreads=16
CurrentDirectory: C:\Windows\system32
User: NT AUTHORITY\SYSTEM
LogonGuid: {19FC45AC-74F7-601C-0000-0020E7030000}
LogonId: 0x3e7
TerminalSessionId: 0
IntegrityLevel: System
Hashes: MD5=342271F6142E7C70805B8A81E1BA5F5C,SHA256=F9112B88FEC5EF10A7AEDF88DCEE61956D1FCDE7CB42197216E8265578713786
ParentProcessGuid: {19FC45AC-74F6-601C-0000-0010A1440000}
ParentProcessId: 296
ParentImage: C:\Windows\System32\smss.exe
ParentCommandLine: \SystemRoot\System32\smss.exe 00000000 0000003c ","Process Create:
RuleName: 
UtcTime: 2021-02-04 22:36:08.640
ProcessGuid: {19FC45AC-76D8-601C-0000-0010907C0000}
ProcessId: 576
Image: C:\Windows\System32\svchost.exe
FileVersion: 6.1.7600.16385 (win7_rtm.090713-1255)
Description: Host Process for Windows Services
Product: Microsoft® Windows® Operating System
Company: Microsoft Corporation
OriginalFileName: svchost.exe
CommandLine: C:\Windows\system32\svchost.exe -k DcomLaunch
CurrentDirectory: C:\Windows\system32\
User: NT AUTHORITY\SYSTEM
LogonGuid: {19FC45AC-76D8-601C-0000-0020E7030000}
LogonId: 0x3e7
TerminalSessionId: 0
IntegrityLevel: System
Hashes: MD5=54A47F6B5E09A77E61649109C6A08866,SHA256=121118A0F5E0E8C933EFD28C9901E54E42792619A8A3A6D11E1F0025A7324BC2
ParentProcessGuid: {19FC45AC-76D8-601C-0000-0010F1630000}
ParentProcessId: 444
ParentImage: C:\Windows\System32\services.exe
ParentCommandLine: C:\Windows\system32\services.exe",False
Microsoft-Windows-Sysmon_1_Match_02.json,Microsoft-Windows-Sysmon_1_Evasion_Cmdline_02.json,message,"Process Create:
RuleName: 
UtcTime: 2021-02-04 22:29:01.906
ProcessGuid: {19FC45AC-752D-601C-0000-001032610000}
ProcessId: 444
Image: C:\Windows\System32\services.exe
FileVersion: 6.1.7600.16385 (win7_rtm.090713-1255)
Description: Services and Controller app
Product: Microsoft® Windows® Operating System
Company: Microsoft Corporation
OriginalFileName: services.exe
CommandLine: C:\Windows\system32\services.exe
CurrentDirectory: C:\Windows\system32\
User: NT AUTHORITY\SYSTEM
LogonGuid: {19FC45AC-752E-601C-0000-0020E7030000}
LogonId: 0x3e7
TerminalSessionId: 0
IntegrityLevel: System
Hashes: MD5=5F1B6A9C35D3D5CA72D6D6FDEF9747D6,SHA256=D7BC4ED605B32274B45328FD9914FB0E7B90D869A38F0E6F94FB1BF4E9E2B407
ParentProcessGuid: {19FC45AC-752D-601C-0000-0010BB570000}
ParentProcessId: 348
ParentImage: C:\Windows\System32\wininit.exe
ParentCommandLine: wininit.exe","Process Create:
RuleName: 
UtcTime: 2021-02-04 22:36:24.765
ProcessGuid: {19FC45AC-76E8-601C-0000-00102FEF0000}
ProcessId: 1000
Image: C:\Windows\System32\svchost.exe
FileVersion: 6.1.7600.16385 (win7_rtm.090713-1255)
Description: Host Process for Windows Services
Product: Microsoft® Windows® Operating System
Company: Microsoft Corporation
OriginalFileName: svchost.exe
CommandLine: C:\Windows\system32\svchost.exe -k LocalService
CurrentDirectory: C:\Windows\system32\
User: NT AUTHORITY\LOCAL SERVICE
LogonGuid: {19FC45AC-76E8-601C-0000-0020E5030000}
LogonId: 0x3e5
TerminalSessionId: 0
IntegrityLevel: System
Hashes: MD5=54A47F6B5E09A77E61649109C6A08866,SHA256=121118A0F5E0E8C933EFD28C9901E54E42792619A8A3A6D11E1F0025A7324BC2
ParentProcessGuid: {19FC45AC-76E7-601C-0000-001081630000}
ParentProcessId: 440
ParentImage: C:\Windows\System32\services.exe
ParentCommandLine: C:\Windows\system32\services.exe",False
Microsoft-Windows-Sysmon_1_Match_02.json,Microsoft-Windows-Sysmon_1_Evasion_Cmdline_03.json,message,"Process Create:
RuleName: 
UtcTime: 2021-02-04 22:29:01.906
ProcessGuid: {19FC45AC-752D-601C-0000-001032610000}
ProcessId: 444
Image: C:\Windows\System32\services.exe
FileVersion: 6.1.7600.16385 (win7_rtm.090713-1255)
Description: Services and Controller app
Product: Microsoft® Windows® Operating System
Company: Microsoft Corporation
OriginalFileName: services.exe
CommandLine: C:\Windows\system32\services.exe
CurrentDirectory: C:\Windows\system32\
User: NT AUTHORITY\SYSTEM
LogonGuid: {19FC45AC-752E-601C-0000-0020E7030000}
LogonId: 0x3e7
TerminalSessionId: 0
IntegrityLevel: System
Hashes: MD5=5F1B6A9C35D3D5CA72D6D6FDEF9747D6,SHA256=D7BC4ED605B32274B45328FD9914FB0E7B90D869A38F0E6F94FB1BF4E9E2B407
ParentProcessGuid: {19FC45AC-752D-601C-0000-0010BB570000}
ParentProcessId: 348
ParentImage: C:\Windows\System32\wininit.exe
ParentCommandLine: wininit.exe","Process Create:
RuleName: 
UtcTime: 2021-02-04 22:27:23.609
ProcessGuid: {19FC45AC-74CB-601C-0000-001057E00100}
ProcessId: 876
Image: C:\Windows\System32\wbem\unsecapp.exe
FileVersion: 10.0.14409.1005 (rs1_srvoob.161208-1155)
Description: Sink to receive asynchronous callbacks for WMI client application
Product: Microsoft® Windows® Operating System
Company: Microsoft Corporation
OriginalFileName: unsecapp.dll
CommandLine: C:\Windows\system32\wbem\unsecapp.exe -Embedding
CurrentDirectory: C:\Windows\system32\
User: NT AUTHORITY\SYSTEM
LogonGuid: {19FC45AC-74C4-601C-0000-0020E7030000}
LogonId: 0x3e7
TerminalSessionId: 0
IntegrityLevel: System
Hashes: MD5=91FED64CC1898029441C31A98B1B8FE4,SHA256=608D4EBBA90FD2ED66BBDF392898DF10A302F884E8ECB8D6F5BC8FAB99ACCB4E
ParentProcessGuid: {19FC45AC-74C5-601C-0000-0010067A0000}
ParentProcessId: 568
ParentImage: C:\Windows\System32\svchost.exe
ParentCommandLine: C:\Windows\system32\svchost.exe -k DcomLaunch",False
Microsoft-Windows-Sysmon_1_Match_02.json,Microsoft-Windows-Sysmon_1_Evasion_Cmdline_01.json,message,"Process Create:
RuleName: 
UtcTime: 2021-02-04 22:29:01.906
ProcessGuid: {19FC45AC-752D-601C-0000-001032610000}
ProcessId: 444
Image: C:\Windows\System32\services.exe
FileVersion: 6.1.7600.16385 (win7_rtm.090713-1255)
Description: Services and Controller app
Product: Microsoft® Windows® Operating System
Company: Microsoft Corporation
OriginalFileName: services.exe
CommandLine: C:\Windows\system32\services.exe
CurrentDirectory: C:\Windows\system32\
User: NT AUTHORITY\SYSTEM
LogonGuid: {19FC45AC-752E-601C-0000-0020E7030000}
LogonId: 0x3e7
TerminalSessionId: 0
IntegrityLevel: System
Hashes: MD5=5F1B6A9C35D3D5CA72D6D6FDEF9747D6,SHA256=D7BC4ED605B32274B45328FD9914FB0E7B90D869A38F0E6F94FB1BF4E9E2B407
ParentProcessGuid: {19FC45AC-752D-601C-0000-0010BB570000}
ParentProcessId: 348
ParentImage: C:\Windows\System32\wininit.exe
ParentCommandLine: wininit.exe","Process Create:
RuleName: 
UtcTime: 2021-02-04 22:28:55.671
ProcessGuid: {19FC45AC-7527-601C-0000-001028570000}
ProcessId: 348
Image: C:\Windows\System32\wininit.exe
FileVersion: 6.1.7600.16385 (win7_rtm.090713-1255)
Description: Windows Start-Up Application
Product: Microsoft® Windows® Operating System
Company: Microsoft Corporation
OriginalFileName: WinInit.exe
CommandLine: wininit.exe
CurrentDirectory: C:\Windows\system32
User: NT AUTHORITY\SYSTEM
LogonGuid: {19FC45AC-7528-601C-0000-0020E7030000}
LogonId: 0x3e7
TerminalSessionId: 0
IntegrityLevel: System
Hashes: MD5=B5C5DCAD3899512020D135600129D665,SHA256=F6B4D18FA0D3C4958711AC0D476C21A6FDF2897F989A0AD290B43F463DD8B5B0
ParentProcessGuid: {19FC45AC-7527-601C-0000-0010D84F0000}
ParentProcessId: 304
ParentImage: C:\Windows\System32\smss.exe
ParentCommandLine: \SystemRoot\System32\smss.exe 00000000 0000003c ",False
Microsoft-Windows-Sysmon_1_Match_02.json,Microsoft-Windows-Sysmon_1_Evasion_Cmdline_02.json,message,"Process Create:
RuleName: 
UtcTime: 2021-02-04 22:29:22.361
ProcessGuid: {19FC45AC-7542-601C-0000-00100CD80200}
ProcessId: 2432
Image: C:\Program Files\Python35-32\python.exe
FileVersion: 3.5.2
Description: Python
Product: Python
Company: Python Software Foundation
OriginalFileName: python.exe
CommandLine: python C:\BREACH\userbehavior.pex --use-breach-setup
CurrentDirectory: C:\BREACH\
User: BREACH\client2
LogonGuid: {19FC45AC-7540-601C-0000-00208F5B0200}
LogonId: 0x25b8f
TerminalSessionId: 1
IntegrityLevel: Medium
Hashes: MD5=EDC79826E21859E93A875DFC087606C5,SHA256=D61DDEA87B2483612CAEB0F3514AEE3E60237D5F3880F49512C834539462742E
ParentProcessGuid: {19FC45AC-7541-601C-0000-001000C40200}
ParentProcessId: 2304
ParentImage: C:\Program Files\Python35-32\python.exe
ParentCommandLine: ""C:\Program Files\Python35-32\python.exe"" ""C:\BREACH\init_tbf_client.py"" ","Process Create:
RuleName: 
UtcTime: 2021-02-05 10:10:17.414
ProcessGuid: {19FC45AC-1989-601D-0000-001030636800}
ProcessId: 1800
Image: C:\Program Files\Mozilla Firefox\uninstall\helper.exe
FileVersion: 43.0.1
Description: Firefox Helper
Product: Firefox
Company: Mozilla Corporation
OriginalFileName: helper.exe
CommandLine: ""C:\Program Files\Mozilla Firefox\uninstall\helper.exe"" /UpdateShortcutAppUserModelIds
CurrentDirectory: C:\BREACH\
User: BREACH\client1
LogonGuid: {19FC45AC-7690-601C-0000-002053FB0000}
LogonId: 0xfb53
TerminalSessionId: 1
IntegrityLevel: Medium
Hashes: MD5=34EAB3D9EEC7F639BEB243FCA6A4BD79,SHA256=1B971AE0AC544AF8D734D43EBF75A19B4D06D4839AF220084E50F89316B44E04
ParentProcessGuid: {19FC45AC-1987-601D-0000-001000276800}
ParentProcessId: 4032
ParentImage: C:\Program Files\Mozilla Firefox\firefox.exe
ParentCommandLine: ""C:\Program Files\Mozilla Firefox\firefox.exe"" -foreground",False
Microsoft-Windows-Sysmon_1_Match_02.json,Microsoft-Windows-Sysmon_1_Evasion_Cmdline_03.json,message,"Process Create:
RuleName: 
UtcTime: 2021-02-04 22:29:22.361
ProcessGuid: {19FC45AC-7542-601C-0000-00100CD80200}
ProcessId: 2432
Image: C:\Program Files\Python35-32\python.exe
FileVersion: 3.5.2
Description: Python
Product: Python
Company: Python Software Foundation
OriginalFileName: python.exe
CommandLine: python C:\BREACH\userbehavior.pex --use-breach-setup
CurrentDirectory: C:\BREACH\
User: BREACH\client2
LogonGuid: {19FC45AC-7540-601C-0000-00208F5B0200}
LogonId: 0x25b8f
TerminalSessionId: 1
IntegrityLevel: Medium
Hashes: MD5=EDC79826E21859E93A875DFC087606C5,SHA256=D61DDEA87B2483612CAEB0F3514AEE3E60237D5F3880F49512C834539462742E
ParentProcessGuid: {19FC45AC-7541-601C-0000-001000C40200}
ParentProcessId: 2304
ParentImage: C:\Program Files\Python35-32\python.exe
ParentCommandLine: ""C:\Program Files\Python35-32\python.exe"" ""C:\BREACH\init_tbf_client.py"" ","Process Create:
RuleName: 
UtcTime: 2021-02-05 08:02:00.565
ProcessGuid: {19FC45AC-FB78-601C-0000-0010E6275A00}
ProcessId: 4076
Image: C:\Windows\System32\Macromed\Flash\FlashPlayerUpdateService.exe
FileVersion: 18,0,0,194
Description: Adobe® Flash® Player Update Service 18.0 r0
Product: Adobe® Flash® Player Update Service
Company: Adobe Systems Incorporated
OriginalFileName: ?
CommandLine: C:\Windows\system32\Macromed\Flash\FlashPlayerUpdateService.exe
CurrentDirectory: C:\Windows\system32\
User: NT AUTHORITY\SYSTEM
LogonGuid: {19FC45AC-768F-601C-0000-0020E7030000}
LogonId: 0x3e7
TerminalSessionId: 0
IntegrityLevel: System
Hashes: MD5=1234A12B71DAE034E45C714AE5A54412,SHA256=079E6BC834F38322ED5ED76295EC3961ED894084EF5CB171DFFBD9B3822CC78D
ParentProcessGuid: {19FC45AC-768F-601C-0000-0010EE630000}
ParentProcessId: 440
ParentImage: C:\Windows\System32\services.exe
ParentCommandLine: C:\Windows\system32\services.exe",False
Microsoft-Windows-Sysmon_1_Match_02.json,Microsoft-Windows-Sysmon_1_Evasion_Cmdline_01.json,message,"Process Create:
RuleName: 
UtcTime: 2021-02-04 22:29:22.361
ProcessGuid: {19FC45AC-7542-601C-0000-00100CD80200}
ProcessId: 2432
Image: C:\Program Files\Python35-32\python.exe
FileVersion: 3.5.2
Description: Python
Product: Python
Company: Python Software Foundation
OriginalFileName: python.exe
CommandLine: python C:\BREACH\userbehavior.pex --use-breach-setup
CurrentDirectory: C:\BREACH\
User: BREACH\client2
LogonGuid: {19FC45AC-7540-601C-0000-00208F5B0200}
LogonId: 0x25b8f
TerminalSessionId: 1
IntegrityLevel: Medium
Hashes: MD5=EDC79826E21859E93A875DFC087606C5,SHA256=D61DDEA87B2483612CAEB0F3514AEE3E60237D5F3880F49512C834539462742E
ParentProcessGuid: {19FC45AC-7541-601C-0000-001000C40200}
ParentProcessId: 2304
ParentImage: C:\Program Files\Python35-32\python.exe
ParentCommandLine: ""C:\Program Files\Python35-32\python.exe"" ""C:\BREACH\init_tbf_client.py"" ","Process Create:
RuleName: 
UtcTime: 2021-02-04 22:35:03.505
ProcessGuid: {19FC45AC-7697-601C-0000-001016DA0100}
ProcessId: 1452
Image: C:\Windows\System32\wbem\unsecapp.exe
FileVersion: 10.0.14409.1005 (rs1_srvoob.161208-1155)
Description: Sink to receive asynchronous callbacks for WMI client application
Product: Microsoft® Windows® Operating System
Company: Microsoft Corporation
OriginalFileName: unsecapp.dll
CommandLine: C:\Windows\system32\wbem\unsecapp.exe -Embedding
CurrentDirectory: C:\Windows\system32\
User: NT AUTHORITY\SYSTEM
LogonGuid: {19FC45AC-768F-601C-0000-0020E7030000}
LogonId: 0x3e7
TerminalSessionId: 0
IntegrityLevel: System
Hashes: MD5=91FED64CC1898029441C31A98B1B8FE4,SHA256=608D4EBBA90FD2ED66BBDF392898DF10A302F884E8ECB8D6F5BC8FAB99ACCB4E
ParentProcessGuid: {19FC45AC-7690-601C-0000-0010907C0000}
ParentProcessId: 580
ParentImage: C:\Windows\System32\svchost.exe
ParentCommandLine: C:\Windows\system32\svchost.exe -k DcomLaunch",False
Microsoft-Windows-Sysmon_1_Match_02.json,Microsoft-Windows-Sysmon_1_Evasion_Cmdline_02.json,message,"Process Create:
RuleName: 
UtcTime: 2021-02-05 07:02:00.121
ProcessGuid: {19FC45AC-ED68-601C-0000-0010D1035300}
ProcessId: 3528
Image: C:\Windows\System32\Macromed\Flash\FlashPlayerUpdateService.exe
FileVersion: 18,0,0,194
Description: Adobe® Flash® Player Update Service 18.0 r0
Product: Adobe® Flash® Player Update Service
Company: Adobe Systems Incorporated
OriginalFileName: ?
CommandLine: C:\Windows\system32\Macromed\Flash\FlashPlayerUpdateService.exe 
CurrentDirectory: C:\Windows\system32\
User: NT AUTHORITY\SYSTEM
LogonGuid: {19FC45AC-76E7-601C-0000-0020E7030000}
LogonId: 0x3e7
TerminalSessionId: 0
IntegrityLevel: System
Hashes: MD5=1234A12B71DAE034E45C714AE5A54412,SHA256=079E6BC834F38322ED5ED76295EC3961ED894084EF5CB171DFFBD9B3822CC78D
ParentProcessGuid: {19FC45AC-ED67-601C-0000-001028025300}
ParentProcessId: 2620
ParentImage: C:\Windows\System32\taskeng.exe
ParentCommandLine: taskeng.exe {62E749FB-80AA-46FB-9B26-9B1D0125DC5A} S-1-5-18:NT AUTHORITY\System:Service:","Process Create:
RuleName: 
UtcTime: 2021-02-04 22:34:55.468
ProcessGuid: {19FC45AC-768F-601C-0000-001049590000}
ProcessId: 348
Image: C:\Windows\System32\wininit.exe
FileVersion: 6.1.7600.16385 (win7_rtm.090713-1255)
Description: Windows Start-Up Application
Product: Microsoft® Windows® Operating System
Company: Microsoft Corporation
OriginalFileName: WinInit.exe
CommandLine: wininit.exe
CurrentDirectory: C:\Windows\system32
User: NT AUTHORITY\SYSTEM
LogonGuid: {19FC45AC-768F-601C-0000-0020E7030000}
LogonId: 0x3e7
TerminalSessionId: 0
IntegrityLevel: System
Hashes: MD5=B5C5DCAD3899512020D135600129D665,SHA256=F6B4D18FA0D3C4958711AC0D476C21A6FDF2897F989A0AD290B43F463DD8B5B0
ParentProcessGuid: {19FC45AC-768E-601C-0000-001088440000}
ParentProcessId: 296
ParentImage: C:\Windows\System32\smss.exe
ParentCommandLine: \SystemRoot\System32\smss.exe 00000000 0000003c ",False
Microsoft-Windows-Sysmon_1_Match_02.json,Microsoft-Windows-Sysmon_1_Evasion_Cmdline_03.json,message,"Process Create:
RuleName: 
UtcTime: 2021-02-05 07:02:00.121
ProcessGuid: {19FC45AC-ED68-601C-0000-0010D1035300}
ProcessId: 3528
Image: C:\Windows\System32\Macromed\Flash\FlashPlayerUpdateService.exe
FileVersion: 18,0,0,194
Description: Adobe® Flash® Player Update Service 18.0 r0
Product: Adobe® Flash® Player Update Service
Company: Adobe Systems Incorporated
OriginalFileName: ?
CommandLine: C:\Windows\system32\Macromed\Flash\FlashPlayerUpdateService.exe 
CurrentDirectory: C:\Windows\system32\
User: NT AUTHORITY\SYSTEM
LogonGuid: {19FC45AC-76E7-601C-0000-0020E7030000}
LogonId: 0x3e7
TerminalSessionId: 0
IntegrityLevel: System
Hashes: MD5=1234A12B71DAE034E45C714AE5A54412,SHA256=079E6BC834F38322ED5ED76295EC3961ED894084EF5CB171DFFBD9B3822CC78D
ParentProcessGuid: {19FC45AC-ED67-601C-0000-001028025300}
ParentProcessId: 2620
ParentImage: C:\Windows\System32\taskeng.exe
ParentCommandLine: taskeng.exe {62E749FB-80AA-46FB-9B26-9B1D0125DC5A} S-1-5-18:NT AUTHORITY\System:Service:","Process Create:
RuleName: 
UtcTime: 2021-02-05 08:50:00.239
ProcessGuid: {19FC45AC-06B8-601D-0000-0010BB685F00}
ProcessId: 2352
Image: C:\Program Files\Mozilla Firefox\updater.exe
FileVersion: 38.0.5
Description: Firefox Software Updater
Product: Firefox
Company: Mozilla Foundation
OriginalFileName: updater.exe
CommandLine: ""C:\Program Files\Mozilla Firefox\updater.exe"" C:\Users\client1\AppData\Local\Mozilla\updates\308046B0AF4A39CB\updates\0 ""C:\Program Files\Mozilla Firefox"" ""C:\Program Files\Mozilla Firefox\updated"" -1
CurrentDirectory: C:\BREACH\
User: BREACH\client1
LogonGuid: {19FC45AC-7690-601C-0000-002053FB0000}
LogonId: 0xfb53
TerminalSessionId: 1
IntegrityLevel: Medium
Hashes: MD5=D355E37797728119590B404FC834C0F3,SHA256=45005980AF153F62AA1CB8FF4C72BAFDDCCF95D94A05E26B0A35416EFDF2174A
ParentProcessGuid: {19FC45AC-FA07-601C-0000-0010C0245900}
ParentProcessId: 2380
ParentImage: C:\Program Files\Mozilla Firefox\firefox.exe
ParentCommandLine: ""C:\Program Files\Mozilla Firefox\firefox.exe"" -foreground",False
Microsoft-Windows-Sysmon_1_Match_02.json,Microsoft-Windows-Sysmon_1_Evasion_Cmdline_04.json,message,"Process Create:
RuleName: 
UtcTime: 2021-02-05 07:02:00.121
ProcessGuid: {19FC45AC-ED68-601C-0000-0010D1035300}
ProcessId: 3528
Image: C:\Windows\System32\Macromed\Flash\FlashPlayerUpdateService.exe
FileVersion: 18,0,0,194
Description: Adobe® Flash® Player Update Service 18.0 r0
Product: Adobe® Flash® Player Update Service
Company: Adobe Systems Incorporated
OriginalFileName: ?
CommandLine: C:\Windows\system32\Macromed\Flash\FlashPlayerUpdateService.exe 
CurrentDirectory: C:\Windows\system32\
User: NT AUTHORITY\SYSTEM
LogonGuid: {19FC45AC-76E7-601C-0000-0020E7030000}
LogonId: 0x3e7
TerminalSessionId: 0
IntegrityLevel: System
Hashes: MD5=1234A12B71DAE034E45C714AE5A54412,SHA256=079E6BC834F38322ED5ED76295EC3961ED894084EF5CB171DFFBD9B3822CC78D
ParentProcessGuid: {19FC45AC-ED67-601C-0000-001028025300}
ParentProcessId: 2620
ParentImage: C:\Windows\System32\taskeng.exe
ParentCommandLine: taskeng.exe {62E749FB-80AA-46FB-9B26-9B1D0125DC5A} S-1-5-18:NT AUTHORITY\System:Service:","Process Create:
RuleName: 
UtcTime: 2021-02-04 22:34:58.218
ProcessGuid: {19FC45AC-7692-601C-0000-0010D87A0100}
ProcessId: 1724
Image: C:\Program Files\Python35-32\python.exe
FileVersion: 3.5.2
Description: Python
Product: Python
Company: Python Software Foundation
OriginalFileName: python.exe
CommandLine: ""C:\Program Files\Python35-32\python.exe"" ""C:\BREACH\init_tbf_client.py"" 
CurrentDirectory: C:\BREACH\
User: BREACH\client1
LogonGuid: {19FC45AC-7690-601C-0000-002053FB0000}
LogonId: 0xfb53
TerminalSessionId: 1
IntegrityLevel: Medium
Hashes: MD5=EDC79826E21859E93A875DFC087606C5,SHA256=D61DDEA87B2483612CAEB0F3514AEE3E60237D5F3880F49512C834539462742E
ParentProcessGuid: {19FC45AC-7692-601C-0000-001077680100}
ParentProcessId: 1620
ParentImage: C:\Windows\py.exe
ParentCommandLine: ""C:\Windows\py.exe"" ""C:\BREACH\init_tbf_client.py"" ",False
Microsoft-Windows-Sysmon_1_Match_02.json,Microsoft-Windows-Sysmon_1_Evasion_Cmdline_01.json,message,"Process Create:
RuleName: 
UtcTime: 2021-02-05 07:02:00.121
ProcessGuid: {19FC45AC-ED68-601C-0000-0010D1035300}
ProcessId: 3528
Image: C:\Windows\System32\Macromed\Flash\FlashPlayerUpdateService.exe
FileVersion: 18,0,0,194
Description: Adobe® Flash® Player Update Service 18.0 r0
Product: Adobe® Flash® Player Update Service
Company: Adobe Systems Incorporated
OriginalFileName: ?
CommandLine: C:\Windows\system32\Macromed\Flash\FlashPlayerUpdateService.exe 
CurrentDirectory: C:\Windows\system32\
User: NT AUTHORITY\SYSTEM
LogonGuid: {19FC45AC-76E7-601C-0000-0020E7030000}
LogonId: 0x3e7
TerminalSessionId: 0
IntegrityLevel: System
Hashes: MD5=1234A12B71DAE034E45C714AE5A54412,SHA256=079E6BC834F38322ED5ED76295EC3961ED894084EF5CB171DFFBD9B3822CC78D
ParentProcessGuid: {19FC45AC-ED67-601C-0000-001028025300}
ParentProcessId: 2620
ParentImage: C:\Windows\System32\taskeng.exe
ParentCommandLine: taskeng.exe {62E749FB-80AA-46FB-9B26-9B1D0125DC5A} S-1-5-18:NT AUTHORITY\System:Service:","Process Create:
RuleName: 
UtcTime: 2021-02-05 01:30:00.595
ProcessGuid: {19FC45AC-9F98-601C-0000-001011481E00}
ProcessId: 3536
Image: C:\Windows\System32\aitagent.exe
FileVersion: 6.1.7601.17514 (win7sp1_rtm.101119-1850)
Description: Application Impact Telemetry Agent
Product: Microsoft® Windows® Operating System
Company: Microsoft Corporation
OriginalFileName: 
CommandLine: C:\Windows\system32\aitagent.EXE 
CurrentDirectory: C:\Windows\system32\
User: NT AUTHORITY\SYSTEM
LogonGuid: {19FC45AC-76E7-601C-0000-0020E7030000}
LogonId: 0x3e7
TerminalSessionId: 0
IntegrityLevel: System
Hashes: MD5=2A3557DD3913F8D7CC5A5703083424D8,SHA256=E0731448A15FFAC9F20A82EAE95D97733FBCD227D1EAB7264F8FDE14503F3494
ParentProcessGuid: {19FC45AC-76E7-601C-0000-001081630000}
ParentProcessId: 440
ParentImage: C:\Windows\System32\services.exe
ParentCommandLine: C:\Windows\system32\services.exe",False
Microsoft-Windows-Sysmon_1_Match_05.json,Microsoft-Windows-Sysmon_1_Evasion_Cmdline_02.json,message,"Process Create:
RuleName: 
UtcTime: 2021-02-04 22:27:15.062
ProcessGuid: {19FC45AC-74C3-601C-0000-001092640000}
ProcessId: 452
Image: C:\Windows\System32\lsass.exe
FileVersion: 6.1.7601.18741 (win7sp1_gdr.150202-1526)
Description: Local Security Authority Process
Product: Microsoft® Windows® Operating System
Company: Microsoft Corporation
OriginalFileName: lsass.exe
CommandLine: C:\Windows\system32\lsass.exe
CurrentDirectory: C:\Windows\system32\
User: NT AUTHORITY\SYSTEM
LogonGuid: {19FC45AC-74C3-601C-0000-0020E7030000}
LogonId: 0x3e7
TerminalSessionId: 0
IntegrityLevel: System
Hashes: MD5=27945CF21E17AFBFF1E31993AAEE4551,SHA256=E24137EFC6215FCD27479E0C1C455518B1D39F75B8CF67E8A9B46DCDDCECB350
ParentProcessGuid: {19FC45AC-74C2-601C-0000-001053580000}
ParentProcessId: 348
ParentImage: C:\Windows\System32\wininit.exe
ParentCommandLine: wininit.exe","Process Create:
RuleName: 
UtcTime: 2021-02-04 22:34:58.578
ProcessGuid: {19FC45AC-7692-601C-0000-0010C98A0100}
ProcessId: 1844
Image: C:\Windows\System32\ipconfig.exe
FileVersion: 6.1.7600.16385 (win7_rtm.090713-1255)
Description: IP Configuration Utility
Product: Microsoft® Windows® Operating System
Company: Microsoft Corporation
OriginalFileName: ipconfig.exe
CommandLine: ipconfig /all
CurrentDirectory: C:\BREACH\
User: BREACH\client1
LogonGuid: {19FC45AC-7690-601C-0000-002053FB0000}
LogonId: 0xfb53
TerminalSessionId: 1
IntegrityLevel: Medium
Hashes: MD5=CABB20E171770FF64614A54C1F31C033,SHA256=C0E3087D87C84776FE7FFCA768A0793C02D28E34A821F0C9DA32339AF8E7E6A6
ParentProcessGuid: {19FC45AC-7692-601C-0000-0010D87A0100}
ParentProcessId: 1724
ParentImage: C:\Program Files\Python35-32\python.exe
ParentCommandLine: ""C:\Program Files\Python35-32\python.exe"" ""C:\BREACH\init_tbf_client.py"" ",False
Microsoft-Windows-Sysmon_1_Match_05.json,Microsoft-Windows-Sysmon_1_Evasion_Cmdline_03.json,message,"Process Create:
RuleName: 
UtcTime: 2021-02-04 22:27:15.062
ProcessGuid: {19FC45AC-74C3-601C-0000-001092640000}
ProcessId: 452
Image: C:\Windows\System32\lsass.exe
FileVersion: 6.1.7601.18741 (win7sp1_gdr.150202-1526)
Description: Local Security Authority Process
Product: Microsoft® Windows® Operating System
Company: Microsoft Corporation
OriginalFileName: lsass.exe
CommandLine: C:\Windows\system32\lsass.exe
CurrentDirectory: C:\Windows\system32\
User: NT AUTHORITY\SYSTEM
LogonGuid: {19FC45AC-74C3-601C-0000-0020E7030000}
LogonId: 0x3e7
TerminalSessionId: 0
IntegrityLevel: System
Hashes: MD5=27945CF21E17AFBFF1E31993AAEE4551,SHA256=E24137EFC6215FCD27479E0C1C455518B1D39F75B8CF67E8A9B46DCDDCECB350
ParentProcessGuid: {19FC45AC-74C2-601C-0000-001053580000}
ParentProcessId: 348
ParentImage: C:\Windows\System32\wininit.exe
ParentCommandLine: wininit.exe","Process Create:
RuleName: 
UtcTime: 2021-02-04 20:27:36.866
ProcessGuid: {19FC45AC-58B8-601C-0000-001064CD0E00}
ProcessId: 3268
Image: C:\Program Files\Winlogbeat\winlogbeat.exe
FileVersion: 7.10.2
Description: Winlogbeat ships Windows event logs to Elasticsearch or Logstash.
Product: Winlogbeat
Company: Elastic
OriginalFileName: winlogbeat.exe
CommandLine: ""C:\Program Files\Winlogbeat\winlogbeat.exe"" setup --index-management
CurrentDirectory: C:\Program Files\Winlogbeat\
User: client\breach
LogonGuid: {19FC45AC-53AD-601C-0000-002012560200}
LogonId: 0x25612
TerminalSessionId: 1
IntegrityLevel: High
Hashes: MD5=0D17999868F2768B1B050CB051884110,SHA256=E72F5DBA2A177397403965A3352F0CC45EC46A568A53D5EF4535FBBA18E73023
ParentProcessGuid: {19FC45AC-5508-601C-0000-001011C60B00}
ParentProcessId: 3988
ParentImage: C:\Windows\System32\WindowsPowerShell\v1.0\powershell.exe
ParentCommandLine: ""C:\Windows\System32\WindowsPowerShell\v1.0\powershell.exe"" ",False
Microsoft-Windows-Sysmon_1_Match_05.json,Microsoft-Windows-Sysmon_1_Evasion_Cmdline_06.json,message,"Process Create:
RuleName: 
UtcTime: 2021-02-04 22:27:15.062
ProcessGuid: {19FC45AC-74C3-601C-0000-001092640000}
ProcessId: 452
Image: C:\Windows\System32\lsass.exe
FileVersion: 6.1.7601.18741 (win7sp1_gdr.150202-1526)
Description: Local Security Authority Process
Product: Microsoft® Windows® Operating System
Company: Microsoft Corporation
OriginalFileName: lsass.exe
CommandLine: C:\Windows\system32\lsass.exe
CurrentDirectory: C:\Windows\system32\
User: NT AUTHORITY\SYSTEM
LogonGuid: {19FC45AC-74C3-601C-0000-0020E7030000}
LogonId: 0x3e7
TerminalSessionId: 0
IntegrityLevel: System
Hashes: MD5=27945CF21E17AFBFF1E31993AAEE4551,SHA256=E24137EFC6215FCD27479E0C1C455518B1D39F75B8CF67E8A9B46DCDDCECB350
ParentProcessGuid: {19FC45AC-74C2-601C-0000-001053580000}
ParentProcessId: 348
ParentImage: C:\Windows\System32\wininit.exe
ParentCommandLine: wininit.exe","Process Create:
RuleName: 
UtcTime: 2021-02-04 22:34:58.000
ProcessGuid: {19FC45AC-7692-601C-0000-001044630100}
ProcessId: 1612
Image: C:\Windows\py.exe
FileVersion: 3.5.2
Description: Python
Product: Python
Company: Python Software Foundation
OriginalFileName: py.exe
CommandLine: ""C:\Windows\py.exe"" ""C:\BREACH\create_filing_dir.py"" 
CurrentDirectory: C:\BREACH\
User: BREACH\client1
LogonGuid: {19FC45AC-7690-601C-0000-002053FB0000}
LogonId: 0xfb53
TerminalSessionId: 1
IntegrityLevel: Medium
Hashes: MD5=CC3AC75DDBFAA6D4CCBB0AFAD7EB759D,SHA256=3D98A354F1329BFEB17216D2391D6E9C04F6873B6E491BCE9734C02C26574B3D
ParentProcessGuid: {19FC45AC-7691-601C-0000-00101A130100}
ParentProcessId: 1288
ParentImage: C:\Windows\explorer.exe
ParentCommandLine: C:\Windows\Explorer.EXE",False
Microsoft-Windows-Sysmon_1_Match_05.json,Microsoft-Windows-Sysmon_1_Evasion_Cmdline_04.json,message,"Process Create:
RuleName: 
UtcTime: 2021-02-04 22:27:15.062
ProcessGuid: {19FC45AC-74C3-601C-0000-001092640000}
ProcessId: 452
Image: C:\Windows\System32\lsass.exe
FileVersion: 6.1.7601.18741 (win7sp1_gdr.150202-1526)
Description: Local Security Authority Process
Product: Microsoft® Windows® Operating System
Company: Microsoft Corporation
OriginalFileName: lsass.exe
CommandLine: C:\Windows\system32\lsass.exe
CurrentDirectory: C:\Windows\system32\
User: NT AUTHORITY\SYSTEM
LogonGuid: {19FC45AC-74C3-601C-0000-0020E7030000}
LogonId: 0x3e7
TerminalSessionId: 0
IntegrityLevel: System
Hashes: MD5=27945CF21E17AFBFF1E31993AAEE4551,SHA256=E24137EFC6215FCD27479E0C1C455518B1D39F75B8CF67E8A9B46DCDDCECB350
ParentProcessGuid: {19FC45AC-74C2-601C-0000-001053580000}
ParentProcessId: 348
ParentImage: C:\Windows\System32\wininit.exe
ParentCommandLine: wininit.exe","Process Create:
RuleName: 
UtcTime: 2021-02-05 03:10:02.577
ProcessGuid: {19FC45AC-B70A-601C-0000-0010A3822900}
ProcessId: 768
Image: C:\Windows\System32\taskhost.exe
FileVersion: 6.1.7601.17514 (win7sp1_rtm.101119-1850)
Description: Host Process for Windows Tasks
Product: Microsoft® Windows® Operating System
Company: Microsoft Corporation
OriginalFileName: taskhost.exe
CommandLine: taskhost.exe $(Arg0)
CurrentDirectory: C:\Windows\system32\
User: NT AUTHORITY\LOCAL SERVICE
LogonGuid: {19FC45AC-7690-601C-0000-0020E5030000}
LogonId: 0x3e5
TerminalSessionId: 0
IntegrityLevel: System
Hashes: MD5=7FA8BA5A780E4757964AC9D4238302B9,SHA256=65E3D8CE737896647065103FBB4D58E6A34171D0A48662A832CFDAC3CF469701
ParentProcessGuid: {19FC45AC-768F-601C-0000-0010EE630000}
ParentProcessId: 440
ParentImage: C:\Windows\System32\services.exe
ParentCommandLine: C:\Windows\system32\services.exe",False
Microsoft-Windows-Sysmon_1_Match_05.json,Microsoft-Windows-Sysmon_1_Evasion_Cmdline_01.json,message,"Process Create:
RuleName: 
UtcTime: 2021-02-04 22:27:15.062
ProcessGuid: {19FC45AC-74C3-601C-0000-001092640000}
ProcessId: 452
Image: C:\Windows\System32\lsass.exe
FileVersion: 6.1.7601.18741 (win7sp1_gdr.150202-1526)
Description: Local Security Authority Process
Product: Microsoft® Windows® Operating System
Company: Microsoft Corporation
OriginalFileName: lsass.exe
CommandLine: C:\Windows\system32\lsass.exe
CurrentDirectory: C:\Windows\system32\
User: NT AUTHORITY\SYSTEM
LogonGuid: {19FC45AC-74C3-601C-0000-0020E7030000}
LogonId: 0x3e7
TerminalSessionId: 0
IntegrityLevel: System
Hashes: MD5=27945CF21E17AFBFF1E31993AAEE4551,SHA256=E24137EFC6215FCD27479E0C1C455518B1D39F75B8CF67E8A9B46DCDDCECB350
ParentProcessGuid: {19FC45AC-74C2-601C-0000-001053580000}
ParentProcessId: 348
ParentImage: C:\Windows\System32\wininit.exe
ParentCommandLine: wininit.exe","Process Create:
RuleName: 
UtcTime: 2021-02-05 07:02:00.121
ProcessGuid: {19FC45AC-ED68-601C-0000-001022535300}
ProcessId: 3376
Image: C:\Windows\System32\Macromed\Flash\FlashPlayerUpdateService.exe
FileVersion: 18,0,0,194
Description: Adobe® Flash® Player Update Service 18.0 r0
Product: Adobe® Flash® Player Update Service
Company: Adobe Systems Incorporated
OriginalFileName: ?
CommandLine: C:\Windows\system32\Macromed\Flash\FlashPlayerUpdateService.exe
CurrentDirectory: C:\Windows\system32\
User: NT AUTHORITY\SYSTEM
LogonGuid: {19FC45AC-76D8-601C-0000-0020E7030000}
LogonId: 0x3e7
TerminalSessionId: 0
IntegrityLevel: System
Hashes: MD5=1234A12B71DAE034E45C714AE5A54412,SHA256=079E6BC834F38322ED5ED76295EC3961ED894084EF5CB171DFFBD9B3822CC78D
ParentProcessGuid: {19FC45AC-76D8-601C-0000-0010F1630000}
ParentProcessId: 444
ParentImage: C:\Windows\System32\services.exe
ParentCommandLine: C:\Windows\system32\services.exe",False
Microsoft-Windows-Sysmon_1_Match_05.json,Microsoft-Windows-Sysmon_1_Evasion_Cmdline_05.json,message,"Process Create:
RuleName: 
UtcTime: 2021-02-04 22:27:15.062
ProcessGuid: {19FC45AC-74C3-601C-0000-001092640000}
ProcessId: 452
Image: C:\Windows\System32\lsass.exe
FileVersion: 6.1.7601.18741 (win7sp1_gdr.150202-1526)
Description: Local Security Authority Process
Product: Microsoft® Windows® Operating System
Company: Microsoft Corporation
OriginalFileName: lsass.exe
CommandLine: C:\Windows\system32\lsass.exe
CurrentDirectory: C:\Windows\system32\
User: NT AUTHORITY\SYSTEM
LogonGuid: {19FC45AC-74C3-601C-0000-0020E7030000}
LogonId: 0x3e7
TerminalSessionId: 0
IntegrityLevel: System
Hashes: MD5=27945CF21E17AFBFF1E31993AAEE4551,SHA256=E24137EFC6215FCD27479E0C1C455518B1D39F75B8CF67E8A9B46DCDDCECB350
ParentProcessGuid: {19FC45AC-74C2-601C-0000-001053580000}
ParentProcessId: 348
ParentImage: C:\Windows\System32\wininit.exe
ParentCommandLine: wininit.exe","Process Create:
RuleName: 
UtcTime: 2021-02-04 20:33:40.156
ProcessGuid: {19FC45AC-5A24-601C-0000-00103B131000}
ProcessId: 3736
Image: C:\Windows\System32\notepad.exe
FileVersion: 6.1.7600.16385 (win7_rtm.090713-1255)
Description: Notepad
Product: Microsoft® Windows® Operating System
Company: Microsoft Corporation
OriginalFileName: NOTEPAD.EXE
CommandLine: ""C:\Windows\system32\NOTEPAD.EXE"" C:\ProgramData\winlogbeat\logs\winlogbeat
CurrentDirectory: C:\ProgramData\winlogbeat\logs\
User: client\breach
LogonGuid: {19FC45AC-53AD-601C-0000-002012560200}
LogonId: 0x25612
TerminalSessionId: 1
IntegrityLevel: High
Hashes: MD5=D378BFFB70923139D6A4F546864AA61C,SHA256=C4232DDD4D37B9C0884BD44D8476578C54D7F98D58945728E425736A6A07E102
ParentProcessGuid: {19FC45AC-5A22-601C-0000-00103D041000}
ParentProcessId: 3512
ParentImage: C:\Windows\System32\rundll32.exe
ParentCommandLine: ""C:\Windows\system32\rundll32.exe"" C:\Windows\system32\shell32.dll,OpenAs_RunDLL C:\ProgramData\winlogbeat\logs\winlogbeat",False
Microsoft-Windows-Sysmon_1_Match_10.json,Microsoft-Windows-Sysmon_1_Evasion_Cmdline_02.json,message,"Process Create:
RuleName: 
UtcTime: 2021-02-04 22:34:58.218
ProcessGuid: {19FC45AC-7692-601C-0000-0010D87A0100}
ProcessId: 1724
Image: C:\Program Files\Python35-32\python.exe
FileVersion: 3.5.2
Description: Python
Product: Python
Company: Python Software Foundation
OriginalFileName: python.exe
CommandLine: ""C:\Program Files\Python35-32\python.exe"" ""C:\BREACH\init_tbf_client.py"" 
CurrentDirectory: C:\BREACH\
User: BREACH\client1
LogonGuid: {19FC45AC-7690-601C-0000-002053FB0000}
LogonId: 0xfb53
TerminalSessionId: 1
IntegrityLevel: Medium
Hashes: MD5=EDC79826E21859E93A875DFC087606C5,SHA256=D61DDEA87B2483612CAEB0F3514AEE3E60237D5F3880F49512C834539462742E
ParentProcessGuid: {19FC45AC-7692-601C-0000-001077680100}
ParentProcessId: 1620
ParentImage: C:\Windows\py.exe
ParentCommandLine: ""C:\Windows\py.exe"" ""C:\BREACH\init_tbf_client.py"" ","Process Create:
RuleName: 
UtcTime: 2021-02-05 05:00:17.651
ProcessGuid: {19FC45AC-D0E1-601C-0000-001065C44600}
ProcessId: 2484
Image: C:\Windows\System32\taskhost.exe
FileVersion: 6.1.7601.17514 (win7sp1_rtm.101119-1850)
Description: Host Process for Windows Tasks
Product: Microsoft® Windows® Operating System
Company: Microsoft Corporation
OriginalFileName: taskhost.exe
CommandLine: taskhost.exe $(Arg0)
CurrentDirectory: C:\Windows\system32\
User: NT AUTHORITY\LOCAL SERVICE
LogonGuid: {19FC45AC-76E8-601C-0000-0020E5030000}
LogonId: 0x3e5
TerminalSessionId: 0
IntegrityLevel: System
Hashes: MD5=7FA8BA5A780E4757964AC9D4238302B9,SHA256=65E3D8CE737896647065103FBB4D58E6A34171D0A48662A832CFDAC3CF469701
ParentProcessGuid: {19FC45AC-76E7-601C-0000-001081630000}
ParentProcessId: 440
ParentImage: C:\Windows\System32\services.exe
ParentCommandLine: C:\Windows\system32\services.exe",False
Microsoft-Windows-Sysmon_1_Match_10.json,Microsoft-Windows-Sysmon_1_Evasion_Cmdline_03.json,message,"Process Create:
RuleName: 
UtcTime: 2021-02-04 22:34:58.218
ProcessGuid: {19FC45AC-7692-601C-0000-0010D87A0100}
ProcessId: 1724
Image: C:\Program Files\Python35-32\python.exe
FileVersion: 3.5.2
Description: Python
Product: Python
Company: Python Software Foundation
OriginalFileName: python.exe
CommandLine: ""C:\Program Files\Python35-32\python.exe"" ""C:\BREACH\init_tbf_client.py"" 
CurrentDirectory: C:\BREACH\
User: BREACH\client1
LogonGuid: {19FC45AC-7690-601C-0000-002053FB0000}
LogonId: 0xfb53
TerminalSessionId: 1
IntegrityLevel: Medium
Hashes: MD5=EDC79826E21859E93A875DFC087606C5,SHA256=D61DDEA87B2483612CAEB0F3514AEE3E60237D5F3880F49512C834539462742E
ParentProcessGuid: {19FC45AC-7692-601C-0000-001077680100}
ParentProcessId: 1620
ParentImage: C:\Windows\py.exe
ParentCommandLine: ""C:\Windows\py.exe"" ""C:\BREACH\init_tbf_client.py"" ","Process Create:
RuleName: 
UtcTime: 2021-02-05 00:43:34.644
ProcessGuid: {19FC45AC-94B6-601C-0000-001042D21900}
ProcessId: 2176
Image: C:\Program Files\Mozilla Firefox\uninstall\helper.exe
FileVersion: 38.0.5
Description: Firefox Helper
Product: Firefox
Company: Mozilla Corporation
OriginalFileName: helper.exe
CommandLine: ""C:\Program Files\Mozilla Firefox\uninstall\helper.exe"" /UpdateShortcutAppUserModelIds
CurrentDirectory: C:\BREACH\
User: BREACH\client2
LogonGuid: {19FC45AC-76D9-601C-0000-002027FB0000}
LogonId: 0xfb27
TerminalSessionId: 1
IntegrityLevel: Medium
Hashes: MD5=9178BD65FC4F7EC665C799DC801D4F1E,SHA256=67EC19C47423B9AFB9E84E56530AD59DB07BE36EB68C00EDFAF5CB36A0F65ED8
ParentProcessGuid: {19FC45AC-94B5-601C-0000-0010B2BA1900}
ParentProcessId: 3896
ParentImage: C:\Program Files\Mozilla Firefox\firefox.exe
ParentCommandLine: ""C:\Program Files\Mozilla Firefox\firefox.exe"" -foreground",False
Microsoft-Windows-Sysmon_1_Match_10.json,Microsoft-Windows-Sysmon_1_Evasion_Cmdline_06.json,message,"Process Create:
RuleName: 
UtcTime: 2021-02-04 22:34:58.218
ProcessGuid: {19FC45AC-7692-601C-0000-0010D87A0100}
ProcessId: 1724
Image: C:\Program Files\Python35-32\python.exe
FileVersion: 3.5.2
Description: Python
Product: Python
Company: Python Software Foundation
OriginalFileName: python.exe
CommandLine: ""C:\Program Files\Python35-32\python.exe"" ""C:\BREACH\init_tbf_client.py"" 
CurrentDirectory: C:\BREACH\
User: BREACH\client1
LogonGuid: {19FC45AC-7690-601C-0000-002053FB0000}
LogonId: 0xfb53
TerminalSessionId: 1
IntegrityLevel: Medium
Hashes: MD5=EDC79826E21859E93A875DFC087606C5,SHA256=D61DDEA87B2483612CAEB0F3514AEE3E60237D5F3880F49512C834539462742E
ParentProcessGuid: {19FC45AC-7692-601C-0000-001077680100}
ParentProcessId: 1620
ParentImage: C:\Windows\py.exe
ParentCommandLine: ""C:\Windows\py.exe"" ""C:\BREACH\init_tbf_client.py"" ","Process Create:
RuleName: 
UtcTime: 2021-02-04 22:27:22.203
ProcessGuid: {19FC45AC-74CA-601C-0000-0010B3A60100}
ProcessId: 1884
Image: C:\Windows\py.exe
FileVersion: 3.5.2
Description: Python
Product: Python
Company: Python Software Foundation
OriginalFileName: py.exe
CommandLine: ""C:\Windows\py.exe"" ""C:\BREACH\init_tbf_client.py"" 
CurrentDirectory: C:\BREACH\
User: client\setup
LogonGuid: {19FC45AC-74C6-601C-0000-002031010100}
LogonId: 0x10131
TerminalSessionId: 1
IntegrityLevel: High
Hashes: MD5=CC3AC75DDBFAA6D4CCBB0AFAD7EB759D,SHA256=3D98A354F1329BFEB17216D2391D6E9C04F6873B6E491BCE9734C02C26574B3D
ParentProcessGuid: {19FC45AC-74C7-601C-0000-0010A7240100}
ParentProcessId: 1376
ParentImage: C:\Windows\explorer.exe
ParentCommandLine: C:\Windows\Explorer.EXE",False
Microsoft-Windows-Sysmon_1_Match_10.json,Microsoft-Windows-Sysmon_1_Evasion_Cmdline_04.json,message,"Process Create:
