RuleName: 
UtcTime: 2021-02-05 00:17:17.167
ProcessGuid: {19FC45AC-8E8D-601C-0000-001068581600}
ProcessId: 2424
Image: C:\Program Files\Mozilla Firefox\uninstall\helper.exe
FileVersion: 38.0.5
Description: Firefox Helper
Product: Firefox
Company: Mozilla Corporation
OriginalFileName: helper.exe
CommandLine: ""C:\Program Files\Mozilla Firefox\uninstall\helper.exe"" /UpdateShortcutAppUserModelIds
CurrentDirectory: C:\BREACH\
User: BREACH\client3
LogonGuid: {19FC45AC-76E9-601C-0000-00202BF80000}
LogonId: 0xf82b
TerminalSessionId: 1
IntegrityLevel: Medium
Hashes: MD5=9178BD65FC4F7EC665C799DC801D4F1E,SHA256=67EC19C47423B9AFB9E84E56530AD59DB07BE36EB68C00EDFAF5CB36A0F65ED8
ParentProcessGuid: {19FC45AC-8E8B-601C-0000-0010E73F1600}
ParentProcessId: 3972
ParentImage: C:\Program Files\Mozilla Firefox\firefox.exe
ParentCommandLine: ""C:\Program Files\Mozilla Firefox\firefox.exe"" -foreground","Process Create:
RuleName: 
UtcTime: 2021-02-05 02:02:00.377
ProcessGuid: {19FC45AC-A718-601C-0000-0010E6C02100}
ProcessId: 532
Image: C:\Windows\System32\Macromed\Flash\FlashPlayerUpdateService.exe
FileVersion: 18,0,0,194
Description: Adobe® Flash® Player Update Service 18.0 r0
Product: Adobe® Flash® Player Update Service
Company: Adobe Systems Incorporated
OriginalFileName: ?
CommandLine: C:\Windows\system32\Macromed\Flash\FlashPlayerUpdateService.exe
CurrentDirectory: C:\Windows\system32\
User: NT AUTHORITY\SYSTEM
LogonGuid: {19FC45AC-76E7-601C-0000-0020E7030000}
LogonId: 0x3e7
TerminalSessionId: 0
IntegrityLevel: System
Hashes: MD5=1234A12B71DAE034E45C714AE5A54412,SHA256=079E6BC834F38322ED5ED76295EC3961ED894084EF5CB171DFFBD9B3822CC78D
ParentProcessGuid: {19FC45AC-76E7-601C-0000-001081630000}
ParentProcessId: 440
ParentImage: C:\Windows\System32\services.exe
ParentCommandLine: C:\Windows\system32\services.exe",False
Microsoft-Windows-Sysmon_1_Match_02.json,Microsoft-Windows-Sysmon_1_Evasion_Cmdline_08.json,message,"Process Create:
RuleName: 
UtcTime: 2021-02-05 00:17:17.167
ProcessGuid: {19FC45AC-8E8D-601C-0000-001068581600}
ProcessId: 2424
Image: C:\Program Files\Mozilla Firefox\uninstall\helper.exe
FileVersion: 38.0.5
Description: Firefox Helper
Product: Firefox
Company: Mozilla Corporation
OriginalFileName: helper.exe
CommandLine: ""C:\Program Files\Mozilla Firefox\uninstall\helper.exe"" /UpdateShortcutAppUserModelIds
CurrentDirectory: C:\BREACH\
User: BREACH\client3
LogonGuid: {19FC45AC-76E9-601C-0000-00202BF80000}
LogonId: 0xf82b
TerminalSessionId: 1
IntegrityLevel: Medium
Hashes: MD5=9178BD65FC4F7EC665C799DC801D4F1E,SHA256=67EC19C47423B9AFB9E84E56530AD59DB07BE36EB68C00EDFAF5CB36A0F65ED8
ParentProcessGuid: {19FC45AC-8E8B-601C-0000-0010E73F1600}
ParentProcessId: 3972
ParentImage: C:\Program Files\Mozilla Firefox\firefox.exe
ParentCommandLine: ""C:\Program Files\Mozilla Firefox\firefox.exe"" -foreground","Process Create:
RuleName: 
UtcTime: 2021-02-05 10:10:14.806
ProcessGuid: {19FC45AC-1986-601D-0000-001057116800}
ProcessId: 2300
Image: C:\Program Files\Mozilla Firefox\firefox.exe
FileVersion: 38.0.5
Description: Firefox
Product: Firefox
Company: Mozilla Corporation
OriginalFileName: firefox.exe
CommandLine: ""C:\Program Files\Mozilla Firefox\firefox.exe"" -foreground
CurrentDirectory: C:\BREACH\
User: BREACH\client1
LogonGuid: {19FC45AC-7690-601C-0000-002053FB0000}
LogonId: 0xfb53
TerminalSessionId: 1
IntegrityLevel: Medium
Hashes: MD5=923FE895B22B22A9CA03C72F3D15CE20,SHA256=98B7F5B40C557775CD645CA69B788FE4A3DEAE25CDB6E5DD4FB94DB1BDC10969
ParentProcessGuid: {19FC45AC-7695-601C-0000-0010FF940100}
ParentProcessId: 1940
ParentImage: C:\Program Files\Python35-32\python.exe
ParentCommandLine: python C:\BREACH\userbehavior.pex --use-breach-setup",False
Microsoft-Windows-Sysmon_1_Match_02.json,Microsoft-Windows-Sysmon_1_Evasion_Cmdline_05.json,message,"Process Create:
RuleName: 
UtcTime: 2021-02-05 00:17:17.167
ProcessGuid: {19FC45AC-8E8D-601C-0000-001068581600}
ProcessId: 2424
Image: C:\Program Files\Mozilla Firefox\uninstall\helper.exe
FileVersion: 38.0.5
Description: Firefox Helper
Product: Firefox
Company: Mozilla Corporation
OriginalFileName: helper.exe
CommandLine: ""C:\Program Files\Mozilla Firefox\uninstall\helper.exe"" /UpdateShortcutAppUserModelIds
CurrentDirectory: C:\BREACH\
User: BREACH\client3
LogonGuid: {19FC45AC-76E9-601C-0000-00202BF80000}
LogonId: 0xf82b
TerminalSessionId: 1
IntegrityLevel: Medium
Hashes: MD5=9178BD65FC4F7EC665C799DC801D4F1E,SHA256=67EC19C47423B9AFB9E84E56530AD59DB07BE36EB68C00EDFAF5CB36A0F65ED8
ParentProcessGuid: {19FC45AC-8E8B-601C-0000-0010E73F1600}
ParentProcessId: 3972
ParentImage: C:\Program Files\Mozilla Firefox\firefox.exe
ParentCommandLine: ""C:\Program Files\Mozilla Firefox\firefox.exe"" -foreground","Process Create:
RuleName: 
UtcTime: 2021-02-04 22:29:09.358
ProcessGuid: {19FC45AC-7535-601C-0000-0010FDC50200}
ProcessId: 2388
Image: C:\Windows\System32\ipconfig.exe
FileVersion: 6.1.7600.16385 (win7_rtm.090713-1255)
Description: IP Configuration Utility
Product: Microsoft® Windows® Operating System
Company: Microsoft Corporation
OriginalFileName: ipconfig.exe
CommandLine: ipconfig /all
CurrentDirectory: C:\BREACH\
User: BREACH\client1
LogonGuid: {19FC45AC-7533-601C-0000-0020ED4A0200}
LogonId: 0x24aed
TerminalSessionId: 1
IntegrityLevel: Medium
Hashes: MD5=CABB20E171770FF64614A54C1F31C033,SHA256=C0E3087D87C84776FE7FFCA768A0793C02D28E34A821F0C9DA32339AF8E7E6A6
ParentProcessGuid: {19FC45AC-7534-601C-0000-001004B80200}
ParentProcessId: 2340
ParentImage: C:\Program Files\Python35-32\python.exe
ParentCommandLine: ""C:\Program Files\Python35-32\python.exe"" ""C:\BREACH\init_tbf_client.py"" ",False
Microsoft-Windows-Sysmon_1_Match_02.json,Microsoft-Windows-Sysmon_1_Evasion_Cmdline_09.json,message,"Process Create:
RuleName: 
UtcTime: 2021-02-05 00:17:17.167
ProcessGuid: {19FC45AC-8E8D-601C-0000-001068581600}
ProcessId: 2424
Image: C:\Program Files\Mozilla Firefox\uninstall\helper.exe
FileVersion: 38.0.5
Description: Firefox Helper
Product: Firefox
Company: Mozilla Corporation
OriginalFileName: helper.exe
CommandLine: ""C:\Program Files\Mozilla Firefox\uninstall\helper.exe"" /UpdateShortcutAppUserModelIds
CurrentDirectory: C:\BREACH\
User: BREACH\client3
LogonGuid: {19FC45AC-76E9-601C-0000-00202BF80000}
LogonId: 0xf82b
TerminalSessionId: 1
IntegrityLevel: Medium
Hashes: MD5=9178BD65FC4F7EC665C799DC801D4F1E,SHA256=67EC19C47423B9AFB9E84E56530AD59DB07BE36EB68C00EDFAF5CB36A0F65ED8
ParentProcessGuid: {19FC45AC-8E8B-601C-0000-0010E73F1600}
ParentProcessId: 3972
ParentImage: C:\Program Files\Mozilla Firefox\firefox.exe
ParentCommandLine: ""C:\Program Files\Mozilla Firefox\firefox.exe"" -foreground","Process Create:
RuleName: 
UtcTime: 2021-02-04 22:28:56.625
ProcessGuid: {19FC45AC-7528-601C-0000-0010C9C20000}
ProcessId: 736
Image: C:\Windows\System32\LogonUI.exe
FileVersion: 6.1.7601.17514 (win7sp1_rtm.101119-1850)
Description: Windows Logon User Interface Host
Product: Microsoft® Windows® Operating System
Company: Microsoft Corporation
OriginalFileName: logonui.exe
CommandLine: ""LogonUI.exe"" /flags:0x0
CurrentDirectory: C:\Windows\system32\
User: NT AUTHORITY\SYSTEM
LogonGuid: {19FC45AC-7528-601C-0000-0020E7030000}
LogonId: 0x3e7
TerminalSessionId: 1
IntegrityLevel: System
Hashes: MD5=3EF0D8AB08385AAB5802E773511A2E6A,SHA256=1A7EE4BC646767004372EAEA9BC0A2071790E739101F7D25ECD9C95D3F29AFD6
ParentProcessGuid: {19FC45AC-7527-601C-0000-001099590000}
ParentProcessId: 384
ParentImage: C:\Windows\System32\winlogon.exe
ParentCommandLine: winlogon.exe",False
Microsoft-Windows-Sysmon_1_Match_02.json,Microsoft-Windows-Sysmon_1_Evasion_Cmdline_02.json,message,"Process Create:
RuleName: 
UtcTime: 2021-02-05 01:30:00.595
ProcessGuid: {19FC45AC-9F98-601C-0000-001011481E00}
ProcessId: 3536
Image: C:\Windows\System32\aitagent.exe
FileVersion: 6.1.7601.17514 (win7sp1_rtm.101119-1850)
Description: Application Impact Telemetry Agent
Product: Microsoft® Windows® Operating System
Company: Microsoft Corporation
OriginalFileName: 
CommandLine: C:\Windows\system32\aitagent.EXE 
CurrentDirectory: C:\Windows\system32\
User: NT AUTHORITY\SYSTEM
LogonGuid: {19FC45AC-76E7-601C-0000-0020E7030000}
LogonId: 0x3e7
TerminalSessionId: 0
IntegrityLevel: System
Hashes: MD5=2A3557DD3913F8D7CC5A5703083424D8,SHA256=E0731448A15FFAC9F20A82EAE95D97733FBCD227D1EAB7264F8FDE14503F3494
ParentProcessGuid: {19FC45AC-76E7-601C-0000-001081630000}
ParentProcessId: 440
ParentImage: C:\Windows\System32\services.exe
ParentCommandLine: C:\Windows\system32\services.exe","Process Create:
RuleName: 
UtcTime: 2021-02-04 22:36:23.718
ProcessGuid: {19FC45AC-76E7-601C-0000-001081630000}
ProcessId: 440
Image: C:\Windows\System32\services.exe
FileVersion: 6.1.7600.16385 (win7_rtm.090713-1255)
Description: Services and Controller app
Product: Microsoft® Windows® Operating System
Company: Microsoft Corporation
OriginalFileName: services.exe
CommandLine: C:\Windows\system32\services.exe
CurrentDirectory: C:\Windows\system32\
User: NT AUTHORITY\SYSTEM
LogonGuid: {19FC45AC-76E7-601C-0000-0020E7030000}
LogonId: 0x3e7
TerminalSessionId: 0
IntegrityLevel: System
Hashes: MD5=5F1B6A9C35D3D5CA72D6D6FDEF9747D6,SHA256=D7BC4ED605B32274B45328FD9914FB0E7B90D869A38F0E6F94FB1BF4E9E2B407
ParentProcessGuid: {19FC45AC-76E7-601C-0000-0010115A0000}
ParentProcessId: 348
ParentImage: C:\Windows\System32\wininit.exe
ParentCommandLine: wininit.exe",False
Microsoft-Windows-Sysmon_1_Match_02.json,Microsoft-Windows-Sysmon_1_Evasion_Cmdline_03.json,message,"Process Create:
RuleName: 
UtcTime: 2021-02-05 01:30:00.595
ProcessGuid: {19FC45AC-9F98-601C-0000-001011481E00}
ProcessId: 3536
Image: C:\Windows\System32\aitagent.exe
FileVersion: 6.1.7601.17514 (win7sp1_rtm.101119-1850)
Description: Application Impact Telemetry Agent
Product: Microsoft® Windows® Operating System
Company: Microsoft Corporation
OriginalFileName: 
CommandLine: C:\Windows\system32\aitagent.EXE 
CurrentDirectory: C:\Windows\system32\
User: NT AUTHORITY\SYSTEM
LogonGuid: {19FC45AC-76E7-601C-0000-0020E7030000}
LogonId: 0x3e7
TerminalSessionId: 0
IntegrityLevel: System
Hashes: MD5=2A3557DD3913F8D7CC5A5703083424D8,SHA256=E0731448A15FFAC9F20A82EAE95D97733FBCD227D1EAB7264F8FDE14503F3494
ParentProcessGuid: {19FC45AC-76E7-601C-0000-001081630000}
ParentProcessId: 440
ParentImage: C:\Windows\System32\services.exe
ParentCommandLine: C:\Windows\system32\services.exe","Process Create:
RuleName: 
UtcTime: 2021-02-04 22:28:07.109
ProcessGuid: {19FC45AC-74F7-601C-0000-00100C660000}
ProcessId: 452
Image: C:\Windows\System32\lsass.exe
FileVersion: 6.1.7601.18741 (win7sp1_gdr.150202-1526)
Description: Local Security Authority Process
Product: Microsoft® Windows® Operating System
Company: Microsoft Corporation
OriginalFileName: lsass.exe
CommandLine: C:\Windows\system32\lsass.exe
CurrentDirectory: C:\Windows\system32\
User: NT AUTHORITY\SYSTEM
LogonGuid: {19FC45AC-74F7-601C-0000-0020E7030000}
LogonId: 0x3e7
TerminalSessionId: 0
IntegrityLevel: System
Hashes: MD5=27945CF21E17AFBFF1E31993AAEE4551,SHA256=E24137EFC6215FCD27479E0C1C455518B1D39F75B8CF67E8A9B46DCDDCECB350
ParentProcessGuid: {19FC45AC-74F6-601C-0000-001053590000}
ParentProcessId: 348
ParentImage: C:\Windows\System32\wininit.exe
ParentCommandLine: wininit.exe",False
Microsoft-Windows-Sysmon_1_Match_02.json,Microsoft-Windows-Sysmon_1_Evasion_Cmdline_04.json,message,"Process Create:
RuleName: 
UtcTime: 2021-02-05 01:30:00.595
ProcessGuid: {19FC45AC-9F98-601C-0000-001011481E00}
ProcessId: 3536
Image: C:\Windows\System32\aitagent.exe
FileVersion: 6.1.7601.17514 (win7sp1_rtm.101119-1850)
Description: Application Impact Telemetry Agent
Product: Microsoft® Windows® Operating System
Company: Microsoft Corporation
OriginalFileName: 
CommandLine: C:\Windows\system32\aitagent.EXE 
CurrentDirectory: C:\Windows\system32\
User: NT AUTHORITY\SYSTEM
LogonGuid: {19FC45AC-76E7-601C-0000-0020E7030000}
LogonId: 0x3e7
TerminalSessionId: 0
IntegrityLevel: System
Hashes: MD5=2A3557DD3913F8D7CC5A5703083424D8,SHA256=E0731448A15FFAC9F20A82EAE95D97733FBCD227D1EAB7264F8FDE14503F3494
ParentProcessGuid: {19FC45AC-76E7-601C-0000-001081630000}
ParentProcessId: 440
ParentImage: C:\Windows\System32\services.exe
ParentCommandLine: C:\Windows\system32\services.exe","Process Create:
RuleName: 
UtcTime: 2021-02-04 22:28:55.718
ProcessGuid: {19FC45AC-7527-601C-0000-001099590000}
ProcessId: 384
Image: C:\Windows\System32\winlogon.exe
FileVersion: 6.1.7601.17514 (win7sp1_rtm.101119-1850)
Description: Windows Logon Application
Product: Microsoft® Windows® Operating System
Company: Microsoft Corporation
OriginalFileName: WINLOGON.EXE
CommandLine: winlogon.exe
CurrentDirectory: C:\Windows\system32
User: NT AUTHORITY\SYSTEM
LogonGuid: {19FC45AC-7528-601C-0000-0020E7030000}
LogonId: 0x3e7
TerminalSessionId: 1
IntegrityLevel: System
Hashes: MD5=6D13E1406F50C66E2A95D97F22C47560,SHA256=BE40E84A824CB201F9C54DB4F860F3937630FDA3423940D44FCF4AC5DFF44271
ParentProcessGuid: {19FC45AC-7527-601C-0000-0010BD560000}
ParentProcessId: 340
ParentImage: C:\Windows\System32\smss.exe
ParentCommandLine: \SystemRoot\System32\smss.exe 00000001 0000003c ",False
Microsoft-Windows-Sysmon_1_Match_02.json,Microsoft-Windows-Sysmon_1_Evasion_Cmdline_01.json,message,"Process Create:
RuleName: 
UtcTime: 2021-02-05 01:30:00.595
ProcessGuid: {19FC45AC-9F98-601C-0000-001011481E00}
ProcessId: 3536
Image: C:\Windows\System32\aitagent.exe
FileVersion: 6.1.7601.17514 (win7sp1_rtm.101119-1850)
Description: Application Impact Telemetry Agent
Product: Microsoft® Windows® Operating System
Company: Microsoft Corporation
OriginalFileName: 
CommandLine: C:\Windows\system32\aitagent.EXE 
CurrentDirectory: C:\Windows\system32\
User: NT AUTHORITY\SYSTEM
LogonGuid: {19FC45AC-76E7-601C-0000-0020E7030000}
LogonId: 0x3e7
TerminalSessionId: 0
IntegrityLevel: System
Hashes: MD5=2A3557DD3913F8D7CC5A5703083424D8,SHA256=E0731448A15FFAC9F20A82EAE95D97733FBCD227D1EAB7264F8FDE14503F3494
ParentProcessGuid: {19FC45AC-76E7-601C-0000-001081630000}
ParentProcessId: 440
ParentImage: C:\Windows\System32\services.exe
ParentCommandLine: C:\Windows\system32\services.exe","Process Create:
RuleName: 
UtcTime: 2021-02-04 22:36:23.562
ProcessGuid: {19FC45AC-76E7-601C-0000-0010115A0000}
ProcessId: 348
Image: C:\Windows\System32\wininit.exe
FileVersion: 6.1.7600.16385 (win7_rtm.090713-1255)
Description: Windows Start-Up Application
Product: Microsoft® Windows® Operating System
Company: Microsoft Corporation
OriginalFileName: WinInit.exe
CommandLine: wininit.exe
CurrentDirectory: C:\Windows\system32
User: NT AUTHORITY\SYSTEM
LogonGuid: {19FC45AC-76E7-601C-0000-0020E7030000}
LogonId: 0x3e7
TerminalSessionId: 0
IntegrityLevel: System
Hashes: MD5=B5C5DCAD3899512020D135600129D665,SHA256=F6B4D18FA0D3C4958711AC0D476C21A6FDF2897F989A0AD290B43F463DD8B5B0
ParentProcessGuid: {19FC45AC-76E7-601C-0000-001085440000}
ParentProcessId: 296
ParentImage: C:\Windows\System32\smss.exe
ParentCommandLine: \SystemRoot\System32\smss.exe 00000000 0000003c ",False
Microsoft-Windows-Sysmon_1_Match_02.json,Microsoft-Windows-Sysmon_1_Evasion_Cmdline_02.json,message,"Process Create:
RuleName: 
UtcTime: 2021-02-04 22:36:23.718
ProcessGuid: {19FC45AC-76E7-601C-0000-001081630000}
ProcessId: 440
Image: C:\Windows\System32\services.exe
FileVersion: 6.1.7600.16385 (win7_rtm.090713-1255)
Description: Services and Controller app
Product: Microsoft® Windows® Operating System
Company: Microsoft Corporation
OriginalFileName: services.exe
CommandLine: C:\Windows\system32\services.exe
CurrentDirectory: C:\Windows\system32\
User: NT AUTHORITY\SYSTEM
LogonGuid: {19FC45AC-76E7-601C-0000-0020E7030000}
LogonId: 0x3e7
TerminalSessionId: 0
IntegrityLevel: System
Hashes: MD5=5F1B6A9C35D3D5CA72D6D6FDEF9747D6,SHA256=D7BC4ED605B32274B45328FD9914FB0E7B90D869A38F0E6F94FB1BF4E9E2B407
ParentProcessGuid: {19FC45AC-76E7-601C-0000-0010115A0000}
ParentProcessId: 348
ParentImage: C:\Windows\System32\wininit.exe
ParentCommandLine: wininit.exe","Process Create:
RuleName: 
UtcTime: 2021-02-04 22:29:00.248
ProcessGuid: {19FC45AC-752C-601C-0000-0010C4560100}
ProcessId: 1732
Image: C:\Windows\System32\wbem\unsecapp.exe
FileVersion: 10.0.14409.1005 (rs1_srvoob.161208-1155)
Description: Sink to receive asynchronous callbacks for WMI client application
Product: Microsoft® Windows® Operating System
Company: Microsoft Corporation
OriginalFileName: unsecapp.dll
CommandLine: C:\Windows\system32\wbem\unsecapp.exe -Embedding
CurrentDirectory: C:\Windows\system32\
User: NT AUTHORITY\SYSTEM
LogonGuid: {19FC45AC-7528-601C-0000-0020E7030000}
LogonId: 0x3e7
TerminalSessionId: 0
IntegrityLevel: System
Hashes: MD5=91FED64CC1898029441C31A98B1B8FE4,SHA256=608D4EBBA90FD2ED66BBDF392898DF10A302F884E8ECB8D6F5BC8FAB99ACCB4E
ParentProcessGuid: {19FC45AC-7528-601C-0000-001074790000}
ParentProcessId: 576
ParentImage: C:\Windows\System32\svchost.exe
ParentCommandLine: C:\Windows\system32\svchost.exe -k DcomLaunch",False
Microsoft-Windows-Sysmon_1_Match_02.json,Microsoft-Windows-Sysmon_1_Evasion_Cmdline_03.json,message,"Process Create:
RuleName: 
UtcTime: 2021-02-04 22:36:23.718
ProcessGuid: {19FC45AC-76E7-601C-0000-001081630000}
ProcessId: 440
Image: C:\Windows\System32\services.exe
FileVersion: 6.1.7600.16385 (win7_rtm.090713-1255)
Description: Services and Controller app
Product: Microsoft® Windows® Operating System
Company: Microsoft Corporation
OriginalFileName: services.exe
CommandLine: C:\Windows\system32\services.exe
CurrentDirectory: C:\Windows\system32\
User: NT AUTHORITY\SYSTEM
LogonGuid: {19FC45AC-76E7-601C-0000-0020E7030000}
LogonId: 0x3e7
TerminalSessionId: 0
IntegrityLevel: System
Hashes: MD5=5F1B6A9C35D3D5CA72D6D6FDEF9747D6,SHA256=D7BC4ED605B32274B45328FD9914FB0E7B90D869A38F0E6F94FB1BF4E9E2B407
ParentProcessGuid: {19FC45AC-76E7-601C-0000-0010115A0000}
ParentProcessId: 348
ParentImage: C:\Windows\System32\wininit.exe
ParentCommandLine: wininit.exe","Process Create:
RuleName: 
UtcTime: 2021-02-04 22:36:13.546
ProcessGuid: {19FC45AC-76DD-601C-0000-0010A77B0100}
ProcessId: 1796
Image: C:\Windows\py.exe
FileVersion: 3.5.2
Description: Python
Product: Python
Company: Python Software Foundation
OriginalFileName: py.exe
CommandLine: ""C:\Windows\py.exe"" ""C:\BREACH\init_tbf_client.py"" 
CurrentDirectory: C:\BREACH\
User: BREACH\client2
LogonGuid: {19FC45AC-76D9-601C-0000-002027FB0000}
LogonId: 0xfb27
TerminalSessionId: 1
IntegrityLevel: Medium
Hashes: MD5=CC3AC75DDBFAA6D4CCBB0AFAD7EB759D,SHA256=3D98A354F1329BFEB17216D2391D6E9C04F6873B6E491BCE9734C02C26574B3D
ParentProcessGuid: {19FC45AC-76D9-601C-0000-00103B130100}
ParentProcessId: 1300
ParentImage: C:\Windows\explorer.exe
ParentCommandLine: C:\Windows\Explorer.EXE",False
Microsoft-Windows-Sysmon_1_Match_02.json,Microsoft-Windows-Sysmon_1_Evasion_Cmdline_01.json,message,"Process Create:
RuleName: 
UtcTime: 2021-02-04 22:36:23.718
ProcessGuid: {19FC45AC-76E7-601C-0000-001081630000}
ProcessId: 440
Image: C:\Windows\System32\services.exe
FileVersion: 6.1.7600.16385 (win7_rtm.090713-1255)
Description: Services and Controller app
Product: Microsoft® Windows® Operating System
Company: Microsoft Corporation
OriginalFileName: services.exe
CommandLine: C:\Windows\system32\services.exe
CurrentDirectory: C:\Windows\system32\
User: NT AUTHORITY\SYSTEM
LogonGuid: {19FC45AC-76E7-601C-0000-0020E7030000}
LogonId: 0x3e7
TerminalSessionId: 0
IntegrityLevel: System
Hashes: MD5=5F1B6A9C35D3D5CA72D6D6FDEF9747D6,SHA256=D7BC4ED605B32274B45328FD9914FB0E7B90D869A38F0E6F94FB1BF4E9E2B407
ParentProcessGuid: {19FC45AC-76E7-601C-0000-0010115A0000}
ParentProcessId: 348
ParentImage: C:\Windows\System32\wininit.exe
ParentCommandLine: wininit.exe","Process Create:
RuleName: 
UtcTime: 2021-02-04 22:29:02.031
ProcessGuid: {19FC45AC-752E-601C-0000-00100A670000}
ProcessId: 456
Image: C:\Windows\System32\lsass.exe
FileVersion: 6.1.7601.18741 (win7sp1_gdr.150202-1526)
Description: Local Security Authority Process
Product: Microsoft® Windows® Operating System
Company: Microsoft Corporation
OriginalFileName: lsass.exe
CommandLine: C:\Windows\system32\lsass.exe
CurrentDirectory: C:\Windows\system32\
User: NT AUTHORITY\SYSTEM
LogonGuid: {19FC45AC-752E-601C-0000-0020E7030000}
LogonId: 0x3e7
TerminalSessionId: 0
IntegrityLevel: System
Hashes: MD5=27945CF21E17AFBFF1E31993AAEE4551,SHA256=E24137EFC6215FCD27479E0C1C455518B1D39F75B8CF67E8A9B46DCDDCECB350
ParentProcessGuid: {19FC45AC-752D-601C-0000-001008590000}
ParentProcessId: 348
ParentImage: C:\Windows\System32\wininit.exe
ParentCommandLine: wininit.exe",False
Microsoft-Windows-Sysmon_1_Match_05.json,Microsoft-Windows-Sysmon_1_Evasion_Cmdline_02.json,message,"Process Create:
RuleName: 
UtcTime: 2021-02-04 22:28:55.984
ProcessGuid: {19FC45AC-7527-601C-0000-00102E640000}
ProcessId: 460
Image: C:\Windows\System32\lsm.exe
FileVersion: 6.1.7601.17514 (win7sp1_rtm.101119-1850)
Description: Local Session Manager Service
Product: Microsoft® Windows® Operating System
Company: Microsoft Corporation
OriginalFileName: lsm.exe
CommandLine: C:\Windows\system32\lsm.exe
CurrentDirectory: C:\Windows\system32\
User: NT AUTHORITY\SYSTEM
LogonGuid: {19FC45AC-7528-601C-0000-0020E7030000}
LogonId: 0x3e7
TerminalSessionId: 0
IntegrityLevel: System
Hashes: MD5=8AEA9A37C1A3565A204D37C5E72AB791,SHA256=939903F93FF37525A6C4B5CBA29CDEEE6D6055C42D605E80AE787F2A76F9870E
ParentProcessGuid: {19FC45AC-7527-601C-0000-001028570000}
ParentProcessId: 348
ParentImage: C:\Windows\System32\wininit.exe
ParentCommandLine: wininit.exe","Process Create:
RuleName: 
UtcTime: 2021-02-04 22:36:30.902
ProcessGuid: {19FC45AC-76EE-601C-0000-001039CB0100}
ProcessId: 948
Image: C:\Windows\System32\ipconfig.exe
FileVersion: 6.1.7600.16385 (win7_rtm.090713-1255)
Description: IP Configuration Utility
Product: Microsoft® Windows® Operating System
Company: Microsoft Corporation
OriginalFileName: ipconfig.exe
CommandLine: ipconfig /all
CurrentDirectory: C:\BREACH\
User: BREACH\client3
LogonGuid: {19FC45AC-76E9-601C-0000-00202BF80000}
LogonId: 0xf82b
TerminalSessionId: 1
IntegrityLevel: Medium
Hashes: MD5=CABB20E171770FF64614A54C1F31C033,SHA256=C0E3087D87C84776FE7FFCA768A0793C02D28E34A821F0C9DA32339AF8E7E6A6
ParentProcessGuid: {19FC45AC-76ED-601C-0000-00106C960100}
ParentProcessId: 1960
ParentImage: C:\Program Files\Python35-32\python.exe
ParentCommandLine: python C:\BREACH\userbehavior.pex --use-breach-setup",False
Microsoft-Windows-Sysmon_1_Match_05.json,Microsoft-Windows-Sysmon_1_Evasion_Cmdline_03.json,message,"Process Create:
RuleName: 
UtcTime: 2021-02-04 22:28:55.984
ProcessGuid: {19FC45AC-7527-601C-0000-00102E640000}
ProcessId: 460
Image: C:\Windows\System32\lsm.exe
FileVersion: 6.1.7601.17514 (win7sp1_rtm.101119-1850)
Description: Local Session Manager Service
Product: Microsoft® Windows® Operating System
Company: Microsoft Corporation
OriginalFileName: lsm.exe
CommandLine: C:\Windows\system32\lsm.exe
CurrentDirectory: C:\Windows\system32\
User: NT AUTHORITY\SYSTEM
LogonGuid: {19FC45AC-7528-601C-0000-0020E7030000}
LogonId: 0x3e7
TerminalSessionId: 0
IntegrityLevel: System
Hashes: MD5=8AEA9A37C1A3565A204D37C5E72AB791,SHA256=939903F93FF37525A6C4B5CBA29CDEEE6D6055C42D605E80AE787F2A76F9870E
ParentProcessGuid: {19FC45AC-7527-601C-0000-001028570000}
ParentProcessId: 348
ParentImage: C:\Windows\System32\wininit.exe
ParentCommandLine: wininit.exe","Process Create:
RuleName: 
UtcTime: 2021-02-05 02:12:00.625
ProcessGuid: {19FC45AC-A970-601C-0000-001008DC2200}
ProcessId: 2072
Image: C:\Windows\System32\taskhost.exe
FileVersion: 6.1.7601.17514 (win7sp1_rtm.101119-1850)
Description: Host Process for Windows Tasks
Product: Microsoft® Windows® Operating System
Company: Microsoft Corporation
OriginalFileName: taskhost.exe
CommandLine: taskhost.exe $(Arg0)
CurrentDirectory: C:\Windows\system32\
User: NT AUTHORITY\LOCAL SERVICE
LogonGuid: {19FC45AC-76E8-601C-0000-0020E5030000}
LogonId: 0x3e5
TerminalSessionId: 0
IntegrityLevel: System
Hashes: MD5=7FA8BA5A780E4757964AC9D4238302B9,SHA256=65E3D8CE737896647065103FBB4D58E6A34171D0A48662A832CFDAC3CF469701
ParentProcessGuid: {19FC45AC-76E7-601C-0000-001081630000}
ParentProcessId: 440
ParentImage: C:\Windows\System32\services.exe
ParentCommandLine: C:\Windows\system32\services.exe",False
Microsoft-Windows-Sysmon_1_Match_05.json,Microsoft-Windows-Sysmon_1_Evasion_Cmdline_06.json,message,"Process Create:
RuleName: 
UtcTime: 2021-02-04 22:28:55.984
ProcessGuid: {19FC45AC-7527-601C-0000-00102E640000}
ProcessId: 460
Image: C:\Windows\System32\lsm.exe
FileVersion: 6.1.7601.17514 (win7sp1_rtm.101119-1850)
Description: Local Session Manager Service
Product: Microsoft® Windows® Operating System
Company: Microsoft Corporation
OriginalFileName: lsm.exe
CommandLine: C:\Windows\system32\lsm.exe
CurrentDirectory: C:\Windows\system32\
User: NT AUTHORITY\SYSTEM
LogonGuid: {19FC45AC-7528-601C-0000-0020E7030000}
LogonId: 0x3e7
TerminalSessionId: 0
IntegrityLevel: System
Hashes: MD5=8AEA9A37C1A3565A204D37C5E72AB791,SHA256=939903F93FF37525A6C4B5CBA29CDEEE6D6055C42D605E80AE787F2A76F9870E
ParentProcessGuid: {19FC45AC-7527-601C-0000-001028570000}
ParentProcessId: 348
ParentImage: C:\Windows\System32\wininit.exe
ParentCommandLine: wininit.exe","Process Create:
RuleName: 
UtcTime: 2021-02-04 22:34:55.703
ProcessGuid: {19FC45AC-768F-601C-0000-00105D650000}
ProcessId: 464
Image: C:\Windows\System32\lsm.exe
FileVersion: 6.1.7601.17514 (win7sp1_rtm.101119-1850)
Description: Local Session Manager Service
Product: Microsoft® Windows® Operating System
Company: Microsoft Corporation
OriginalFileName: lsm.exe
CommandLine: C:\Windows\system32\lsm.exe
CurrentDirectory: C:\Windows\system32\
User: NT AUTHORITY\SYSTEM
LogonGuid: {19FC45AC-768F-601C-0000-0020E7030000}
LogonId: 0x3e7
TerminalSessionId: 0
IntegrityLevel: System
Hashes: MD5=8AEA9A37C1A3565A204D37C5E72AB791,SHA256=939903F93FF37525A6C4B5CBA29CDEEE6D6055C42D605E80AE787F2A76F9870E
ParentProcessGuid: {19FC45AC-768F-601C-0000-001049590000}
ParentProcessId: 348
ParentImage: C:\Windows\System32\wininit.exe
ParentCommandLine: wininit.exe",False
Microsoft-Windows-Sysmon_1_Match_05.json,Microsoft-Windows-Sysmon_1_Evasion_Cmdline_11.json,message,"Process Create:
RuleName: 
UtcTime: 2021-02-04 22:28:55.984
ProcessGuid: {19FC45AC-7527-601C-0000-00102E640000}
ProcessId: 460
Image: C:\Windows\System32\lsm.exe
FileVersion: 6.1.7601.17514 (win7sp1_rtm.101119-1850)
Description: Local Session Manager Service
Product: Microsoft® Windows® Operating System
Company: Microsoft Corporation
OriginalFileName: lsm.exe
CommandLine: C:\Windows\system32\lsm.exe
CurrentDirectory: C:\Windows\system32\
User: NT AUTHORITY\SYSTEM
LogonGuid: {19FC45AC-7528-601C-0000-0020E7030000}
LogonId: 0x3e7
TerminalSessionId: 0
IntegrityLevel: System
Hashes: MD5=8AEA9A37C1A3565A204D37C5E72AB791,SHA256=939903F93FF37525A6C4B5CBA29CDEEE6D6055C42D605E80AE787F2A76F9870E
ParentProcessGuid: {19FC45AC-7527-601C-0000-001028570000}
ParentProcessId: 348
ParentImage: C:\Windows\System32\wininit.exe
ParentCommandLine: wininit.exe","Process Create:
RuleName: 
UtcTime: 2021-02-04 22:34:57.250
ProcessGuid: {19FC45AC-7691-601C-0000-00107B140100}
ProcessId: 1316
Image: C:\Windows\System32\spoolsv.exe
FileVersion: 6.1.7601.17514 (win7sp1_rtm.101119-1850)
Description: Spooler SubSystem App
Product: Microsoft® Windows® Operating System
Company: Microsoft Corporation
OriginalFileName: spoolsv.exe
CommandLine: C:\Windows\System32\spoolsv.exe
CurrentDirectory: C:\Windows\system32\
User: NT AUTHORITY\SYSTEM
LogonGuid: {19FC45AC-768F-601C-0000-0020E7030000}
LogonId: 0x3e7
TerminalSessionId: 0
IntegrityLevel: System
Hashes: MD5=866A43013535DC8587C258E43579C764,SHA256=B2BE846B5167A2ECD1E30C69A81385FCC6EAE6033394D08458A5583D311C4D82
ParentProcessGuid: {19FC45AC-768F-601C-0000-0010EE630000}
ParentProcessId: 440
ParentImage: C:\Windows\System32\services.exe
ParentCommandLine: C:\Windows\system32\services.exe",False
Microsoft-Windows-Sysmon_1_Match_05.json,Microsoft-Windows-Sysmon_1_Evasion_Cmdline_04.json,message,"Process Create:
RuleName: 
UtcTime: 2021-02-04 22:28:55.984
ProcessGuid: {19FC45AC-7527-601C-0000-00102E640000}
ProcessId: 460
Image: C:\Windows\System32\lsm.exe
FileVersion: 6.1.7601.17514 (win7sp1_rtm.101119-1850)
Description: Local Session Manager Service
Product: Microsoft® Windows® Operating System
Company: Microsoft Corporation
OriginalFileName: lsm.exe
CommandLine: C:\Windows\system32\lsm.exe
CurrentDirectory: C:\Windows\system32\
User: NT AUTHORITY\SYSTEM
LogonGuid: {19FC45AC-7528-601C-0000-0020E7030000}
LogonId: 0x3e7
TerminalSessionId: 0
IntegrityLevel: System
Hashes: MD5=8AEA9A37C1A3565A204D37C5E72AB791,SHA256=939903F93FF37525A6C4B5CBA29CDEEE6D6055C42D605E80AE787F2A76F9870E
ParentProcessGuid: {19FC45AC-7527-601C-0000-001028570000}
ParentProcessId: 348
ParentImage: C:\Windows\System32\wininit.exe
ParentCommandLine: wininit.exe","Process Create:
RuleName: 
UtcTime: 2021-02-04 22:53:56.569
ProcessGuid: {19FC45AC-7B04-601C-0000-001069B50500}
ProcessId: 1940
Image: C:\Windows\System32\aitagent.exe
FileVersion: 6.1.7601.17514 (win7sp1_rtm.101119-1850)
Description: Application Impact Telemetry Agent
Product: Microsoft® Windows® Operating System
Company: Microsoft Corporation
OriginalFileName: 
CommandLine: C:\Windows\system32\aitagent.EXE 
CurrentDirectory: C:\Windows\system32\
User: NT AUTHORITY\SYSTEM
LogonGuid: {19FC45AC-76E7-601C-0000-0020E7030000}
LogonId: 0x3e7
TerminalSessionId: 0
IntegrityLevel: System
Hashes: MD5=2A3557DD3913F8D7CC5A5703083424D8,SHA256=E0731448A15FFAC9F20A82EAE95D97733FBCD227D1EAB7264F8FDE14503F3494
ParentProcessGuid: {19FC45AC-76E7-601C-0000-001081630000}
ParentProcessId: 440
ParentImage: C:\Windows\System32\services.exe
ParentCommandLine: C:\Windows\system32\services.exe",False
Microsoft-Windows-Sysmon_1_Match_05.json,Microsoft-Windows-Sysmon_1_Evasion_Cmdline_10.json,message,"Process Create:
RuleName: 
UtcTime: 2021-02-04 22:28:55.984
ProcessGuid: {19FC45AC-7527-601C-0000-00102E640000}
ProcessId: 460
Image: C:\Windows\System32\lsm.exe
FileVersion: 6.1.7601.17514 (win7sp1_rtm.101119-1850)
Description: Local Session Manager Service
Product: Microsoft® Windows® Operating System
Company: Microsoft Corporation
OriginalFileName: lsm.exe
CommandLine: C:\Windows\system32\lsm.exe
CurrentDirectory: C:\Windows\system32\
User: NT AUTHORITY\SYSTEM
LogonGuid: {19FC45AC-7528-601C-0000-0020E7030000}
LogonId: 0x3e7
TerminalSessionId: 0
IntegrityLevel: System
Hashes: MD5=8AEA9A37C1A3565A204D37C5E72AB791,SHA256=939903F93FF37525A6C4B5CBA29CDEEE6D6055C42D605E80AE787F2A76F9870E
ParentProcessGuid: {19FC45AC-7527-601C-0000-001028570000}
ParentProcessId: 348
ParentImage: C:\Windows\System32\wininit.exe
ParentCommandLine: wininit.exe","Process Create:
RuleName: 
UtcTime: 2021-02-05 00:17:17.167
ProcessGuid: {19FC45AC-8E8D-601C-0000-001068581600}
ProcessId: 2424
Image: C:\Program Files\Mozilla Firefox\uninstall\helper.exe
FileVersion: 38.0.5
Description: Firefox Helper
Product: Firefox
Company: Mozilla Corporation
OriginalFileName: helper.exe
CommandLine: ""C:\Program Files\Mozilla Firefox\uninstall\helper.exe"" /UpdateShortcutAppUserModelIds
CurrentDirectory: C:\BREACH\
User: BREACH\client3
LogonGuid: {19FC45AC-76E9-601C-0000-00202BF80000}
LogonId: 0xf82b
TerminalSessionId: 1
IntegrityLevel: Medium
Hashes: MD5=9178BD65FC4F7EC665C799DC801D4F1E,SHA256=67EC19C47423B9AFB9E84E56530AD59DB07BE36EB68C00EDFAF5CB36A0F65ED8
ParentProcessGuid: {19FC45AC-8E8B-601C-0000-0010E73F1600}
ParentProcessId: 3972
ParentImage: C:\Program Files\Mozilla Firefox\firefox.exe
ParentCommandLine: ""C:\Program Files\Mozilla Firefox\firefox.exe"" -foreground",False
Microsoft-Windows-Sysmon_1_Match_05.json,Microsoft-Windows-Sysmon_1_Evasion_Cmdline_01.json,message,"Process Create:
RuleName: 
UtcTime: 2021-02-04 22:28:55.984
ProcessGuid: {19FC45AC-7527-601C-0000-00102E640000}
ProcessId: 460
Image: C:\Windows\System32\lsm.exe
FileVersion: 6.1.7601.17514 (win7sp1_rtm.101119-1850)
Description: Local Session Manager Service
Product: Microsoft® Windows® Operating System
Company: Microsoft Corporation
OriginalFileName: lsm.exe
CommandLine: C:\Windows\system32\lsm.exe
CurrentDirectory: C:\Windows\system32\
User: NT AUTHORITY\SYSTEM
LogonGuid: {19FC45AC-7528-601C-0000-0020E7030000}
LogonId: 0x3e7
TerminalSessionId: 0
IntegrityLevel: System
Hashes: MD5=8AEA9A37C1A3565A204D37C5E72AB791,SHA256=939903F93FF37525A6C4B5CBA29CDEEE6D6055C42D605E80AE787F2A76F9870E
ParentProcessGuid: {19FC45AC-7527-601C-0000-001028570000}
ParentProcessId: 348
ParentImage: C:\Windows\System32\wininit.exe
ParentCommandLine: wininit.exe","Process Create:
RuleName: 
UtcTime: 2021-02-04 22:27:22.406
ProcessGuid: {19FC45AC-74CA-601C-0000-00105FC80100}
ProcessId: 1968
Image: C:\Windows\System32\ipconfig.exe
FileVersion: 6.1.7600.16385 (win7_rtm.090713-1255)
Description: IP Configuration Utility
Product: Microsoft® Windows® Operating System
Company: Microsoft Corporation
OriginalFileName: ipconfig.exe
CommandLine: ipconfig /all
CurrentDirectory: C:\BREACH\
User: client\setup
LogonGuid: {19FC45AC-74C5-601C-0000-002089FB0000}
LogonId: 0xfb89
TerminalSessionId: 1
IntegrityLevel: High
Hashes: MD5=CABB20E171770FF64614A54C1F31C033,SHA256=C0E3087D87C84776FE7FFCA768A0793C02D28E34A821F0C9DA32339AF8E7E6A6
ParentProcessGuid: {19FC45AC-74C9-601C-0000-001082B40100}
ParentProcessId: 1908
ParentImage: C:\Program Files\Python35-32\python.exe
ParentCommandLine: ""C:\Program Files\Python35-32\python.exe"" ""C:\BREACH\init_tbf_client.py"" ",False
Microsoft-Windows-Sysmon_1_Match_05.json,Microsoft-Windows-Sysmon_1_Evasion_Cmdline_07.json,message,"Process Create:
RuleName: 
UtcTime: 2021-02-04 22:28:55.984
ProcessGuid: {19FC45AC-7527-601C-0000-00102E640000}
ProcessId: 460
Image: C:\Windows\System32\lsm.exe
FileVersion: 6.1.7601.17514 (win7sp1_rtm.101119-1850)
Description: Local Session Manager Service
Product: Microsoft® Windows® Operating System
Company: Microsoft Corporation
OriginalFileName: lsm.exe
CommandLine: C:\Windows\system32\lsm.exe
CurrentDirectory: C:\Windows\system32\
User: NT AUTHORITY\SYSTEM
LogonGuid: {19FC45AC-7528-601C-0000-0020E7030000}
LogonId: 0x3e7
TerminalSessionId: 0
IntegrityLevel: System
Hashes: MD5=8AEA9A37C1A3565A204D37C5E72AB791,SHA256=939903F93FF37525A6C4B5CBA29CDEEE6D6055C42D605E80AE787F2A76F9870E
ParentProcessGuid: {19FC45AC-7527-601C-0000-001028570000}
ParentProcessId: 348
ParentImage: C:\Windows\System32\wininit.exe
ParentCommandLine: wininit.exe","Process Create:
RuleName: 
UtcTime: 2021-02-04 22:27:32.375
ProcessGuid: {19FC45AC-74D4-601C-0000-0010BB4F0300}
ProcessId: 2520
Image: C:\Windows\System32\WindowsPowerShell\v1.0\powershell.exe
FileVersion: 10.0.14409.1005 (rs1_srvoob.161208-1155)
Description: Windows PowerShell
Product: Microsoft® Windows® Operating System
Company: Microsoft Corporation
OriginalFileName: PowerShell.EXE
CommandLine: ""C:\Windows\System32\WindowsPowerShell\v1.0\powershell.exe"" netsh.exe interface ip set address name='Local Area Connection 2' static 192.168.56.102 
CurrentDirectory: C:\BREACH\
User: client\breach
LogonGuid: {19FC45AC-74D4-601C-0000-0020A94C0300}
LogonId: 0x34ca9
TerminalSessionId: 1
IntegrityLevel: High
Hashes: MD5=EB32C070E658937AA9FA9F3AE629B2B8,SHA256=70BA57FB0BF2F34B86426D21559F5F6D05C1268193904DE8E959D7B06CE964CE
ParentProcessGuid: {19FC45AC-74CA-601C-0000-00105BCE0100}
ParentProcessId: 1988
ParentImage: C:\Windows\System32\WindowsPowerShell\v1.0\powershell.exe
ParentCommandLine: powershell ""$admin = \""client\breach\""; $admin_pwd = \""breach\""; $cmd_man_ip = \""netsh.exe interface ip set address name='Local Area Connection 2' static 192.168.56.102\""; $admin_secpwd = ConvertTo-SecureString $admin_pwd -AsPlainText -Force; $credential = New-Object System.Management.Automation.PSCredential $admin, $admin_secpwd; Start-Process powershell.exe -Wait -Credential $credential -NoNewWindow -ArgumentList $cmd_man_ip""",False
Microsoft-Windows-Sysmon_1_Match_05.json,Microsoft-Windows-Sysmon_1_Evasion_Cmdline_08.json,message,"Process Create:
RuleName: 
UtcTime: 2021-02-04 22:28:55.984
ProcessGuid: {19FC45AC-7527-601C-0000-00102E640000}
ProcessId: 460
Image: C:\Windows\System32\lsm.exe
FileVersion: 6.1.7601.17514 (win7sp1_rtm.101119-1850)
Description: Local Session Manager Service
Product: Microsoft® Windows® Operating System
Company: Microsoft Corporation
OriginalFileName: lsm.exe
CommandLine: C:\Windows\system32\lsm.exe
CurrentDirectory: C:\Windows\system32\
User: NT AUTHORITY\SYSTEM
LogonGuid: {19FC45AC-7528-601C-0000-0020E7030000}
LogonId: 0x3e7
TerminalSessionId: 0
IntegrityLevel: System
Hashes: MD5=8AEA9A37C1A3565A204D37C5E72AB791,SHA256=939903F93FF37525A6C4B5CBA29CDEEE6D6055C42D605E80AE787F2A76F9870E
ParentProcessGuid: {19FC45AC-7527-601C-0000-001028570000}
ParentProcessId: 348
ParentImage: C:\Windows\System32\wininit.exe
ParentCommandLine: wininit.exe","Process Create:
RuleName: 
UtcTime: 2021-02-04 22:27:19.468
ProcessGuid: {19FC45AC-74C7-601C-0000-00109E510100}
ProcessId: 1496
Image: C:\Program Files\freeSSHd\FreeSSHDService.exe
FileVersion: 1, 3, 1, 26
Description: FreeSSHDService Module
Product: FreeSSHDService Module
Company: ?
OriginalFileName: FreeSSHDService.exe
CommandLine: ""C:\Program Files\freeSSHd\FreeSSHDService.exe""
CurrentDirectory: C:\Windows\system32\
User: NT AUTHORITY\SYSTEM
LogonGuid: {19FC45AC-74C3-601C-0000-0020E7030000}
LogonId: 0x3e7
TerminalSessionId: 0
IntegrityLevel: System
Hashes: MD5=A25C33FB549D90018DBEEC40BB07D543,SHA256=472168CF54A123BA0FC585B4B5FEDBB60562B81B3ADA7616CE9CA77DDB5C4914
ParentProcessGuid: {19FC45AC-74C2-601C-0000-001050630000}
ParentProcessId: 440
ParentImage: C:\Windows\System32\services.exe
ParentCommandLine: C:\Windows\system32\services.exe",False
Microsoft-Windows-Sysmon_1_Match_05.json,Microsoft-Windows-Sysmon_1_Evasion_Cmdline_05.json,message,"Process Create:
RuleName: 
UtcTime: 2021-02-04 22:28:55.984
ProcessGuid: {19FC45AC-7527-601C-0000-00102E640000}
ProcessId: 460
Image: C:\Windows\System32\lsm.exe
FileVersion: 6.1.7601.17514 (win7sp1_rtm.101119-1850)
Description: Local Session Manager Service
Product: Microsoft® Windows® Operating System
Company: Microsoft Corporation
OriginalFileName: lsm.exe
CommandLine: C:\Windows\system32\lsm.exe
CurrentDirectory: C:\Windows\system32\
User: NT AUTHORITY\SYSTEM
LogonGuid: {19FC45AC-7528-601C-0000-0020E7030000}
LogonId: 0x3e7
TerminalSessionId: 0
IntegrityLevel: System
Hashes: MD5=8AEA9A37C1A3565A204D37C5E72AB791,SHA256=939903F93FF37525A6C4B5CBA29CDEEE6D6055C42D605E80AE787F2A76F9870E
ParentProcessGuid: {19FC45AC-7527-601C-0000-001028570000}
ParentProcessId: 348
ParentImage: C:\Windows\System32\wininit.exe
ParentCommandLine: wininit.exe","Process Create:
RuleName: 
UtcTime: 2021-02-04 22:28:08.593
ProcessGuid: {19FC45AC-74F8-601C-0000-00101C530000}
ProcessId: 312
Image: C:\Windows\System32\csrss.exe
FileVersion: 6.1.7600.16385 (win7_rtm.090713-1255)
Description: Client Server Runtime Process
Product: Microsoft® Windows® Operating System
Company: Microsoft Corporation
OriginalFileName: CSRSS.Exe
CommandLine: %%SystemRoot%%\system32\csrss.exe ObjectDirectory=\Windows SharedSection=1024,12288,512 Windows=On SubSystemType=Windows ServerDll=basesrv,1 ServerDll=winsrv:UserServerDllInitialization,3 ServerDll=winsrv:ConServerDllInitialization,2 ServerDll=sxssrv,4 ProfileControl=Off MaxRequestThreads=16
CurrentDirectory: C:\Windows\system32
User: NT AUTHORITY\SYSTEM
LogonGuid: {19FC45AC-74F9-601C-0000-0020E7030000}
LogonId: 0x3e7
TerminalSessionId: 0
IntegrityLevel: System
Hashes: MD5=342271F6142E7C70805B8A81E1BA5F5C,SHA256=F9112B88FEC5EF10A7AEDF88DCEE61956D1FCDE7CB42197216E8265578713786
ParentProcessGuid: {19FC45AC-74F8-601C-0000-0010C6440000}
ParentProcessId: 296
ParentImage: C:\Windows\System32\smss.exe
ParentCommandLine: \SystemRoot\System32\smss.exe 00000000 0000003c ",False
Microsoft-Windows-Sysmon_1_Match_05.json,Microsoft-Windows-Sysmon_1_Evasion_Cmdline_09.json,message,"Process Create:
RuleName: 
UtcTime: 2021-02-04 22:28:55.984
ProcessGuid: {19FC45AC-7527-601C-0000-00102E640000}
ProcessId: 460
Image: C:\Windows\System32\lsm.exe
FileVersion: 6.1.7601.17514 (win7sp1_rtm.101119-1850)
Description: Local Session Manager Service
Product: Microsoft® Windows® Operating System
Company: Microsoft Corporation
OriginalFileName: lsm.exe
CommandLine: C:\Windows\system32\lsm.exe
CurrentDirectory: C:\Windows\system32\
User: NT AUTHORITY\SYSTEM
LogonGuid: {19FC45AC-7528-601C-0000-0020E7030000}
LogonId: 0x3e7
TerminalSessionId: 0
IntegrityLevel: System
Hashes: MD5=8AEA9A37C1A3565A204D37C5E72AB791,SHA256=939903F93FF37525A6C4B5CBA29CDEEE6D6055C42D605E80AE787F2A76F9870E
ParentProcessGuid: {19FC45AC-7527-601C-0000-001028570000}
ParentProcessId: 348
ParentImage: C:\Windows\System32\wininit.exe
ParentCommandLine: wininit.exe","Process Create:
RuleName: 
UtcTime: 2021-02-05 09:07:01.695
ProcessGuid: {19FC45AC-0AB5-601D-0000-0010A89E6000}
ProcessId: 3844
Image: C:\Windows\System32\taskhost.exe
FileVersion: 6.1.7601.17514 (win7sp1_rtm.101119-1850)
Description: Host Process for Windows Tasks
Product: Microsoft® Windows® Operating System
Company: Microsoft Corporation
OriginalFileName: taskhost.exe
CommandLine: taskhost.exe $(Arg0)
CurrentDirectory: C:\Windows\system32\
User: NT AUTHORITY\LOCAL SERVICE
LogonGuid: {19FC45AC-76E8-601C-0000-0020E5030000}
LogonId: 0x3e5
TerminalSessionId: 0
IntegrityLevel: System
Hashes: MD5=7FA8BA5A780E4757964AC9D4238302B9,SHA256=65E3D8CE737896647065103FBB4D58E6A34171D0A48662A832CFDAC3CF469701
ParentProcessGuid: {19FC45AC-76E7-601C-0000-001081630000}
ParentProcessId: 440
ParentImage: C:\Windows\System32\services.exe
ParentCommandLine: C:\Windows\system32\services.exe",False
Microsoft-Windows-Sysmon_1_Match_05.json,Microsoft-Windows-Sysmon_1_Evasion_Cmdline_12.json,message,"Process Create:
RuleName: 
UtcTime: 2021-02-04 22:28:55.984
ProcessGuid: {19FC45AC-7527-601C-0000-00102E640000}
ProcessId: 460
Image: C:\Windows\System32\lsm.exe
FileVersion: 6.1.7601.17514 (win7sp1_rtm.101119-1850)
Description: Local Session Manager Service
Product: Microsoft® Windows® Operating System
Company: Microsoft Corporation
OriginalFileName: lsm.exe
CommandLine: C:\Windows\system32\lsm.exe
CurrentDirectory: C:\Windows\system32\
User: NT AUTHORITY\SYSTEM
LogonGuid: {19FC45AC-7528-601C-0000-0020E7030000}
LogonId: 0x3e7
TerminalSessionId: 0
IntegrityLevel: System
Hashes: MD5=8AEA9A37C1A3565A204D37C5E72AB791,SHA256=939903F93FF37525A6C4B5CBA29CDEEE6D6055C42D605E80AE787F2A76F9870E
ParentProcessGuid: {19FC45AC-7527-601C-0000-001028570000}
ParentProcessId: 348
ParentImage: C:\Windows\System32\wininit.exe
ParentCommandLine: wininit.exe","Process Create:
RuleName: 
UtcTime: 2021-02-04 22:28:11.281
ProcessGuid: {19FC45AC-74FB-601C-0000-0010E42E0100}
ProcessId: 1368
Image: C:\Windows\System32\svchost.exe
FileVersion: 6.1.7600.16385 (win7_rtm.090713-1255)
Description: Host Process for Windows Services
Product: Microsoft® Windows® Operating System
Company: Microsoft Corporation
OriginalFileName: svchost.exe
CommandLine: C:\Windows\system32\svchost.exe -k ftpsvc
CurrentDirectory: C:\Windows\system32\
User: NT AUTHORITY\SYSTEM
LogonGuid: {19FC45AC-74F9-601C-0000-0020E7030000}
LogonId: 0x3e7
TerminalSessionId: 0
IntegrityLevel: System
Hashes: MD5=54A47F6B5E09A77E61649109C6A08866,SHA256=121118A0F5E0E8C933EFD28C9901E54E42792619A8A3A6D11E1F0025A7324BC2
ParentProcessGuid: {19FC45AC-74F8-601C-0000-00109E610000}
ParentProcessId: 440
ParentImage: C:\Windows\System32\services.exe
ParentCommandLine: C:\Windows\system32\services.exe",False
Microsoft-Windows-Sysmon_1_Match_02.json,Microsoft-Windows-Sysmon_1_Evasion_Cmdline_02.json,message,"Process Create:
RuleName: 
UtcTime: 2021-02-04 22:28:15.312
ProcessGuid: {19FC45AC-74FF-601C-0000-00109F860200}
ProcessId: 2076
Image: C:\Program Files\Adobe\Reader 9.0\Reader\reader_sl.exe
FileVersion: 9.1.0.2009022700
Description: Adobe Acrobat SpeedLauncher
Product: Adobe Acrobat
Company: Adobe Systems Incorporated
OriginalFileName: AcroSpeedLaunch.exe
CommandLine: ""C:\Program Files\Adobe\Reader 9.0\Reader\reader_sl.exe"" 
CurrentDirectory: C:\Windows\system32\
User: CLIENT3\setup
LogonGuid: {19FC45AC-74FE-601C-0000-0020FD380200}
LogonId: 0x238fd
TerminalSessionId: 1
IntegrityLevel: High
Hashes: MD5=452FA961163EF4AEE4815796A13AB2CF,SHA256=14DC422082F96F5C21C41A5E5F6E8445547CC4B02B18F0A86A34669CA2CE18A7
ParentProcessGuid: {19FC45AC-74FE-601C-0000-0010D8530200}
ParentProcessId: 1572
ParentImage: C:\Windows\explorer.exe
ParentCommandLine: C:\Windows\Explorer.EXE","Process Create:
RuleName: 
UtcTime: 2021-02-04 20:34:49.227
ProcessGuid: {19FC45AC-5A69-601C-0000-001089681000}
ProcessId: 3212
Image: C:\Windows\System32\rundll32.exe
FileVersion: 6.1.7600.16385 (win7_rtm.090713-1255)
Description: Windows host process (Rundll32)
Product: Microsoft® Windows® Operating System
Company: Microsoft Corporation
OriginalFileName: RUNDLL32.EXE
CommandLine: ""C:\Windows\system32\rundll32.exe"" C:\Windows\system32\shell32.dll,OpenAs_RunDLL C:\ProgramData\winlogbeat\logs\winlogbeat
CurrentDirectory: C:\ProgramData\winlogbeat\logs\
User: client\breach
LogonGuid: {19FC45AC-53AD-601C-0000-002012560200}
LogonId: 0x25612
TerminalSessionId: 1
IntegrityLevel: High
Hashes: MD5=51138BEEA3E2C21EC44D0932C71762A8,SHA256=5AD3C37E6F2B9DB3EE8B5AEEDC474645DE90C66E3D95F8620C48102F1EBA4124
ParentProcessGuid: {19FC45AC-53AF-601C-0000-0010E7660300}
ParentProcessId: 1876
ParentImage: C:\Windows\explorer.exe
ParentCommandLine: C:\Windows\Explorer.EXE",False
Microsoft-Windows-Sysmon_1_Match_02.json,Microsoft-Windows-Sysmon_1_Evasion_Cmdline_03.json,message,"Process Create:
RuleName: 
UtcTime: 2021-02-04 22:28:15.312
ProcessGuid: {19FC45AC-74FF-601C-0000-00109F860200}
ProcessId: 2076
Image: C:\Program Files\Adobe\Reader 9.0\Reader\reader_sl.exe
FileVersion: 9.1.0.2009022700
Description: Adobe Acrobat SpeedLauncher
Product: Adobe Acrobat
Company: Adobe Systems Incorporated
OriginalFileName: AcroSpeedLaunch.exe
CommandLine: ""C:\Program Files\Adobe\Reader 9.0\Reader\reader_sl.exe"" 
CurrentDirectory: C:\Windows\system32\
User: CLIENT3\setup
LogonGuid: {19FC45AC-74FE-601C-0000-0020FD380200}
LogonId: 0x238fd
TerminalSessionId: 1
IntegrityLevel: High
Hashes: MD5=452FA961163EF4AEE4815796A13AB2CF,SHA256=14DC422082F96F5C21C41A5E5F6E8445547CC4B02B18F0A86A34669CA2CE18A7
ParentProcessGuid: {19FC45AC-74FE-601C-0000-0010D8530200}
ParentProcessId: 1572
ParentImage: C:\Windows\explorer.exe
ParentCommandLine: C:\Windows\Explorer.EXE","Process Create:
RuleName: 
UtcTime: 2021-02-04 22:27:18.718
ProcessGuid: {19FC45AC-74C6-601C-0000-0010E81B0100}
ProcessId: 1288
Image: C:\Windows\System32\spoolsv.exe
FileVersion: 6.1.7601.17514 (win7sp1_rtm.101119-1850)
Description: Spooler SubSystem App
Product: Microsoft® Windows® Operating System
Company: Microsoft Corporation
OriginalFileName: spoolsv.exe
CommandLine: C:\Windows\System32\spoolsv.exe
CurrentDirectory: C:\Windows\system32\
User: NT AUTHORITY\SYSTEM
LogonGuid: {19FC45AC-74C3-601C-0000-0020E7030000}
LogonId: 0x3e7
TerminalSessionId: 0
IntegrityLevel: System
Hashes: MD5=866A43013535DC8587C258E43579C764,SHA256=B2BE846B5167A2ECD1E30C69A81385FCC6EAE6033394D08458A5583D311C4D82
ParentProcessGuid: {19FC45AC-74C3-601C-0000-0010D8620000}
ParentProcessId: 440
ParentImage: C:\Windows\System32\services.exe
ParentCommandLine: C:\Windows\system32\services.exe",False
Microsoft-Windows-Sysmon_1_Match_02.json,Microsoft-Windows-Sysmon_1_Evasion_Cmdline_04.json,message,"Process Create:
RuleName: 
UtcTime: 2021-02-04 22:28:15.312
ProcessGuid: {19FC45AC-74FF-601C-0000-00109F860200}
ProcessId: 2076
Image: C:\Program Files\Adobe\Reader 9.0\Reader\reader_sl.exe
FileVersion: 9.1.0.2009022700
Description: Adobe Acrobat SpeedLauncher
Product: Adobe Acrobat
Company: Adobe Systems Incorporated
OriginalFileName: AcroSpeedLaunch.exe
CommandLine: ""C:\Program Files\Adobe\Reader 9.0\Reader\reader_sl.exe"" 
CurrentDirectory: C:\Windows\system32\
User: CLIENT3\setup
LogonGuid: {19FC45AC-74FE-601C-0000-0020FD380200}
LogonId: 0x238fd
TerminalSessionId: 1
IntegrityLevel: High
Hashes: MD5=452FA961163EF4AEE4815796A13AB2CF,SHA256=14DC422082F96F5C21C41A5E5F6E8445547CC4B02B18F0A86A34669CA2CE18A7
ParentProcessGuid: {19FC45AC-74FE-601C-0000-0010D8530200}
ParentProcessId: 1572
ParentImage: C:\Windows\explorer.exe
ParentCommandLine: C:\Windows\Explorer.EXE","Process Create:
RuleName: 
UtcTime: 2021-02-04 22:28:17.437
ProcessGuid: {19FC45AC-7501-601C-0000-0010CF860200}
ProcessId: 2092
Image: C:\Program Files\NetTime\NetTime.exe
FileVersion: 3.1.4.220
Description: Network Time Synchronizer
Product: NetTime
Company: 
OriginalFileName: NetTime.exe
CommandLine: ""C:\Program Files\NetTime\NetTime.exe"" 
CurrentDirectory: C:\Windows\system32\
User: CLIENT1\setup
LogonGuid: {19FC45AC-7500-601C-0000-0020BA3C0200}
LogonId: 0x23cba
TerminalSessionId: 1
IntegrityLevel: High
Hashes: MD5=60B65F97C12BA30CD36450D376227C02,SHA256=D06598F2F203CEC7A7A3857F727BC2BA457C1C0CEF2787B90CE553407FBF8536
ParentProcessGuid: {19FC45AC-7500-601C-0000-00100B520200}
ParentProcessId: 1564
ParentImage: C:\Windows\explorer.exe
ParentCommandLine: C:\Windows\Explorer.EXE",False
Microsoft-Windows-Sysmon_1_Match_02.json,Microsoft-Windows-Sysmon_1_Evasion_Cmdline_01.json,message,"Process Create:
RuleName: 
UtcTime: 2021-02-04 22:28:15.312
ProcessGuid: {19FC45AC-74FF-601C-0000-00109F860200}
ProcessId: 2076
Image: C:\Program Files\Adobe\Reader 9.0\Reader\reader_sl.exe
FileVersion: 9.1.0.2009022700
Description: Adobe Acrobat SpeedLauncher
Product: Adobe Acrobat
Company: Adobe Systems Incorporated
OriginalFileName: AcroSpeedLaunch.exe
CommandLine: ""C:\Program Files\Adobe\Reader 9.0\Reader\reader_sl.exe"" 
CurrentDirectory: C:\Windows\system32\
User: CLIENT3\setup
LogonGuid: {19FC45AC-74FE-601C-0000-0020FD380200}
LogonId: 0x238fd
TerminalSessionId: 1
IntegrityLevel: High
Hashes: MD5=452FA961163EF4AEE4815796A13AB2CF,SHA256=14DC422082F96F5C21C41A5E5F6E8445547CC4B02B18F0A86A34669CA2CE18A7
ParentProcessGuid: {19FC45AC-74FE-601C-0000-0010D8530200}
ParentProcessId: 1572
ParentImage: C:\Windows\explorer.exe
ParentCommandLine: C:\Windows\Explorer.EXE","Process Create:
