"{'provider_guid': '{5770385F-C22A-43E0-BF4C-06F5698FFBD9}', 'process': {'pid': 1516, 'thread': {'id': 1780}}, 'channel': 'Microsoft-Windows-Sysmon/Operational', 'provider_name': 'Microsoft-Windows-Sysmon', 'event_data': {'IntegrityLevel': 'System', 'Product': 'Microsoft® Windows® Operating System', 'TerminalSessionId': '1', 'OriginalFileName': 'logonui.exe', 'LogonGuid': '{19FC45AC-74F7-601C-0000-0020E7030000}', 'FileVersion': '6.1.7601.17514 (win7sp1_rtm.101119-1850)', 'LogonId': '0x3e7', 'Description': 'Windows Logon User Interface Host', 'Company': 'Microsoft Corporation'}, 'api': 'wineventlog', 'record_id': 1215, 'opcode': 'Info', 'event_id': 1, 'user': {'name': 'SYSTEM', 'domain': 'NT AUTHORITY', 'type': 'User', 'identifier': 'S-1-5-18'}, 'task': 'Process Create (rule: ProcessCreate)', 'version': 5, 'computer_name': 'CLIENT3'}","{'task': 'Process Create (rule: ProcessCreate)', 'channel': 'Microsoft-Windows-Sysmon/Operational', 'opcode': 'Info', 'provider_guid': '{5770385F-C22A-43E0-BF4C-06F5698FFBD9}', 'version': 5, 'process': {'pid': 1524, 'thread': {'id': 1792}}, 'user': {'identifier': 'S-1-5-18', 'name': 'SYSTEM', 'domain': 'NT AUTHORITY', 'type': 'User'}, 'record_id': 1301, 'api': 'wineventlog', 'event_id': 1, 'event_data': {'LogonId': '0x24aed', 'FileVersion': '3.5.2', 'Description': 'Python', 'OriginalFileName': 'python.exe', 'IntegrityLevel': 'Medium', 'Product': 'Python', 'Company': 'Python Software Foundation', 'LogonGuid': '{19FC45AC-7533-601C-0000-0020ED4A0200}', 'TerminalSessionId': '1'}, 'provider_name': 'Microsoft-Windows-Sysmon', 'computer_name': 'CLIENT1.breach.local'}"
"{'command_line': 'bcdedit /set {default} recoveryenabled no', 'args': ['LogonUI.exe', '/flags:0x0'], 'entity_id': '{19FC45AC-74F7-601C-0000-001072C60000}', 'executable': 'C:\\Windows\\System32\\LogonUI.exe', 'working_directory': 'C:\\Windows\\system32\\', 'parent': {'entity_id': '{19FC45AC-74F6-601C-0000-0010945C0000}', 'pid': 384, 'executable': 'C:\\Windows\\System32\\winlogon.exe', 'command_line': 'winlogon.exe', 'name': 'winlogon.exe', 'args': ['winlogon.exe']}, 'name': 'LogonUI.exe', 'hash': {'md5': '3ef0d8ab08385aab5802e773511a2e6a', 'sha256': '1a7ee4bc646767004372eaea9bc0a2071790e739101f7d25ecd9c95d3f29afd6'}, 'pid': 736}","{'parent': {'args': ['C:\\Windows\\py.exe', 'C:\\BREACH\\init_tbf_client.py'], 'entity_id': '{19FC45AC-7534-601C-0000-0010B6B20200}', 'pid': 2272, 'executable': 'C:\\Windows\\py.exe', 'command_line': '""C:\\Windows\\py.exe"" ""C:\\BREACH\\init_tbf_client.py"" ', 'name': 'py.exe'}, 'args': ['C:\\Program Files\\Python35-32\\python.exe', 'C:\\BREACH\\init_tbf_client.py'], 'hash': {'md5': 'edc79826e21859e93a875dfc087606c5', 'sha256': 'd61ddea87b2483612caeb0f3514aee3e60237d5f3880f49512c834539462742e'}, 'entity_id': '{19FC45AC-7534-601C-0000-001004B80200}', 'pid': 2340, 'executable': 'C:\\Program Files\\Python35-32\\python.exe', 'command_line': 'b""""cd""ed""it.exe   /""set""  ""{de""fau""lt""}   re""cover""yen""able""d   n""""o', 'working_directory': 'C:\\BREACH\\', 'name': 'python.exe'}"
"{'domain': 'NT AUTHORITY', 'name': 'SYSTEM'}","{'domain': 'BREACH', 'name': 'client1'}"
"{'user': 'SYSTEM', 'hash': ['3ef0d8ab08385aab5802e773511a2e6a', '1a7ee4bc646767004372eaea9bc0a2071790e739101f7d25ecd9c95d3f29afd6']}","{'user': 'client1', 'hash': ['edc79826e21859e93a875dfc087606c5', 'd61ddea87b2483612caeb0f3514aee3e60237d5f3880f49512c834539462742e']}"
"{'provider': 'Microsoft-Windows-Sysmon', 'action': 'Process Create (rule: ProcessCreate)', 'created': '2021-02-04T22:31:13.049Z', 'module': 'sysmon', 'type': ['start', 'process_start'], 'category': ['process'], 'kind': 'event', 'code': 1}","{'action': 'Process Create (rule: ProcessCreate)', 'created': '2021-02-04T22:31:06.300Z', 'module': 'sysmon', 'type': ['start', 'process_start'], 'category': ['process'], 'kind': 'event', 'code': 1, 'provider': 'Microsoft-Windows-Sysmon'}"
"{'os': {'version': '6.1', 'family': 'windows', 'name': 'Windows 7 Professional', 'kernel': '6.1.7601.18741 (win7sp1_gdr.150202-1526)', 'build': '7601.0', 'platform': 'windows'}, 'name': 'CLIENT3', 'id': '19fc45ac-5890-4f96-81b1-50ed111c0ce4', 'ip': ['192.168.56.103', '172.16.1.3', 'fe80::5efe:c0a8:3867', 'fe80::5efe:ac10:103'], 'mac': ['00:50:56:00:03:03', '00:50:56:00:00:03', '00:00:00:00:00:00:00:e0', '00:00:00:00:00:00:00:e0'], 'hostname': 'CLIENT3', 'architecture': 'x86'}","{'name': 'CLIENT1.breach.local', 'ip': ['192.168.56.101', '172.16.1.1', 'fe80::5efe:c0a8:3865', 'fe80::5efe:ac10:101'], 'mac': ['00:50:56:00:03:01', '00:50:56:00:00:01', '00:00:00:00:00:00:00:e0', '00:00:00:00:00:00:00:e0'], 'hostname': 'CLIENT1', 'architecture': 'x86', 'os': {'family': 'windows', 'name': 'Windows 7 Professional', 'kernel': '6.1.7601.18741 (win7sp1_gdr.150202-1526)', 'build': '7601.0', 'platform': 'windows', 'version': '6.1'}, 'id': '19fc45ac-5890-4f96-81b1-50ed111c0ce4'}"
"{'md5': '3ef0d8ab08385aab5802e773511a2e6a', 'sha256': '1a7ee4bc646767004372eaea9bc0a2071790e739101f7d25ecd9c95d3f29afd6'}","{'md5': 'edc79826e21859e93a875dfc087606c5', 'sha256': 'd61ddea87b2483612caeb0f3514aee3e60237d5f3880f49512c834539462742e'}"
"{'name': 'CLIENT3', 'type': 'winlogbeat', 'version': '7.10.2', 'hostname': 'CLIENT3', 'ephemeral_id': 'f5ed3d9b-1471-4589-bd70-28219e0f5978', 'id': 'c58de8d4-8be2-444c-bc20-92fab97cbaf5'}","{'hostname': 'CLIENT1', 'ephemeral_id': 'c6dab1c1-2860-4ed8-b41c-e6b57498568e', 'id': 'c58de8d4-8be2-444c-bc20-92fab97cbaf5', 'name': 'CLIENT1', 'type': 'winlogbeat', 'version': '7.10.2'}"
2021-02-04T22:28:07.750Z,2021-02-04T22:28:16.546Z
"Process Create:
RuleName: 
UtcTime: 2021-02-04 22:28:07.750
ProcessGuid: {19FC45AC-74F7-601C-0000-001072C60000}
ProcessId: 736
Image: C:\Windows\System32\LogonUI.exe
FileVersion: 6.1.7601.17514 (win7sp1_rtm.101119-1850)
Description: Windows Logon User Interface Host
Product: Microsoft® Windows® Operating System
Company: Microsoft Corporation
OriginalFileName: logonui.exe
CommandLine: ""LogonUI.exe"" /flags:0x0
CurrentDirectory: C:\Windows\system32\
User: NT AUTHORITY\SYSTEM
LogonGuid: {19FC45AC-74F7-601C-0000-0020E7030000}
LogonId: 0x3e7
TerminalSessionId: 1
IntegrityLevel: System
Hashes: MD5=3EF0D8AB08385AAB5802E773511A2E6A,SHA256=1A7EE4BC646767004372EAEA9BC0A2071790E739101F7D25ECD9C95D3F29AFD6
ParentProcessGuid: {19FC45AC-74F6-601C-0000-0010945C0000}
ParentProcessId: 384
ParentImage: C:\Windows\System32\winlogon.exe
ParentCommandLine: winlogon.exe","Process Create:
RuleName: 
UtcTime: 2021-02-04 22:28:16.546
ProcessGuid: {19FC45AC-7500-601C-0000-001062960200}
ProcessId: 2120
Image: C:\Windows\py.exe
FileVersion: 3.5.2
Description: Python
Product: Python
Company: Python Software Foundation
OriginalFileName: py.exe
CommandLine: ""C:\Windows\py.exe"" ""C:\BREACH\init_tbf_client.py"" 
CurrentDirectory: C:\BREACH\
User: CLIENT2\setup
LogonGuid: {19FC45AC-74FF-601C-0000-002049330200}
LogonId: 0x23349
TerminalSessionId: 1
IntegrityLevel: High
Hashes: MD5=CC3AC75DDBFAA6D4CCBB0AFAD7EB759D,SHA256=3D98A354F1329BFEB17216D2391D6E9C04F6873B6E491BCE9734C02C26574B3D
ParentProcessGuid: {19FC45AC-74FF-601C-0000-0010A0500200}
ParentProcessId: 1616
ParentImage: C:\Windows\explorer.exe
ParentCommandLine: C:\Windows\Explorer.EXE"
"{'provider_guid': '{5770385F-C22A-43E0-BF4C-06F5698FFBD9}', 'process': {'pid': 1516, 'thread': {'id': 1780}}, 'channel': 'Microsoft-Windows-Sysmon/Operational', 'provider_name': 'Microsoft-Windows-Sysmon', 'event_data': {'IntegrityLevel': 'System', 'Product': 'Microsoft® Windows® Operating System', 'TerminalSessionId': '1', 'OriginalFileName': 'logonui.exe', 'LogonGuid': '{19FC45AC-74F7-601C-0000-0020E7030000}', 'FileVersion': '6.1.7601.17514 (win7sp1_rtm.101119-1850)', 'LogonId': '0x3e7', 'Description': 'Windows Logon User Interface Host', 'Company': 'Microsoft Corporation'}, 'api': 'wineventlog', 'record_id': 1215, 'opcode': 'Info', 'event_id': 1, 'user': {'name': 'SYSTEM', 'domain': 'NT AUTHORITY', 'type': 'User', 'identifier': 'S-1-5-18'}, 'task': 'Process Create (rule: ProcessCreate)', 'version': 5, 'computer_name': 'CLIENT3'}","{'process': {'pid': 1488, 'thread': {'id': 1752}}, 'user': {'name': 'SYSTEM', 'domain': 'NT AUTHORITY', 'type': 'User', 'identifier': 'S-1-5-18'}, 'event_data': {'Description': 'Python', 'LogonId': '0x23349', 'LogonGuid': '{19FC45AC-74FF-601C-0000-002049330200}', 'TerminalSessionId': '1', 'IntegrityLevel': 'High', 'Product': 'Python', 'Company': 'Python Software Foundation', 'FileVersion': '3.5.2', 'OriginalFileName': 'py.exe'}, 'record_id': 1236, 'computer_name': 'CLIENT2', 'version': 5, 'event_id': 1, 'api': 'wineventlog', 'task': 'Process Create (rule: ProcessCreate)', 'opcode': 'Info', 'provider_guid': '{5770385F-C22A-43E0-BF4C-06F5698FFBD9}', 'provider_name': 'Microsoft-Windows-Sysmon', 'channel': 'Microsoft-Windows-Sysmon/Operational'}"
"{'command_line': 'bcdedit /set {default} recoveryenabled no', 'args': ['LogonUI.exe', '/flags:0x0'], 'entity_id': '{19FC45AC-74F7-601C-0000-001072C60000}', 'executable': 'C:\\Windows\\System32\\LogonUI.exe', 'working_directory': 'C:\\Windows\\system32\\', 'parent': {'entity_id': '{19FC45AC-74F6-601C-0000-0010945C0000}', 'pid': 384, 'executable': 'C:\\Windows\\System32\\winlogon.exe', 'command_line': 'winlogon.exe', 'name': 'winlogon.exe', 'args': ['winlogon.exe']}, 'name': 'LogonUI.exe', 'hash': {'md5': '3ef0d8ab08385aab5802e773511a2e6a', 'sha256': '1a7ee4bc646767004372eaea9bc0a2071790e739101f7d25ecd9c95d3f29afd6'}, 'pid': 736}","{'entity_id': '{19FC45AC-7500-601C-0000-001062960200}', 'command_line': 'w""bad""min.exe   de""le""te    ca""tal""og    -""qu""iet', 'working_directory': 'C:\\BREACH\\', 'args': ['C:\\Windows\\py.exe', 'C:\\BREACH\\init_tbf_client.py'], 'pid': 2120, 'executable': 'C:\\Windows\\py.exe', 'parent': {'entity_id': '{19FC45AC-74FF-601C-0000-0010A0500200}', 'pid': 1616, 'executable': 'C:\\Windows\\explorer.exe', 'command_line': 'C:\\Windows\\Explorer.EXE', 'name': 'explorer.exe', 'args': ['C:\\Windows\\Explorer.EXE']}, 'name': 'py.exe', 'hash': {'md5': 'cc3ac75ddbfaa6d4ccbb0afad7eb759d', 'sha256': '3d98a354f1329bfeb17216d2391d6e9c04f6873b6e491bce9734c02c26574b3d'}}"
"{'domain': 'NT AUTHORITY', 'name': 'SYSTEM'}","{'domain': 'CLIENT2', 'name': 'setup'}"
"{'user': 'SYSTEM', 'hash': ['3ef0d8ab08385aab5802e773511a2e6a', '1a7ee4bc646767004372eaea9bc0a2071790e739101f7d25ecd9c95d3f29afd6']}","{'hash': ['cc3ac75ddbfaa6d4ccbb0afad7eb759d', '3d98a354f1329bfeb17216d2391d6e9c04f6873b6e491bce9734c02c26574b3d'], 'user': 'setup'}"
"{'provider': 'Microsoft-Windows-Sysmon', 'action': 'Process Create (rule: ProcessCreate)', 'created': '2021-02-04T22:31:13.049Z', 'module': 'sysmon', 'type': ['start', 'process_start'], 'category': ['process'], 'kind': 'event', 'code': 1}","{'created': '2021-02-04T22:31:11.406Z', 'module': 'sysmon', 'category': ['process'], 'type': ['start', 'process_start'], 'kind': 'event', 'code': 1, 'provider': 'Microsoft-Windows-Sysmon', 'action': 'Process Create (rule: ProcessCreate)'}"
"{'os': {'version': '6.1', 'family': 'windows', 'name': 'Windows 7 Professional', 'kernel': '6.1.7601.18741 (win7sp1_gdr.150202-1526)', 'build': '7601.0', 'platform': 'windows'}, 'name': 'CLIENT3', 'id': '19fc45ac-5890-4f96-81b1-50ed111c0ce4', 'ip': ['192.168.56.103', '172.16.1.3', 'fe80::5efe:c0a8:3867', 'fe80::5efe:ac10:103'], 'mac': ['00:50:56:00:03:03', '00:50:56:00:00:03', '00:00:00:00:00:00:00:e0', '00:00:00:00:00:00:00:e0'], 'hostname': 'CLIENT3', 'architecture': 'x86'}","{'name': 'CLIENT2', 'architecture': 'x86', 'os': {'version': '6.1', 'family': 'windows', 'name': 'Windows 7 Professional', 'kernel': '6.1.7601.18741 (win7sp1_gdr.150202-1526)', 'build': '7601.0', 'platform': 'windows'}, 'id': '19fc45ac-5890-4f96-81b1-50ed111c0ce4', 'ip': ['192.168.56.102', '172.16.1.2', 'fe80::5efe:c0a8:3866', 'fe80::5efe:ac10:102'], 'mac': ['00:50:56:00:03:02', '00:50:56:00:00:02', '00:00:00:00:00:00:00:e0', '00:00:00:00:00:00:00:e0'], 'hostname': 'CLIENT2'}"
"{'md5': '3ef0d8ab08385aab5802e773511a2e6a', 'sha256': '1a7ee4bc646767004372eaea9bc0a2071790e739101f7d25ecd9c95d3f29afd6'}","{'md5': 'cc3ac75ddbfaa6d4ccbb0afad7eb759d', 'sha256': '3d98a354f1329bfeb17216d2391d6e9c04f6873b6e491bce9734c02c26574b3d'}"
"{'name': 'CLIENT3', 'type': 'winlogbeat', 'version': '7.10.2', 'hostname': 'CLIENT3', 'ephemeral_id': 'f5ed3d9b-1471-4589-bd70-28219e0f5978', 'id': 'c58de8d4-8be2-444c-bc20-92fab97cbaf5'}","{'ephemeral_id': '805d2621-88bc-4353-a953-25544d012426', 'id': 'c58de8d4-8be2-444c-bc20-92fab97cbaf5', 'name': 'CLIENT2', 'type': 'winlogbeat', 'version': '7.10.2', 'hostname': 'CLIENT2'}"
2021-02-04T22:28:07.750Z,2021-02-04T22:29:01.515Z
"Process Create:
RuleName: 
UtcTime: 2021-02-04 22:28:07.750
ProcessGuid: {19FC45AC-74F7-601C-0000-001072C60000}
ProcessId: 736
Image: C:\Windows\System32\LogonUI.exe
FileVersion: 6.1.7601.17514 (win7sp1_rtm.101119-1850)
Description: Windows Logon User Interface Host
Product: Microsoft® Windows® Operating System
Company: Microsoft Corporation
OriginalFileName: logonui.exe
CommandLine: ""LogonUI.exe"" /flags:0x0
CurrentDirectory: C:\Windows\system32\
User: NT AUTHORITY\SYSTEM
LogonGuid: {19FC45AC-74F7-601C-0000-0020E7030000}
LogonId: 0x3e7
TerminalSessionId: 1
IntegrityLevel: System
Hashes: MD5=3EF0D8AB08385AAB5802E773511A2E6A,SHA256=1A7EE4BC646767004372EAEA9BC0A2071790E739101F7D25ECD9C95D3F29AFD6
ParentProcessGuid: {19FC45AC-74F6-601C-0000-0010945C0000}
ParentProcessId: 384
ParentImage: C:\Windows\System32\winlogon.exe
ParentCommandLine: winlogon.exe","Process Create:
RuleName: 
UtcTime: 2021-02-04 22:29:01.515
ProcessGuid: {19FC45AC-752D-601C-0000-001052530000}
ProcessId: 312
Image: C:\Windows\System32\csrss.exe
FileVersion: 6.1.7600.16385 (win7_rtm.090713-1255)
Description: Client Server Runtime Process
Product: Microsoft® Windows® Operating System
Company: Microsoft Corporation
OriginalFileName: CSRSS.Exe
CommandLine: %%SystemRoot%%\system32\csrss.exe ObjectDirectory=\Windows SharedSection=1024,12288,512 Windows=On SubSystemType=Windows ServerDll=basesrv,1 ServerDll=winsrv:UserServerDllInitialization,3 ServerDll=winsrv:ConServerDllInitialization,2 ServerDll=sxssrv,4 ProfileControl=Off MaxRequestThreads=16
CurrentDirectory: C:\Windows\system32
User: NT AUTHORITY\SYSTEM
LogonGuid: {19FC45AC-752E-601C-0000-0020E7030000}
LogonId: 0x3e7
TerminalSessionId: 0
IntegrityLevel: System
Hashes: MD5=342271F6142E7C70805B8A81E1BA5F5C,SHA256=F9112B88FEC5EF10A7AEDF88DCEE61956D1FCDE7CB42197216E8265578713786
ParentProcessGuid: {19FC45AC-752D-601C-0000-0010B9510000}
ParentProcessId: 304
ParentImage: C:\Windows\System32\smss.exe
ParentCommandLine: \SystemRoot\System32\smss.exe 00000000 0000003c "
"{'provider_guid': '{5770385F-C22A-43E0-BF4C-06F5698FFBD9}', 'process': {'pid': 1516, 'thread': {'id': 1780}}, 'channel': 'Microsoft-Windows-Sysmon/Operational', 'provider_name': 'Microsoft-Windows-Sysmon', 'event_data': {'IntegrityLevel': 'System', 'Product': 'Microsoft® Windows® Operating System', 'TerminalSessionId': '1', 'OriginalFileName': 'logonui.exe', 'LogonGuid': '{19FC45AC-74F7-601C-0000-0020E7030000}', 'FileVersion': '6.1.7601.17514 (win7sp1_rtm.101119-1850)', 'LogonId': '0x3e7', 'Description': 'Windows Logon User Interface Host', 'Company': 'Microsoft Corporation'}, 'api': 'wineventlog', 'record_id': 1215, 'opcode': 'Info', 'event_id': 1, 'user': {'name': 'SYSTEM', 'domain': 'NT AUTHORITY', 'type': 'User', 'identifier': 'S-1-5-18'}, 'task': 'Process Create (rule: ProcessCreate)', 'version': 5, 'computer_name': 'CLIENT3'}","{'event_id': 1, 'record_id': 1264, 'task': 'Process Create (rule: ProcessCreate)', 'api': 'wineventlog', 'process': {'pid': 1528, 'thread': {'id': 1796}}, 'user': {'identifier': 'S-1-5-18', 'name': 'SYSTEM', 'domain': 'NT AUTHORITY', 'type': 'User'}, 'computer_name': 'CLIENT2.breach.local', 'provider_guid': '{5770385F-C22A-43E0-BF4C-06F5698FFBD9}', 'event_data': {'TerminalSessionId': '0', 'OriginalFileName': 'CSRSS.Exe', 'FileVersion': '6.1.7600.16385 (win7_rtm.090713-1255)', 'LogonId': '0x3e7', 'Description': 'Client Server Runtime Process', 'IntegrityLevel': 'System', 'Product': 'Microsoft® Windows® Operating System', 'Company': 'Microsoft Corporation', 'LogonGuid': '{19FC45AC-752E-601C-0000-0020E7030000}'}, 'provider_name': 'Microsoft-Windows-Sysmon', 'opcode': 'Info', 'version': 5, 'channel': 'Microsoft-Windows-Sysmon/Operational'}"
"{'command_line': 'bcdedit /set {default} recoveryenabled no', 'args': ['LogonUI.exe', '/flags:0x0'], 'entity_id': '{19FC45AC-74F7-601C-0000-001072C60000}', 'executable': 'C:\\Windows\\System32\\LogonUI.exe', 'working_directory': 'C:\\Windows\\system32\\', 'parent': {'entity_id': '{19FC45AC-74F6-601C-0000-0010945C0000}', 'pid': 384, 'executable': 'C:\\Windows\\System32\\winlogon.exe', 'command_line': 'winlogon.exe', 'name': 'winlogon.exe', 'args': ['winlogon.exe']}, 'name': 'LogonUI.exe', 'hash': {'md5': '3ef0d8ab08385aab5802e773511a2e6a', 'sha256': '1a7ee4bc646767004372eaea9bc0a2071790e739101f7d25ecd9c95d3f29afd6'}, 'pid': 736}","{'name': 'csrss.exe', 'args': ['%%SystemRoot%%\\system32\\csrss.exe', 'ObjectDirectory=\\Windows', 'SharedSection=1024,12288,512', 'Windows=On', 'SubSystemType=Windows', 'ServerDll=basesrv,1', 'ServerDll=winsrv:UserServerDllInitialization,3', 'ServerDll=winsrv:ConServerDllInitialization,2', 'ServerDll=sxssrv,4', 'ProfileControl=Off', 'MaxRequestThreads=16'], 'pid': 312, 'executable': 'C:\\Windows\\System32\\csrss.exe', 'parent': {'args': ['\\SystemRoot\\System32\\smss.exe', '00000000', '0000003c'], 'entity_id': '{19FC45AC-752D-601C-0000-0010B9510000}', 'pid': 304, 'executable': 'C:\\Windows\\System32\\smss.exe', 'command_line': '\\SystemRoot\\System32\\smss.exe 00000000 0000003c ', 'name': 'smss.exe'}, 'hash': {'md5': '342271f6142e7c70805b8a81e1ba5f5c', 'sha256': 'f9112b88fec5ef10a7aedf88dcee61956d1fcde7cb42197216e8265578713786'}, 'entity_id': '{19FC45AC-752D-601C-0000-001052530000}', 'command_line': 'i""cac""ls . ""/grant""    ""Eve""ryone:""F""   ""/T""    /""""Q    ""/""C', 'working_directory': 'C:\\Windows\\system32'}"
"{'user': 'SYSTEM', 'hash': ['3ef0d8ab08385aab5802e773511a2e6a', '1a7ee4bc646767004372eaea9bc0a2071790e739101f7d25ecd9c95d3f29afd6']}","{'user': 'SYSTEM', 'hash': ['342271f6142e7c70805b8a81e1ba5f5c', 'f9112b88fec5ef10a7aedf88dcee61956d1fcde7cb42197216e8265578713786']}"
"{'provider': 'Microsoft-Windows-Sysmon', 'action': 'Process Create (rule: ProcessCreate)', 'created': '2021-02-04T22:31:13.049Z', 'module': 'sysmon', 'type': ['start', 'process_start'], 'category': ['process'], 'kind': 'event', 'code': 1}","{'created': '2021-02-04T22:31:11.539Z', 'module': 'sysmon', 'category': ['process'], 'type': ['start', 'process_start'], 'kind': 'event', 'code': 1, 'provider': 'Microsoft-Windows-Sysmon', 'action': 'Process Create (rule: ProcessCreate)'}"
"{'os': {'version': '6.1', 'family': 'windows', 'name': 'Windows 7 Professional', 'kernel': '6.1.7601.18741 (win7sp1_gdr.150202-1526)', 'build': '7601.0', 'platform': 'windows'}, 'name': 'CLIENT3', 'id': '19fc45ac-5890-4f96-81b1-50ed111c0ce4', 'ip': ['192.168.56.103', '172.16.1.3', 'fe80::5efe:c0a8:3867', 'fe80::5efe:ac10:103'], 'mac': ['00:50:56:00:03:03', '00:50:56:00:00:03', '00:00:00:00:00:00:00:e0', '00:00:00:00:00:00:00:e0'], 'hostname': 'CLIENT3', 'architecture': 'x86'}","{'name': 'CLIENT2.breach.local', 'id': '19fc45ac-5890-4f96-81b1-50ed111c0ce4', 'ip': ['192.168.56.102', '172.16.1.2', 'fe80::5efe:c0a8:3866', 'fe80::5efe:ac10:102'], 'mac': ['00:50:56:00:03:02', '00:50:56:00:00:02', '00:00:00:00:00:00:00:e0', '00:00:00:00:00:00:00:e0'], 'hostname': 'CLIENT2', 'architecture': 'x86', 'os': {'platform': 'windows', 'version': '6.1', 'family': 'windows', 'name': 'Windows 7 Professional', 'kernel': '6.1.7601.18741 (win7sp1_gdr.150202-1526)', 'build': '7601.0'}}"
"{'md5': '3ef0d8ab08385aab5802e773511a2e6a', 'sha256': '1a7ee4bc646767004372eaea9bc0a2071790e739101f7d25ecd9c95d3f29afd6'}","{'md5': '342271f6142e7c70805b8a81e1ba5f5c', 'sha256': 'f9112b88fec5ef10a7aedf88dcee61956d1fcde7cb42197216e8265578713786'}"
"{'name': 'CLIENT3', 'type': 'winlogbeat', 'version': '7.10.2', 'hostname': 'CLIENT3', 'ephemeral_id': 'f5ed3d9b-1471-4589-bd70-28219e0f5978', 'id': 'c58de8d4-8be2-444c-bc20-92fab97cbaf5'}","{'id': 'c58de8d4-8be2-444c-bc20-92fab97cbaf5', 'name': 'CLIENT2', 'type': 'winlogbeat', 'version': '7.10.2', 'hostname': 'CLIENT2', 'ephemeral_id': '805d2621-88bc-4353-a953-25544d012426'}"
2021-02-05T02:12:00.625Z,2021-02-05T07:02:00.121Z
"{'pid': 2072, 'name': 'taskhost.exe', 'args': ['taskhost.exe', '$(Arg0)'], 'hash': {'md5': '7fa8ba5a780e4757964ac9d4238302b9', 'sha256': '65e3d8ce737896647065103fbb4d58e6a34171d0a48662a832cfdac3cf469701'}, 'entity_id': '{19FC45AC-A970-601C-0000-001008DC2200}', 'executable': 'C:\\Program Files\\WinRAR\\rar.exe', 'command_line': 'rar a C:\\Users\\Alice\\exfiltrate.rar C:\\Users\\Alice\\Images', 'working_directory': 'C:\\Windows\\system32\\', 'parent': {'args': ['C:\\Windows\\system32\\services.exe'], 'entity_id': '{19FC45AC-76E7-601C-0000-001081630000}', 'pid': 440, 'executable': 'C:\\Windows\\System32\\services.exe', 'command_line': 'C:\\Windows\\system32\\services.exe', 'name': 'services.exe'}}","{'executable': 'C:\\Program Files\\WinRAR\\rar.exe', 'hash': {'md5': '1234a12b71dae034e45c714ae5a54412', 'sha256': '079e6bc834f38322ed5ed76295ec3961ed894084ef5cb171dffbd9b3822cc78d'}, 'entity_id': '{19FC45AC-ED68-601C-0000-0010D1035300}', 'command_line': 'rar ""a"" C:\\Users\\Alice\\exfiltrate.rar C:\\Users\\Alice\\Images', 'working_directory': 'C:\\Windows\\system32\\', 'parent': {'entity_id': '{19FC45AC-ED67-601C-0000-001028025300}', 'pid': 2620, 'executable': 'C:\\Windows\\System32\\taskeng.exe', 'command_line': 'taskeng.exe {62E749FB-80AA-46FB-9B26-9B1D0125DC5A} S-1-5-18:NT AUTHORITY\\System:Service:', 'name': 'taskeng.exe', 'args': ['taskeng.exe', '{62E749FB-80AA-46FB-9B26-9B1D0125DC5A}', 'S-1-5-18:NT', 'AUTHORITY\\System:Service:']}, 'name': 'FlashPlayerUpdateService.exe', 'args': ['C:\\Windows\\system32\\Macromed\\Flash\\FlashPlayerUpdateService.exe'], 'pid': 3528}"
"{'action': 'Process Create (rule: ProcessCreate)', 'created': '2021-02-05T02:12:02.266Z', 'kind': 'event', 'module': 'sysmon', 'category': ['process'], 'type': ['start', 'process_start'], 'code': 1, 'provider': 'Microsoft-Windows-Sysmon'}","{'type': ['start', 'process_start'], 'created': '2021-02-05T07:02:00.387Z', 'kind': 'event', 'code': 1, 'provider': 'Microsoft-Windows-Sysmon', 'action': 'Process Create (rule: ProcessCreate)', 'module': 'sysmon', 'category': ['process']}"
"Process Create:
RuleName: 
UtcTime: 2021-02-05 02:12:00.625
ProcessGuid: {19FC45AC-A970-601C-0000-001008DC2200}
ProcessId: 2072
Image: C:\Windows\System32\taskhost.exe
FileVersion: 6.1.7601.17514 (win7sp1_rtm.101119-1850)
Description: Host Process for Windows Tasks
Product: Microsoft® Windows® Operating System
Company: Microsoft Corporation
OriginalFileName: taskhost.exe
CommandLine: taskhost.exe $(Arg0)
CurrentDirectory: C:\Windows\system32\
User: NT AUTHORITY\LOCAL SERVICE
LogonGuid: {19FC45AC-76E8-601C-0000-0020E5030000}
LogonId: 0x3e5
TerminalSessionId: 0
IntegrityLevel: System
Hashes: MD5=7FA8BA5A780E4757964AC9D4238302B9,SHA256=65E3D8CE737896647065103FBB4D58E6A34171D0A48662A832CFDAC3CF469701
ParentProcessGuid: {19FC45AC-76E7-601C-0000-001081630000}
ParentProcessId: 440
ParentImage: C:\Windows\System32\services.exe
ParentCommandLine: C:\Windows\system32\services.exe","Process Create:
RuleName: 
UtcTime: 2021-02-05 07:02:00.121
ProcessGuid: {19FC45AC-ED68-601C-0000-0010D1035300}
ProcessId: 3528
Image: C:\Windows\System32\Macromed\Flash\FlashPlayerUpdateService.exe
FileVersion: 18,0,0,194
Description: Adobe® Flash® Player Update Service 18.0 r0
Product: Adobe® Flash® Player Update Service
Company: Adobe Systems Incorporated
OriginalFileName: ?
CommandLine: C:\Windows\system32\Macromed\Flash\FlashPlayerUpdateService.exe 
CurrentDirectory: C:\Windows\system32\
User: NT AUTHORITY\SYSTEM
LogonGuid: {19FC45AC-76E7-601C-0000-0020E7030000}
LogonId: 0x3e7
TerminalSessionId: 0
IntegrityLevel: System
Hashes: MD5=1234A12B71DAE034E45C714AE5A54412,SHA256=079E6BC834F38322ED5ED76295EC3961ED894084EF5CB171DFFBD9B3822CC78D
ParentProcessGuid: {19FC45AC-ED67-601C-0000-001028025300}
ParentProcessId: 2620
ParentImage: C:\Windows\System32\taskeng.exe
ParentCommandLine: taskeng.exe {62E749FB-80AA-46FB-9B26-9B1D0125DC5A} S-1-5-18:NT AUTHORITY\System:Service:"
"{'domain': 'NT AUTHORITY', 'name': 'LOCAL SERVICE'}","{'domain': 'NT AUTHORITY', 'name': 'SYSTEM'}"
"{'user': 'LOCAL SERVICE', 'hash': ['7fa8ba5a780e4757964ac9d4238302b9', '65e3d8ce737896647065103fbb4d58e6a34171d0a48662a832cfdac3cf469701']}","{'user': 'SYSTEM', 'hash': ['1234a12b71dae034e45c714ae5a54412', '079e6bc834f38322ed5ed76295ec3961ed894084ef5cb171dffbd9b3822cc78d']}"
"{'md5': '7fa8ba5a780e4757964ac9d4238302b9', 'sha256': '65e3d8ce737896647065103fbb4d58e6a34171d0a48662a832cfdac3cf469701'}","{'md5': '1234a12b71dae034e45c714ae5a54412', 'sha256': '079e6bc834f38322ed5ed76295ec3961ed894084ef5cb171dffbd9b3822cc78d'}"
"{'computer_name': 'CLIENT3.breach.local', 'opcode': 'Info', 'event_id': 1, 'user': {'identifier': 'S-1-5-18', 'name': 'SYSTEM', 'domain': 'NT AUTHORITY', 'type': 'User'}, 'provider_name': 'Microsoft-Windows-Sysmon', 'task': 'Process Create (rule: ProcessCreate)', 'api': 'wineventlog', 'channel': 'Microsoft-Windows-Sysmon/Operational', 'version': 5, 'process': {'pid': 1904, 'thread': {'id': 308}}, 'record_id': 1580, 'event_data': {'Company': 'Microsoft Corporation', 'LogonGuid': '{19FC45AC-76E8-601C-0000-0020E5030000}', 'Product': 'Microsoft® Windows® Operating System', 'LogonId': '0x3e5', 'OriginalFileName': 'taskhost.exe', 'TerminalSessionId': '0', 'Description': 'Host Process for Windows Tasks', 'FileVersion': '6.1.7601.17514 (win7sp1_rtm.101119-1850)', 'IntegrityLevel': 'System'}, 'provider_guid': '{5770385F-C22A-43E0-BF4C-06F5698FFBD9}'}","{'record_id': 1649, 'user': {'identifier': 'S-1-5-18', 'name': 'SYSTEM', 'domain': 'NT AUTHORITY', 'type': 'User'}, 'version': 5, 'provider_name': 'Microsoft-Windows-Sysmon', 'task': 'Process Create (rule: ProcessCreate)', 'computer_name': 'CLIENT3.breach.local', 'provider_guid': '{5770385F-C22A-43E0-BF4C-06F5698FFBD9}', 'channel': 'Microsoft-Windows-Sysmon/Operational', 'api': 'wineventlog', 'opcode': 'Info', 'process': {'pid': 1904, 'thread': {'id': 308}}, 'event_id': 1, 'event_data': {'OriginalFileName': '?', 'TerminalSessionId': '0', 'Company': 'Adobe Systems Incorporated', 'Description': 'Adobe® Flash® Player Update Service 18.0 r0', 'FileVersion': '18,0,0,194', 'LogonGuid': '{19FC45AC-76E7-601C-0000-0020E7030000}', 'IntegrityLevel': 'System', 'LogonId': '0x3e7', 'Product': 'Adobe® Flash® Player Update Service'}}"
2021-02-05T02:12:00.625Z,2021-02-04T22:29:01.906Z
"{'id': '19fc45ac-5890-4f96-81b1-50ed111c0ce4', 'ip': ['192.168.56.103', '172.16.1.3', 'fe80::5efe:c0a8:3867', 'fe80::5efe:ac10:103'], 'name': 'CLIENT3.breach.local', 'mac': ['00:50:56:00:03:03', '00:50:56:00:00:03', '00:00:00:00:00:00:00:e0', '00:00:00:00:00:00:00:e0'], 'hostname': 'CLIENT3', 'architecture': 'x86', 'os': {'family': 'windows', 'name': 'Windows 7 Professional', 'kernel': '6.1.7601.18741 (win7sp1_gdr.150202-1526)', 'build': '7601.0', 'platform': 'windows', 'version': '6.1'}}","{'hostname': 'CLIENT2', 'architecture': 'x86', 'os': {'name': 'Windows 7 Professional', 'kernel': '6.1.7601.18741 (win7sp1_gdr.150202-1526)', 'build': '7601.0', 'platform': 'windows', 'version': '6.1', 'family': 'windows'}, 'name': 'CLIENT2.breach.local', 'id': '19fc45ac-5890-4f96-81b1-50ed111c0ce4', 'ip': ['192.168.56.102', '172.16.1.2', 'fe80::5efe:c0a8:3866', 'fe80::5efe:ac10:102'], 'mac': ['00:50:56:00:03:02', '00:50:56:00:00:02', '00:00:00:00:00:00:00:e0', '00:00:00:00:00:00:00:e0']}"
"{'pid': 2072, 'name': 'taskhost.exe', 'args': ['taskhost.exe', '$(Arg0)'], 'hash': {'md5': '7fa8ba5a780e4757964ac9d4238302b9', 'sha256': '65e3d8ce737896647065103fbb4d58e6a34171d0a48662a832cfdac3cf469701'}, 'entity_id': '{19FC45AC-A970-601C-0000-001008DC2200}', 'executable': 'C:\\Program Files\\WinRAR\\rar.exe', 'command_line': 'rar a C:\\Users\\Alice\\exfiltrate.rar C:\\Users\\Alice\\Images', 'working_directory': 'C:\\Windows\\system32\\', 'parent': {'args': ['C:\\Windows\\system32\\services.exe'], 'entity_id': '{19FC45AC-76E7-601C-0000-001081630000}', 'pid': 440, 'executable': 'C:\\Windows\\System32\\services.exe', 'command_line': 'C:\\Windows\\system32\\services.exe', 'name': 'services.exe'}}","{'pid': 444, 'command_line': 'rar ""a"" C:\\Sensitive\\Data\\export.rar C:\\Sensitive\\Data', 'working_directory': 'C:\\Windows\\system32\\', 'hash': {'md5': '5f1b6a9c35d3d5ca72d6d6fdef9747d6', 'sha256': 'd7bc4ed605b32274b45328fd9914fb0e7b90d869a38f0e6f94fb1bf4e9e2b407'}, 'args': ['C:\\Windows\\system32\\services.exe'], 'entity_id': '{19FC45AC-752D-601C-0000-001032610000}', 'executable': 'C:\\Program Files\\WinRAR\\rar.exe', 'parent': {'args': ['wininit.exe'], 'entity_id': '{19FC45AC-752D-601C-0000-0010BB570000}', 'pid': 348, 'executable': 'C:\\Windows\\System32\\wininit.exe', 'command_line': 'wininit.exe', 'name': 'wininit.exe'}, 'name': 'services.exe'}"
"{'action': 'Process Create (rule: ProcessCreate)', 'created': '2021-02-05T02:12:02.266Z', 'kind': 'event', 'module': 'sysmon', 'category': ['process'], 'type': ['start', 'process_start'], 'code': 1, 'provider': 'Microsoft-Windows-Sysmon'}","{'module': 'sysmon', 'type': ['start', 'process_start'], 'category': ['process'], 'kind': 'event', 'code': 1, 'provider': 'Microsoft-Windows-Sysmon', 'action': 'Process Create (rule: ProcessCreate)', 'created': '2021-02-04T22:31:11.540Z'}"
"Process Create:
RuleName: 
UtcTime: 2021-02-05 02:12:00.625
ProcessGuid: {19FC45AC-A970-601C-0000-001008DC2200}
ProcessId: 2072
Image: C:\Windows\System32\taskhost.exe
FileVersion: 6.1.7601.17514 (win7sp1_rtm.101119-1850)
Description: Host Process for Windows Tasks
Product: Microsoft® Windows® Operating System
Company: Microsoft Corporation
OriginalFileName: taskhost.exe
CommandLine: taskhost.exe $(Arg0)
CurrentDirectory: C:\Windows\system32\
User: NT AUTHORITY\LOCAL SERVICE
LogonGuid: {19FC45AC-76E8-601C-0000-0020E5030000}
LogonId: 0x3e5
TerminalSessionId: 0
IntegrityLevel: System
Hashes: MD5=7FA8BA5A780E4757964AC9D4238302B9,SHA256=65E3D8CE737896647065103FBB4D58E6A34171D0A48662A832CFDAC3CF469701
ParentProcessGuid: {19FC45AC-76E7-601C-0000-001081630000}
ParentProcessId: 440
ParentImage: C:\Windows\System32\services.exe
ParentCommandLine: C:\Windows\system32\services.exe","Process Create:
RuleName: 
UtcTime: 2021-02-04 22:29:01.906
ProcessGuid: {19FC45AC-752D-601C-0000-001032610000}
ProcessId: 444
Image: C:\Windows\System32\services.exe
FileVersion: 6.1.7600.16385 (win7_rtm.090713-1255)
Description: Services and Controller app
Product: Microsoft® Windows® Operating System
Company: Microsoft Corporation
OriginalFileName: services.exe
CommandLine: C:\Windows\system32\services.exe
CurrentDirectory: C:\Windows\system32\
User: NT AUTHORITY\SYSTEM
LogonGuid: {19FC45AC-752E-601C-0000-0020E7030000}
LogonId: 0x3e7
TerminalSessionId: 0
IntegrityLevel: System
Hashes: MD5=5F1B6A9C35D3D5CA72D6D6FDEF9747D6,SHA256=D7BC4ED605B32274B45328FD9914FB0E7B90D869A38F0E6F94FB1BF4E9E2B407
ParentProcessGuid: {19FC45AC-752D-601C-0000-0010BB570000}
ParentProcessId: 348
ParentImage: C:\Windows\System32\wininit.exe
ParentCommandLine: wininit.exe"
"{'domain': 'NT AUTHORITY', 'name': 'LOCAL SERVICE'}","{'domain': 'NT AUTHORITY', 'name': 'SYSTEM'}"
"{'user': 'LOCAL SERVICE', 'hash': ['7fa8ba5a780e4757964ac9d4238302b9', '65e3d8ce737896647065103fbb4d58e6a34171d0a48662a832cfdac3cf469701']}","{'user': 'SYSTEM', 'hash': ['5f1b6a9c35d3d5ca72d6d6fdef9747d6', 'd7bc4ed605b32274b45328fd9914fb0e7b90d869a38f0e6f94fb1bf4e9e2b407']}"
"{'md5': '7fa8ba5a780e4757964ac9d4238302b9', 'sha256': '65e3d8ce737896647065103fbb4d58e6a34171d0a48662a832cfdac3cf469701'}","{'md5': '5f1b6a9c35d3d5ca72d6d6fdef9747d6', 'sha256': 'd7bc4ed605b32274b45328fd9914fb0e7b90d869a38f0e6f94fb1bf4e9e2b407'}"
"{'ephemeral_id': '177650cc-629c-4abf-8b93-a90e2e515251', 'id': 'c58de8d4-8be2-444c-bc20-92fab97cbaf5', 'name': 'CLIENT3', 'type': 'winlogbeat', 'version': '7.10.2', 'hostname': 'CLIENT3'}","{'type': 'winlogbeat', 'version': '7.10.2', 'hostname': 'CLIENT2', 'ephemeral_id': '805d2621-88bc-4353-a953-25544d012426', 'id': 'c58de8d4-8be2-444c-bc20-92fab97cbaf5', 'name': 'CLIENT2'}"
"{'computer_name': 'CLIENT3.breach.local', 'opcode': 'Info', 'event_id': 1, 'user': {'identifier': 'S-1-5-18', 'name': 'SYSTEM', 'domain': 'NT AUTHORITY', 'type': 'User'}, 'provider_name': 'Microsoft-Windows-Sysmon', 'task': 'Process Create (rule: ProcessCreate)', 'api': 'wineventlog', 'channel': 'Microsoft-Windows-Sysmon/Operational', 'version': 5, 'process': {'pid': 1904, 'thread': {'id': 308}}, 'record_id': 1580, 'event_data': {'Company': 'Microsoft Corporation', 'LogonGuid': '{19FC45AC-76E8-601C-0000-0020E5030000}', 'Product': 'Microsoft® Windows® Operating System', 'LogonId': '0x3e5', 'OriginalFileName': 'taskhost.exe', 'TerminalSessionId': '0', 'Description': 'Host Process for Windows Tasks', 'FileVersion': '6.1.7601.17514 (win7sp1_rtm.101119-1850)', 'IntegrityLevel': 'System'}, 'provider_guid': '{5770385F-C22A-43E0-BF4C-06F5698FFBD9}'}","{'computer_name': 'CLIENT2.breach.local', 'channel': 'Microsoft-Windows-Sysmon/Operational', 'event_id': 1, 'api': 'wineventlog', 'event_data': {'Company': 'Microsoft Corporation', 'FileVersion': '6.1.7600.16385 (win7_rtm.090713-1255)', 'TerminalSessionId': '0', 'LogonId': '0x3e7', 'OriginalFileName': 'services.exe', 'IntegrityLevel': 'System', 'Description': 'Services and Controller app', 'LogonGuid': '{19FC45AC-752E-601C-0000-0020E7030000}', 'Product': 'Microsoft® Windows® Operating System'}, 'provider_name': 'Microsoft-Windows-Sysmon', 'opcode': 'Info', 'task': 'Process Create (rule: ProcessCreate)', 'provider_guid': '{5770385F-C22A-43E0-BF4C-06F5698FFBD9}', 'version': 5, 'user': {'domain': 'NT AUTHORITY', 'type': 'User', 'identifier': 'S-1-5-18', 'name': 'SYSTEM'}, 'process': {'pid': 1528, 'thread': {'id': 1796}}, 'record_id': 1269}"
2021-02-05T02:12:00.625Z,2021-02-04T22:28:21.578Z
"{'id': '19fc45ac-5890-4f96-81b1-50ed111c0ce4', 'ip': ['192.168.56.103', '172.16.1.3', 'fe80::5efe:c0a8:3867', 'fe80::5efe:ac10:103'], 'name': 'CLIENT3.breach.local', 'mac': ['00:50:56:00:03:03', '00:50:56:00:00:03', '00:00:00:00:00:00:00:e0', '00:00:00:00:00:00:00:e0'], 'hostname': 'CLIENT3', 'architecture': 'x86', 'os': {'family': 'windows', 'name': 'Windows 7 Professional', 'kernel': '6.1.7601.18741 (win7sp1_gdr.150202-1526)', 'build': '7601.0', 'platform': 'windows', 'version': '6.1'}}","{'architecture': 'x86', 'os': {'name': 'Windows 7 Professional', 'kernel': '6.1.7601.18741 (win7sp1_gdr.150202-1526)', 'build': '7601.0', 'platform': 'windows', 'version': '6.1', 'family': 'windows'}, 'name': 'CLIENT1', 'id': '19fc45ac-5890-4f96-81b1-50ed111c0ce4', 'ip': ['192.168.56.101', '172.16.1.1', 'fe80::5efe:c0a8:3865', 'fe80::5efe:ac10:101'], 'mac': ['00:50:56:00:03:01', '00:50:56:00:00:01', '00:00:00:00:00:00:00:e0', '00:00:00:00:00:00:00:e0'], 'hostname': 'CLIENT1'}"
"{'pid': 2072, 'name': 'taskhost.exe', 'args': ['taskhost.exe', '$(Arg0)'], 'hash': {'md5': '7fa8ba5a780e4757964ac9d4238302b9', 'sha256': '65e3d8ce737896647065103fbb4d58e6a34171d0a48662a832cfdac3cf469701'}, 'entity_id': '{19FC45AC-A970-601C-0000-001008DC2200}', 'executable': 'C:\\Program Files\\WinRAR\\rar.exe', 'command_line': 'rar a C:\\Users\\Alice\\exfiltrate.rar C:\\Users\\Alice\\Images', 'working_directory': 'C:\\Windows\\system32\\', 'parent': {'args': ['C:\\Windows\\system32\\services.exe'], 'entity_id': '{19FC45AC-76E7-601C-0000-001081630000}', 'pid': 440, 'executable': 'C:\\Windows\\System32\\services.exe', 'command_line': 'C:\\Windows\\system32\\services.exe', 'name': 'services.exe'}}","{'command_line': 'rar ""a"" C:\\Temp\\myarchive.rar C:\\Users\\Mal\\Desktop\\data', 'hash': {'md5': '3ef0d8ab08385aab5802e773511a2e6a', 'sha256': '1a7ee4bc646767004372eaea9bc0a2071790e739101f7d25ecd9c95d3f29afd6'}, 'entity_id': '{19FC45AC-7505-601C-0000-0010610A0300}', 'pid': 2616, 'executable': 'C:\\Program Files\\WinRAR\\rar.exe', 'args': ['LogonUI.exe', '/flags:0x0'], 'working_directory': 'C:\\Windows\\system32\\', 'parent': {'name': 'winlogon.exe', 'args': ['winlogon.exe'], 'entity_id': '{19FC45AC-74F8-601C-0000-0010595A0000}', 'pid': 396, 'executable': 'C:\\Windows\\System32\\winlogon.exe', 'command_line': 'winlogon.exe'}, 'name': 'LogonUI.exe'}"
"{'action': 'Process Create (rule: ProcessCreate)', 'created': '2021-02-05T02:12:02.266Z', 'kind': 'event', 'module': 'sysmon', 'category': ['process'], 'type': ['start', 'process_start'], 'code': 1, 'provider': 'Microsoft-Windows-Sysmon'}","{'created': '2021-02-04T22:31:06.295Z', 'kind': 'event', 'code': 1, 'module': 'sysmon', 'category': ['process'], 'type': ['start', 'process_start'], 'provider': 'Microsoft-Windows-Sysmon', 'action': 'Process Create (rule: ProcessCreate)'}"
"Process Create:
RuleName: 
UtcTime: 2021-02-05 02:12:00.625
ProcessGuid: {19FC45AC-A970-601C-0000-001008DC2200}
ProcessId: 2072
Image: C:\Windows\System32\taskhost.exe
FileVersion: 6.1.7601.17514 (win7sp1_rtm.101119-1850)
Description: Host Process for Windows Tasks
Product: Microsoft® Windows® Operating System
Company: Microsoft Corporation
OriginalFileName: taskhost.exe
CommandLine: taskhost.exe $(Arg0)
CurrentDirectory: C:\Windows\system32\
User: NT AUTHORITY\LOCAL SERVICE
LogonGuid: {19FC45AC-76E8-601C-0000-0020E5030000}
LogonId: 0x3e5
TerminalSessionId: 0
IntegrityLevel: System
Hashes: MD5=7FA8BA5A780E4757964AC9D4238302B9,SHA256=65E3D8CE737896647065103FBB4D58E6A34171D0A48662A832CFDAC3CF469701
ParentProcessGuid: {19FC45AC-76E7-601C-0000-001081630000}
ParentProcessId: 440
ParentImage: C:\Windows\System32\services.exe
ParentCommandLine: C:\Windows\system32\services.exe","Process Create:
RuleName: 
UtcTime: 2021-02-04 22:28:21.578
ProcessGuid: {19FC45AC-7505-601C-0000-0010610A0300}
ProcessId: 2616
Image: C:\Windows\System32\LogonUI.exe
FileVersion: 6.1.7601.17514 (win7sp1_rtm.101119-1850)
Description: Windows Logon User Interface Host
Product: Microsoft® Windows® Operating System
Company: Microsoft Corporation
OriginalFileName: logonui.exe
CommandLine: ""LogonUI.exe"" /flags:0x0
CurrentDirectory: C:\Windows\system32\
User: NT AUTHORITY\SYSTEM
LogonGuid: {19FC45AC-74F9-601C-0000-0020E7030000}
LogonId: 0x3e7
TerminalSessionId: 1
IntegrityLevel: System
Hashes: MD5=3EF0D8AB08385AAB5802E773511A2E6A,SHA256=1A7EE4BC646767004372EAEA9BC0A2071790E739101F7D25ECD9C95D3F29AFD6
ParentProcessGuid: {19FC45AC-74F8-601C-0000-0010595A0000}
ParentProcessId: 396
ParentImage: C:\Windows\System32\winlogon.exe
ParentCommandLine: winlogon.exe"
"{'domain': 'NT AUTHORITY', 'name': 'LOCAL SERVICE'}","{'domain': 'NT AUTHORITY', 'name': 'SYSTEM'}"
"{'user': 'LOCAL SERVICE', 'hash': ['7fa8ba5a780e4757964ac9d4238302b9', '65e3d8ce737896647065103fbb4d58e6a34171d0a48662a832cfdac3cf469701']}","{'user': 'SYSTEM', 'hash': ['3ef0d8ab08385aab5802e773511a2e6a', '1a7ee4bc646767004372eaea9bc0a2071790e739101f7d25ecd9c95d3f29afd6']}"
"{'md5': '7fa8ba5a780e4757964ac9d4238302b9', 'sha256': '65e3d8ce737896647065103fbb4d58e6a34171d0a48662a832cfdac3cf469701'}","{'md5': '3ef0d8ab08385aab5802e773511a2e6a', 'sha256': '1a7ee4bc646767004372eaea9bc0a2071790e739101f7d25ecd9c95d3f29afd6'}"
"{'ephemeral_id': '177650cc-629c-4abf-8b93-a90e2e515251', 'id': 'c58de8d4-8be2-444c-bc20-92fab97cbaf5', 'name': 'CLIENT3', 'type': 'winlogbeat', 'version': '7.10.2', 'hostname': 'CLIENT3'}","{'name': 'CLIENT1', 'type': 'winlogbeat', 'version': '7.10.2', 'hostname': 'CLIENT1', 'ephemeral_id': 'c6dab1c1-2860-4ed8-b41c-e6b57498568e', 'id': 'c58de8d4-8be2-444c-bc20-92fab97cbaf5'}"
"{'computer_name': 'CLIENT3.breach.local', 'opcode': 'Info', 'event_id': 1, 'user': {'identifier': 'S-1-5-18', 'name': 'SYSTEM', 'domain': 'NT AUTHORITY', 'type': 'User'}, 'provider_name': 'Microsoft-Windows-Sysmon', 'task': 'Process Create (rule: ProcessCreate)', 'api': 'wineventlog', 'channel': 'Microsoft-Windows-Sysmon/Operational', 'version': 5, 'process': {'pid': 1904, 'thread': {'id': 308}}, 'record_id': 1580, 'event_data': {'Company': 'Microsoft Corporation', 'LogonGuid': '{19FC45AC-76E8-601C-0000-0020E5030000}', 'Product': 'Microsoft® Windows® Operating System', 'LogonId': '0x3e5', 'OriginalFileName': 'taskhost.exe', 'TerminalSessionId': '0', 'Description': 'Host Process for Windows Tasks', 'FileVersion': '6.1.7601.17514 (win7sp1_rtm.101119-1850)', 'IntegrityLevel': 'System'}, 'provider_guid': '{5770385F-C22A-43E0-BF4C-06F5698FFBD9}'}","{'task': 'Process Create (rule: ProcessCreate)', 'user': {'name': 'SYSTEM', 'domain': 'NT AUTHORITY', 'type': 'User', 'identifier': 'S-1-5-18'}, 'provider_name': 'Microsoft-Windows-Sysmon', 'computer_name': 'CLIENT1', 'event_data': {'Product': 'Microsoft® Windows® Operating System', 'OriginalFileName': 'logonui.exe', 'FileVersion': '6.1.7601.17514 (win7sp1_rtm.101119-1850)', 'Company': 'Microsoft Corporation', 'IntegrityLevel': 'System', 'LogonGuid': '{19FC45AC-74F9-601C-0000-0020E7030000}', 'LogonId': '0x3e7', 'TerminalSessionId': '1', 'Description': 'Windows Logon User Interface Host'}, 'record_id': 1257, 'opcode': 'Info', 'channel': 'Microsoft-Windows-Sysmon/Operational', 'api': 'wineventlog', 'version': 5, 'provider_guid': '{5770385F-C22A-43E0-BF4C-06F5698FFBD9}', 'process': {'pid': 1504, 'thread': {'id': 1772}}, 'event_id': 1}"
2021-02-05T01:30:00.225Z,2021-02-04T22:29:15.949Z
"{'code': 1, 'provider': 'Microsoft-Windows-Sysmon', 'action': 'Process Create (rule: ProcessCreate)', 'created': '2021-02-05T01:30:01.896Z', 'module': 'sysmon', 'category': ['process'], 'type': ['start', 'process_start'], 'kind': 'event'}","{'provider': 'Microsoft-Windows-Sysmon', 'action': 'Process Create (rule: ProcessCreate)', 'created': '2021-02-04T22:31:13.179Z', 'kind': 'event', 'module': 'sysmon', 'type': ['start', 'process_start'], 'category': ['process'], 'code': 1}"
"{'id': '19fc45ac-5890-4f96-81b1-50ed111c0ce4', 'ip': ['192.168.56.102', '172.16.1.2', 'fe80::5efe:c0a8:3866', 'fe80::5efe:ac10:102'], 'mac': ['00:50:56:00:03:02', '00:50:56:00:00:02', '00:00:00:00:00:00:00:e0', '00:00:00:00:00:00:00:e0'], 'hostname': 'CLIENT2', 'architecture': 'x86', 'os': {'name': 'Windows 7 Professional', 'kernel': '6.1.7601.18741 (win7sp1_gdr.150202-1526)', 'build': '7601.0', 'platform': 'windows', 'version': '6.1', 'family': 'windows'}, 'name': 'CLIENT2.breach.local'}","{'name': 'CLIENT3.breach.local', 'ip': ['192.168.56.103', '172.16.1.3', 'fe80::5efe:c0a8:3867', 'fe80::5efe:ac10:103'], 'mac': ['00:50:56:00:03:03', '00:50:56:00:00:03', '00:00:00:00:00:00:00:e0', '00:00:00:00:00:00:00:e0'], 'hostname': 'CLIENT3', 'architecture': 'x86', 'os': {'kernel': '6.1.7601.18741 (win7sp1_gdr.150202-1526)', 'build': '7601.0', 'platform': 'windows', 'version': '6.1', 'family': 'windows', 'name': 'Windows 7 Professional'}, 'id': '19fc45ac-5890-4f96-81b1-50ed111c0ce4'}"
"{'parent': {'command_line': 'C:\\Windows\\system32\\services.exe', 'name': 'services.exe', 'args': ['C:\\Windows\\system32\\services.exe'], 'entity_id': '{19FC45AC-76D8-601C-0000-0010F1630000}', 'pid': 444, 'executable': 'C:\\Windows\\Temp\\ered.tmp'}, 'args': ['C:\\Windows\\system32\\aitagent.EXE'], 'hash': {'md5': '2a3557dd3913f8d7cc5a5703083424d8', 'sha256': 'e0731448a15ffac9f20a82eae95d97733fbcd227d1eab7264f8fde14503f3494'}, 'entity_id': '{19FC45AC-9F98-601C-0000-00107C6A1E00}', 'executable': 'C:\\Windows\\System32\\wbem\\wmic.exe', 'working_directory': 'C:\\Windows\\system32\\', 'name': 'aitagent.exe', 'pid': 3908, 'command_line': 'wmic shadowcopy delete'}","{'hash': {'md5': 'edc79826e21859e93a875dfc087606c5', 'sha256': 'd61ddea87b2483612caeb0f3514aee3e60237d5f3880f49512c834539462742e'}, 'executable': 'C:\\Windows\\System32\\wbem\\wmic.exe', 'command_line': 'wmic ""shadowcopy"" ""delete""', 'name': 'python.exe', 'args': ['C:\\Program Files\\Python35-32\\python.exe', 'C:\\BREACH\\init_tbf_client.py'], 'entity_id': '{19FC45AC-753B-601C-0000-0010E5BE0200}', 'pid': 2480, 'working_directory': 'C:\\BREACH\\', 'parent': {'executable': 'C:\\Windows\\Temp\\ered.tmp', 'command_line': '""C:\\Windows\\py.exe"" ""C:\\BREACH\\init_tbf_client.py"" ', 'name': 'py.exe', 'args': ['C:\\Windows\\py.exe', 'C:\\BREACH\\init_tbf_client.py'], 'entity_id': '{19FC45AC-753B-601C-0000-00106BAB0200}', 'pid': 2388}}"
"{'domain': 'NT AUTHORITY', 'name': 'SYSTEM'}","{'name': 'client3', 'domain': 'BREACH'}"
"{'md5': '2a3557dd3913f8d7cc5a5703083424d8', 'sha256': 'e0731448a15ffac9f20a82eae95d97733fbcd227d1eab7264f8fde14503f3494'}","{'md5': 'edc79826e21859e93a875dfc087606c5', 'sha256': 'd61ddea87b2483612caeb0f3514aee3e60237d5f3880f49512c834539462742e'}"
