"{'version': 5, 'channel': 'Microsoft-Windows-Sysmon/Operational', 'api': 'wineventlog', 'user': {'domain': 'NT AUTHORITY', 'type': 'User', 'identifier': 'S-1-5-18', 'name': 'SYSTEM'}, 'event_id': 1, 'computer_name': 'CLIENT3.breach.local', 'provider_guid': '{5770385F-C22A-43E0-BF4C-06F5698FFBD9}', 'provider_name': 'Microsoft-Windows-Sysmon', 'opcode': 'Info', 'process': {'pid': 1536, 'thread': {'id': 1812}}, 'event_data': {'FileVersion': '6.1.7601.17514 (win7sp1_rtm.101119-1850)', 'TerminalSessionId': '1', 'Product': 'Microsoft® Windows® Operating System', 'Description': 'Windows Explorer', 'OriginalFileName': 'EXPLORER.EXE', 'LogonGuid': '{19FC45AC-753A-601C-0000-0020AE510200}', 'Company': 'Microsoft Corporation', 'IntegrityLevel': 'Medium', 'LogonId': '0x251ae'}, 'record_id': 1297, 'task': 'Process Create (rule: ProcessCreate)'}","{'event_data': {'Description': 'IE Per-User Initialization Utility', 'LogonId': '0xfb89', 'Product': 'Windows® Internet Explorer', 'IntegrityLevel': 'High', 'FileVersion': '8.00.7601.17514 (win7sp1_rtm.101119-1850)', 'Company': 'Microsoft Corporation', 'LogonGuid': '{19FC45AC-74C5-601C-0000-002089FB0000}', 'TerminalSessionId': '1', 'OriginalFileName': 'IE4UINIT.EXE'}, 'api': 'wineventlog', 'channel': 'Microsoft-Windows-Sysmon/Operational', 'event_id': 1, 'version': 5, 'process': {'pid': 1684, 'thread': {'id': 1512}}, 'user': {'identifier': 'S-1-5-18', 'name': 'SYSTEM', 'domain': 'NT AUTHORITY', 'type': 'User'}, 'task': 'Process Create (rule: ProcessCreate)', 'computer_name': 'CLIENT', 'opcode': 'Info', 'provider_guid': '{5770385F-C22A-43E0-BF4C-06F5698FFBD9}', 'provider_name': 'Microsoft-Windows-Sysmon', 'record_id': 1178}"
"{'created': '2021-02-04T22:31:13.166Z', 'module': 'sysmon', 'type': ['start', 'process_start'], 'category': ['process'], 'kind': 'event', 'code': 1, 'provider': 'Microsoft-Windows-Sysmon', 'action': 'Process Create (rule: ProcessCreate)'}","{'kind': 'event', 'module': 'sysmon', 'type': ['start', 'process_start'], 'category': ['process'], 'code': 1, 'provider': 'Microsoft-Windows-Sysmon', 'action': 'Process Create (rule: ProcessCreate)', 'created': '2021-02-04T22:31:06.122Z'}"
"{'executable': 'C:\\Windows\\explorer.exe', 'parent': {'executable': 'C:\\Windows\\System32\\userinit.exe', 'command_line': 'C:\\Windows\\system32\\userinit.exe', 'name': 'userinit.exe', 'args': ['C:\\Windows\\system32\\userinit.exe'], 'entity_id': '{19FC45AC-753A-601C-0000-0010F35E0200}', 'pid': 2056}, 'name': 'explorer.exe', 'args': ['C:\\Windows\\Explorer.EXE'], 'entity_id': '{19FC45AC-753B-601C-0000-001083660200}', 'pid': 2096, 'command_line': 'netsh wlan show profile name=WLAN-XYZ432 key=clear', 'working_directory': 'C:\\Windows\\system32\\', 'hash': {'md5': '40d777b7a95e00593eb1568c68514493', 'sha256': '0a8ce026714e03e72c619307bd598add5f9b639cfd91437cb8d9c847bf9f6894'}}","{'pid': 1720, 'command_line': 'net""sh"" ""w""lan show profile name=WLAN-XYZ432 key=""clear""', 'hash': {'md5': '0ee3bd34729c40bd0853825753acb319', 'sha256': 'c209e56688588601d947c061446e194ac1a79b9dd0ad38510d0fb9ca200481dd'}, 'entity_id': '{19FC45AC-74C8-601C-0000-001015730100}', 'executable': 'C:\\Windows\\System32\\ie4uinit.exe', 'working_directory': 'C:\\Windows\\system32\\', 'parent': {'args': ['C:\\Windows\\System32\\ie4uinit.exe', '-UserIconConfig'], 'entity_id': '{19FC45AC-74C7-601C-0000-001064460100}', 'pid': 1504, 'executable': 'C:\\Windows\\System32\\ie4uinit.exe', 'command_line': '""C:\\Windows\\System32\\ie4uinit.exe"" -UserIconConfig', 'name': 'ie4uinit.exe'}, 'name': 'ie4uinit.exe', 'args': ['C:\\Windows\\System32\\ie4uinit.exe', '-ClearIconCache']}"
"{'name': 'CLIENT3', 'type': 'winlogbeat', 'version': '7.10.2', 'hostname': 'CLIENT3', 'ephemeral_id': 'f5ed3d9b-1471-4589-bd70-28219e0f5978', 'id': 'c58de8d4-8be2-444c-bc20-92fab97cbaf5'}","{'ephemeral_id': 'c6dab1c1-2860-4ed8-b41c-e6b57498568e', 'id': 'c58de8d4-8be2-444c-bc20-92fab97cbaf5', 'name': 'CLIENT1', 'type': 'winlogbeat', 'version': '7.10.2', 'hostname': 'CLIENT1'}"
"{'mac': ['00:50:56:00:03:03', '00:50:56:00:00:03', '00:00:00:00:00:00:00:e0', '00:00:00:00:00:00:00:e0'], 'hostname': 'CLIENT3', 'architecture': 'x86', 'os': {'platform': 'windows', 'version': '6.1', 'family': 'windows', 'name': 'Windows 7 Professional', 'kernel': '6.1.7601.18741 (win7sp1_gdr.150202-1526)', 'build': '7601.0'}, 'id': '19fc45ac-5890-4f96-81b1-50ed111c0ce4', 'ip': ['192.168.56.103', '172.16.1.3', 'fe80::5efe:c0a8:3867', 'fe80::5efe:ac10:103'], 'name': 'CLIENT3.breach.local'}","{'name': 'CLIENT', 'os': {'platform': 'windows', 'version': '6.1', 'family': 'windows', 'name': 'Windows 7 Professional', 'kernel': '6.1.7601.18741 (win7sp1_gdr.150202-1526)', 'build': '7601.0'}, 'id': '19fc45ac-5890-4f96-81b1-50ed111c0ce4', 'ip': ['192.168.56.101', '172.16.1.1', 'fe80::5efe:c0a8:3865', 'fe80::5efe:ac10:101'], 'mac': ['00:50:56:00:03:01', '00:50:56:00:00:01', '00:00:00:00:00:00:00:e0', '00:00:00:00:00:00:00:e0'], 'hostname': 'CLIENT1', 'architecture': 'x86'}"
2021-02-04T22:29:15.074Z,2021-02-04T20:25:04.836Z
"{'domain': 'BREACH', 'name': 'client3'}","{'domain': 'client', 'name': 'breach'}"
"{'user': 'client3', 'hash': ['40d777b7a95e00593eb1568c68514493', '0a8ce026714e03e72c619307bd598add5f9b639cfd91437cb8d9c847bf9f6894']}","{'user': 'breach', 'hash': ['0d17999868f2768b1b050cb051884110', 'e72f5dba2a177397403965a3352f0cc45ec46a568a53d5ef4535fbba18e73023']}"
"{'md5': '40d777b7a95e00593eb1568c68514493', 'sha256': '0a8ce026714e03e72c619307bd598add5f9b639cfd91437cb8d9c847bf9f6894'}","{'md5': '0d17999868f2768b1b050cb051884110', 'sha256': 'e72f5dba2a177397403965a3352f0cc45ec46a568a53d5ef4535fbba18e73023'}"
"Process Create:
RuleName: 
UtcTime: 2021-02-04 22:29:15.074
ProcessGuid: {19FC45AC-753B-601C-0000-001083660200}
ProcessId: 2096
Image: C:\Windows\explorer.exe
FileVersion: 6.1.7601.17514 (win7sp1_rtm.101119-1850)
Description: Windows Explorer
Product: Microsoft® Windows® Operating System
Company: Microsoft Corporation
OriginalFileName: EXPLORER.EXE
CommandLine: C:\Windows\Explorer.EXE
CurrentDirectory: C:\Windows\system32\
User: BREACH\client3
LogonGuid: {19FC45AC-753A-601C-0000-0020AE510200}
LogonId: 0x251ae
TerminalSessionId: 1
IntegrityLevel: Medium
Hashes: MD5=40D777B7A95E00593EB1568C68514493,SHA256=0A8CE026714E03E72C619307BD598ADD5F9B639CFD91437CB8D9C847BF9F6894
ParentProcessGuid: {19FC45AC-753A-601C-0000-0010F35E0200}
ParentProcessId: 2056
ParentImage: C:\Windows\System32\userinit.exe
ParentCommandLine: C:\Windows\system32\userinit.exe","Process Create:
RuleName: 
UtcTime: 2021-02-04 20:25:04.836
ProcessGuid: {19FC45AC-5820-601C-0000-0010B7750E00}
ProcessId: 3108
Image: C:\Program Files\Winlogbeat\winlogbeat.exe
FileVersion: 7.10.2
Description: Winlogbeat ships Windows event logs to Elasticsearch or Logstash.
Product: Winlogbeat
Company: Elastic
OriginalFileName: winlogbeat.exe
CommandLine: ""C:\Program Files\Winlogbeat\winlogbeat.exe"" setup --template
CurrentDirectory: C:\Program Files\Winlogbeat\
User: client\breach
LogonGuid: {19FC45AC-53AD-601C-0000-002012560200}
LogonId: 0x25612
TerminalSessionId: 1
IntegrityLevel: High
Hashes: MD5=0D17999868F2768B1B050CB051884110,SHA256=E72F5DBA2A177397403965A3352F0CC45EC46A568A53D5EF4535FBBA18E73023
ParentProcessGuid: {19FC45AC-5508-601C-0000-001011C60B00}
ParentProcessId: 3988
ParentImage: C:\Windows\System32\WindowsPowerShell\v1.0\powershell.exe
ParentCommandLine: ""C:\Windows\System32\WindowsPowerShell\v1.0\powershell.exe"" "
"{'version': 5, 'channel': 'Microsoft-Windows-Sysmon/Operational', 'api': 'wineventlog', 'user': {'domain': 'NT AUTHORITY', 'type': 'User', 'identifier': 'S-1-5-18', 'name': 'SYSTEM'}, 'event_id': 1, 'computer_name': 'CLIENT3.breach.local', 'provider_guid': '{5770385F-C22A-43E0-BF4C-06F5698FFBD9}', 'provider_name': 'Microsoft-Windows-Sysmon', 'opcode': 'Info', 'process': {'pid': 1536, 'thread': {'id': 1812}}, 'event_data': {'FileVersion': '6.1.7601.17514 (win7sp1_rtm.101119-1850)', 'TerminalSessionId': '1', 'Product': 'Microsoft® Windows® Operating System', 'Description': 'Windows Explorer', 'OriginalFileName': 'EXPLORER.EXE', 'LogonGuid': '{19FC45AC-753A-601C-0000-0020AE510200}', 'Company': 'Microsoft Corporation', 'IntegrityLevel': 'Medium', 'LogonId': '0x251ae'}, 'record_id': 1297, 'task': 'Process Create (rule: ProcessCreate)'}","{'user': {'name': 'SYSTEM', 'domain': 'NT AUTHORITY', 'type': 'User', 'identifier': 'S-1-5-18'}, 'event_data': {'OriginalFileName': 'winlogbeat.exe', 'IntegrityLevel': 'High', 'FileVersion': '7.10.2', 'LogonId': '0x25612', 'LogonGuid': '{19FC45AC-53AD-601C-0000-002012560200}', 'TerminalSessionId': '1', 'Company': 'Elastic', 'Description': 'Winlogbeat ships Windows event logs to Elasticsearch or Logstash.', 'Product': 'Winlogbeat'}, 'process': {'pid': 1524, 'thread': {'id': 1780}}, 'version': 5, 'computer_name': 'CLIENT', 'provider_guid': '{5770385F-C22A-43E0-BF4C-06F5698FFBD9}', 'event_id': 1, 'provider_name': 'Microsoft-Windows-Sysmon', 'task': 'Process Create (rule: ProcessCreate)', 'opcode': 'Info', 'channel': 'Microsoft-Windows-Sysmon/Operational', 'record_id': 1128, 'api': 'wineventlog'}"
"{'created': '2021-02-04T22:31:13.166Z', 'module': 'sysmon', 'type': ['start', 'process_start'], 'category': ['process'], 'kind': 'event', 'code': 1, 'provider': 'Microsoft-Windows-Sysmon', 'action': 'Process Create (rule: ProcessCreate)'}","{'created': '2021-02-04T20:30:49.651Z', 'module': 'sysmon', 'category': ['process'], 'type': ['start', 'process_start'], 'kind': 'event', 'code': 1, 'provider': 'Microsoft-Windows-Sysmon', 'action': 'Process Create (rule: ProcessCreate)'}"
"{'executable': 'C:\\Windows\\explorer.exe', 'parent': {'executable': 'C:\\Windows\\System32\\userinit.exe', 'command_line': 'C:\\Windows\\system32\\userinit.exe', 'name': 'userinit.exe', 'args': ['C:\\Windows\\system32\\userinit.exe'], 'entity_id': '{19FC45AC-753A-601C-0000-0010F35E0200}', 'pid': 2056}, 'name': 'explorer.exe', 'args': ['C:\\Windows\\Explorer.EXE'], 'entity_id': '{19FC45AC-753B-601C-0000-001083660200}', 'pid': 2096, 'command_line': 'netsh wlan show profile name=WLAN-XYZ432 key=clear', 'working_directory': 'C:\\Windows\\system32\\', 'hash': {'md5': '40d777b7a95e00593eb1568c68514493', 'sha256': '0a8ce026714e03e72c619307bd598add5f9b639cfd91437cb8d9c847bf9f6894'}}","{'entity_id': '{19FC45AC-5820-601C-0000-0010B7750E00}', 'pid': 3108, 'parent': {'entity_id': '{19FC45AC-5508-601C-0000-001011C60B00}', 'pid': 3988, 'executable': 'C:\\Windows\\System32\\WindowsPowerShell\\v1.0\\powershell.exe', 'command_line': '""C:\\Windows\\System32\\WindowsPowerShell\\v1.0\\powershell.exe"" ', 'name': 'powershell.exe', 'args': ['C:\\Windows\\System32\\WindowsPowerShell\\v1.0\\powershell.exe']}, 'hash': {'md5': '0d17999868f2768b1b050cb051884110', 'sha256': 'e72f5dba2a177397403965a3352f0cc45ec46a568a53d5ef4535fbba18e73023'}, 'executable': 'C:\\Program Files\\Winlogbeat\\winlogbeat.exe', 'command_line': 'net""sh""   w""la""n    show  profile name=WLAN-0B1W4N key  =   c""le""ar', 'working_directory': 'C:\\Program Files\\Winlogbeat\\', 'name': 'winlogbeat.exe', 'args': ['C:\\Program Files\\Winlogbeat\\winlogbeat.exe', 'setup', '--template']}"
"{'name': 'CLIENT3', 'type': 'winlogbeat', 'version': '7.10.2', 'hostname': 'CLIENT3', 'ephemeral_id': 'f5ed3d9b-1471-4589-bd70-28219e0f5978', 'id': 'c58de8d4-8be2-444c-bc20-92fab97cbaf5'}","{'version': '7.10.2', 'hostname': 'CLIENT', 'ephemeral_id': '8d71002f-bbaa-43e7-9f1b-6316d51fcd53', 'id': 'c58de8d4-8be2-444c-bc20-92fab97cbaf5', 'name': 'CLIENT', 'type': 'winlogbeat'}"
"{'mac': ['00:50:56:00:03:03', '00:50:56:00:00:03', '00:00:00:00:00:00:00:e0', '00:00:00:00:00:00:00:e0'], 'hostname': 'CLIENT3', 'architecture': 'x86', 'os': {'platform': 'windows', 'version': '6.1', 'family': 'windows', 'name': 'Windows 7 Professional', 'kernel': '6.1.7601.18741 (win7sp1_gdr.150202-1526)', 'build': '7601.0'}, 'id': '19fc45ac-5890-4f96-81b1-50ed111c0ce4', 'ip': ['192.168.56.103', '172.16.1.3', 'fe80::5efe:c0a8:3867', 'fe80::5efe:ac10:103'], 'name': 'CLIENT3.breach.local'}","{'name': 'CLIENT', 'hostname': 'CLIENT', 'architecture': 'x86', 'os': {'name': 'Windows 7 Professional', 'kernel': '6.1.7601.18741 (win7sp1_gdr.150202-1526)', 'build': '7601.0', 'platform': 'windows', 'version': '6.1', 'family': 'windows'}, 'id': '19fc45ac-5890-4f96-81b1-50ed111c0ce4', 'ip': ['192.168.56.254', '172.16.1.1', 'fe80::5efe:c0a8:38fe', 'fe80::5efe:ac10:101'], 'mac': ['00:50:56:00:01:01', '00:50:56:00:00:01', '00:00:00:00:00:00:00:e0', '00:00:00:00:00:00:00:e0']}"
2021-02-04T22:29:15.074Z,2021-02-04T22:53:56.745Z
"{'domain': 'BREACH', 'name': 'client3'}","{'domain': 'NT AUTHORITY', 'name': 'LOCAL SERVICE'}"
"{'user': 'client3', 'hash': ['40d777b7a95e00593eb1568c68514493', '0a8ce026714e03e72c619307bd598add5f9b639cfd91437cb8d9c847bf9f6894']}","{'user': 'LOCAL SERVICE', 'hash': ['7fa8ba5a780e4757964ac9d4238302b9', '65e3d8ce737896647065103fbb4d58e6a34171d0a48662a832cfdac3cf469701']}"
"{'md5': '40d777b7a95e00593eb1568c68514493', 'sha256': '0a8ce026714e03e72c619307bd598add5f9b639cfd91437cb8d9c847bf9f6894'}","{'md5': '7fa8ba5a780e4757964ac9d4238302b9', 'sha256': '65e3d8ce737896647065103fbb4d58e6a34171d0a48662a832cfdac3cf469701'}"
"Process Create:
RuleName: 
UtcTime: 2021-02-04 22:29:15.074
ProcessGuid: {19FC45AC-753B-601C-0000-001083660200}
ProcessId: 2096
Image: C:\Windows\explorer.exe
FileVersion: 6.1.7601.17514 (win7sp1_rtm.101119-1850)
Description: Windows Explorer
Product: Microsoft® Windows® Operating System
Company: Microsoft Corporation
OriginalFileName: EXPLORER.EXE
CommandLine: C:\Windows\Explorer.EXE
CurrentDirectory: C:\Windows\system32\
User: BREACH\client3
LogonGuid: {19FC45AC-753A-601C-0000-0020AE510200}
LogonId: 0x251ae
TerminalSessionId: 1
IntegrityLevel: Medium
Hashes: MD5=40D777B7A95E00593EB1568C68514493,SHA256=0A8CE026714E03E72C619307BD598ADD5F9B639CFD91437CB8D9C847BF9F6894
ParentProcessGuid: {19FC45AC-753A-601C-0000-0010F35E0200}
ParentProcessId: 2056
ParentImage: C:\Windows\System32\userinit.exe
ParentCommandLine: C:\Windows\system32\userinit.exe","Process Create:
RuleName: 
UtcTime: 2021-02-04 22:53:56.745
ProcessGuid: {19FC45AC-7B04-601C-0000-001014D20500}
ProcessId: 2660
Image: C:\Windows\System32\taskhost.exe
FileVersion: 6.1.7601.17514 (win7sp1_rtm.101119-1850)
Description: Host Process for Windows Tasks
Product: Microsoft® Windows® Operating System
Company: Microsoft Corporation
OriginalFileName: taskhost.exe
CommandLine: ""taskhost.exe""
CurrentDirectory: C:\Windows\system32\
User: NT AUTHORITY\LOCAL SERVICE
LogonGuid: {19FC45AC-76E8-601C-0000-0020E5030000}
LogonId: 0x3e5
TerminalSessionId: 0
IntegrityLevel: System
Hashes: MD5=7FA8BA5A780E4757964AC9D4238302B9,SHA256=65E3D8CE737896647065103FBB4D58E6A34171D0A48662A832CFDAC3CF469701
ParentProcessGuid: {19FC45AC-76E7-601C-0000-001081630000}
ParentProcessId: 440
ParentImage: C:\Windows\System32\services.exe
ParentCommandLine: C:\Windows\system32\services.exe"
"{'version': 5, 'channel': 'Microsoft-Windows-Sysmon/Operational', 'api': 'wineventlog', 'user': {'domain': 'NT AUTHORITY', 'type': 'User', 'identifier': 'S-1-5-18', 'name': 'SYSTEM'}, 'event_id': 1, 'computer_name': 'CLIENT3.breach.local', 'provider_guid': '{5770385F-C22A-43E0-BF4C-06F5698FFBD9}', 'provider_name': 'Microsoft-Windows-Sysmon', 'opcode': 'Info', 'process': {'pid': 1536, 'thread': {'id': 1812}}, 'event_data': {'FileVersion': '6.1.7601.17514 (win7sp1_rtm.101119-1850)', 'TerminalSessionId': '1', 'Product': 'Microsoft® Windows® Operating System', 'Description': 'Windows Explorer', 'OriginalFileName': 'EXPLORER.EXE', 'LogonGuid': '{19FC45AC-753A-601C-0000-0020AE510200}', 'Company': 'Microsoft Corporation', 'IntegrityLevel': 'Medium', 'LogonId': '0x251ae'}, 'record_id': 1297, 'task': 'Process Create (rule: ProcessCreate)'}","{'process': {'thread': {'id': 308}, 'pid': 1904}, 'computer_name': 'CLIENT3.breach.local', 'provider_name': 'Microsoft-Windows-Sysmon', 'provider_guid': '{5770385F-C22A-43E0-BF4C-06F5698FFBD9}', 'channel': 'Microsoft-Windows-Sysmon/Operational', 'user': {'type': 'User', 'identifier': 'S-1-5-18', 'name': 'SYSTEM', 'domain': 'NT AUTHORITY'}, 'version': 5, 'event_id': 1, 'record_id': 1481, 'task': 'Process Create (rule: ProcessCreate)', 'api': 'wineventlog', 'opcode': 'Info', 'event_data': {'Company': 'Microsoft Corporation', 'LogonGuid': '{19FC45AC-76E8-601C-0000-0020E5030000}', 'Product': 'Microsoft® Windows® Operating System', 'OriginalFileName': 'taskhost.exe', 'LogonId': '0x3e5', 'TerminalSessionId': '0', 'Description': 'Host Process for Windows Tasks', 'IntegrityLevel': 'System', 'FileVersion': '6.1.7601.17514 (win7sp1_rtm.101119-1850)'}}"
"{'created': '2021-02-04T22:31:13.166Z', 'module': 'sysmon', 'type': ['start', 'process_start'], 'category': ['process'], 'kind': 'event', 'code': 1, 'provider': 'Microsoft-Windows-Sysmon', 'action': 'Process Create (rule: ProcessCreate)'}","{'action': 'Process Create (rule: ProcessCreate)', 'created': '2021-02-04T22:53:57.484Z', 'module': 'sysmon', 'category': ['process'], 'type': ['start', 'process_start'], 'kind': 'event', 'code': 1, 'provider': 'Microsoft-Windows-Sysmon'}"
"{'executable': 'C:\\Windows\\explorer.exe', 'parent': {'executable': 'C:\\Windows\\System32\\userinit.exe', 'command_line': 'C:\\Windows\\system32\\userinit.exe', 'name': 'userinit.exe', 'args': ['C:\\Windows\\system32\\userinit.exe'], 'entity_id': '{19FC45AC-753A-601C-0000-0010F35E0200}', 'pid': 2056}, 'name': 'explorer.exe', 'args': ['C:\\Windows\\Explorer.EXE'], 'entity_id': '{19FC45AC-753B-601C-0000-001083660200}', 'pid': 2096, 'command_line': 'netsh wlan show profile name=WLAN-XYZ432 key=clear', 'working_directory': 'C:\\Windows\\system32\\', 'hash': {'md5': '40d777b7a95e00593eb1568c68514493', 'sha256': '0a8ce026714e03e72c619307bd598add5f9b639cfd91437cb8d9c847bf9f6894'}}","{'entity_id': '{19FC45AC-7B04-601C-0000-001014D20500}', 'pid': 2660, 'executable': 'C:\\Windows\\System32\\taskhost.exe', 'parent': {'entity_id': '{19FC45AC-76E7-601C-0000-001081630000}', 'pid': 440, 'executable': 'C:\\Windows\\System32\\services.exe', 'command_line': 'C:\\Windows\\system32\\services.exe', 'name': 'services.exe', 'args': ['C:\\Windows\\system32\\services.exe']}, 'name': 'taskhost.exe', 'hash': {'md5': '7fa8ba5a780e4757964ac9d4238302b9', 'sha256': '65e3d8ce737896647065103fbb4d58e6a34171d0a48662a832cfdac3cf469701'}, 'command_line': 'netsh    wlan    show profile name=WLAN-1A2B3C key  =   clear    ', 'working_directory': 'C:\\Windows\\system32\\', 'args': ['taskhost.exe']}"
"{'name': 'CLIENT3', 'type': 'winlogbeat', 'version': '7.10.2', 'hostname': 'CLIENT3', 'ephemeral_id': 'f5ed3d9b-1471-4589-bd70-28219e0f5978', 'id': 'c58de8d4-8be2-444c-bc20-92fab97cbaf5'}","{'version': '7.10.2', 'hostname': 'CLIENT3', 'ephemeral_id': '177650cc-629c-4abf-8b93-a90e2e515251', 'id': 'c58de8d4-8be2-444c-bc20-92fab97cbaf5', 'name': 'CLIENT3', 'type': 'winlogbeat'}"
2021-02-04T22:29:01.718Z,2021-02-05T07:47:25.482Z
"Process Create:
RuleName: 
UtcTime: 2021-02-04 22:29:01.718
ProcessGuid: {19FC45AC-752D-601C-0000-001008590000}
ProcessId: 348
Image: C:\Windows\System32\wininit.exe
FileVersion: 6.1.7600.16385 (win7_rtm.090713-1255)
Description: Windows Start-Up Application
Product: Microsoft® Windows® Operating System
Company: Microsoft Corporation
OriginalFileName: WinInit.exe
CommandLine: wininit.exe
CurrentDirectory: C:\Windows\system32
User: NT AUTHORITY\SYSTEM
LogonGuid: {19FC45AC-752E-601C-0000-0020E7030000}
LogonId: 0x3e7
TerminalSessionId: 0
IntegrityLevel: System
Hashes: MD5=B5C5DCAD3899512020D135600129D665,SHA256=F6B4D18FA0D3C4958711AC0D476C21A6FDF2897F989A0AD290B43F463DD8B5B0
ParentProcessGuid: {19FC45AC-752D-601C-0000-00109E450000}
ParentProcessId: 296
ParentImage: C:\Windows\System32\smss.exe
ParentCommandLine: \SystemRoot\System32\smss.exe 00000000 0000003c ","Process Create:
RuleName: 
UtcTime: 2021-02-05 07:47:25.482
ProcessGuid: {19FC45AC-F80D-601C-0000-00106CD55700}
ProcessId: 1336
Image: C:\Program Files\Mozilla Firefox\uninstall\helper.exe
FileVersion: 38.0.5
Description: Firefox Helper
Product: Firefox
Company: Mozilla Corporation
OriginalFileName: helper.exe
CommandLine: ""C:\Program Files\Mozilla Firefox\uninstall\helper.exe"" /UpdateShortcutAppUserModelIds
CurrentDirectory: C:\BREACH\
User: BREACH\client3
LogonGuid: {19FC45AC-76E9-601C-0000-00202BF80000}
LogonId: 0xf82b
TerminalSessionId: 1
IntegrityLevel: Medium
Hashes: MD5=9178BD65FC4F7EC665C799DC801D4F1E,SHA256=67EC19C47423B9AFB9E84E56530AD59DB07BE36EB68C00EDFAF5CB36A0F65ED8
ParentProcessGuid: {19FC45AC-F80B-601C-0000-001071BB5700}
ParentProcessId: 320
ParentImage: C:\Program Files\Mozilla Firefox\firefox.exe
ParentCommandLine: ""C:\Program Files\Mozilla Firefox\firefox.exe"" -foreground"
"{'kind': 'event', 'code': 1, 'module': 'sysmon', 'type': ['start', 'process_start'], 'category': ['process'], 'provider': 'Microsoft-Windows-Sysmon', 'action': 'Process Create (rule: ProcessCreate)', 'created': '2021-02-04T22:31:13.163Z'}","{'module': 'sysmon', 'type': ['start', 'process_start'], 'category': ['process'], 'kind': 'event', 'code': 1, 'provider': 'Microsoft-Windows-Sysmon', 'action': 'Process Create (rule: ProcessCreate)', 'created': '2021-02-05T07:47:28.916Z'}"
"{'args': ['wininit.exe'], 'pid': 348, 'executable': 'C:\\Windows\\System32\\wininit.exe', 'name': 'wininit.exe', 'parent': {'executable': 'C:\\Windows\\System32\\smss.exe', 'command_line': '\\SystemRoot\\System32\\smss.exe 00000000 0000003c ', 'name': 'smss.exe', 'args': ['\\SystemRoot\\System32\\smss.exe', '00000000', '0000003c'], 'entity_id': '{19FC45AC-752D-601C-0000-00109E450000}', 'pid': 296}, 'hash': {'md5': 'b5c5dcad3899512020d135600129d665', 'sha256': 'f6b4d18fa0d3c4958711ac0d476c21a6fdf2897f989a0ad290b43f463dd8b5b0'}, 'entity_id': '{19FC45AC-752D-601C-0000-001008590000}', 'command_line': 'cmd.exe /q /c chcp ', 'working_directory': 'C:\\Windows\\system32'}","{'pid': 1336, 'command_line': 'cmd.exe /q /c c""""h""c""p ', 'parent': {'entity_id': '{19FC45AC-F80B-601C-0000-001071BB5700}', 'pid': 320, 'executable': 'C:\\Program Files\\Mozilla Firefox\\firefox.exe', 'command_line': '""C:\\Program Files\\Mozilla Firefox\\firefox.exe"" -foreground', 'name': 'firefox.exe', 'args': ['C:\\Program Files\\Mozilla Firefox\\firefox.exe', '-foreground']}, 'entity_id': '{19FC45AC-F80D-601C-0000-00106CD55700}', 'executable': 'C:\\Program Files\\Mozilla Firefox\\uninstall\\helper.exe', 'working_directory': 'C:\\BREACH\\', 'name': 'helper.exe', 'args': ['C:\\Program Files\\Mozilla Firefox\\uninstall\\helper.exe', '/UpdateShortcutAppUserModelIds'], 'hash': {'md5': '9178bd65fc4f7ec665c799dc801d4f1e', 'sha256': '67ec19c47423b9afb9e84e56530ad59db07be36eb68c00edfaf5cb36a0f65ed8'}}"
"{'domain': 'NT AUTHORITY', 'name': 'SYSTEM'}","{'domain': 'BREACH', 'name': 'client3'}"
"{'hash': ['b5c5dcad3899512020d135600129d665', 'f6b4d18fa0d3c4958711ac0d476c21a6fdf2897f989a0ad290b43f463dd8b5b0'], 'user': 'SYSTEM'}","{'user': 'client3', 'hash': ['9178bd65fc4f7ec665c799dc801d4f1e', '67ec19c47423b9afb9e84e56530ad59db07be36eb68c00edfaf5cb36a0f65ed8']}"
"{'ephemeral_id': 'f5ed3d9b-1471-4589-bd70-28219e0f5978', 'id': 'c58de8d4-8be2-444c-bc20-92fab97cbaf5', 'name': 'CLIENT3', 'type': 'winlogbeat', 'version': '7.10.2', 'hostname': 'CLIENT3'}","{'version': '7.10.2', 'hostname': 'CLIENT3', 'ephemeral_id': '177650cc-629c-4abf-8b93-a90e2e515251', 'id': 'c58de8d4-8be2-444c-bc20-92fab97cbaf5', 'name': 'CLIENT3', 'type': 'winlogbeat'}"
"{'opcode': 'Info', 'user': {'identifier': 'S-1-5-18', 'name': 'SYSTEM', 'domain': 'NT AUTHORITY', 'type': 'User'}, 'provider_name': 'Microsoft-Windows-Sysmon', 'task': 'Process Create (rule: ProcessCreate)', 'version': 5, 'computer_name': 'CLIENT3.breach.local', 'api': 'wineventlog', 'record_id': 1266, 'provider_guid': '{5770385F-C22A-43E0-BF4C-06F5698FFBD9}', 'channel': 'Microsoft-Windows-Sysmon/Operational', 'process': {'pid': 1536, 'thread': {'id': 1812}}, 'event_data': {'Description': 'Windows Start-Up Application', 'LogonGuid': '{19FC45AC-752E-601C-0000-0020E7030000}', 'FileVersion': '6.1.7600.16385 (win7_rtm.090713-1255)', 'OriginalFileName': 'WinInit.exe', 'LogonId': '0x3e7', 'IntegrityLevel': 'System', 'TerminalSessionId': '0', 'Product': 'Microsoft® Windows® Operating System', 'Company': 'Microsoft Corporation'}, 'event_id': 1}","{'computer_name': 'CLIENT3.breach.local', 'provider_guid': '{5770385F-C22A-43E0-BF4C-06F5698FFBD9}', 'user': {'identifier': 'S-1-5-18', 'name': 'SYSTEM', 'domain': 'NT AUTHORITY', 'type': 'User'}, 'event_data': {'TerminalSessionId': '1', 'Description': 'Firefox Helper', 'Product': 'Firefox', 'OriginalFileName': 'helper.exe', 'Company': 'Mozilla Corporation', 'FileVersion': '38.0.5', 'LogonGuid': '{19FC45AC-76E9-601C-0000-00202BF80000}', 'LogonId': '0xf82b', 'IntegrityLevel': 'Medium'}, 'record_id': 1662, 'api': 'wineventlog', 'opcode': 'Info', 'version': 5, 'channel': 'Microsoft-Windows-Sysmon/Operational', 'provider_name': 'Microsoft-Windows-Sysmon', 'process': {'pid': 1904, 'thread': {'id': 308}}, 'event_id': 1, 'task': 'Process Create (rule: ProcessCreate)'}"
"{'md5': 'b5c5dcad3899512020d135600129d665', 'sha256': 'f6b4d18fa0d3c4958711ac0d476c21a6fdf2897f989a0ad290b43f463dd8b5b0'}","{'md5': '9178bd65fc4f7ec665c799dc801d4f1e', 'sha256': '67ec19c47423b9afb9e84e56530ad59db07be36eb68c00edfaf5cb36a0f65ed8'}"
2021-02-04T22:29:01.718Z,2021-02-04T22:52:26.378Z
"{'id': '19fc45ac-5890-4f96-81b1-50ed111c0ce4', 'ip': ['192.168.56.103', '172.16.1.3', 'fe80::5efe:c0a8:3867', 'fe80::5efe:ac10:103'], 'mac': ['00:50:56:00:03:03', '00:50:56:00:00:03', '00:00:00:00:00:00:00:e0', '00:00:00:00:00:00:00:e0'], 'name': 'CLIENT3.breach.local', 'hostname': 'CLIENT3', 'architecture': 'x86', 'os': {'version': '6.1', 'family': 'windows', 'name': 'Windows 7 Professional', 'kernel': '6.1.7601.18741 (win7sp1_gdr.150202-1526)', 'build': '7601.0', 'platform': 'windows'}}","{'ip': ['192.168.56.101', '172.16.1.1', 'fe80::5efe:c0a8:3865', 'fe80::5efe:ac10:101'], 'mac': ['00:50:56:00:03:01', '00:50:56:00:00:01', '00:00:00:00:00:00:00:e0', '00:00:00:00:00:00:00:e0'], 'name': 'CLIENT1.breach.local', 'hostname': 'CLIENT1', 'architecture': 'x86', 'os': {'name': 'Windows 7 Professional', 'kernel': '6.1.7601.18741 (win7sp1_gdr.150202-1526)', 'build': '7601.0', 'platform': 'windows', 'version': '6.1', 'family': 'windows'}, 'id': '19fc45ac-5890-4f96-81b1-50ed111c0ce4'}"
"Process Create:
RuleName: 
UtcTime: 2021-02-04 22:29:01.718
ProcessGuid: {19FC45AC-752D-601C-0000-001008590000}
ProcessId: 348
Image: C:\Windows\System32\wininit.exe
FileVersion: 6.1.7600.16385 (win7_rtm.090713-1255)
Description: Windows Start-Up Application
Product: Microsoft® Windows® Operating System
Company: Microsoft Corporation
OriginalFileName: WinInit.exe
CommandLine: wininit.exe
CurrentDirectory: C:\Windows\system32
User: NT AUTHORITY\SYSTEM
LogonGuid: {19FC45AC-752E-601C-0000-0020E7030000}
LogonId: 0x3e7
TerminalSessionId: 0
IntegrityLevel: System
Hashes: MD5=B5C5DCAD3899512020D135600129D665,SHA256=F6B4D18FA0D3C4958711AC0D476C21A6FDF2897F989A0AD290B43F463DD8B5B0
ParentProcessGuid: {19FC45AC-752D-601C-0000-00109E450000}
ParentProcessId: 296
ParentImage: C:\Windows\System32\smss.exe
ParentCommandLine: \SystemRoot\System32\smss.exe 00000000 0000003c ","Process Create:
RuleName: 
UtcTime: 2021-02-04 22:52:26.378
ProcessGuid: {19FC45AC-7AAA-601C-0000-0010B60A0600}
ProcessId: 1884
Image: C:\Windows\System32\rundll32.exe
FileVersion: 6.1.7600.16385 (win7_rtm.090713-1255)
Description: Windows host process (Rundll32)
Product: Microsoft® Windows® Operating System
Company: Microsoft Corporation
OriginalFileName: RUNDLL32.EXE
CommandLine: C:\Windows\system32\rundll32.exe aepdu.dll,AePduRunUpdate
CurrentDirectory: C:\Windows\system32\
User: NT AUTHORITY\SYSTEM
LogonGuid: {19FC45AC-768F-601C-0000-0020E7030000}
LogonId: 0x3e7
TerminalSessionId: 0
IntegrityLevel: System
Hashes: MD5=51138BEEA3E2C21EC44D0932C71762A8,SHA256=5AD3C37E6F2B9DB3EE8B5AEEDC474645DE90C66E3D95F8620C48102F1EBA4124
ParentProcessGuid: {19FC45AC-768F-601C-0000-0010EE630000}
ParentProcessId: 440
ParentImage: C:\Windows\System32\services.exe
ParentCommandLine: C:\Windows\system32\services.exe"
"{'kind': 'event', 'code': 1, 'module': 'sysmon', 'type': ['start', 'process_start'], 'category': ['process'], 'provider': 'Microsoft-Windows-Sysmon', 'action': 'Process Create (rule: ProcessCreate)', 'created': '2021-02-04T22:31:13.163Z'}","{'category': ['process'], 'type': ['start', 'process_start'], 'kind': 'event', 'code': 1, 'provider': 'Microsoft-Windows-Sysmon', 'action': 'Process Create (rule: ProcessCreate)', 'created': '2021-02-04T22:52:27.758Z', 'module': 'sysmon'}"
"{'args': ['wininit.exe'], 'pid': 348, 'executable': 'C:\\Windows\\System32\\wininit.exe', 'name': 'wininit.exe', 'parent': {'executable': 'C:\\Windows\\System32\\smss.exe', 'command_line': '\\SystemRoot\\System32\\smss.exe 00000000 0000003c ', 'name': 'smss.exe', 'args': ['\\SystemRoot\\System32\\smss.exe', '00000000', '0000003c'], 'entity_id': '{19FC45AC-752D-601C-0000-00109E450000}', 'pid': 296}, 'hash': {'md5': 'b5c5dcad3899512020d135600129d665', 'sha256': 'f6b4d18fa0d3c4958711ac0d476c21a6fdf2897f989a0ad290b43f463dd8b5b0'}, 'entity_id': '{19FC45AC-752D-601C-0000-001008590000}', 'command_line': 'cmd.exe /q /c chcp ', 'working_directory': 'C:\\Windows\\system32'}","{'pid': 1884, 'name': 'rundll32.exe', 'entity_id': '{19FC45AC-7AAA-601C-0000-0010B60A0600}', 'command_line': 'cmd /q /c chcp ', 'working_directory': 'C:\\Windows\\system32\\', 'parent': {'executable': 'C:\\Windows\\System32\\services.exe', 'command_line': 'C:\\Windows\\system32\\services.exe', 'name': 'services.exe', 'args': ['C:\\Windows\\system32\\services.exe'], 'entity_id': '{19FC45AC-768F-601C-0000-0010EE630000}', 'pid': 440}, 'args': ['C:\\Windows\\system32\\rundll32.exe', 'aepdu.dll,AePduRunUpdate'], 'hash': {'md5': '51138beea3e2c21ec44d0932c71762a8', 'sha256': '5ad3c37e6f2b9db3ee8b5aeedc474645de90c66e3d95f8620c48102f1eba4124'}, 'executable': 'C:\\Windows\\System32\\rundll32.exe'}"
"{'hash': ['b5c5dcad3899512020d135600129d665', 'f6b4d18fa0d3c4958711ac0d476c21a6fdf2897f989a0ad290b43f463dd8b5b0'], 'user': 'SYSTEM'}","{'user': 'SYSTEM', 'hash': ['51138beea3e2c21ec44d0932c71762a8', '5ad3c37e6f2b9db3ee8b5aeedc474645de90c66e3d95f8620c48102f1eba4124']}"
"{'ephemeral_id': 'f5ed3d9b-1471-4589-bd70-28219e0f5978', 'id': 'c58de8d4-8be2-444c-bc20-92fab97cbaf5', 'name': 'CLIENT3', 'type': 'winlogbeat', 'version': '7.10.2', 'hostname': 'CLIENT3'}","{'ephemeral_id': '486f7872-9118-4349-8630-511973cdbf72', 'id': 'c58de8d4-8be2-444c-bc20-92fab97cbaf5', 'name': 'CLIENT1', 'type': 'winlogbeat', 'version': '7.10.2', 'hostname': 'CLIENT1'}"
"{'opcode': 'Info', 'user': {'identifier': 'S-1-5-18', 'name': 'SYSTEM', 'domain': 'NT AUTHORITY', 'type': 'User'}, 'provider_name': 'Microsoft-Windows-Sysmon', 'task': 'Process Create (rule: ProcessCreate)', 'version': 5, 'computer_name': 'CLIENT3.breach.local', 'api': 'wineventlog', 'record_id': 1266, 'provider_guid': '{5770385F-C22A-43E0-BF4C-06F5698FFBD9}', 'channel': 'Microsoft-Windows-Sysmon/Operational', 'process': {'pid': 1536, 'thread': {'id': 1812}}, 'event_data': {'Description': 'Windows Start-Up Application', 'LogonGuid': '{19FC45AC-752E-601C-0000-0020E7030000}', 'FileVersion': '6.1.7600.16385 (win7_rtm.090713-1255)', 'OriginalFileName': 'WinInit.exe', 'LogonId': '0x3e7', 'IntegrityLevel': 'System', 'TerminalSessionId': '0', 'Product': 'Microsoft® Windows® Operating System', 'Company': 'Microsoft Corporation'}, 'event_id': 1}","{'record_id': 1373, 'task': 'Process Create (rule: ProcessCreate)', 'channel': 'Microsoft-Windows-Sysmon/Operational', 'opcode': 'Info', 'process': {'thread': {'id': 1716}, 'pid': 1928}, 'event_data': {'TerminalSessionId': '0', 'Description': 'Windows host process (Rundll32)', 'LogonGuid': '{19FC45AC-768F-601C-0000-0020E7030000}', 'OriginalFileName': 'RUNDLL32.EXE', 'Company': 'Microsoft Corporation', 'Product': 'Microsoft® Windows® Operating System', 'IntegrityLevel': 'System', 'LogonId': '0x3e7', 'FileVersion': '6.1.7600.16385 (win7_rtm.090713-1255)'}, 'event_id': 1, 'provider_name': 'Microsoft-Windows-Sysmon', 'api': 'wineventlog', 'user': {'domain': 'NT AUTHORITY', 'type': 'User', 'identifier': 'S-1-5-18', 'name': 'SYSTEM'}, 'computer_name': 'CLIENT1.breach.local', 'provider_guid': '{5770385F-C22A-43E0-BF4C-06F5698FFBD9}', 'version': 5}"
"{'md5': 'b5c5dcad3899512020d135600129d665', 'sha256': 'f6b4d18fa0d3c4958711ac0d476c21a6fdf2897f989a0ad290b43f463dd8b5b0'}","{'md5': '51138beea3e2c21ec44d0932c71762a8', 'sha256': '5ad3c37e6f2b9db3ee8b5aeedc474645de90c66e3d95f8620c48102f1eba4124'}"
2021-02-04T22:29:01.718Z,2021-02-04T22:36:14.000Z
"{'id': '19fc45ac-5890-4f96-81b1-50ed111c0ce4', 'ip': ['192.168.56.103', '172.16.1.3', 'fe80::5efe:c0a8:3867', 'fe80::5efe:ac10:103'], 'mac': ['00:50:56:00:03:03', '00:50:56:00:00:03', '00:00:00:00:00:00:00:e0', '00:00:00:00:00:00:00:e0'], 'name': 'CLIENT3.breach.local', 'hostname': 'CLIENT3', 'architecture': 'x86', 'os': {'version': '6.1', 'family': 'windows', 'name': 'Windows 7 Professional', 'kernel': '6.1.7601.18741 (win7sp1_gdr.150202-1526)', 'build': '7601.0', 'platform': 'windows'}}","{'id': '19fc45ac-5890-4f96-81b1-50ed111c0ce4', 'ip': ['192.168.56.102', '172.16.1.2', 'fe80::5efe:c0a8:3866', 'fe80::5efe:ac10:102'], 'mac': ['00:50:56:00:03:02', '00:50:56:00:00:02', '00:00:00:00:00:00:00:e0', '00:00:00:00:00:00:00:e0'], 'name': 'CLIENT2.breach.local', 'hostname': 'CLIENT2', 'architecture': 'x86', 'os': {'platform': 'windows', 'version': '6.1', 'family': 'windows', 'name': 'Windows 7 Professional', 'kernel': '6.1.7601.18741 (win7sp1_gdr.150202-1526)', 'build': '7601.0'}}"
"Process Create:
RuleName: 
UtcTime: 2021-02-04 22:29:01.718
ProcessGuid: {19FC45AC-752D-601C-0000-001008590000}
ProcessId: 348
Image: C:\Windows\System32\wininit.exe
FileVersion: 6.1.7600.16385 (win7_rtm.090713-1255)
Description: Windows Start-Up Application
Product: Microsoft® Windows® Operating System
Company: Microsoft Corporation
OriginalFileName: WinInit.exe
CommandLine: wininit.exe
CurrentDirectory: C:\Windows\system32
User: NT AUTHORITY\SYSTEM
LogonGuid: {19FC45AC-752E-601C-0000-0020E7030000}
LogonId: 0x3e7
TerminalSessionId: 0
IntegrityLevel: System
Hashes: MD5=B5C5DCAD3899512020D135600129D665,SHA256=F6B4D18FA0D3C4958711AC0D476C21A6FDF2897F989A0AD290B43F463DD8B5B0
ParentProcessGuid: {19FC45AC-752D-601C-0000-00109E450000}
ParentProcessId: 296
ParentImage: C:\Windows\System32\smss.exe
ParentCommandLine: \SystemRoot\System32\smss.exe 00000000 0000003c ","Process Create:
RuleName: 
UtcTime: 2021-02-04 22:36:14.000
ProcessGuid: {19FC45AC-76DE-601C-0000-001011990100}
ProcessId: 1948
Image: C:\Windows\System32\ipconfig.exe
FileVersion: 6.1.7600.16385 (win7_rtm.090713-1255)
Description: IP Configuration Utility
Product: Microsoft® Windows® Operating System
Company: Microsoft Corporation
OriginalFileName: ipconfig.exe
CommandLine: ipconfig /all
CurrentDirectory: C:\BREACH\
User: BREACH\client2
LogonGuid: {19FC45AC-76D9-601C-0000-002027FB0000}
LogonId: 0xfb27
TerminalSessionId: 1
IntegrityLevel: Medium
Hashes: MD5=CABB20E171770FF64614A54C1F31C033,SHA256=C0E3087D87C84776FE7FFCA768A0793C02D28E34A821F0C9DA32339AF8E7E6A6
ParentProcessGuid: {19FC45AC-76DD-601C-0000-0010278A0100}
ParentProcessId: 1888
ParentImage: C:\Program Files\Python35-32\python.exe
ParentCommandLine: ""C:\Program Files\Python35-32\python.exe"" ""C:\BREACH\init_tbf_client.py"" "
"{'kind': 'event', 'code': 1, 'module': 'sysmon', 'type': ['start', 'process_start'], 'category': ['process'], 'provider': 'Microsoft-Windows-Sysmon', 'action': 'Process Create (rule: ProcessCreate)', 'created': '2021-02-04T22:31:13.163Z'}","{'type': ['start', 'process_start'], 'category': ['process'], 'kind': 'event', 'code': 1, 'provider': 'Microsoft-Windows-Sysmon', 'action': 'Process Create (rule: ProcessCreate)', 'created': '2021-02-04T22:38:22.767Z', 'module': 'sysmon'}"
"{'args': ['wininit.exe'], 'pid': 348, 'executable': 'C:\\Windows\\System32\\wininit.exe', 'name': 'wininit.exe', 'parent': {'executable': 'C:\\Windows\\System32\\smss.exe', 'command_line': '\\SystemRoot\\System32\\smss.exe 00000000 0000003c ', 'name': 'smss.exe', 'args': ['\\SystemRoot\\System32\\smss.exe', '00000000', '0000003c'], 'entity_id': '{19FC45AC-752D-601C-0000-00109E450000}', 'pid': 296}, 'hash': {'md5': 'b5c5dcad3899512020d135600129d665', 'sha256': 'f6b4d18fa0d3c4958711ac0d476c21a6fdf2897f989a0ad290b43f463dd8b5b0'}, 'entity_id': '{19FC45AC-752D-601C-0000-001008590000}', 'command_line': 'cmd.exe /q /c chcp ', 'working_directory': 'C:\\Windows\\system32'}","{'name': 'ipconfig.exe', 'hash': {'md5': 'cabb20e171770ff64614a54c1f31c033', 'sha256': 'c0e3087d87c84776fe7ffca768a0793c02d28e34a821f0c9da32339af8e7e6a6'}, 'entity_id': '{19FC45AC-76DE-601C-0000-001011990100}', 'pid': 1948, 'executable': 'C:\\Windows\\System32\\ipconfig.exe', 'working_directory': 'C:\\BREACH\\', 'command_line': 'cmd.exe   /q   /c   chcp ', 'parent': {'entity_id': '{19FC45AC-76DD-601C-0000-0010278A0100}', 'pid': 1888, 'executable': 'C:\\Program Files\\Python35-32\\python.exe', 'command_line': '""C:\\Program Files\\Python35-32\\python.exe"" ""C:\\BREACH\\init_tbf_client.py"" ', 'name': 'python.exe', 'args': ['C:\\Program Files\\Python35-32\\python.exe', 'C:\\BREACH\\init_tbf_client.py']}, 'args': ['ipconfig', '/all']}"
"{'domain': 'NT AUTHORITY', 'name': 'SYSTEM'}","{'domain': 'BREACH', 'name': 'client2'}"
"{'hash': ['b5c5dcad3899512020d135600129d665', 'f6b4d18fa0d3c4958711ac0d476c21a6fdf2897f989a0ad290b43f463dd8b5b0'], 'user': 'SYSTEM'}","{'user': 'client2', 'hash': ['cabb20e171770ff64614a54c1f31c033', 'c0e3087d87c84776fe7ffca768a0793c02d28e34a821f0c9da32339af8e7e6a6']}"
"{'ephemeral_id': 'f5ed3d9b-1471-4589-bd70-28219e0f5978', 'id': 'c58de8d4-8be2-444c-bc20-92fab97cbaf5', 'name': 'CLIENT3', 'type': 'winlogbeat', 'version': '7.10.2', 'hostname': 'CLIENT3'}","{'id': 'c58de8d4-8be2-444c-bc20-92fab97cbaf5', 'name': 'CLIENT2', 'type': 'winlogbeat', 'version': '7.10.2', 'hostname': 'CLIENT2', 'ephemeral_id': 'd5d7daa0-c0ba-4d39-9140-3b4a4308a222'}"
"{'opcode': 'Info', 'user': {'identifier': 'S-1-5-18', 'name': 'SYSTEM', 'domain': 'NT AUTHORITY', 'type': 'User'}, 'provider_name': 'Microsoft-Windows-Sysmon', 'task': 'Process Create (rule: ProcessCreate)', 'version': 5, 'computer_name': 'CLIENT3.breach.local', 'api': 'wineventlog', 'record_id': 1266, 'provider_guid': '{5770385F-C22A-43E0-BF4C-06F5698FFBD9}', 'channel': 'Microsoft-Windows-Sysmon/Operational', 'process': {'pid': 1536, 'thread': {'id': 1812}}, 'event_data': {'Description': 'Windows Start-Up Application', 'LogonGuid': '{19FC45AC-752E-601C-0000-0020E7030000}', 'FileVersion': '6.1.7600.16385 (win7_rtm.090713-1255)', 'OriginalFileName': 'WinInit.exe', 'LogonId': '0x3e7', 'IntegrityLevel': 'System', 'TerminalSessionId': '0', 'Product': 'Microsoft® Windows® Operating System', 'Company': 'Microsoft Corporation'}, 'event_id': 1}","{'event_id': 1, 'computer_name': 'CLIENT2.breach.local', 'task': 'Process Create (rule: ProcessCreate)', 'api': 'wineventlog', 'version': 5, 'channel': 'Microsoft-Windows-Sysmon/Operational', 'record_id': 1354, 'user': {'identifier': 'S-1-5-18', 'name': 'SYSTEM', 'domain': 'NT AUTHORITY', 'type': 'User'}, 'event_data': {'Company': 'Microsoft Corporation', 'LogonGuid': '{19FC45AC-76D9-601C-0000-002027FB0000}', 'IntegrityLevel': 'Medium', 'FileVersion': '6.1.7600.16385 (win7_rtm.090713-1255)', 'Description': 'IP Configuration Utility', 'Product': 'Microsoft® Windows® Operating System', 'TerminalSessionId': '1', 'LogonId': '0xfb27', 'OriginalFileName': 'ipconfig.exe'}, 'opcode': 'Info', 'provider_guid': '{5770385F-C22A-43E0-BF4C-06F5698FFBD9}', 'process': {'pid': 1704, 'thread': {'id': 1804}}, 'provider_name': 'Microsoft-Windows-Sysmon'}"
"{'md5': 'b5c5dcad3899512020d135600129d665', 'sha256': 'f6b4d18fa0d3c4958711ac0d476c21a6fdf2897f989a0ad290b43f463dd8b5b0'}","{'md5': 'cabb20e171770ff64614a54c1f31c033', 'sha256': 'c0e3087d87c84776fe7ffca768a0793c02d28e34a821f0c9da32339af8e7e6a6'}"
2021-02-04T22:28:06.625Z,2021-02-04T22:36:31.293Z
"{'provider_name': 'Microsoft-Windows-Sysmon', 'version': 5, 'api': 'wineventlog', 'computer_name': 'CLIENT3', 'provider_guid': '{5770385F-C22A-43E0-BF4C-06F5698FFBD9}', 'event_data': {'FileVersion': '6.1.7600.16385 (win7_rtm.090713-1255)', 'OriginalFileName': 'CSRSS.Exe', 'TerminalSessionId': '0', 'IntegrityLevel': 'System', 'LogonId': '0x3e7', 'Description': 'Client Server Runtime Process', 'Company': 'Microsoft Corporation', 'Product': 'Microsoft® Windows® Operating System', 'LogonGuid': '{19FC45AC-74F7-601C-0000-0020E7030000}'}, 'process': {'thread': {'id': 1780}, 'pid': 1516}, 'record_id': 1203, 'task': 'Process Create (rule: ProcessCreate)', 'opcode': 'Info', 'channel': 'Microsoft-Windows-Sysmon/Operational', 'event_id': 1, 'user': {'name': 'SYSTEM', 'domain': 'NT AUTHORITY', 'type': 'User', 'identifier': 'S-1-5-18'}}","{'record_id': 1462, 'provider_guid': '{5770385F-C22A-43E0-BF4C-06F5698FFBD9}', 'process': {'thread': {'id': 308}, 'pid': 1904}, 'user': {'identifier': 'S-1-5-18', 'name': 'SYSTEM', 'domain': 'NT AUTHORITY', 'type': 'User'}, 'computer_name': 'CLIENT3.breach.local', 'provider_name': 'Microsoft-Windows-Sysmon', 'event_id': 1, 'task': 'Process Create (rule: ProcessCreate)', 'opcode': 'Info', 'api': 'wineventlog', 'version': 5, 'event_data': {'FileVersion': '38.0.5', 'TerminalSessionId': '1', 'IntegrityLevel': 'Medium', 'OriginalFileName': 'firefox.exe', 'LogonId': '0xf82b', 'Product': 'Firefox', 'Company': 'Mozilla Corporation', 'Description': 'Firefox', 'LogonGuid': '{19FC45AC-76E9-601C-0000-00202BF80000}'}, 'channel': 'Microsoft-Windows-Sysmon/Operational'}"
"{'name': 'CLIENT3', 'hostname': 'CLIENT3', 'architecture': 'x86', 'os': {'name': 'Windows 7 Professional', 'kernel': '6.1.7601.18741 (win7sp1_gdr.150202-1526)', 'build': '7601.0', 'platform': 'windows', 'version': '6.1', 'family': 'windows'}, 'id': '19fc45ac-5890-4f96-81b1-50ed111c0ce4', 'ip': ['192.168.56.103', '172.16.1.3', 'fe80::5efe:c0a8:3867', 'fe80::5efe:ac10:103'], 'mac': ['00:50:56:00:03:03', '00:50:56:00:00:03', '00:00:00:00:00:00:00:e0', '00:00:00:00:00:00:00:e0']}","{'os': {'kernel': '6.1.7601.18741 (win7sp1_gdr.150202-1526)', 'build': '7601.0', 'platform': 'windows', 'version': '6.1', 'family': 'windows', 'name': 'Windows 7 Professional'}, 'name': 'CLIENT3.breach.local', 'id': '19fc45ac-5890-4f96-81b1-50ed111c0ce4', 'ip': ['192.168.56.103', '172.16.1.3', 'fe80::5efe:c0a8:3867', 'fe80::5efe:ac10:103'], 'mac': ['00:50:56:00:03:03', '00:50:56:00:00:03', '00:00:00:00:00:00:00:e0', '00:00:00:00:00:00:00:e0'], 'hostname': 'CLIENT3', 'architecture': 'x86'}"
"{'entity_id': '{19FC45AC-74F6-601C-0000-0010C6550000}', 'pid': 312, 'working_directory': 'C:\\Windows\\system32', 'parent': {'args': ['\\SystemRoot\\System32\\smss.exe', '00000000', '0000003c'], 'entity_id': '{19FC45AC-74F6-601C-0000-0010A1440000}', 'pid': 296, 'executable': 'C:\\Windows\\System32\\smss.exe', 'command_line': '\\SystemRoot\\System32\\smss.exe 00000000 0000003c ', 'name': 'smss.exe'}, 'name': 'csrss.exe', 'args': ['%%SystemRoot%%\\system32\\csrss.exe', 'ObjectDirectory=\\Windows', 'SharedSection=1024,12288,512', 'Windows=On', 'SubSystemType=Windows', 'ServerDll=basesrv,1', 'ServerDll=winsrv:UserServerDllInitialization,3', 'ServerDll=winsrv:ConServerDllInitialization,2', 'ServerDll=sxssrv,4', 'ProfileControl=Off', 'MaxRequestThreads=16'], 'hash': {'md5': '342271f6142e7c70805b8a81e1ba5f5c', 'sha256': 'f9112b88fec5ef10a7aedf88dcee61956d1fcde7cb42197216e8265578713786'}, 'executable': 'C:\\Windows\\System32\\rundll32.exe', 'command_line': '""C:\\Windows\\system32\\rundll32.exe"" C:\\Users\\admin\\AppData\\Roaming\\MICROS\\~1\\Windows\\Caches\\NavShExt.dll,Setting'}","{'pid': 1504, 'command_line': '""C:\\Windows\\System32\\cmd.exe"" /c del C:\\Users\\$User\\AppData\\Roaming\\MICROS~1\\Windows\\Caches\\Nav""""ShExt.dll > nul', 'name': 'firefox.exe', 'args': ['C:\\Program Files\\Mozilla Firefox\\firefox.exe', '-foreground'], 'entity_id': '{19FC45AC-76EF-601C-0000-001062DD0100}', 'executable': 'C:\\Windows\\SysWOW64\\cmd.exe', 'working_directory': 'C:\\BREACH\\', 'parent': {'name': 'python.exe', 'args': ['python', 'C:\\BREACH\\userbehavior.pex', '--use-breach-setup'], 'entity_id': '{19FC45AC-76ED-601C-0000-00106C960100}', 'pid': 1960, 'executable': 'C:\\Program Files\\Python35-32\\python.exe', 'command_line': 'python C:\\BREACH\\userbehavior.pex --use-breach-setup'}, 'hash': {'sha256': '98b7f5b40c557775cd645ca69b788fe4a3deae25cdb6e5dd4fb94db1bdc10969', 'md5': '923fe895b22b22a9ca03c72f3d15ce20'}}"
"{'domain': 'NT AUTHORITY', 'name': 'SYSTEM'}","{'domain': 'BREACH', 'name': 'client3'}"
"{'hash': ['342271f6142e7c70805b8a81e1ba5f5c', 'f9112b88fec5ef10a7aedf88dcee61956d1fcde7cb42197216e8265578713786'], 'user': 'SYSTEM'}","{'hash': ['923fe895b22b22a9ca03c72f3d15ce20', '98b7f5b40c557775cd645ca69b788fe4a3deae25cdb6e5dd4fb94db1bdc10969'], 'user': 'client3'}"
"{'action': 'Process Create (rule: ProcessCreate)', 'created': '2021-02-04T22:31:13.047Z', 'module': 'sysmon', 'type': ['start', 'process_start'], 'category': ['process'], 'kind': 'event', 'code': 1, 'provider': 'Microsoft-Windows-Sysmon'}","{'provider': 'Microsoft-Windows-Sysmon', 'action': 'Process Create (rule: ProcessCreate)', 'created': '2021-02-04T22:38:36.984Z', 'kind': 'event', 'module': 'sysmon', 'type': ['start', 'process_start'], 'category': ['process'], 'code': 1}"
"Process Create:
RuleName: 
UtcTime: 2021-02-04 22:28:06.625
ProcessGuid: {19FC45AC-74F6-601C-0000-0010C6550000}
ProcessId: 312
Image: C:\Windows\System32\csrss.exe
FileVersion: 6.1.7600.16385 (win7_rtm.090713-1255)
Description: Client Server Runtime Process
Product: Microsoft® Windows® Operating System
Company: Microsoft Corporation
OriginalFileName: CSRSS.Exe
CommandLine: %%SystemRoot%%\system32\csrss.exe ObjectDirectory=\Windows SharedSection=1024,12288,512 Windows=On SubSystemType=Windows ServerDll=basesrv,1 ServerDll=winsrv:UserServerDllInitialization,3 ServerDll=winsrv:ConServerDllInitialization,2 ServerDll=sxssrv,4 ProfileControl=Off MaxRequestThreads=16
CurrentDirectory: C:\Windows\system32
User: NT AUTHORITY\SYSTEM
LogonGuid: {19FC45AC-74F7-601C-0000-0020E7030000}
LogonId: 0x3e7
TerminalSessionId: 0
IntegrityLevel: System
Hashes: MD5=342271F6142E7C70805B8A81E1BA5F5C,SHA256=F9112B88FEC5EF10A7AEDF88DCEE61956D1FCDE7CB42197216E8265578713786
ParentProcessGuid: {19FC45AC-74F6-601C-0000-0010A1440000}
ParentProcessId: 296
ParentImage: C:\Windows\System32\smss.exe
ParentCommandLine: \SystemRoot\System32\smss.exe 00000000 0000003c ","Process Create:
RuleName: 
UtcTime: 2021-02-04 22:36:31.293
ProcessGuid: {19FC45AC-76EF-601C-0000-001062DD0100}
ProcessId: 1504
Image: C:\Program Files\Mozilla Firefox\firefox.exe
FileVersion: 38.0.5
Description: Firefox
Product: Firefox
Company: Mozilla Corporation
OriginalFileName: firefox.exe
CommandLine: ""C:\Program Files\Mozilla Firefox\firefox.exe"" -foreground
CurrentDirectory: C:\BREACH\
User: BREACH\client3
LogonGuid: {19FC45AC-76E9-601C-0000-00202BF80000}
LogonId: 0xf82b
TerminalSessionId: 1
IntegrityLevel: Medium
Hashes: MD5=923FE895B22B22A9CA03C72F3D15CE20,SHA256=98B7F5B40C557775CD645CA69B788FE4A3DEAE25CDB6E5DD4FB94DB1BDC10969
ParentProcessGuid: {19FC45AC-76ED-601C-0000-00106C960100}
ParentProcessId: 1960
ParentImage: C:\Program Files\Python35-32\python.exe
ParentCommandLine: python C:\BREACH\userbehavior.pex --use-breach-setup"
"{'md5': '342271f6142e7c70805b8a81e1ba5f5c', 'sha256': 'f9112b88fec5ef10a7aedf88dcee61956d1fcde7cb42197216e8265578713786'}","{'md5': '923fe895b22b22a9ca03c72f3d15ce20', 'sha256': '98b7f5b40c557775cd645ca69b788fe4a3deae25cdb6e5dd4fb94db1bdc10969'}"
"{'id': 'c58de8d4-8be2-444c-bc20-92fab97cbaf5', 'name': 'CLIENT3', 'type': 'winlogbeat', 'version': '7.10.2', 'hostname': 'CLIENT3', 'ephemeral_id': 'f5ed3d9b-1471-4589-bd70-28219e0f5978'}","{'hostname': 'CLIENT3', 'ephemeral_id': '177650cc-629c-4abf-8b93-a90e2e515251', 'id': 'c58de8d4-8be2-444c-bc20-92fab97cbaf5', 'name': 'CLIENT3', 'type': 'winlogbeat', 'version': '7.10.2'}"
2021-02-04T22:28:06.625Z,2021-02-04T22:28:17.437Z
